#Build: Fabric Compiler 2023.2-SP1, Build 147282, Jun 03 13:26 2024
#Install: D:\Pango\PDS_2023.2-SP1\bin
#Application name: pds_shell.exe
#OS: Windows 11 10.0.22631
#Hostname: WORK_BOIKOV
Generated by Fabric Compiler (version 2023.2-SP1 build 147282) at Thu Jun 13 14:06:56 2024
Compiling verification operator library.
Compiling common defs.
Compiling prim grid devices.
Compiling place grid timing.
Compiling gate devices.
Compiling gate operators.
Building architecture model.
Loading device packaging model.
Building architecture floorplan logic view.
route strategy configuration : 
strategy name : 0
Elaborate the liberty model.

Routing started.
Enter timing driven router mode.
Route thread size: 7
Building routing graph takes 8.47 sec.
Enable Recovery Analysis in Routing
Init coarse delay table.
Read place coarse delay table takes 0.44 sec.
Build SRB system takes 0.27 sec.
Setup STE netlist take 6713 msec.
Slack Weight : 90
CE/RS signal series limit : 500
Dispose control chain take 87 msec.
Collect const net info take 173 msec.
Total nets for routing: 10085.
Total loads for routing: 37675.
Direct connect net size: 759
Build all design net take 314 msec.
Processing design graph takes 7.29 sec.
Delay table total memory: 114.79536438 MB
Route graph total memory: 410.87684917 MB
Route design total memory: 16.08905792 MB
Global routing takes 0.00 sec.
Pin Cost Increasing Speed 300
Total 10083 subnets.
Unrouted clock nets at iteration 0 (0.210 sec): 9
Unrouted clock nets at iteration 1 (0.091 sec): 6
Unrouted clock nets at iteration 2 (0.085 sec): 4
Unrouted clock nets at iteration 3 (0.035 sec): 5
Unrouted clock nets at iteration 4 (0.013 sec): 4
Unrouted clock nets at iteration 5 (0.010 sec): 4
Unrouted clock nets at iteration 6 (0.011 sec): 3
Unrouted clock nets at iteration 7 (0.007 sec): 3
Unrouted clock nets at iteration 8 (0.004 sec): 3
Unrouted clock nets at iteration 9 (0.001 sec): 3
Unrouted clock nets at iteration 10 (0.002 sec): 3
Unrouted clock nets at iteration 11 (0.010 sec): 3
Unrouted clock nets at iteration 12 (0.004 sec): 0
Total route nets size: 10070
Worst slack is -2656, TNS before route is -9699668.
I: Write file layers.txt end
Pre route takes 1.384 sec
Unrouted general nets at iteration 14 (MT total route time: 0.800 sec): 8185(overused: 38210)
Unrouted general nets at iteration 15 (MT total route time: 0.734 sec): 5509(overused: 16136)
Unrouted general nets at iteration 16 (MT total route time: 0.420 sec): 3004(overused: 6860)
Unrouted general nets at iteration 17 (MT total route time: 0.261 sec): 1898(overused: 4415)
Unrouted general nets at iteration 18 (MT total route time: 0.182 sec): 1616(overused: 3668)
Unrouted general nets at iteration 19 (MT total route time: 0.141 sec): 881(overused: 2123)
Unrouted general nets at iteration 20 (MT total route time: 0.099 sec): 736(overused: 1736)
Unrouted general nets at iteration 21 (MT total route time: 0.086 sec): 638(overused: 1532)
Unrouted general nets at iteration 22 (MT total route time: 0.084 sec): 538(overused: 1282)
Unrouted general nets at iteration 23 (MT total route time: 0.072 sec): 468(overused: 1148)
Unrouted general nets at iteration 24 (MT total route time: 0.067 sec): 428(overused: 1036)
Unrouted general nets at iteration 25 (MT total route time: 0.060 sec): 97(overused: 176)
Unrouted general nets at iteration 26 (MT total route time: 0.023 sec): 61(overused: 120)
Unrouted general nets at iteration 27 (MT total route time: 0.021 sec): 44(overused: 74)
Unrouted general nets at iteration 28 (MT total route time: 0.018 sec): 30(overused: 48)
Unrouted general nets at iteration 29 (MT total route time: 0.016 sec): 18(overused: 28)
Unrouted general nets at iteration 30 (MT total route time: 0.015 sec): 13(overused: 26)
Unrouted general nets at iteration 31 (MT total route time: 0.015 sec): 10(overused: 18)
Unrouted general nets at iteration 32 (MT total route time: 0.013 sec): 10(overused: 16)
Unrouted general nets at iteration 33 (MT total route time: 0.013 sec): 6(overused: 10)
Unrouted general nets at iteration 34 (MT total route time: 0.014 sec): 6(overused: 10)
Unrouted general nets at iteration 35 (MT total route time: 0.011 sec): 4(overused: 6)
Unrouted general nets at iteration 36 (MT total route time: 0.012 sec): 4(overused: 6)
Unrouted general nets at iteration 37 (MT total route time: 0.013 sec): 4(overused: 6)
Unrouted general nets at iteration 38 (MT total route time: 0.012 sec): 0(overused: 0)
----General net take 0.011 sec(route net take 0.000 sec, inc cost take 0.007 sec, iter times: 1)
----const net route take 0.022 sec
Unrouted nets at iteration 39 (0.034 sec): 0
Detailed routing takes 5.90 sec.
I: Design net ntclkbufg_2 is routed by general path.
C: Route-2036: The clock path from clkbufg_5/gopclkbufg:CLKOUT to u_CORES/u_debug_core_0/u_hub_data_decode/conf_rden[18]/opit_0_inv_L6Q:CLK is routed by SRB.
I: Design net u_CORES/capt_o is routed by general path.
C: Route-2036: The clock path from u_CORES/u_GTP_SCANCHAIN_PG/scanchain:CAPTUREDR to u_CORES/u_debug_core_0/u_hub_data_decode/newconfini.conf_id_ini[3]/opit_0_inv:CLK is routed by SRB.
I: Design net u_CORES/drck_o is routed by general path.
C: Route-2036: The clock path from u_CORES/u_GTP_SCANCHAIN_PG/scanchain:TCK1 to clkbufg_5/gopclkbufg:CLK is routed by SRB.
Sort Original Nets take 0.005 sec
Build solution node for device pins which were mapped to more than one design pin take 0.007 sec
Check HPIO div result take 0.000 sec
Total net: 10085, route succeed net: 10085
Generate routing result take 0.014 sec
Handle PERMUX permutation take 0.226 sec
Handle const net take 0.011 sec
Handle route through take 0.008 sec
Handle loads' routing node take 0.047 sec
Used SRB routing arc is 73381.
Finish routing takes 0.39 sec.
Total routing takes 22.47 sec.


Device Utilization Summary :
+------------------------------------------------------------------------------+
| Logic Utilization           | Used     | Available     | Utilization(%)     
+------------------------------------------------------------------------------+
| Use of ADC                  | 0        | 1             | 0                  
| Use of ANALOG               | 0        | 1             | 0                  
| Use of APM                  | 0        | 840           | 0                  
| Use of BKCL                 | 4        | 7             | 58                 
| Use of BKCLHP               | 0        | 3             | 0                  
| Use of CCS                  | 1        | 1             | 100                
| Use of CLMA                 | 1528     | 42050         | 4                  
|   FF                        | 6319     | 336400        | 2                  
|   LUT                       | 3305     | 168200        | 2                  
|   LUT-FF pairs              | 2104     | 168200        | 2                  
|   LUT-CONST                 | 252      | 168200        | 1                  
| Use of CLMS                 | 587      | 18850         | 4                  
|   FF                        | 2486     | 150800        | 2                  
|   LUT                       | 1256     | 75400         | 2                  
|   LUT-FF pairs              | 820      | 75400         | 2                  
|   LUT-CONST                 | 38       | 75400         | 1                  
|   Distributed RAM           | 10       | 75400         | 1                  
| Use of DDRPHY_CPD           | 0        | 17            | 0                  
| Use of DDRPHY_CPD_HP        | 0        | 3             | 0                  
| Use of DDRPHY_IOCLK_DIV     | 0        | 10            | 0                  
| Use of DDR_PHY              | 0        | 28            | 0                  
| Use of DDR_PHY_R            | 0        | 12            | 0                  
| Use of DRM                  | 7        | 480           | 2                  
| Use of GCLK_INBUF_SYN       | 0        | 40            | 0                  
| Use of GPLL                 | 2        | 10            | 20                 
| Use of GSEB                 | 0        | 746           | 0                  
| Use of HARD0                | 721      | 36600         | 2                  
| Use of HCKB                 | 9        | 168           | 6                  
|  HCKB dataused              | 3        | 168           | 2                  
|  HCKB-BYPASS                | 7        | 168           | 5                  
| Use of HSSTHP               | 1        | 4             | 25                 
|   HSST_LANE                 | 1        | 16            | 7                  
|   HSST_PLL                  | 1        | 4             | 25                 
| Use of HSSTHP_BUFDS         | 1        | 8             | 13                 
| Use of IO                   | 8        | 500           | 2                  
|   IOBD                      | 5        | 168           | 3                  
|   IOBDHP                    | 0        | 72            | 0                  
|   IOBS                      | 3        | 182           | 2                  
|   IOBSHP                    | 0        | 78            | 0                  
| Use of IOCKB                | 0        | 40            | 0                  
| Use of IOLHP                | 0        | 150           | 0                  
| Use of IOLHP_FIFO           | 0        | 12            | 0                  
|  IOLHP_FIFO-BYPASS          | 0        | 12            | 0                  
| Use of IOLHR                | 7        | 350           | 2                  
| Use of KEYRAM               | 0        | 1             | 0                  
| Use of MRCKB                | 0        | 20            | 0                  
| Use of PCIEGEN3             | 0        | 1             | 0                  
| Use of PPLL                 | 0        | 10            | 0                  
| Use of RCKB                 | 0        | 40            | 0                  
|  RCKB dataused              | 0        | 40            | 0                  
|  RCKB-BYPASS                | 0        | 40            | 0                  
| Use of RESCAL               | 0        | 3             | 0                  
| Use of SCANCHAIN            | 1        | 1             | 100                
| Use of SPAD                 | 2        | 16            | 13                 
| Use of TSERDES              | 0        | 56            | 0                  
| Use of USCM                 | 5        | 32            | 16                 
|  USCM dataused              | 5        | 32            | 16                 
|  USCM-BYPASS                | 1        | 32            | 4                  
+------------------------------------------------------------------------------+

Finished routing.
Design 'Main' has been routed successfully.
Saving design to DB.
Action route: Export DB successfully.
Action route: Real time elapsed is 0h:0m:41s
Action route: CPU time elapsed is 0h:0m:4s
Action route: Process CPU time elapsed is 0h:0m:5s
Action route: Peak memory pool usage is 3,122 MB

Current time: Thu Jun 13 14:07:36 2024
