IP Generator (Version 2023.2-SP1 build 147282)
Check out license ...
Start generating at 2024-06-05 14:33
Instance: FIFO_CORE (G:\Current_Pango\TenGigTest\ipcore\FIFO_CORE\FIFO_CORE.idf)
IP: DRM Based FIFO (1.11)
Part: Titan2-PG2T390H-FFBG900--6
Create directory 'rtl\' ...
Copy 'rtl\ipm2l_fifo_ctrl_v1_1.v.xml' to 'rtl' ...
Copy 'rtl\ipm2l_fifo_v1_10.v.xml' to 'rtl' ...
Copy 'rtl\ipm2l_sdpram_v1_10.v.xml' to 'rtl' ...
Compile file 'rtl\ipm2l_sdpram_v1_10.v.xml' to 'rtl\ipm2l_sdpram_v1_10_FIFO_CORE.v' ...
Compile file 'rtl\ipm2l_fifo_v1_10.v.xml' to 'rtl\ipm2l_fifo_v1_10_FIFO_CORE.v' ...
Compile file 'rtl\ipm2l_fifo_ctrl_v1_1.v.xml' to 'rtl\ipm2l_fifo_ctrl_v1_1_FIFO_CORE.v' ...
Copy 'ipm2l_fifo_wrapper_v1_10.v.xml' ...
Compile file 'ipm2l_fifo_wrapper_v1_10.v.xml' to 'FIFO_CORE.v' ...
Found top module 'FIFO_CORE' in file 'FIFO_CORE.v'.
Copy 'ipm2l_fifo_wrapper_v1_0_tb.v.xml' ...
Compile file 'ipm2l_fifo_wrapper_v1_0_tb.v.xml' to 'FIFO_CORE_tb.v' ...
Run file 'creatResetValue.tcl' ...
Copy 'ipm2l_drm_afifo.sdc' to 'ipm2l_drm_fifo.sdc' ...
Create template file 'FIFO_CORE_tmpl.v' ...
Create template file 'FIFO_CORE_tmpl.vhdl' ...
There are 4 source files to synthesize.
Synthesis is disabled.
Done: 0 error(s), 0 warning(s)
