#Build: Fabric Compiler 2023.2-SP1, Build 147282, Jun 03 13:26 2024
#Install: D:\Pango\PDS_2023.2-SP1\bin
#Application name: pds_shell.exe
#OS: Windows 11 10.0.22631
#Hostname: WORK_BOIKOV
Generated by Fabric Compiler (version 2023.2-SP1 build 147282) at Mon Jun 10 13:12:28 2024
Compiling verification operator library.
Compiling common defs.
Compiling prim grid devices.
Compiling place grid timing.
Compiling gate devices.
Compiling gate operators.
Building architecture model.
Loading device packaging model.
place strategy configuration : 
strategy name : 0
Building architecture floorplan logic view.
Constraint check start.
W: ConstraintEditor-4040: [G:/Current_Pango/TenGigTest/device_map/Main.pcf(line number: 4)] Port sfp_1_tx_dis has been placed at location V19, whose type is share pin.
W: ConstraintEditor-4040: [G:/Current_Pango/TenGigTest/device_map/Main.pcf(line number: 5)] Port txd has been placed at location P22, whose type is share pin.
W: ConstraintEditor-4040: [G:/Current_Pango/TenGigTest/device_map/Main.pcf(line number: 6)] Port xge_rx_data_err has been placed at location J24, whose type is share pin.
W: ConstraintEditor-4040: [G:/Current_Pango/TenGigTest/device_map/Main.pcf(line number: 7)] Port xgmii_tx_ready has been placed at location J22, whose type is share pin.
W: ConstraintEditor-4040: [G:/Current_Pango/TenGigTest/device_map/Main.pcf(line number: 14)] Port rxd has been placed at location P21, whose type is share pin.
C: ConstraintEditor-2001: [G:/Current_Pango/TenGigTest/device_map/Main.pcf(line number: 15)] Object 'sfp_1_loss' is dangling, which has no connection. it will be ignored.
C: ConstraintEditor-2012: The U_HSSTHP_COMMON of HSSTHP_664_918 have a top priority when you constraints HSSTHP. Please check your constraint file.
W: ConstraintEditor-4019: Port 'o_p_lx_cdr_align_0' unspecified I/O constraint.
W: ConstraintEditor-4019: Port 'o_p_rx_sigdet_sta_0' unspecified I/O constraint.
W: ConstraintEditor-4019: Port 'sfp_1_rx_n' unspecified I/O constraint.
W: ConstraintEditor-4019: Port 'sfp_1_rx_p' unspecified I/O constraint.
W: ConstraintEditor-4019: Port 'sfp_1_tx_n' unspecified I/O constraint.
W: ConstraintEditor-4019: Port 'sfp_1_tx_p' unspecified I/O constraint.
Found 0 error(s), 2 critical warning(s), 11 warning(s), out of 15 constraint(s)
Constraint check end.
Total time(hh:mm:ss) of constraint check : 00:00:00
Elaborate the liberty model.
I: Column Clock Check open.
Read Column Clock Map.

Placement started.
Phase 1 Pre global placement started.
I: Write file layers.txt end
Placement Logic Optimization "Enable".
LUT6D Packing Strategy "3".
Collected 4441 lut, soft packing 2194.
Mapping instance GRS_INST/grs_ccs to CCS_87_622.
Mapping instance u_CORES/u_GTP_SCANCHAIN_PG/scanchain to SCANCHAIN_88_618.
Phase 1.1 Base clock placement started.
Mapping instance LinkMain/CLKBUFX_u1/clkbufc_inst to HCKB_357_2016.
Mapping instance LinkMain/CLKBUFX_u0/clkbufc_inst to HCKB_357_2017.
Mapping instance LinkMain/CLKBUFG_u/gopclkbufg to USCM_359_930.
Mapping instance Debug/u_gpll/gpll_inst to GPLL_7_769.
Mapping instance clkbufg_3/gopclkbufg to USCM_359_882.
Mapping instance Pll_50mhz/u_gpll/gpll_inst to GPLL_7_463.
Mapping instance clkbufg_5/gopclkbufg to USCM_359_885.
C: Place-2028: GLOBAL_CLOCK: the driver u_CORES/u_GTP_SCANCHAIN_PG/scanchain fixed at SCANCHAIN_88_618 is unreasonable. Sub-optimal placement for a clock source and a clock buffer.
Mapping instance clkbufg_4/gopclkbufg to USCM_359_888.
Base clock placement takes 0.00 sec.

Design Utilization : 4%.
Phase 1.2 1st GP placement started.
[GP] Placement Decongestion Mode 1.
[GP] Recovery Analysis in GP "Disable".
Init coarse delay table.
Read place coarse delay table takes 0.11 sec.
Build SRB system takes 0.16 sec.
[GP] Init timing API takes 6.97 sec.
[GP] Init GP graph takes 7.69 sec.
Device graph total memory: 124.67246056 MB
[GP] GP graph memory: 441.26708031 MB
[GP] Read position from netlist take 0 msec
[GP] Total node move: 1743137.69, average node move: 202.31
[GP] SA handle 1 clusters.
[GP] SA init_cost=585792.585714 final_cost=532538.714286 final_cost/init_cost=0.909091 occupied region_num=1
[GP] SA Optimize take time: 0.001000 sec.
[GP] MarginTNS=0, TNS=0, WNS=0
[GP] Place thread size: 4
[GP] Node size: 66065, net size: 12479
[GP] Design graph total memory: 235.61550331 MB
[GP] MarginTNS=0, TNS=0, WNS=0
[GP] Step 0 take 0.361 secs: WL=15024.33 OF=0.950779
[GP] MarginTNS=0, TNS=0, WNS=0
[GP] Step 1 take 1.156 secs: WL=19195.82 OF=0.900419
[GP] MarginTNS=0, TNS=0, WNS=0
[GP] Step 2 take 1.121 secs: WL=20617.93 OF=0.864390
[GP] MarginTNS=0, TNS=0, WNS=0
[GP] Step 3 take 1.127 secs: WL=21240.00 OF=0.845582
[GP] MarginTNS=0, TNS=0, WNS=0
[GP] Step 4 take 1.126 secs: WL=22047.71 OF=0.823529
[GP] MarginTNS=0, TNS=0, WNS=0
[GP] Step 5 take 1.133 secs: WL=23431.32 OF=0.789984
[GP] MarginTNS=0, TNS=0, WNS=0
[GP] Step 6 take 1.153 secs: WL=25373.01 OF=0.736771
[GP] MarginTNS=0, TNS=0, WNS=0
[GP] Step 7 take 1.127 secs: WL=27347.37 OF=0.679290
[GP] MarginTNS=0, TNS=0, WNS=0
[GP] Step 8 take 1.131 secs: WL=29397.28 OF=0.638767
[GP] MarginTNS=0, TNS=0, WNS=0
[GP] Step 9 take 1.125 secs: WL=31742.71 OF=0.577562
[GP] MarginTNS=0, TNS=0, WNS=0
[GP] Step 10 take 1.138 secs: WL=33785.13 OF=0.504882
[GP] MarginTNS=0, TNS=0, WNS=0
[GP] Step 11 take 1.141 secs: WL=35370.39 OF=0.434568
[GP] MarginTNS=0, TNS=0, WNS=0
[GP] Step 12 take 1.134 secs: WL=36483.73 OF=0.369456
[GP] MarginTNS=0, TNS=0, WNS=0
[GP] Step 13 take 1.144 secs: WL=37761.64 OF=0.306675
[GP] MarginTNS=0, TNS=0, WNS=0
[GP] Step 14 take 1.122 secs: WL=38859.44 OF=0.243361
[GP] MarginTNS=0, TNS=0, WNS=0
[GP] Step 15 take 1.107 secs: WL=40575.13 OF=0.188804
[GP] MarginTNS=0, TNS=0, WNS=0
[GP] MarginTNS=0, TNS=0, WNS=0
[GP] Step 16 take 1.263 secs: WL=42818.52 OF=0.143627
[GP] MarginTNS=0, TNS=0, WNS=0
[GP] Step 17 take 0.929 secs: WL=43917.95 OF=0.110310
[GP] Best WL=44794.802476 OF=0.083708, take 19.981000 secs.
[GP] MarginTNS=0, TNS=0, WNS=0
[GP] Total node move: 466399.54, average node move: 54.13
[GP] Placer use memory: 42.08760452 MB
[GP] GP graph memory: 454.89795685 MB
Wirelength after clock region global placement is 44334 and checksum is E5991BB4999CBF65.
1st GP placement takes 4.08 sec.

Wirelength after Pre Global Placement is 44334 and checksum is E5991BB4999CBF65.
Pre global placement takes 4.14 sec.

Phase 2 Global placement started.
Phase 2.1 Fixed placement started.
Placed fixed group with base inst Debug/u_buf1/opit_2 on IOLHR_16_1692.
Placed fixed group with base inst LinkMain/PHY_10G/U_GTP_HSSTHP_WRAPPER/REFCLK0_ENABLE.U_BUFDS_0/U_BUFDS/gatehsst_spadp on SPAD_663_1837.
Placed fixed group with base inst fan_obuf/opit_1 on IOLHR_16_6.
Placed fixed group with base inst fpga_rst_n_ibuf/opit_1 on IOLHR_16_786.
Placed fixed group with base inst i_clk_50_ibuf/opit_1 on IOLHR_16_774.
Placed fixed group with base inst rxd_ibuf/opit_1 on IOLHR_16_954.
Placed fixed group with base inst sfp_1_tx_dis_obuf/opit_1 on IOLHR_16_684.
Placed fixed group with base inst txd_obuf/opit_1 on IOLHR_16_948.
Placed fixed group with base inst xge_rx_data_err_obuf/opit_1 on IOLHR_16_1206.
Placed fixed group with base inst xgmii_tx_ready_obuf/opit_1 on IOLHR_16_1158.
Placed fixed instance LinkMain/PHY_10G/U_GTP_HSSTHP_WRAPPER/CHANNEL0_ENABLE.U_LANE0_WRAP/U_LANE0/gatehsst_lane on HSSTHP_664_1836.
Placed fixed instance LinkMain/PHY_10G/U_GTP_HSSTHP_WRAPPER/HPLL_ENABLE.U_HPLL_WRAP/U_HPLL/gatehsst_hpll on HSSTHP_664_1836.
Placed fixed instance Debug/u_gpll/gpll_inst on GPLL_7_769.
Placed fixed instance GRS_INST/grs_ccs on CCS_87_622.
Placed fixed instance LinkMain/CLKBUFG_u/gopclkbufg on USCM_359_930.
Placed fixed instance LinkMain/CLKBUFX_u0/clkbufc_inst on HCKB_357_2017.
Placed fixed instance LinkMain/CLKBUFX_u1/clkbufc_inst on HCKB_357_2016.
Placed fixed instance Pll_50mhz/u_gpll/gpll_inst on GPLL_7_463.
Placed fixed instance clkbufg_3/gopclkbufg on USCM_359_882.
Placed fixed instance clkbufg_4/gopclkbufg on USCM_359_888.
Placed fixed instance clkbufg_5/gopclkbufg on USCM_359_885.
Placed fixed instance u_CORES/u_GTP_SCANCHAIN_PG/scanchain on SCANCHAIN_88_618.
Placed fixed instance BKCL_auto_0 on BKCL_1_1564.
Placed fixed instance BKCL_auto_1 on BKCL_1_952.
Placed fixed instance BKCL_auto_2 on BKCL_1_646.
Placed fixed instance BKCL_auto_3 on BKCL_1_34.
Fixed placement takes 0.00 sec.

Phase 2.2 Process placement started.
DRC Placement Start.
DRC final successful.
DRC Placement Process takes 0.02 sec.
DRC Placement End.
DRCP end, takes 0.020 secs.
Process placement takes 0.08 sec.

Phase 2.3 IO placement started.
The average distance in IO place is 0.000000.
IO placement takes 0.00 sec.

Phase 2.4 Post Process placement started.
Post Process placement takes 0.00 sec.

Planning Before Place "Enable".
PBM start.
First map gop timing takes 0.00 sec
PBM of GP end, takes 0.02 sec.
Design Utilization : 4%.
Phase 2.5 2nd GP placement started.
Wirelength before global placement is 44334 and checksum is 2F8C15AEA54BE714.
[GP] Init timing API takes 0.00 sec.
[GP] Init GP graph takes 0.45 sec.
Device graph total memory: 124.67246056 MB
[GP] GP graph memory: 449.24104309 MB
[GP] Read position from netlist take 0 msec
[GP] Total node move: 323261.39, average node move: 37.53
[GP] MarginTNS=0, TNS=0, WNS=0
[GP] Place thread size: 4
[GP] Node size: 65858, net size: 12479
[GP] Design graph total memory: 242.07194901 MB
[GP] MarginTNS=0, TNS=0, WNS=0
[GP] Step 0 take 0.274 secs: WL=16920.02 OF=0.928324
[GP] MarginTNS=0, TNS=0, WNS=0
[GP] Step 1 take 1.094 secs: WL=20039.58 OF=0.885069
[GP] MarginTNS=0, TNS=0, WNS=0
[GP] Step 2 take 1.082 secs: WL=21925.38 OF=0.853772
[GP] MarginTNS=0, TNS=0, WNS=0
[GP] Step 3 take 1.078 secs: WL=23026.30 OF=0.815048
[GP] MarginTNS=0, TNS=0, WNS=0
[GP] Step 4 take 1.094 secs: WL=24019.24 OF=0.786332
[GP] MarginTNS=0, TNS=0, WNS=0
[GP] Step 5 take 1.102 secs: WL=25210.96 OF=0.755066
[GP] MarginTNS=0, TNS=0, WNS=0
[GP] Step 6 take 1.093 secs: WL=26837.21 OF=0.715885
[GP] MarginTNS=0, TNS=0, WNS=0
[GP] Step 7 take 1.096 secs: WL=28687.71 OF=0.668800
[GP] MarginTNS=0, TNS=0, WNS=0
[GP] Step 8 take 1.083 secs: WL=30989.35 OF=0.597541
[GP] MarginTNS=0, TNS=0, WNS=0
[GP] Step 9 take 1.097 secs: WL=33507.14 OF=0.528370
[GP] MarginTNS=0, TNS=0, WNS=0
[GP] Step 10 take 1.103 secs: WL=35536.61 OF=0.466541
[GP] MarginTNS=0, TNS=0, WNS=0
[GP] Step 11 take 1.116 secs: WL=36702.98 OF=0.394356
[GP] MarginTNS=0, TNS=0, WNS=0
[GP] Step 12 take 1.118 secs: WL=37799.40 OF=0.329663
[GP] MarginTNS=0, TNS=0, WNS=0
[GP] Step 13 take 1.105 secs: WL=38388.21 OF=0.263446
[GP] MarginTNS=0, TNS=0, WNS=0
[GP] Step 14 take 1.099 secs: WL=40149.73 OF=0.207396
[GP] MarginTNS=0, TNS=0, WNS=0
[GP] Step 15 take 1.103 secs: WL=41583.88 OF=0.151053
[GP] MarginTNS=0, TNS=0, WNS=0
[GP] MarginTNS=0, TNS=0, WNS=0
[GP] Step 16 take 1.268 secs: WL=43731.63 OF=0.113707
[GP] MarginTNS=0, TNS=0, WNS=0
[GP] Step 17 take 0.919 secs: WL=44106.44 OF=0.083640
[GP] Best WL=44106.436539 OF=0.083640, take 18.718000 secs.
[GP] MarginTNS=0, TNS=0, WNS=0
[GP] Total node move: 82677.81, average node move: 9.60
[GP] Placer use memory: 51.37429428 MB
[GP] GP graph memory: 455.41773987 MB
2nd GP placement takes 3.12 sec.

Wirelength after global placement is 43697 and checksum is 2E5DD74E8E0329CE.
Global placement takes 3.23 sec.

Phase 3 Post global placement started.
Phase 3.1 Macro cell placement started.
Early Place Macro "Global".
Auto Dispose Macro Object "Enable".
Wirelength after macro cell placement is 43697 and checksum is 1154C92E66AF22B4.
Macro cell placement takes 0.05 sec.

PBM start.
PBM of PostGP end, takes 0.00 sec.
Design Utilization : 4%.
Phase 3.2 3rd GP placement started.
Wirelength before post global placement is 43697 and checksum is 1154C92E66AF22B4.
[GP] Init timing API takes 0.00 sec.
[GP] Init GP graph takes 0.44 sec.
Device graph total memory: 124.67246056 MB
[GP] GP graph memory: 448.72708893 MB
[GP] Read position from netlist take 0 msec
[GP] Place thread size: 4
[GP] Node size: 65830, net size: 12478
[GP] Design graph total memory: 241.55799484 MB
[GP] MarginTNS=0, TNS=0, WNS=0
[GP] Step 0 take 0.408 secs: WL=44640.62 OF=0.085178
[GP] MarginTNS=0, TNS=0, WNS=0
[GP] Step 1 take 0.914 secs: WL=43187.20 OF=0.106277
[GP] Best WL=43665.226952 OF=0.091975, take 1.387000 secs.
[GP] MarginTNS=0, TNS=0, WNS=0
[GP] Total node move: 4421.73, average node move: 0.52
[GP] Placer use memory: 47.54018021 MB
[GP] GP graph memory: 454.90371704 MB
3rd GP placement takes 0.28 sec.

Wirelength after post global placement is 43312 and checksum is 360085D9DE67E5A7.
I: Soft packing 2220 LUT6D, real packing 2223(100.11%) LUT6D.
The total number of packing LUT6D is 2223.
Worst slack after packing LUT6D is 1658.
Wirelength after packing LUT6D is 43326 and checksum is 13455EE4070747E0.
Packing LUT6D takes 0.16 sec.
Post global placement takes 0.56 sec.

Optimize timing started.
Start lp timing optimize, WNS: 1658, TNS: 0.
End lp timing optimize, WNS: 1658, TNS: 0.
Timing driven place optimize takes 0.03 sec.
Wirelength after timing drive place optimize is 43326 and checksum is 13455EE4070747E0.
Phase 4 Legalization started.
The average distance in LP is 0.285351.
Wirelength after legalization is 47851 and checksum is 3D1F30098AB89BDC.
Legalization takes 0.03 sec.

Phase 5 Timing-driven detailed placement started.
Phase 5.1 Replication placement started.
Design Cells Duplication "Enable".
Recovery Analysis in RP "Disable".
Worst slack before Replication Place is 1701, TNS before Replication Place is 0. 
Replication placement takes 0.03 sec.

Wirelength after replication placement is 47851 and checksum is 3D1F30098AB89BDC.
Recovery Analysis in DP "Disable".
RefinePlacement Mode "Swap".
Phase 5.2 Swapping placement started.
Worst slack before detailed placement is 1701, TNS before detailed placement is 0. 
RefinePlacement Iteration "20".
Worst slack after detailed placement is 1701, TNS after detailed placement is 0. 
Swapping placement takes 0.00 sec.

Wirelength after detailed placement is 47851 and checksum is 3D1F30098AB89BDC.
Timing-driven detailed placement takes 0.03 sec.

Worst slack is 1701, TNS after placement is 0.

Congestion analysis started.
Congestion analysis takes 0.08 sec.



Device Utilization Summary :
+------------------------------------------------------------------------------+
| Logic Utilization           | Used     | Available     | Utilization(%)     
+------------------------------------------------------------------------------+
| Use of ADC                  | 0        | 1             | 0                  
| Use of ANALOG               | 0        | 1             | 0                  
| Use of APM                  | 0        | 840           | 0                  
| Use of BKCL                 | 4        | 7             | 58                 
| Use of BKCLHP               | 0        | 3             | 0                  
| Use of CCS                  | 1        | 1             | 100                
| Use of CLMA                 | 1746     | 42050         | 5                  
|   FF                        | 7467     | 336400        | 3                  
|   LUT                       | 4182     | 168200        | 3                  
|   LUT-FF pairs              | 2541     | 168200        | 2                  
|   LUT-CONST                 | 0        | 168200        | 0                  
| Use of CLMS                 | 691      | 18850         | 4                  
|   FF                        | 3087     | 150800        | 3                  
|   LUT                       | 1677     | 75400         | 3                  
|   LUT-FF pairs              | 1009     | 75400         | 2                  
|   LUT-CONST                 | 0        | 75400         | 0                  
|   Distributed RAM           | 43       | 75400         | 1                  
| Use of DDRPHY_CPD           | 0        | 17            | 0                  
| Use of DDRPHY_CPD_HP        | 0        | 3             | 0                  
| Use of DDRPHY_IOCLK_DIV     | 0        | 10            | 0                  
| Use of DDR_PHY              | 0        | 28            | 0                  
| Use of DDR_PHY_R            | 0        | 12            | 0                  
| Use of DRM                  | 8        | 480           | 2                  
| Use of GCLK_INBUF_SYN       | 0        | 40            | 0                  
| Use of GPLL                 | 2        | 10            | 20                 
| Use of GSEB                 | 0        | 746           | 0                  
| Use of HARD0                | 0        | 36600         | 0                  
| Use of HCKB                 | 2        | 168           | 2                  
|  HCKB dataused              | 2        | 168           | 2                  
|  HCKB-BYPASS                | 0        | 168           | 0                  
| Use of HSSTHP               | 1        | 4             | 25                 
|   HSST_LANE                 | 1        | 16            | 7                  
|   HSST_PLL                  | 1        | 4             | 25                 
| Use of HSSTHP_BUFDS         | 1        | 8             | 13                 
| Use of IO                   | 12       | 500           | 3                  
|   IOBD                      | 5        | 168           | 3                  
|   IOBDHP                    | 1        | 72            | 2                  
|   IOBS                      | 5        | 182           | 3                  
|   IOBSHP                    | 1        | 78            | 2                  
| Use of IOCKB                | 0        | 40            | 0                  
| Use of IOLHP                | 2        | 150           | 2                  
| Use of IOLHP_FIFO           | 0        | 12            | 0                  
|  IOLHP_FIFO-BYPASS          | 0        | 12            | 0                  
| Use of IOLHR                | 9        | 350           | 3                  
| Use of KEYRAM               | 0        | 1             | 0                  
| Use of MRCKB                | 0        | 20            | 0                  
| Use of PCIEGEN3             | 0        | 1             | 0                  
| Use of PPLL                 | 0        | 10            | 0                  
| Use of RCKB                 | 0        | 40            | 0                  
|  RCKB dataused              | 0        | 40            | 0                  
|  RCKB-BYPASS                | 0        | 40            | 0                  
| Use of RESCAL               | 0        | 3             | 0                  
| Use of SCANCHAIN            | 1        | 1             | 100                
| Use of SPAD                 | 2        | 16            | 13                 
| Use of TSERDES              | 0        | 56            | 0                  
| Use of USCM                 | 4        | 32            | 13                 
|  USCM dataused              | 1        | 32            | 4                  
|  USCM-BYPASS                | 0        | 32            | 0                  
+------------------------------------------------------------------------------+

Action place: Export DB successfully.
Placement done.
Total placement takes 8.36 sec.
Finished placement.
Design 'Main' has been placed successfully.
Action place: Real time elapsed is 0h:1m:17s
Action place: CPU time elapsed is 0h:0m:9s
Action place: Process CPU time elapsed is 0h:0m:24s
Action place: Peak memory pool usage is 3,209 MB

Current time: Mon Jun 10 13:13:43 2024
