#Build: Fabric Compiler 2023.2-SP1, Build 147282, Jun 03 13:26 2024
#Install: D:\Pango\PDS_2023.2-SP1\bin
#Application name: pds_shell.exe
#OS: Windows 11 10.0.22631
#Hostname: WORK_BOIKOV
Generated by Fabric Compiler (version 2023.2-SP1 build 147282) at Mon Jun 10 13:13:45 2024
Compiling verification operator library.
Compiling common defs.
Compiling prim grid devices.
Compiling place grid timing.
Compiling gate devices.
Compiling gate operators.
Building architecture model.
Loading device packaging model.
Building architecture floorplan logic view.
route strategy configuration : 
strategy name : 0
Elaborate the liberty model.

Routing started.
Enter timing driven router mode.
Route thread size: 7
Building routing graph takes 8.28 sec.
Enable Recovery Analysis in Routing
Init coarse delay table.
Read place coarse delay table takes 0.25 sec.
Build SRB system takes 0.11 sec.
Setup STE netlist take 4784 msec.
Slack Weight : 90
CE/RS signal series limit : 500
Dispose control chain take 113 msec.
Collect const net info take 175 msec.
Total nets for routing: 12393.
Total loads for routing: 46657.
Direct connect net size: 1242
Build all design net take 361 msec.
Processing design graph takes 5.44 sec.
Delay table total memory: 114.82270813 MB
Route graph total memory: 411.90334225 MB
Route design total memory: 22.04244232 MB
Global routing takes 0.00 sec.
Pin Cost Increasing Speed 300
Total 12391 subnets.
Unrouted clock nets at iteration 0 (0.393 sec): 9
Unrouted clock nets at iteration 1 (0.193 sec): 5
Unrouted clock nets at iteration 2 (0.048 sec): 4
Unrouted clock nets at iteration 3 (0.038 sec): 4
Unrouted clock nets at iteration 4 (0.038 sec): 4
Unrouted clock nets at iteration 5 (0.036 sec): 4
Unrouted clock nets at iteration 6 (0.037 sec): 4
Unrouted clock nets at iteration 7 (0.004 sec): 3
Unrouted clock nets at iteration 8 (0.004 sec): 3
Unrouted clock nets at iteration 9 (0.004 sec): 3
Unrouted clock nets at iteration 10 (0.005 sec): 3
Unrouted clock nets at iteration 11 (0.007 sec): 3
Unrouted clock nets at iteration 12 (0.009 sec): 0
Total route nets size: 12375
Worst slack is 2163, TNS before route is 0.
I: Write file layers.txt end
Pre route takes 1.500 sec
Unrouted general nets at iteration 14 (MT total route time: 0.966 sec): 9634(overused: 49616)
Unrouted general nets at iteration 15 (MT total route time: 0.921 sec): 5209(overused: 17285)
Unrouted general nets at iteration 16 (MT total route time: 0.503 sec): 2032(overused: 4319)
Unrouted general nets at iteration 17 (MT total route time: 0.287 sec): 564(overused: 841)
Unrouted general nets at iteration 18 (MT total route time: 0.303 sec): 180(overused: 253)
Unrouted general nets at iteration 19 (MT total route time: 0.301 sec): 31(overused: 34)
Unrouted general nets at iteration 20 (MT total route time: 0.140 sec): 11(overused: 14)
Unrouted general nets at iteration 21 (MT total route time: 0.146 sec): 8(overused: 8)
Unrouted general nets at iteration 22 (MT total route time: 0.145 sec): 4(overused: 4)
Unrouted general nets at iteration 23 (MT total route time: 0.078 sec): 4(overused: 4)
Unrouted general nets at iteration 24 (MT total route time: 0.052 sec): 0(overused: 0)
----General net take 0.016 sec(route net take 0.000 sec, inc cost take 0.008 sec, iter times: 1)
----const net route take 0.034 sec
Unrouted nets at iteration 25 (0.052 sec): 0
Detailed routing takes 6.70 sec.
I: Design net u_CORES/capt_o is routed by general path.
C: Route-2036: The clock path from u_CORES/u_GTP_SCANCHAIN_PG/scanchain:CAPTUREDR to u_CORES/u_debug_core_0/u_hub_data_decode/id_sample.conf_id[0]/opit_0_inv:CLK is routed by SRB.
I: Design net u_CORES/drck_o is routed by general path.
C: Route-2036: The clock path from u_CORES/u_GTP_SCANCHAIN_PG/scanchain:TCK1 to clkbufg_4/gopclkbufg:CLK is routed by SRB.
Sort Original Nets take 0.007 sec
Build solution node for device pins which were mapped to more than one design pin take 0.008 sec
Check HPIO div result take 0.000 sec
Total net: 12393, route succeed net: 12393
Generate routing result take 0.017 sec
Handle PERMUX permutation take 0.252 sec
Handle const net take 0.017 sec
Handle route through take 0.010 sec
Handle loads' routing node take 0.058 sec
Used SRB routing arc is 93231.
Finish routing takes 0.47 sec.
Total routing takes 21.38 sec.


Device Utilization Summary :
+------------------------------------------------------------------------------+
| Logic Utilization           | Used     | Available     | Utilization(%)     
+------------------------------------------------------------------------------+
| Use of ADC                  | 0        | 1             | 0                  
| Use of ANALOG               | 0        | 1             | 0                  
| Use of APM                  | 0        | 840           | 0                  
| Use of BKCL                 | 4        | 7             | 58                 
| Use of BKCLHP               | 0        | 3             | 0                  
| Use of CCS                  | 1        | 1             | 100                
| Use of CLMA                 | 1829     | 42050         | 5                  
|   FF                        | 7467     | 336400        | 3                  
|   LUT                       | 4182     | 168200        | 3                  
|   LUT-FF pairs              | 2541     | 168200        | 2                  
|   LUT-CONST                 | 381      | 168200        | 1                  
| Use of CLMS                 | 701      | 18850         | 4                  
|   FF                        | 3087     | 150800        | 3                  
|   LUT                       | 1677     | 75400         | 3                  
|   LUT-FF pairs              | 1009     | 75400         | 2                  
|   LUT-CONST                 | 95       | 75400         | 1                  
|   Distributed RAM           | 43       | 75400         | 1                  
| Use of DDRPHY_CPD           | 0        | 17            | 0                  
| Use of DDRPHY_CPD_HP        | 0        | 3             | 0                  
| Use of DDRPHY_IOCLK_DIV     | 0        | 10            | 0                  
| Use of DDR_PHY              | 0        | 28            | 0                  
| Use of DDR_PHY_R            | 0        | 12            | 0                  
| Use of DRM                  | 8        | 480           | 2                  
| Use of GCLK_INBUF_SYN       | 0        | 40            | 0                  
| Use of GPLL                 | 2        | 10            | 20                 
| Use of GSEB                 | 0        | 746           | 0                  
| Use of HARD0                | 917      | 36600         | 3                  
| Use of HCKB                 | 11       | 168           | 7                  
|  HCKB dataused              | 4        | 168           | 3                  
|  HCKB-BYPASS                | 9        | 168           | 6                  
| Use of HSSTHP               | 1        | 4             | 25                 
|   HSST_LANE                 | 1        | 16            | 7                  
|   HSST_PLL                  | 1        | 4             | 25                 
| Use of HSSTHP_BUFDS         | 1        | 8             | 13                 
| Use of IO                   | 12       | 500           | 3                  
|   IOBD                      | 5        | 168           | 3                  
|   IOBDHP                    | 1        | 72            | 2                  
|   IOBS                      | 5        | 182           | 3                  
|   IOBSHP                    | 1        | 78            | 2                  
| Use of IOCKB                | 0        | 40            | 0                  
| Use of IOLHP                | 2        | 150           | 2                  
| Use of IOLHP_FIFO           | 2        | 12            | 17                 
|  IOLHP_FIFO-BYPASS          | 2        | 12            | 17                 
| Use of IOLHR                | 9        | 350           | 3                  
| Use of KEYRAM               | 0        | 1             | 0                  
| Use of MRCKB                | 0        | 20            | 0                  
| Use of PCIEGEN3             | 0        | 1             | 0                  
| Use of PPLL                 | 0        | 10            | 0                  
| Use of RCKB                 | 0        | 40            | 0                  
|  RCKB dataused              | 0        | 40            | 0                  
|  RCKB-BYPASS                | 0        | 40            | 0                  
| Use of RESCAL               | 0        | 3             | 0                  
| Use of SCANCHAIN            | 1        | 1             | 100                
| Use of SPAD                 | 2        | 16            | 13                 
| Use of TSERDES              | 0        | 56            | 0                  
| Use of USCM                 | 5        | 32            | 16                 
|  USCM dataused              | 5        | 32            | 16                 
|  USCM-BYPASS                | 1        | 32            | 4                  
+------------------------------------------------------------------------------+

Finished routing.
Design 'Main' has been routed successfully.
Saving design to DB.
Action route: Export DB successfully.
Action route: Real time elapsed is 0h:0m:41s
Action route: CPU time elapsed is 0h:0m:4s
Action route: Process CPU time elapsed is 0h:0m:5s
Action route: Peak memory pool usage is 3,131 MB

Current time: Mon Jun 10 13:14:25 2024
