#Build: Fabric Compiler 2023.2-SP1, Build 147282, Jun 03 13:26 2024
#Install: D:\Pango\PDS_2023.2-SP1\bin
#Application name: pds_shell.exe
#OS: Windows 11 10.0.22631
#Hostname: WORK_BOIKOV
Generated by Fabric Compiler (version 2023.2-SP1 build 147282) at Thu Jun 13 13:02:10 2024
Compiling verification operator library.
Compiling common defs.
Compiling prim grid devices.
Compiling place grid timing.
Compiling gate devices.
Compiling gate operators.
Building architecture model.
Loading device packaging model.
Building architecture floorplan logic view.
route strategy configuration : 
strategy name : 0
Elaborate the liberty model.

Routing started.
Enter timing driven router mode.
Route thread size: 7
Building routing graph takes 8.40 sec.
Enable Recovery Analysis in Routing
Init coarse delay table.
Read place coarse delay table takes 0.11 sec.
Build SRB system takes 0.20 sec.
Setup STE netlist take 4674 msec.
Slack Weight : 90
CE/RS signal series limit : 500
Dispose control chain take 84 msec.
Collect const net info take 164 msec.
Total nets for routing: 9713.
Total loads for routing: 36042.
Direct connect net size: 754
Build all design net take 295 msec.
Processing design graph takes 5.22 sec.
Delay table total memory: 114.79927063 MB
Route graph total memory: 410.73042583 MB
Route design total memory: 15.99365997 MB
Global routing takes 0.00 sec.
Pin Cost Increasing Speed 300
Total 9711 subnets.
Unrouted clock nets at iteration 0 (0.268 sec): 10
Unrouted clock nets at iteration 1 (0.095 sec): 6
Unrouted clock nets at iteration 2 (0.153 sec): 4
Unrouted clock nets at iteration 3 (0.018 sec): 4
Unrouted clock nets at iteration 4 (0.012 sec): 3
Unrouted clock nets at iteration 5 (0.012 sec): 3
Unrouted clock nets at iteration 6 (0.016 sec): 3
Unrouted clock nets at iteration 7 (0.005 sec): 3
Unrouted clock nets at iteration 8 (0.005 sec): 2
Unrouted clock nets at iteration 9 (0.002 sec): 2
Unrouted clock nets at iteration 10 (0.004 sec): 2
Unrouted clock nets at iteration 11 (0.011 sec): 2
Unrouted clock nets at iteration 12 (0.011 sec): 0
Total route nets size: 9698
Worst slack is -2845, TNS before route is -10038912.
I: Write file layers.txt end
Pre route takes 1.386 sec
Unrouted general nets at iteration 14 (MT total route time: 0.773 sec): 7881(overused: 37065)
Unrouted general nets at iteration 15 (MT total route time: 0.703 sec): 5394(overused: 16141)
Unrouted general nets at iteration 16 (MT total route time: 0.448 sec): 3139(overused: 7311)
Unrouted general nets at iteration 17 (MT total route time: 0.308 sec): 2005(overused: 4745)
Unrouted general nets at iteration 18 (MT total route time: 0.206 sec): 1593(overused: 3566)
Unrouted general nets at iteration 19 (MT total route time: 0.147 sec): 859(overused: 2044)
Unrouted general nets at iteration 20 (MT total route time: 0.113 sec): 702(overused: 1682)
Unrouted general nets at iteration 21 (MT total route time: 0.094 sec): 601(overused: 1452)
Unrouted general nets at iteration 22 (MT total route time: 0.085 sec): 515(overused: 1256)
Unrouted general nets at iteration 23 (MT total route time: 0.079 sec): 455(overused: 1102)
Unrouted general nets at iteration 24 (MT total route time: 0.068 sec): 365(overused: 888)
Unrouted general nets at iteration 25 (MT total route time: 0.066 sec): 98(overused: 186)
Unrouted general nets at iteration 26 (MT total route time: 0.021 sec): 59(overused: 106)
Unrouted general nets at iteration 27 (MT total route time: 0.019 sec): 30(overused: 58)
Unrouted general nets at iteration 28 (MT total route time: 0.015 sec): 16(overused: 30)
Unrouted general nets at iteration 29 (MT total route time: 0.014 sec): 5(overused: 10)
Unrouted general nets at iteration 30 (MT total route time: 0.011 sec): 4(overused: 6)
Unrouted general nets at iteration 31 (MT total route time: 0.011 sec): 2(overused: 2)
Unrouted general nets at iteration 32 (MT total route time: 0.011 sec): 2(overused: 2)
Unrouted general nets at iteration 33 (MT total route time: 0.010 sec): 0(overused: 0)
----General net take 0.009 sec(route net take 0.000 sec, inc cost take 0.005 sec, iter times: 1)
----const net route take 0.021 sec
Unrouted nets at iteration 34 (0.032 sec): 0
Detailed routing takes 5.69 sec.
I: Design net ntclkbufg_2 is routed by general path.
C: Route-2036: The clock path from clkbufg_5/gopclkbufg:CLKOUT to u_CORES/u_debug_core_0/u_Data_Capture_Memory/block_ram.ram_data_0/gopdrm_36k:CLKB[0] is routed by SRB.
I: Design net u_CORES/capt_o is routed by general path.
C: Route-2036: The clock path from u_CORES/u_GTP_SCANCHAIN_PG/scanchain:CAPTUREDR to u_CORES/u_debug_core_0/u_hub_data_decode/newconfini.conf_id_ini[2]/opit_0_inv:CLK is routed by SRB.
I: Design net u_CORES/drck_o is routed by general path.
C: Route-2036: The clock path from u_CORES/u_GTP_SCANCHAIN_PG/scanchain:TCK1 to clkbufg_5/gopclkbufg:CLK is routed by SRB.
Sort Original Nets take 0.006 sec
Build solution node for device pins which were mapped to more than one design pin take 0.007 sec
Check HPIO div result take 0.000 sec
Total net: 9713, route succeed net: 9713
Generate routing result take 0.013 sec
Handle PERMUX permutation take 0.207 sec
Handle const net take 0.012 sec
Handle route through take 0.007 sec
Handle loads' routing node take 0.044 sec
Used SRB routing arc is 71470.
Finish routing takes 0.37 sec.
Total routing takes 20.10 sec.


Device Utilization Summary :
+------------------------------------------------------------------------------+
| Logic Utilization           | Used     | Available     | Utilization(%)     
+------------------------------------------------------------------------------+
| Use of ADC                  | 0        | 1             | 0                  
| Use of ANALOG               | 0        | 1             | 0                  
| Use of APM                  | 0        | 840           | 0                  
| Use of BKCL                 | 4        | 7             | 58                 
| Use of BKCLHP               | 0        | 3             | 0                  
| Use of CCS                  | 1        | 1             | 100                
| Use of CLMA                 | 1458     | 42050         | 4                  
|   FF                        | 6133     | 336400        | 2                  
|   LUT                       | 3108     | 168200        | 2                  
|   LUT-FF pairs              | 1984     | 168200        | 2                  
|   LUT-CONST                 | 238      | 168200        | 1                  
| Use of CLMS                 | 562      | 18850         | 3                  
|   FF                        | 2489     | 150800        | 2                  
|   LUT                       | 1227     | 75400         | 2                  
|   LUT-FF pairs              | 807      | 75400         | 2                  
|   LUT-CONST                 | 46       | 75400         | 1                  
|   Distributed RAM           | 10       | 75400         | 1                  
| Use of DDRPHY_CPD           | 0        | 17            | 0                  
| Use of DDRPHY_CPD_HP        | 0        | 3             | 0                  
| Use of DDRPHY_IOCLK_DIV     | 0        | 10            | 0                  
| Use of DDR_PHY              | 0        | 28            | 0                  
| Use of DDR_PHY_R            | 0        | 12            | 0                  
| Use of DRM                  | 7        | 480           | 2                  
| Use of GCLK_INBUF_SYN       | 0        | 40            | 0                  
| Use of GPLL                 | 2        | 10            | 20                 
| Use of GSEB                 | 0        | 746           | 0                  
| Use of HARD0                | 708      | 36600         | 2                  
| Use of HCKB                 | 9        | 168           | 6                  
|  HCKB dataused              | 3        | 168           | 2                  
|  HCKB-BYPASS                | 7        | 168           | 5                  
| Use of HSSTHP               | 1        | 4             | 25                 
|   HSST_LANE                 | 1        | 16            | 7                  
|   HSST_PLL                  | 1        | 4             | 25                 
| Use of HSSTHP_BUFDS         | 1        | 8             | 13                 
| Use of IO                   | 8        | 500           | 2                  
|   IOBD                      | 5        | 168           | 3                  
|   IOBDHP                    | 0        | 72            | 0                  
|   IOBS                      | 3        | 182           | 2                  
|   IOBSHP                    | 0        | 78            | 0                  
| Use of IOCKB                | 0        | 40            | 0                  
| Use of IOLHP                | 0        | 150           | 0                  
| Use of IOLHP_FIFO           | 0        | 12            | 0                  
|  IOLHP_FIFO-BYPASS          | 0        | 12            | 0                  
| Use of IOLHR                | 7        | 350           | 2                  
| Use of KEYRAM               | 0        | 1             | 0                  
| Use of MRCKB                | 0        | 20            | 0                  
| Use of PCIEGEN3             | 0        | 1             | 0                  
| Use of PPLL                 | 0        | 10            | 0                  
| Use of RCKB                 | 0        | 40            | 0                  
|  RCKB dataused              | 0        | 40            | 0                  
|  RCKB-BYPASS                | 0        | 40            | 0                  
| Use of RESCAL               | 0        | 3             | 0                  
| Use of SCANCHAIN            | 1        | 1             | 100                
| Use of SPAD                 | 2        | 16            | 13                 
| Use of TSERDES              | 0        | 56            | 0                  
| Use of USCM                 | 5        | 32            | 16                 
|  USCM dataused              | 5        | 32            | 16                 
|  USCM-BYPASS                | 1        | 32            | 4                  
+------------------------------------------------------------------------------+

Finished routing.
Design 'Main' has been routed successfully.
Saving design to DB.
Action route: Export DB successfully.
Action route: Real time elapsed is 0h:0m:38s
Action route: CPU time elapsed is 0h:0m:3s
Action route: Process CPU time elapsed is 0h:0m:4s
Action route: Peak memory pool usage is 3,120 MB

Current time: Thu Jun 13 13:02:47 2024
