#Build: Fabric Compiler 2023.2-SP1, Build 147282, Jun 03 13:26 2024
#Install: D:\Pango\PDS_2023.2-SP1\bin
#Application name: pds_shell.exe
#OS: Windows 11 10.0.22631
#Hostname: WORK_BOIKOV
Generated by Fabric Compiler (version 2023.2-SP1 build 147282) at Thu Jun 13 13:00:45 2024
Compiling verification operator library.
Compiling common defs.
Compiling prim grid devices.
Compiling place grid timing.
Compiling gate devices.
Compiling gate operators.
Building architecture model.
Loading device packaging model.
place strategy configuration : 
strategy name : 0
Building architecture floorplan logic view.
Constraint check start.
W: ConstraintEditor-4040: [G:/Current_Pango/TenGigTest/device_map/Main.pcf(line number: 4)] Port sfp_1_tx_dis has been placed at location V19, whose type is share pin.
W: ConstraintEditor-4040: [G:/Current_Pango/TenGigTest/device_map/Main.pcf(line number: 5)] Port txd has been placed at location P22, whose type is share pin.
W: ConstraintEditor-4040: [G:/Current_Pango/TenGigTest/device_map/Main.pcf(line number: 12)] Port rxd has been placed at location P21, whose type is share pin.
C: ConstraintEditor-2001: [G:/Current_Pango/TenGigTest/device_map/Main.pcf(line number: 13)] Object 'sfp_1_loss' is dangling, which has no connection. it will be ignored.
C: ConstraintEditor-2012: The U_HSSTHP_COMMON of HSSTHP_664_918 have a top priority when you constraints HSSTHP. Please check your constraint file.
W: ConstraintEditor-4019: Port 'sfp_1_rx_n' unspecified I/O constraint.
W: ConstraintEditor-4019: Port 'sfp_1_rx_p' unspecified I/O constraint.
W: ConstraintEditor-4019: Port 'sfp_1_tx_n' unspecified I/O constraint.
W: ConstraintEditor-4019: Port 'sfp_1_tx_p' unspecified I/O constraint.
Found 0 error(s), 2 critical warning(s), 7 warning(s), out of 13 constraint(s)
Constraint check end.
Total time(hh:mm:ss) of constraint check : 00:00:00
Elaborate the liberty model.
I: Column Clock Check open.
Read Column Clock Map.

Placement started.
Phase 1 Pre global placement started.
I: Write file layers.txt end
Placement Logic Optimization "Enable".
LUT6D Packing Strategy "3".
Collected 3639 lut, soft packing 1793.
Mapping instance GRS_INST/grs_ccs to CCS_87_622.
Mapping instance u_CORES/u_GTP_SCANCHAIN_PG/scanchain to SCANCHAIN_88_618.
Phase 1.1 Base clock placement started.
Mapping instance LinkMain/CLKBUFX_u1/clkbufc_inst to HCKB_357_2016.
Mapping instance LinkMain/CLKBUFX_u0/clkbufc_inst to HCKB_357_2017.
Mapping instance LinkMain/CLKBUFG_u/gopclkbufg to USCM_359_930.
Mapping instance Debug/u_gpll/gpll_inst to GPLL_7_769.
Mapping instance clkbufg_3/gopclkbufg to USCM_359_882.
Mapping instance Pll_50mhz/u_gpll/gpll_inst to GPLL_7_463.
Mapping instance clkbufg_4/gopclkbufg to USCM_359_885.
C: Place-2028: GLOBAL_CLOCK: the driver u_CORES/u_GTP_SCANCHAIN_PG/scanchain fixed at SCANCHAIN_88_618 is unreasonable. Sub-optimal placement for a clock source and a clock buffer.
Mapping instance clkbufg_5/gopclkbufg to USCM_359_888.
Base clock placement takes 0.00 sec.

Design Utilization : 3%.
Phase 1.2 1st GP placement started.
[GP] Placement Decongestion Mode 1.
[GP] Recovery Analysis in GP "Disable".
Init coarse delay table.
Read place coarse delay table takes 0.02 sec.
Build SRB system takes 0.22 sec.
[GP] Init timing API takes 6.96 sec.
[GP] Init GP graph takes 7.64 sec.
Device graph total memory: 124.67246056 MB
[GP] GP graph memory: 438.24530411 MB
[GP] Read position from netlist take 0 msec
[GP] Total node move: 1260791.31, average node move: 190.14
[GP] SA handle 1 clusters.
[GP] SA init_cost=788647.592857 final_cost=716952.357143 final_cost/init_cost=0.909091 occupied region_num=1
[GP] SA Optimize take time: 0.001000 sec.
[GP] MarginTNS=-8986004, TNS=-4054004, WNS=-1652
[GP] Place thread size: 4
[GP] Node size: 64316, net size: 9795
[GP] Design graph total memory: 230.67605591 MB
[GP] MarginTNS=-9125704, TNS=-4193704, WNS=-1835
[GP] Step 0 take 0.275 secs: WL=11389.63 OF=0.955544
[GP] MarginTNS=-10207296, TNS=-5275296, WNS=-4465
[GP] Step 1 take 1.043 secs: WL=18915.27 OF=0.897196
[GP] MarginTNS=-9878338, TNS=-4946338, WNS=-4036
[GP] Step 2 take 1.042 secs: WL=20888.08 OF=0.850848
[GP] MarginTNS=-9659288, TNS=-4727288, WNS=-4059
[GP] Step 3 take 1.028 secs: WL=21337.75 OF=0.804203
[GP] MarginTNS=-9743033, TNS=-4811033, WNS=-3934
[GP] Step 4 take 1.055 secs: WL=21304.85 OF=0.750069
[GP] MarginTNS=-9731008, TNS=-4799008, WNS=-3750
[GP] Step 5 take 1.071 secs: WL=21697.79 OF=0.715757
[GP] MarginTNS=-9743229, TNS=-4811229, WNS=-3566
[GP] Step 6 take 1.030 secs: WL=22415.91 OF=0.670012
[GP] MarginTNS=-9753658, TNS=-4821658, WNS=-3480
[GP] Step 7 take 1.052 secs: WL=23557.93 OF=0.624556
[GP] MarginTNS=-9784593, TNS=-4852593, WNS=-3394
[GP] Step 8 take 1.065 secs: WL=25489.07 OF=0.559224
[GP] MarginTNS=-9798475, TNS=-4866475, WNS=-3277
[GP] Step 9 take 1.070 secs: WL=27372.35 OF=0.494710
[GP] MarginTNS=-9794160, TNS=-4862160, WNS=-3134
[GP] Step 10 take 1.035 secs: WL=28765.48 OF=0.432937
[GP] MarginTNS=-9773959, TNS=-4841959, WNS=-3076
[GP] Step 11 take 1.063 secs: WL=29422.94 OF=0.370377
[GP] MarginTNS=-9772231, TNS=-4840231, WNS=-2479
[GP] Step 12 take 1.053 secs: WL=29788.56 OF=0.307135
[GP] MarginTNS=-9809700, TNS=-4877700, WNS=-2284
[GP] Step 13 take 1.071 secs: WL=30009.47 OF=0.245992
[GP] MarginTNS=-9794877, TNS=-4862877, WNS=-2349
[GP] Step 14 take 1.056 secs: WL=29720.47 OF=0.184742
[GP] MarginTNS=-9782900, TNS=-4850900, WNS=-2234
[GP] MarginTNS=-9781156, TNS=-4849156, WNS=-2234
[GP] Step 15 take 1.202 secs: WL=30249.96 OF=0.141807
[GP] MarginTNS=-9791720, TNS=-4859720, WNS=-2193
[GP] Step 16 take 0.862 secs: WL=30268.29 OF=0.113714
[GP] MarginTNS=-9799333, TNS=-4867333, WNS=-2196
[GP] Step 17 take 0.860 secs: WL=30626.67 OF=0.087172
[GP] MarginTNS=-9797509, TNS=-4865509, WNS=-2147
[GP] Step 18 take 0.888 secs: WL=30907.26 OF=0.073337
[GP] Best WL=30928.007525 OF=0.073762, take 18.770000 secs.
[GP] MarginTNS=-9801758, TNS=-4869758, WNS=-2220
[GP] Total node move: 305121.20, average node move: 46.01
[GP] Placer use memory: 49.87550735 MB
[GP] GP graph memory: 452.47017479 MB
Wirelength after clock region global placement is 30906 and checksum is 9F293C103773CED4.
1st GP placement takes 4.48 sec.

Wirelength after Pre Global Placement is 30906 and checksum is 9F293C103773CED4.
Pre global placement takes 4.59 sec.

Phase 2 Global placement started.
Phase 2.1 Fixed placement started.
Placed fixed group with base inst Debug/u_buf1/opit_2 on IOLHR_16_1692.
Placed fixed group with base inst LinkMain/PHY_10G/U_GTP_HSSTHP_WRAPPER/REFCLK0_ENABLE.U_BUFDS_0/U_BUFDS/gatehsst_spadp on SPAD_663_1837.
Placed fixed group with base inst fan_obuf/opit_1 on IOLHR_16_6.
Placed fixed group with base inst fpga_rst_n_ibuf/opit_1 on IOLHR_16_786.
Placed fixed group with base inst i_clk_50_ibuf/opit_1 on IOLHR_16_774.
Placed fixed group with base inst rxd_ibuf/opit_1 on IOLHR_16_954.
Placed fixed group with base inst sfp_1_tx_dis_obuf/opit_1 on IOLHR_16_684.
Placed fixed group with base inst txd_obuf/opit_1 on IOLHR_16_948.
Placed fixed instance LinkMain/PHY_10G/U_GTP_HSSTHP_WRAPPER/CHANNEL0_ENABLE.U_LANE0_WRAP/U_LANE0/gatehsst_lane on HSSTHP_664_1836.
Placed fixed instance LinkMain/PHY_10G/U_GTP_HSSTHP_WRAPPER/HPLL_ENABLE.U_HPLL_WRAP/U_HPLL/gatehsst_hpll on HSSTHP_664_1836.
Placed fixed instance Debug/u_gpll/gpll_inst on GPLL_7_769.
Placed fixed instance GRS_INST/grs_ccs on CCS_87_622.
Placed fixed instance LinkMain/CLKBUFG_u/gopclkbufg on USCM_359_930.
Placed fixed instance LinkMain/CLKBUFX_u0/clkbufc_inst on HCKB_357_2017.
Placed fixed instance LinkMain/CLKBUFX_u1/clkbufc_inst on HCKB_357_2016.
Placed fixed instance Pll_50mhz/u_gpll/gpll_inst on GPLL_7_463.
Placed fixed instance clkbufg_3/gopclkbufg on USCM_359_882.
Placed fixed instance clkbufg_4/gopclkbufg on USCM_359_885.
Placed fixed instance clkbufg_5/gopclkbufg on USCM_359_888.
Placed fixed instance u_CORES/u_GTP_SCANCHAIN_PG/scanchain on SCANCHAIN_88_618.
Placed fixed instance BKCL_auto_0 on BKCL_1_1564.
Placed fixed instance BKCL_auto_1 on BKCL_1_952.
Placed fixed instance BKCL_auto_2 on BKCL_1_646.
Placed fixed instance BKCL_auto_3 on BKCL_1_34.
Fixed placement takes 0.00 sec.

Phase 2.2 Process placement started.
DRC Placement Start.
DRC final successful.
DRC Placement Process takes 0.00 sec.
DRC Placement End.
DRCP end, takes 0.004 secs.
Process placement takes 0.00 sec.

Phase 2.3 IO placement started.
The average distance in IO place is 0.000000.
IO placement takes 0.00 sec.

Phase 2.4 Post Process placement started.
Post Process placement takes 0.00 sec.

Planning Before Place "Enable".
PBM start.
First map gop timing takes 0.00 sec
PBM of GP end, takes 0.00 sec.
Design Utilization : 3%.
Phase 2.5 2nd GP placement started.
Wirelength before global placement is 30906 and checksum is 14F1F10745C02F0F.
[GP] Init timing API takes 0.00 sec.
[GP] Init GP graph takes 0.41 sec.
Device graph total memory: 124.67246056 MB
[GP] GP graph memory: 447.14033318 MB
[GP] Read position from netlist take 0 msec
[GP] Total node move: 255142.03, average node move: 38.48
[GP] MarginTNS=-9907002, TNS=-4975002, WNS=-2344
[GP] Place thread size: 4
[GP] Node size: 64316, net size: 9805
[GP] Design graph total memory: 239.57108498 MB
[GP] MarginTNS=-9142011, TNS=-4210011, WNS=-1652
[GP] Step 0 take 0.264 secs: WL=11078.81 OF=0.951085
[GP] MarginTNS=-9615837, TNS=-4683837, WNS=-4284
[GP] Step 1 take 1.063 secs: WL=16843.13 OF=0.922521
[GP] MarginTNS=-9481085, TNS=-4549085, WNS=-4833
[GP] Step 2 take 1.055 secs: WL=20452.01 OF=0.879670
[GP] MarginTNS=-9529671, TNS=-4597671, WNS=-4696
[GP] Step 3 take 1.063 secs: WL=22037.98 OF=0.836272
[GP] MarginTNS=-9581560, TNS=-4649560, WNS=-4549
[GP] Step 4 take 1.050 secs: WL=23142.16 OF=0.784445
[GP] MarginTNS=-9657723, TNS=-4725723, WNS=-4347
[GP] Step 5 take 1.046 secs: WL=24146.96 OF=0.724232
[GP] MarginTNS=-9713852, TNS=-4781852, WNS=-4117
[GP] Step 6 take 1.051 secs: WL=25536.83 OF=0.662288
[GP] MarginTNS=-9768357, TNS=-4836357, WNS=-4090
[GP] Step 7 take 1.044 secs: WL=26774.81 OF=0.588720
[GP] MarginTNS=-9784970, TNS=-4852970, WNS=-4023
[GP] Step 8 take 1.037 secs: WL=27701.67 OF=0.533822
[GP] MarginTNS=-9784155, TNS=-4852155, WNS=-3913
[GP] Step 9 take 1.040 secs: WL=28552.38 OF=0.461291
[GP] MarginTNS=-9792589, TNS=-4860589, WNS=-3824
[GP] Step 10 take 1.057 secs: WL=29391.71 OF=0.398424
[GP] MarginTNS=-9786765, TNS=-4854765, WNS=-3500
[GP] Step 11 take 1.036 secs: WL=30025.45 OF=0.330627
[GP] MarginTNS=-9802512, TNS=-4870512, WNS=-3153
[GP] Step 12 take 1.057 secs: WL=30524.20 OF=0.266688
[GP] MarginTNS=-9813366, TNS=-4881366, WNS=-2897
[GP] Step 13 take 1.040 secs: WL=31337.96 OF=0.211506
[GP] MarginTNS=-9815778, TNS=-4883778, WNS=-2547
[GP] Step 14 take 1.028 secs: WL=32159.19 OF=0.173229
[GP] MarginTNS=-9813170, TNS=-4881170, WNS=-2142
[GP] MarginTNS=-9817897, TNS=-4885897, WNS=-2142
[GP] Step 15 take 1.174 secs: WL=32945.33 OF=0.129583
[GP] MarginTNS=-9793885, TNS=-4861885, WNS=-2047
[GP] Step 16 take 0.850 secs: WL=32275.49 OF=0.104042
[GP] MarginTNS=-9793321, TNS=-4861321, WNS=-2105
[GP] Step 17 take 0.864 secs: WL=32443.08 OF=0.078744
[GP] MarginTNS=-9794959, TNS=-4862959, WNS=-2047
[GP] Step 18 take 0.857 secs: WL=32710.59 OF=0.070776
[GP] Best WL=32710.594767 OF=0.070776, take 18.476000 secs.
[GP] MarginTNS=-9798275, TNS=-4866275, WNS=-2047
[GP] Total node move: 76273.60, average node move: 11.50
[GP] Placer use memory: 50.25802994 MB
[GP] GP graph memory: 453.49944115 MB
2nd GP placement takes 4.20 sec.

Wirelength after global placement is 32705 and checksum is F4B7FFD9C232067D.
Global placement takes 4.27 sec.

Phase 3 Post global placement started.
Phase 3.1 Macro cell placement started.
Early Place Macro "Global".
Auto Dispose Macro Object "Enable".
Wirelength after macro cell placement is 32705 and checksum is 68F6018B29E52C5.
Macro cell placement takes 0.05 sec.

PBM start.
PBM of PostGP end, takes 0.00 sec.
Design Utilization : 3%.
Phase 3.2 3rd GP placement started.
Wirelength before post global placement is 32705 and checksum is 68F6018B29E52C5.
[GP] Init timing API takes 0.00 sec.
[GP] Init GP graph takes 0.40 sec.
Device graph total memory: 124.67246056 MB
[GP] GP graph memory: 447.28840065 MB
[GP] Read position from netlist take 0 msec
[GP] Place thread size: 4
[GP] Node size: 64304, net size: 9815
[GP] Design graph total memory: 239.83359337 MB
[GP] MarginTNS=-9798275, TNS=-4866275, WNS=-2047
[GP] Step 0 take 0.367 secs: WL=33021.47 OF=0.075193
[GP] MarginTNS=-9790154, TNS=-4858154, WNS=-1863
[GP] Step 1 take 0.861 secs: WL=31887.84 OF=0.105787
[GP] MarginTNS=-9801971, TNS=-4869971, WNS=-1964
[GP] Step 2 take 0.853 secs: WL=31944.43 OF=0.086751
[GP] Best WL=31993.586129 OF=0.074834, take 2.393000 secs.
[GP] MarginTNS=-9800489, TNS=-4868489, WNS=-2016
[GP] Total node move: 3667.41, average node move: 0.55
[GP] Placer use memory: 45.76063156 MB
[GP] GP graph memory: 453.67733669 MB
3rd GP placement takes 0.73 sec.

Wirelength after post global placement is 31960 and checksum is FFA2D4BE7AFE8589.
I: Soft packing 1819 LUT6D, real packing 1802(99.04%) LUT6D.
The total number of packing LUT6D is 1802.
Worst slack after packing LUT6D is -1798.
Wirelength after packing LUT6D is 31974 and checksum is A2E2A50B42AE8DE6.
Packing LUT6D takes 0.11 sec.
Post global placement takes 1.02 sec.

Optimize timing started.
Start lp timing optimize, WNS: -1798, TNS: -3953450.
  Timing opt iter 0, WNS: -1706, TNS: -4007242.
  Timing opt iter 1, WNS: -1656, TNS: -4054931.
  Timing opt iter 2, WNS: -1652, TNS: -4012342.
  Timing opt iter 3, WNS: -1652, TNS: -4012342.
  Timing opt iter 4, WNS: -1652, TNS: -4012342.
  Timing opt iter 5, WNS: -1652, TNS: -4012342.
End lp timing optimize, WNS: -1652, TNS: -4012342.
Timing driven place optimize takes 0.09 sec.
Wirelength after timing drive place optimize is 37414 and checksum is 30418A39E77FEBFB.
Phase 4 Legalization started.
The average distance in LP is 0.363214.
Wirelength after legalization is 41407 and checksum is B11B7309DED2B00F.
Legalization takes 0.03 sec.

Phase 5 Timing-driven detailed placement started.
Phase 5.1 Replication placement started.
Design Cells Duplication "Enable".
Recovery Analysis in RP "Disable".
Worst slack before Replication Place is -1874, TNS before Replication Place is -4097737. 
Replication placement takes 0.05 sec.

Wirelength after replication placement is 41407 and checksum is B11B7309DED2B00F.
Recovery Analysis in DP "Disable".
RefinePlacement Mode "Swap".
Phase 5.2 Swapping placement started.
Worst slack before detailed placement is -1874, TNS before detailed placement is -4097737. 
RefinePlacement Iteration "20".
    Cost at Swap iteration  0:    wslk  -1682,    tns   -4130790,    takes    0.00 sec.
    Cost at DP   iteration  0:    wslk  -1644,    tns   -4176862,    takes    0.11 sec.
    Cost at Swap iteration  1:    wslk  -1644,    tns   -4176102,    takes    0.05 sec.
    Cost at Swap iteration  2:    wslk  -1644,    tns   -4176425,    takes    0.06 sec.
    Cost at DP   iteration  2:    wslk  -1644,    tns   -4204805,    takes    0.31 sec.
    Cost at Swap iteration  3:    wslk  -1644,    tns   -4206990,    takes    0.02 sec.
Worst slack after detailed placement is -1644, TNS after detailed placement is -4206990. 
Swapping placement takes 0.56 sec.

Wirelength after detailed placement is 48330 and checksum is 6F610A0358CAE970.
Timing-driven detailed placement takes 0.61 sec.

Worst slack is -1621, TNS after placement is -4109605.

Congestion analysis started.
Congestion analysis takes 0.05 sec.



Device Utilization Summary :
+------------------------------------------------------------------------------+
| Logic Utilization           | Used     | Available     | Utilization(%)     
+------------------------------------------------------------------------------+
| Use of ADC                  | 0        | 1             | 0                  
| Use of ANALOG               | 0        | 1             | 0                  
| Use of APM                  | 0        | 840           | 0                  
| Use of BKCL                 | 4        | 7             | 58                 
| Use of BKCLHP               | 0        | 3             | 0                  
| Use of CCS                  | 1        | 1             | 100                
| Use of CLMA                 | 1388     | 42050         | 4                  
|   FF                        | 6133     | 336400        | 2                  
|   LUT                       | 3108     | 168200        | 2                  
|   LUT-FF pairs              | 1984     | 168200        | 2                  
|   LUT-CONST                 | 0        | 168200        | 0                  
| Use of CLMS                 | 557      | 18850         | 3                  
|   FF                        | 2489     | 150800        | 2                  
|   LUT                       | 1227     | 75400         | 2                  
|   LUT-FF pairs              | 807      | 75400         | 2                  
|   LUT-CONST                 | 0        | 75400         | 0                  
|   Distributed RAM           | 10       | 75400         | 1                  
| Use of DDRPHY_CPD           | 0        | 17            | 0                  
| Use of DDRPHY_CPD_HP        | 0        | 3             | 0                  
| Use of DDRPHY_IOCLK_DIV     | 0        | 10            | 0                  
| Use of DDR_PHY              | 0        | 28            | 0                  
| Use of DDR_PHY_R            | 0        | 12            | 0                  
| Use of DRM                  | 7        | 480           | 2                  
| Use of GCLK_INBUF_SYN       | 0        | 40            | 0                  
| Use of GPLL                 | 2        | 10            | 20                 
| Use of GSEB                 | 0        | 746           | 0                  
| Use of HARD0                | 0        | 36600         | 0                  
| Use of HCKB                 | 2        | 168           | 2                  
|  HCKB dataused              | 1        | 168           | 1                  
|  HCKB-BYPASS                | 0        | 168           | 0                  
| Use of HSSTHP               | 1        | 4             | 25                 
|   HSST_LANE                 | 1        | 16            | 7                  
|   HSST_PLL                  | 1        | 4             | 25                 
| Use of HSSTHP_BUFDS         | 1        | 8             | 13                 
| Use of IO                   | 8        | 500           | 2                  
|   IOBD                      | 5        | 168           | 3                  
|   IOBDHP                    | 0        | 72            | 0                  
|   IOBS                      | 3        | 182           | 2                  
|   IOBSHP                    | 0        | 78            | 0                  
| Use of IOCKB                | 0        | 40            | 0                  
| Use of IOLHP                | 0        | 150           | 0                  
| Use of IOLHP_FIFO           | 0        | 12            | 0                  
|  IOLHP_FIFO-BYPASS          | 0        | 12            | 0                  
| Use of IOLHR                | 7        | 350           | 2                  
| Use of KEYRAM               | 0        | 1             | 0                  
| Use of MRCKB                | 0        | 20            | 0                  
| Use of PCIEGEN3             | 0        | 1             | 0                  
| Use of PPLL                 | 0        | 10            | 0                  
| Use of RCKB                 | 0        | 40            | 0                  
|  RCKB dataused              | 0        | 40            | 0                  
|  RCKB-BYPASS                | 0        | 40            | 0                  
| Use of RESCAL               | 0        | 3             | 0                  
| Use of SCANCHAIN            | 1        | 1             | 100                
| Use of SPAD                 | 2        | 16            | 13                 
| Use of TSERDES              | 0        | 56            | 0                  
| Use of USCM                 | 4        | 32            | 13                 
|  USCM dataused              | 0        | 32            | 0                  
|  USCM-BYPASS                | 0        | 32            | 0                  
+------------------------------------------------------------------------------+

Action place: Export DB successfully.
Placement done.
Total placement takes 10.86 sec.
Finished placement.
Design 'Main' has been placed successfully.
Action place: Real time elapsed is 0h:1m:24s
Action place: CPU time elapsed is 0h:0m:12s
Action place: Process CPU time elapsed is 0h:0m:28s
Action place: Peak memory pool usage is 3,196 MB

Current time: Thu Jun 13 13:02:08 2024
