#Build: Fabric Compiler 2023.2-SP1, Build 147282, Jun 03 13:26 2024
#Install: D:\Pango\PDS_2023.2-SP1\bin
#Application name: pds_shell.exe
#OS: Windows 11 10.0.22631
#Hostname: WORK_BOIKOV
Generated by Fabric Compiler (version 2023.2-SP1 build 147282) at Tue Jun 11 14:31:34 2024
Compiling verification operator library.
Compiling common defs.
Compiling prim grid devices.
Compiling place grid timing.
Compiling gate devices.
Compiling gate operators.
Building architecture model.
Loading device packaging model.
place strategy configuration : 
strategy name : 0
Building architecture floorplan logic view.
Constraint check start.
W: ConstraintEditor-4040: [G:/Current_Pango/TenGigTest/device_map/Main.pcf(line number: 4)] Port sfp_1_tx_dis has been placed at location V19, whose type is share pin.
W: ConstraintEditor-4040: [G:/Current_Pango/TenGigTest/device_map/Main.pcf(line number: 5)] Port txd has been placed at location P22, whose type is share pin.
W: ConstraintEditor-4040: [G:/Current_Pango/TenGigTest/device_map/Main.pcf(line number: 6)] Port xge_rx_data_err has been placed at location J24, whose type is share pin.
W: ConstraintEditor-4040: [G:/Current_Pango/TenGigTest/device_map/Main.pcf(line number: 7)] Port xgmii_tx_ready has been placed at location J22, whose type is share pin.
W: ConstraintEditor-4040: [G:/Current_Pango/TenGigTest/device_map/Main.pcf(line number: 14)] Port rxd has been placed at location P21, whose type is share pin.
C: ConstraintEditor-2001: [G:/Current_Pango/TenGigTest/device_map/Main.pcf(line number: 15)] Object 'sfp_1_loss' is dangling, which has no connection. it will be ignored.
C: ConstraintEditor-2012: The U_HSSTHP_COMMON of HSSTHP_664_918 have a top priority when you constraints HSSTHP. Please check your constraint file.
W: ConstraintEditor-4019: Port 'o_p_lx_cdr_align_0' unspecified I/O constraint.
W: ConstraintEditor-4019: Port 'o_p_rx_sigdet_sta_0' unspecified I/O constraint.
W: ConstraintEditor-4019: Port 'sfp_1_rx_n' unspecified I/O constraint.
W: ConstraintEditor-4019: Port 'sfp_1_rx_p' unspecified I/O constraint.
W: ConstraintEditor-4019: Port 'sfp_1_tx_n' unspecified I/O constraint.
W: ConstraintEditor-4019: Port 'sfp_1_tx_p' unspecified I/O constraint.
Found 0 error(s), 2 critical warning(s), 11 warning(s), out of 15 constraint(s)
Constraint check end.
Total time(hh:mm:ss) of constraint check : 00:00:00
Elaborate the liberty model.
I: Column Clock Check open.
Read Column Clock Map.

Placement started.
Phase 1 Pre global placement started.
I: Write file layers.txt end
Placement Logic Optimization "Enable".
LUT6D Packing Strategy "3".
Collected 4112 lut, soft packing 2031.
Mapping instance GRS_INST/grs_ccs to CCS_87_622.
Mapping instance u_CORES/u_GTP_SCANCHAIN_PG/scanchain to SCANCHAIN_88_618.
Phase 1.1 Base clock placement started.
Mapping instance LinkMain/CLKBUFX_u1/clkbufc_inst to HCKB_357_2016.
Mapping instance LinkMain/CLKBUFX_u0/clkbufc_inst to HCKB_357_2017.
Mapping instance LinkMain/CLKBUFG_u/gopclkbufg to USCM_359_930.
Mapping instance Debug/u_gpll/gpll_inst to GPLL_7_769.
Mapping instance clkbufg_3/gopclkbufg to USCM_359_882.
Mapping instance Pll_50mhz/u_gpll/gpll_inst to GPLL_7_463.
Mapping instance clkbufg_5/gopclkbufg to USCM_359_885.
C: Place-2028: GLOBAL_CLOCK: the driver u_CORES/u_GTP_SCANCHAIN_PG/scanchain fixed at SCANCHAIN_88_618 is unreasonable. Sub-optimal placement for a clock source and a clock buffer.
Mapping instance clkbufg_4/gopclkbufg to USCM_359_888.
Base clock placement takes 0.00 sec.

Design Utilization : 3%.
Phase 1.2 1st GP placement started.
[GP] Placement Decongestion Mode 1.
[GP] Recovery Analysis in GP "Disable".
Init coarse delay table.
Read place coarse delay table takes 0.14 sec.
Build SRB system takes 0.08 sec.
[GP] Init timing API takes 6.93 sec.
[GP] Init GP graph takes 7.61 sec.
Device graph total memory: 124.67246056 MB
[GP] GP graph memory: 438.92415142 MB
[GP] Read position from netlist take 0 msec
[GP] Total node move: 1377923.40, average node move: 201.60
[GP] SA handle 1 clusters.
[GP] SA init_cost=591669.728571 final_cost=537881.571429 final_cost/init_cost=0.909091 occupied region_num=1
[GP] SA Optimize take time: 0.001000 sec.
[GP] MarginTNS=0, TNS=0, WNS=0
[GP] Place thread size: 4
[GP] Node size: 64624, net size: 10180
[GP] Design graph total memory: 232.86360836 MB
[GP] MarginTNS=0, TNS=0, WNS=0
[GP] Step 0 take 0.270 secs: WL=11045.45 OF=0.958369
[GP] MarginTNS=0, TNS=0, WNS=0
[GP] Step 1 take 1.065 secs: WL=15414.38 OF=0.937842
[GP] MarginTNS=0, TNS=0, WNS=0
[GP] Step 2 take 1.080 secs: WL=17412.90 OF=0.905915
[GP] MarginTNS=0, TNS=0, WNS=0
[GP] Step 3 take 1.082 secs: WL=19356.98 OF=0.864924
[GP] MarginTNS=0, TNS=0, WNS=0
[GP] Step 4 take 1.063 secs: WL=20894.27 OF=0.816277
[GP] MarginTNS=0, TNS=0, WNS=0
[GP] Step 5 take 1.072 secs: WL=21364.60 OF=0.744631
[GP] MarginTNS=0, TNS=0, WNS=0
[GP] Step 6 take 1.058 secs: WL=21415.92 OF=0.674210
[GP] MarginTNS=0, TNS=0, WNS=0
[GP] Step 7 take 1.064 secs: WL=22055.01 OF=0.618857
[GP] MarginTNS=0, TNS=0, WNS=0
[GP] Step 8 take 1.081 secs: WL=23325.80 OF=0.556319
[GP] MarginTNS=0, TNS=0, WNS=0
[GP] Step 9 take 1.078 secs: WL=24433.72 OF=0.499218
[GP] MarginTNS=0, TNS=0, WNS=0
[GP] Step 10 take 1.105 secs: WL=25370.22 OF=0.429107
[GP] MarginTNS=0, TNS=0, WNS=0
[GP] Step 11 take 1.071 secs: WL=26484.04 OF=0.363105
[GP] MarginTNS=0, TNS=0, WNS=0
[GP] Step 12 take 1.087 secs: WL=27262.95 OF=0.305115
[GP] MarginTNS=0, TNS=0, WNS=0
[GP] Step 13 take 1.043 secs: WL=27871.04 OF=0.249226
[GP] MarginTNS=0, TNS=0, WNS=0
[GP] Step 14 take 1.052 secs: WL=28497.53 OF=0.195003
[GP] MarginTNS=0, TNS=0, WNS=0
[GP] Step 15 take 1.077 secs: WL=29282.73 OF=0.145479
[GP] MarginTNS=0, TNS=0, WNS=0
[GP] Step 16 take 1.043 secs: WL=30061.17 OF=0.113121
[GP] MarginTNS=0, TNS=0, WNS=0
[GP] MarginTNS=0, TNS=0, WNS=0
[GP] Step 17 take 1.179 secs: WL=31040.46 OF=0.084239
[GP] Best WL=31040.456792 OF=0.084239, take 18.420000 secs.
[GP] MarginTNS=0, TNS=0, WNS=0
[GP] Total node move: 333950.12, average node move: 48.86
[GP] Placer use memory: 40.19117355 MB
[GP] GP graph memory: 451.90328312 MB
Wirelength after clock region global placement is 30583 and checksum is 7D016660A768CA18.
1st GP placement takes 2.23 sec.

Wirelength after Pre Global Placement is 30583 and checksum is 7D016660A768CA18.
Pre global placement takes 2.27 sec.

Phase 2 Global placement started.
Phase 2.1 Fixed placement started.
Placed fixed group with base inst Debug/u_buf1/opit_2 on IOLHR_16_1692.
Placed fixed group with base inst LinkMain/PHY_10G/U_GTP_HSSTHP_WRAPPER/REFCLK0_ENABLE.U_BUFDS_0/U_BUFDS/gatehsst_spadp on SPAD_663_1837.
Placed fixed group with base inst fan_obuf/opit_1 on IOLHR_16_6.
Placed fixed group with base inst fpga_rst_n_ibuf/opit_1 on IOLHR_16_786.
Placed fixed group with base inst i_clk_50_ibuf/opit_1 on IOLHR_16_774.
Placed fixed group with base inst rxd_ibuf/opit_1 on IOLHR_16_954.
Placed fixed group with base inst sfp_1_tx_dis_obuf/opit_1 on IOLHR_16_684.
Placed fixed group with base inst txd_obuf/opit_1 on IOLHR_16_948.
Placed fixed group with base inst xge_rx_data_err_obuf/opit_1 on IOLHR_16_1206.
Placed fixed group with base inst xgmii_tx_ready_obuf/opit_1 on IOLHR_16_1158.
Placed fixed instance LinkMain/PHY_10G/U_GTP_HSSTHP_WRAPPER/CHANNEL0_ENABLE.U_LANE0_WRAP/U_LANE0/gatehsst_lane on HSSTHP_664_1836.
Placed fixed instance LinkMain/PHY_10G/U_GTP_HSSTHP_WRAPPER/HPLL_ENABLE.U_HPLL_WRAP/U_HPLL/gatehsst_hpll on HSSTHP_664_1836.
Placed fixed instance Debug/u_gpll/gpll_inst on GPLL_7_769.
Placed fixed instance GRS_INST/grs_ccs on CCS_87_622.
Placed fixed instance LinkMain/CLKBUFG_u/gopclkbufg on USCM_359_930.
Placed fixed instance LinkMain/CLKBUFX_u0/clkbufc_inst on HCKB_357_2017.
Placed fixed instance LinkMain/CLKBUFX_u1/clkbufc_inst on HCKB_357_2016.
Placed fixed instance Pll_50mhz/u_gpll/gpll_inst on GPLL_7_463.
Placed fixed instance clkbufg_3/gopclkbufg on USCM_359_882.
Placed fixed instance clkbufg_4/gopclkbufg on USCM_359_888.
Placed fixed instance clkbufg_5/gopclkbufg on USCM_359_885.
Placed fixed instance u_CORES/u_GTP_SCANCHAIN_PG/scanchain on SCANCHAIN_88_618.
Placed fixed instance BKCL_auto_0 on BKCL_1_1564.
Placed fixed instance BKCL_auto_1 on BKCL_1_952.
Placed fixed instance BKCL_auto_2 on BKCL_1_646.
Placed fixed instance BKCL_auto_3 on BKCL_1_34.
Fixed placement takes 0.00 sec.

Phase 2.2 Process placement started.
DRC Placement Start.
DRC final successful.
DRC Placement Process takes 0.02 sec.
DRC Placement End.
DRCP end, takes 0.023 secs.
Process placement takes 0.00 sec.

Phase 2.3 IO placement started.
The average distance in IO place is 0.500000.
IO placement takes 0.00 sec.

Phase 2.4 Post Process placement started.
Post Process placement takes 0.00 sec.

Planning Before Place "Enable".
PBM start.
First map gop timing takes 0.00 sec
PBM of GP end, takes 0.00 sec.
Design Utilization : 3%.
Phase 2.5 2nd GP placement started.
Wirelength before global placement is 30583 and checksum is 1BD66D2C813CDFFC.
[GP] Init timing API takes 0.00 sec.
[GP] Init GP graph takes 0.40 sec.
Device graph total memory: 124.67246056 MB
[GP] GP graph memory: 446.56378269 MB
[GP] Read position from netlist take 0 msec
[GP] Total node move: 263679.86, average node move: 38.59
[GP] MarginTNS=0, TNS=0, WNS=0
[GP] Place thread size: 4
[GP] Node size: 64417, net size: 10180
[GP] Design graph total memory: 238.98572254 MB
[GP] MarginTNS=0, TNS=0, WNS=0
[GP] Step 0 take 0.250 secs: WL=17495.45 OF=0.909399
[GP] MarginTNS=0, TNS=0, WNS=0
[GP] Step 1 take 1.051 secs: WL=19078.65 OF=0.850296
[GP] MarginTNS=0, TNS=0, WNS=0
[GP] Step 2 take 1.053 secs: WL=20038.32 OF=0.805289
[GP] MarginTNS=0, TNS=0, WNS=0
[GP] Step 3 take 1.051 secs: WL=20177.68 OF=0.773655
[GP] MarginTNS=0, TNS=0, WNS=0
[GP] Step 4 take 1.051 secs: WL=20814.43 OF=0.726073
[GP] MarginTNS=0, TNS=0, WNS=0
[GP] Step 5 take 1.061 secs: WL=21409.67 OF=0.679787
[GP] MarginTNS=0, TNS=0, WNS=0
[GP] Step 6 take 1.051 secs: WL=22242.35 OF=0.631913
[GP] MarginTNS=0, TNS=0, WNS=0
[GP] Step 7 take 1.041 secs: WL=23309.15 OF=0.578592
[GP] MarginTNS=0, TNS=0, WNS=0
[GP] Step 8 take 1.044 secs: WL=24595.71 OF=0.512031
[GP] MarginTNS=0, TNS=0, WNS=0
[GP] Step 9 take 1.045 secs: WL=25932.08 OF=0.453753
[GP] MarginTNS=0, TNS=0, WNS=0
[GP] Step 10 take 1.050 secs: WL=26629.11 OF=0.385830
[GP] MarginTNS=0, TNS=0, WNS=0
[GP] Step 11 take 1.049 secs: WL=26935.30 OF=0.326031
[GP] MarginTNS=0, TNS=0, WNS=0
[GP] Step 12 take 1.051 secs: WL=27403.04 OF=0.263655
[GP] MarginTNS=0, TNS=0, WNS=0
[GP] Step 13 take 1.063 secs: WL=28035.89 OF=0.204752
[GP] MarginTNS=0, TNS=0, WNS=0
[GP] Step 14 take 1.049 secs: WL=28850.99 OF=0.148831
[GP] MarginTNS=0, TNS=0, WNS=0
[GP] MarginTNS=0, TNS=0, WNS=0
[GP] Step 15 take 1.163 secs: WL=30356.74 OF=0.109456
[GP] MarginTNS=0, TNS=0, WNS=0
[GP] Step 16 take 0.866 secs: WL=30685.65 OF=0.086777
[GP] Best WL=30685.650778 OF=0.086777, take 16.804000 secs.
[GP] MarginTNS=0, TNS=0, WNS=0
[GP] Total node move: 63774.93, average node move: 9.33
[GP] Placer use memory: 49.51154709 MB
[GP] GP graph memory: 452.33151340 MB
2nd GP placement takes 2.98 sec.

Wirelength after global placement is 30478 and checksum is BC5D300D0E0E86C0.
Global placement takes 3.02 sec.

Phase 3 Post global placement started.
Phase 3.1 Macro cell placement started.
Early Place Macro "Global".
Auto Dispose Macro Object "Enable".
Wirelength after macro cell placement is 30478 and checksum is B1E701F6E22993AD.
Macro cell placement takes 0.00 sec.

PBM start.
PBM of PostGP end, takes 0.00 sec.
Design Utilization : 3%.
Phase 3.2 3rd GP placement started.
Wirelength before post global placement is 30478 and checksum is B1E701F6E22993AD.
[GP] Init timing API takes 0.00 sec.
[GP] Init GP graph takes 0.40 sec.
Device graph total memory: 124.67246056 MB
[GP] GP graph memory: 446.14357090 MB
[GP] Read position from netlist take 0 msec
[GP] Place thread size: 4
[GP] Node size: 64400, net size: 10179
[GP] Design graph total memory: 238.56551075 MB
[GP] MarginTNS=0, TNS=0, WNS=0
[GP] Step 0 take 0.356 secs: WL=31058.64 OF=0.087114
[GP] MarginTNS=0, TNS=0, WNS=0
[GP] Step 1 take 0.864 secs: WL=30122.42 OF=0.106496
[GP] Best WL=30404.078991 OF=0.093752, take 1.313000 secs.
[GP] MarginTNS=0, TNS=0, WNS=0
[GP] Total node move: 3351.71, average node move: 0.49
[GP] Placer use memory: 45.92468643 MB
[GP] GP graph memory: 451.91123772 MB
3rd GP placement takes 0.69 sec.

Wirelength after post global placement is 30260 and checksum is A7833DF272C88B7A.
I: Soft packing 2056 LUT6D, real packing 2045(99.46%) LUT6D.
The total number of packing LUT6D is 2045.
Worst slack after packing LUT6D is 1521.
Wirelength after packing LUT6D is 30263 and checksum is 7744538F666C0412.
Packing LUT6D takes 0.06 sec.
Post global placement takes 0.80 sec.

Optimize timing started.
Start lp timing optimize, WNS: 1521, TNS: 0.
End lp timing optimize, WNS: 1521, TNS: 0.
Timing driven place optimize takes 0.00 sec.
Wirelength after timing drive place optimize is 30263 and checksum is 7744538F666C0412.
Phase 4 Legalization started.
The average distance in LP is 0.342523.
Wirelength after legalization is 34792 and checksum is 8EB1279A317EC26B.
Legalization takes 0.00 sec.

Phase 5 Timing-driven detailed placement started.
Phase 5.1 Replication placement started.
Design Cells Duplication "Enable".
Recovery Analysis in RP "Disable".
Worst slack before Replication Place is 1480, TNS before Replication Place is 0. 
Replication placement takes 0.02 sec.

Wirelength after replication placement is 34792 and checksum is 8EB1279A317EC26B.
Recovery Analysis in DP "Disable".
RefinePlacement Mode "Swap".
Phase 5.2 Swapping placement started.
Worst slack before detailed placement is 1480, TNS before detailed placement is 0. 
RefinePlacement Iteration "20".
Worst slack after detailed placement is 1480, TNS after detailed placement is 0. 
Swapping placement takes 0.02 sec.

Wirelength after detailed placement is 34792 and checksum is 8EB1279A317EC26B.
Timing-driven detailed placement takes 0.03 sec.

Worst slack is 1482, TNS after placement is 0.

Congestion analysis started.
Congestion analysis takes 0.00 sec.



Device Utilization Summary :
+------------------------------------------------------------------------------+
| Logic Utilization           | Used     | Available     | Utilization(%)     
+------------------------------------------------------------------------------+
| Use of ADC                  | 0        | 1             | 0                  
| Use of ANALOG               | 0        | 1             | 0                  
| Use of APM                  | 0        | 840           | 0                  
| Use of BKCL                 | 4        | 7             | 58                 
| Use of BKCLHP               | 0        | 3             | 0                  
| Use of CCS                  | 1        | 1             | 100                
| Use of CLMA                 | 1404     | 42050         | 4                  
|   FF                        | 6338     | 336400        | 2                  
|   LUT                       | 3254     | 168200        | 2                  
|   LUT-FF pairs              | 2200     | 168200        | 2                  
|   LUT-CONST                 | 0        | 168200        | 0                  
| Use of CLMS                 | 556      | 18850         | 3                  
|   FF                        | 2674     | 150800        | 2                  
|   LUT                       | 1325     | 75400         | 2                  
|   LUT-FF pairs              | 924      | 75400         | 2                  
|   LUT-CONST                 | 0        | 75400         | 0                  
|   Distributed RAM           | 8        | 75400         | 1                  
| Use of DDRPHY_CPD           | 0        | 17            | 0                  
| Use of DDRPHY_CPD_HP        | 0        | 3             | 0                  
| Use of DDRPHY_IOCLK_DIV     | 0        | 10            | 0                  
| Use of DDR_PHY              | 0        | 28            | 0                  
| Use of DDR_PHY_R            | 0        | 12            | 0                  
| Use of DRM                  | 8        | 480           | 2                  
| Use of GCLK_INBUF_SYN       | 0        | 40            | 0                  
| Use of GPLL                 | 2        | 10            | 20                 
| Use of GSEB                 | 0        | 746           | 0                  
| Use of HARD0                | 0        | 36600         | 0                  
| Use of HCKB                 | 2        | 168           | 2                  
|  HCKB dataused              | 2        | 168           | 2                  
|  HCKB-BYPASS                | 0        | 168           | 0                  
| Use of HSSTHP               | 1        | 4             | 25                 
|   HSST_LANE                 | 1        | 16            | 7                  
|   HSST_PLL                  | 1        | 4             | 25                 
| Use of HSSTHP_BUFDS         | 1        | 8             | 13                 
| Use of IO                   | 12       | 500           | 3                  
|   IOBD                      | 6        | 168           | 4                  
|   IOBDHP                    | 1        | 72            | 2                  
|   IOBS                      | 5        | 182           | 3                  
|   IOBSHP                    | 0        | 78            | 0                  
| Use of IOCKB                | 0        | 40            | 0                  
| Use of IOLHP                | 1        | 150           | 1                  
| Use of IOLHP_FIFO           | 0        | 12            | 0                  
|  IOLHP_FIFO-BYPASS          | 0        | 12            | 0                  
| Use of IOLHR                | 10       | 350           | 3                  
| Use of KEYRAM               | 0        | 1             | 0                  
| Use of MRCKB                | 0        | 20            | 0                  
| Use of PCIEGEN3             | 0        | 1             | 0                  
| Use of PPLL                 | 0        | 10            | 0                  
| Use of RCKB                 | 0        | 40            | 0                  
|  RCKB dataused              | 0        | 40            | 0                  
|  RCKB-BYPASS                | 0        | 40            | 0                  
| Use of RESCAL               | 0        | 3             | 0                  
| Use of SCANCHAIN            | 1        | 1             | 100                
| Use of SPAD                 | 2        | 16            | 13                 
| Use of TSERDES              | 0        | 56            | 0                  
| Use of USCM                 | 4        | 32            | 13                 
|  USCM dataused              | 1        | 32            | 4                  
|  USCM-BYPASS                | 0        | 32            | 0                  
+------------------------------------------------------------------------------+

Action place: Export DB successfully.
Placement done.
Total placement takes 6.69 sec.
Finished placement.
Design 'Main' has been placed successfully.
Action place: Real time elapsed is 0h:1m:11s
Action place: CPU time elapsed is 0h:0m:7s
Action place: Process CPU time elapsed is 0h:0m:22s
Action place: Peak memory pool usage is 3,170 MB

Current time: Tue Jun 11 14:32:43 2024
