#Build: Fabric Compiler 2023.2-SP1, Build 147282, Jun 03 13:26 2024
#Install: D:\Pango\PDS_2023.2-SP1\bin
#Application name: pds_shell.exe
#OS: Windows 11 10.0.22631
#Hostname: WORK_BOIKOV
Generated by Fabric Compiler (version 2023.2-SP1 build 147282) at Tue Jun 11 14:33:25 2024
Compiling verification operator library.
Compiling common defs.
Compiling prim grid devices.
Compiling place grid timing.
Compiling gate devices.
Compiling gate operators.
Building architecture model.
Loading device packaging model.
Building architecture floorplan logic view.
route_optimize strategy configuration : 
strategy name : 0
Elaborate the liberty model.

Route Optimize started.
Enter timing driven router mode.
Route thread size: 7
Building routing graph takes 8.29 sec.
Setup STE netlist take 1024 msec.
Total nets for routing: 11420.
Total loads for routing: 36545.
Direct connect net size: 1023
Build all design net take 296 msec.
Processing design graph takes 1.32 sec.
Delay table total memory: 114.82270813 MB
Route graph total memory: 410.99831676 MB
Route design total memory: 13.44629669 MB
Load route result takes 0.05 sec
Fix Hold Violation Threshold For Clock Path Cross SRB(ps) : 50
Fix Hold Violation Threshold For Clock Path On Clock Tree(ps) : 20
Hold fix to no violation.
    Fix hold iteration 0 takes 0.00 sec
    Fix hold iteration 1 takes 0.00 sec
    Fix hold iteration 2 takes 0.00 sec
    Step 1.1 finish
Hold fix to threshold
    Fix hold iteration 0 takes 0.00 sec
    Step 2.1 finish
Hold Violation Fix in router takes 2.12 sec.
Sort Original Nets take 0.005 sec
Build solution node for device pins which were mapped to more than one design pin take 0.005 sec
Total net: 11420, route succeed net: 11420
Generate routing result take 0.021 sec
Handle PERMUX permutation take 0.015 sec
Handle const net take 0.000 sec
Handle route through take 0.000 sec
Handle loads' routing node take 0.042 sec
Used SRB routing arc is 70026.
Finish post route takes 0.88 sec.
Total post route takes 12.93 sec.


Device Utilization Summary :
+------------------------------------------------------------------------------+
| Logic Utilization           | Used     | Available     | Utilization(%)     
+------------------------------------------------------------------------------+
| Use of ADC                  | 0        | 1             | 0                  
| Use of ANALOG               | 0        | 1             | 0                  
| Use of APM                  | 0        | 840           | 0                  
| Use of BKCL                 | 4        | 7             | 58                 
| Use of BKCLHP               | 0        | 3             | 0                  
| Use of CCS                  | 1        | 1             | 100                
| Use of CLMA                 | 1513     | 42050         | 4                  
|   FF                        | 6338     | 336400        | 2                  
|   LUT                       | 3254     | 168200        | 2                  
|   LUT-FF pairs              | 2200     | 168200        | 2                  
|   LUT-CONST                 | 394      | 168200        | 1                  
| Use of CLMS                 | 567      | 18850         | 4                  
|   FF                        | 2674     | 150800        | 2                  
|   LUT                       | 1325     | 75400         | 2                  
|   LUT-FF pairs              | 924      | 75400         | 2                  
|   LUT-CONST                 | 94       | 75400         | 1                  
|   Distributed RAM           | 8        | 75400         | 1                  
| Use of DDRPHY_CPD           | 0        | 17            | 0                  
| Use of DDRPHY_CPD_HP        | 0        | 3             | 0                  
| Use of DDRPHY_IOCLK_DIV     | 0        | 10            | 0                  
| Use of DDR_PHY              | 0        | 28            | 0                  
| Use of DDR_PHY_R            | 0        | 12            | 0                  
| Use of DRM                  | 8        | 480           | 2                  
| Use of GCLK_INBUF_SYN       | 0        | 40            | 0                  
| Use of GPLL                 | 2        | 10            | 20                 
| Use of GSEB                 | 0        | 746           | 0                  
| Use of HARD0                | 771      | 36600         | 3                  
| Use of HCKB                 | 11       | 168           | 7                  
|  HCKB dataused              | 4        | 168           | 3                  
|  HCKB-BYPASS                | 9        | 168           | 6                  
| Use of HSSTHP               | 1        | 4             | 25                 
|   HSST_LANE                 | 1        | 16            | 7                  
|   HSST_PLL                  | 1        | 4             | 25                 
| Use of HSSTHP_BUFDS         | 1        | 8             | 13                 
| Use of IO                   | 12       | 500           | 3                  
|   IOBD                      | 6        | 168           | 4                  
|   IOBDHP                    | 1        | 72            | 2                  
|   IOBS                      | 5        | 182           | 3                  
|   IOBSHP                    | 0        | 78            | 0                  
| Use of IOCKB                | 0        | 40            | 0                  
| Use of IOLHP                | 1        | 150           | 1                  
| Use of IOLHP_FIFO           | 1        | 12            | 9                  
|  IOLHP_FIFO-BYPASS          | 1        | 12            | 9                  
| Use of IOLHR                | 10       | 350           | 3                  
| Use of KEYRAM               | 0        | 1             | 0                  
| Use of MRCKB                | 0        | 20            | 0                  
| Use of PCIEGEN3             | 0        | 1             | 0                  
| Use of PPLL                 | 0        | 10            | 0                  
| Use of RCKB                 | 0        | 40            | 0                  
|  RCKB dataused              | 0        | 40            | 0                  
|  RCKB-BYPASS                | 0        | 40            | 0                  
| Use of RESCAL               | 0        | 3             | 0                  
| Use of SCANCHAIN            | 1        | 1             | 100                
| Use of SPAD                 | 2        | 16            | 13                 
| Use of TSERDES              | 0        | 56            | 0                  
| Use of USCM                 | 5        | 32            | 16                 
|  USCM dataused              | 5        | 32            | 16                 
|  USCM-BYPASS                | 1        | 32            | 4                  
+------------------------------------------------------------------------------+

Finished routing. (CPU time elapsed 0h:00m:12s)
Design 'Main' has been routed successfully.
Saving design to DB.
Action route_optimize: Export DB successfully.
Action route_optimize: Real time elapsed is 0h:0m:31s
Action route_optimize: CPU time elapsed is 0h:0m:2s
Action route_optimize: Process CPU time elapsed is 0h:0m:3s
Action route_optimize: Peak memory pool usage is 2,386 MB

Current time: Tue Jun 11 14:33:54 2024
