#Build: Fabric Compiler 2023.2-SP1, Build 147282, Jun 03 13:26 2024
#Install: D:\Pango\PDS_2023.2-SP1\bin
#Application name: pds_shell.exe
#OS: Windows 11 10.0.22631
#Hostname: WORK_BOIKOV
Generated by Fabric Compiler (version 2023.2-SP1 build 147282) at Tue Jun 11 14:32:45 2024
Compiling verification operator library.
Compiling common defs.
Compiling prim grid devices.
Compiling place grid timing.
Compiling gate devices.
Compiling gate operators.
Building architecture model.
Loading device packaging model.
Building architecture floorplan logic view.
route strategy configuration : 
strategy name : 0
Elaborate the liberty model.

Routing started.
Enter timing driven router mode.
Route thread size: 7
Building routing graph takes 8.21 sec.
Enable Recovery Analysis in Routing
Init coarse delay table.
Read place coarse delay table takes 0.09 sec.
Build SRB system takes 0.22 sec.
Setup STE netlist take 4720 msec.
Slack Weight : 90
CE/RS signal series limit : 500
Dispose control chain take 90 msec.
Collect const net info take 165 msec.
Total nets for routing: 10109.
Total loads for routing: 36496.
Direct connect net size: 1022
Build all design net take 278 msec.
Processing design graph takes 5.26 sec.
Delay table total memory: 114.82270813 MB
Route graph total memory: 410.82039928 MB
Route design total memory: 16.05921173 MB
Global routing takes 0.00 sec.
Pin Cost Increasing Speed 300
Total 10107 subnets.
Unrouted clock nets at iteration 0 (0.417 sec): 9
Unrouted clock nets at iteration 1 (0.159 sec): 5
Unrouted clock nets at iteration 2 (0.046 sec): 4
Unrouted clock nets at iteration 3 (0.031 sec): 4
Unrouted clock nets at iteration 4 (0.031 sec): 4
Unrouted clock nets at iteration 5 (0.029 sec): 4
Unrouted clock nets at iteration 6 (0.028 sec): 4
Unrouted clock nets at iteration 7 (0.020 sec): 3
Unrouted clock nets at iteration 8 (0.006 sec): 3
Unrouted clock nets at iteration 9 (0.005 sec): 3
Unrouted clock nets at iteration 10 (0.003 sec): 3
Unrouted clock nets at iteration 11 (0.016 sec): 3
Unrouted clock nets at iteration 12 (0.006 sec): 0
Total route nets size: 10091
Worst slack is 2209, TNS before route is 0.
I: Write file layers.txt end
Pre route takes 1.168 sec
Unrouted general nets at iteration 14 (MT total route time: 0.728 sec): 7913(overused: 35643)
Unrouted general nets at iteration 15 (MT total route time: 0.637 sec): 3998(overused: 11781)
Unrouted general nets at iteration 16 (MT total route time: 0.336 sec): 1565(overused: 3183)
Unrouted general nets at iteration 17 (MT total route time: 0.233 sec): 426(overused: 653)
Unrouted general nets at iteration 18 (MT total route time: 0.263 sec): 107(overused: 160)
Unrouted general nets at iteration 19 (MT total route time: 0.572 sec): 30(overused: 38)
Unrouted general nets at iteration 20 (MT total route time: 0.270 sec): 12(overused: 12)
Unrouted general nets at iteration 21 (MT total route time: 0.280 sec): 10(overused: 12)
Unrouted general nets at iteration 22 (MT total route time: 0.270 sec): 6(overused: 6)
Unrouted general nets at iteration 23 (MT total route time: 0.252 sec): 2(overused: 2)
Unrouted general nets at iteration 24 (MT total route time: 0.145 sec): 2(overused: 2)
Unrouted general nets at iteration 25 (MT total route time: 0.158 sec): 2(overused: 2)
Unrouted general nets at iteration 26 (MT total route time: 0.168 sec): 2(overused: 2)
Unrouted general nets at iteration 27 (MT total route time: 0.186 sec): 0(overused: 0)
----General net take 0.010 sec(route net take 0.000 sec, inc cost take 0.006 sec, iter times: 1)
----const net route take 0.027 sec
Unrouted nets at iteration 28 (0.038 sec): 0
Detailed routing takes 6.88 sec.
I: Design net u_CORES/capt_o is routed by general path.
C: Route-2036: The clock path from u_CORES/u_GTP_SCANCHAIN_PG/scanchain:CAPTUREDR to u_CORES/u_debug_core_0/u_hub_data_decode/newconfini.conf_id_ini[1]/opit_0_inv:CLK is routed by SRB.
I: Design net u_CORES/drck_o is routed by general path.
C: Route-2036: The clock path from u_CORES/u_GTP_SCANCHAIN_PG/scanchain:TCK1 to clkbufg_4/gopclkbufg:CLK is routed by SRB.
Sort Original Nets take 0.004 sec
Build solution node for device pins which were mapped to more than one design pin take 0.007 sec
Check HPIO div result take 0.000 sec
Total net: 10109, route succeed net: 10109
Generate routing result take 0.013 sec
Handle PERMUX permutation take 0.206 sec
Handle const net take 0.014 sec
Handle route through take 0.007 sec
Handle loads' routing node take 0.044 sec
Used SRB routing arc is 69943.
Finish routing takes 0.36 sec.
Total routing takes 21.13 sec.


Device Utilization Summary :
+------------------------------------------------------------------------------+
| Logic Utilization           | Used     | Available     | Utilization(%)     
+------------------------------------------------------------------------------+
| Use of ADC                  | 0        | 1             | 0                  
| Use of ANALOG               | 0        | 1             | 0                  
| Use of APM                  | 0        | 840           | 0                  
| Use of BKCL                 | 4        | 7             | 58                 
| Use of BKCLHP               | 0        | 3             | 0                  
| Use of CCS                  | 1        | 1             | 100                
| Use of CLMA                 | 1508     | 42050         | 4                  
|   FF                        | 6338     | 336400        | 2                  
|   LUT                       | 3254     | 168200        | 2                  
|   LUT-FF pairs              | 2200     | 168200        | 2                  
|   LUT-CONST                 | 394      | 168200        | 1                  
| Use of CLMS                 | 567      | 18850         | 4                  
|   FF                        | 2674     | 150800        | 2                  
|   LUT                       | 1325     | 75400         | 2                  
|   LUT-FF pairs              | 924      | 75400         | 2                  
|   LUT-CONST                 | 94       | 75400         | 1                  
|   Distributed RAM           | 8        | 75400         | 1                  
| Use of DDRPHY_CPD           | 0        | 17            | 0                  
| Use of DDRPHY_CPD_HP        | 0        | 3             | 0                  
| Use of DDRPHY_IOCLK_DIV     | 0        | 10            | 0                  
| Use of DDR_PHY              | 0        | 28            | 0                  
| Use of DDR_PHY_R            | 0        | 12            | 0                  
| Use of DRM                  | 8        | 480           | 2                  
| Use of GCLK_INBUF_SYN       | 0        | 40            | 0                  
| Use of GPLL                 | 2        | 10            | 20                 
| Use of GSEB                 | 0        | 746           | 0                  
| Use of HARD0                | 771      | 36600         | 3                  
| Use of HCKB                 | 11       | 168           | 7                  
|  HCKB dataused              | 4        | 168           | 3                  
|  HCKB-BYPASS                | 9        | 168           | 6                  
| Use of HSSTHP               | 1        | 4             | 25                 
|   HSST_LANE                 | 1        | 16            | 7                  
|   HSST_PLL                  | 1        | 4             | 25                 
| Use of HSSTHP_BUFDS         | 1        | 8             | 13                 
| Use of IO                   | 12       | 500           | 3                  
|   IOBD                      | 6        | 168           | 4                  
|   IOBDHP                    | 1        | 72            | 2                  
|   IOBS                      | 5        | 182           | 3                  
|   IOBSHP                    | 0        | 78            | 0                  
| Use of IOCKB                | 0        | 40            | 0                  
| Use of IOLHP                | 1        | 150           | 1                  
| Use of IOLHP_FIFO           | 1        | 12            | 9                  
|  IOLHP_FIFO-BYPASS          | 1        | 12            | 9                  
| Use of IOLHR                | 10       | 350           | 3                  
| Use of KEYRAM               | 0        | 1             | 0                  
| Use of MRCKB                | 0        | 20            | 0                  
| Use of PCIEGEN3             | 0        | 1             | 0                  
| Use of PPLL                 | 0        | 10            | 0                  
| Use of RCKB                 | 0        | 40            | 0                  
|  RCKB dataused              | 0        | 40            | 0                  
|  RCKB-BYPASS                | 0        | 40            | 0                  
| Use of RESCAL               | 0        | 3             | 0                  
| Use of SCANCHAIN            | 1        | 1             | 100                
| Use of SPAD                 | 2        | 16            | 13                 
| Use of TSERDES              | 0        | 56            | 0                  
| Use of USCM                 | 5        | 32            | 16                 
|  USCM dataused              | 5        | 32            | 16                 
|  USCM-BYPASS                | 1        | 32            | 4                  
+------------------------------------------------------------------------------+

Finished routing.
Design 'Main' has been routed successfully.
Saving design to DB.
Action route: Export DB successfully.
Action route: Real time elapsed is 0h:0m:39s
Action route: CPU time elapsed is 0h:0m:3s
Action route: Process CPU time elapsed is 0h:0m:3s
Action route: Peak memory pool usage is 3,108 MB

Current time: Tue Jun 11 14:33:23 2024
