#Build: Fabric Compiler 2023.2-SP1, Build 147282, Jun 03 13:26 2024
#Install: D:\Pango\PDS_2023.2-SP1\bin
#Application name: pds_shell.exe
#OS: Windows 11 10.0.22631
#Hostname: WORK_BOIKOV
Generated by Fabric Compiler (version 2023.2-SP1 build 147282) at Thu Jun 13 10:35:35 2024
Compiling verification operator library.
Compiling common defs.
Compiling prim grid devices.
Compiling place grid timing.
Compiling gate devices.
Compiling gate operators.
Building architecture model.
Loading device packaging model.
place strategy configuration : 
strategy name : 0
Building architecture floorplan logic view.
Constraint check start.
W: ConstraintEditor-4040: [G:/Current_Pango/TenGigTest/device_map/Main.pcf(line number: 4)] Port sfp_1_tx_dis has been placed at location V19, whose type is share pin.
W: ConstraintEditor-4040: [G:/Current_Pango/TenGigTest/device_map/Main.pcf(line number: 5)] Port txd has been placed at location P22, whose type is share pin.
W: ConstraintEditor-4040: [G:/Current_Pango/TenGigTest/device_map/Main.pcf(line number: 12)] Port rxd has been placed at location P21, whose type is share pin.
C: ConstraintEditor-2001: [G:/Current_Pango/TenGigTest/device_map/Main.pcf(line number: 13)] Object 'sfp_1_loss' is dangling, which has no connection. it will be ignored.
C: ConstraintEditor-2012: The U_HSSTHP_COMMON of HSSTHP_664_918 have a top priority when you constraints HSSTHP. Please check your constraint file.
W: ConstraintEditor-4019: Port 'sfp_1_rx_n' unspecified I/O constraint.
W: ConstraintEditor-4019: Port 'sfp_1_rx_p' unspecified I/O constraint.
W: ConstraintEditor-4019: Port 'sfp_1_tx_n' unspecified I/O constraint.
W: ConstraintEditor-4019: Port 'sfp_1_tx_p' unspecified I/O constraint.
Found 0 error(s), 2 critical warning(s), 7 warning(s), out of 13 constraint(s)
Constraint check end.
Total time(hh:mm:ss) of constraint check : 00:00:00
Elaborate the liberty model.
I: Column Clock Check open.
Read Column Clock Map.

Placement started.
Phase 1 Pre global placement started.
I: Write file layers.txt end
Placement Logic Optimization "Enable".
LUT6D Packing Strategy "3".
Collected 1663 lut, soft packing 807.
Mapping instance GRS_INST/grs_ccs to CCS_87_622.
Mapping instance u_CORES/u_GTP_SCANCHAIN_PG/scanchain to SCANCHAIN_88_618.
Phase 1.1 Base clock placement started.
Mapping instance LinkMain/CLKBUFX_u0/clkbufc_inst to HCKB_357_2016.
Mapping instance LinkMain/CLKBUFX_u1/clkbufc_inst to HCKB_357_2017.
Mapping instance clkbufg_3/gopclkbufg to USCM_359_930.
Mapping instance Debug/u_gpll/gpll_inst to GPLL_7_769.
Mapping instance clkbufg_4/gopclkbufg to USCM_359_882.
Mapping instance Pll_50mhz/u_gpll/gpll_inst to GPLL_7_463.
Mapping instance clkbufg_5/gopclkbufg to USCM_359_885.
C: Place-2028: GLOBAL_CLOCK: the driver u_CORES/u_GTP_SCANCHAIN_PG/scanchain fixed at SCANCHAIN_88_618 is unreasonable. Sub-optimal placement for a clock source and a clock buffer.
Mapping instance clkbufg_6/gopclkbufg to USCM_359_888.
Base clock placement takes 0.00 sec.

Design Utilization : 2%.
Phase 1.2 1st GP placement started.
[GP] Placement Decongestion Mode 1.
[GP] Recovery Analysis in GP "Disable".
Init coarse delay table.
Read place coarse delay table takes 0.02 sec.
Build SRB system takes 0.09 sec.
[GP] Init timing API takes 7.10 sec.
[GP] Init GP graph takes 7.71 sec.
Device graph total memory: 124.67246056 MB
[GP] GP graph memory: 430.92517376 MB
[GP] Read position from netlist take 0 msec
[GP] Total node move: 564306.19, average node move: 204.31
[GP] SA handle 1 clusters.
[GP] SA init_cost=340027.521429 final_cost=309115.928571 final_cost/init_cost=0.909091 occupied region_num=1
[GP] SA Optimize take time: 0.001000 sec.
[GP] MarginTNS=0, TNS=0, WNS=0
[GP] Place thread size: 4
[GP] Node size: 61347, net size: 4064
[GP] Design graph total memory: 223.46270657 MB
[GP] MarginTNS=0, TNS=0, WNS=0
[GP] Step 0 take 0.167 secs: WL=6026.43 OF=0.915915
[GP] MarginTNS=0, TNS=0, WNS=0
[GP] Step 1 take 0.926 secs: WL=8515.29 OF=0.856530
[GP] MarginTNS=0, TNS=0, WNS=0
[GP] Step 2 take 0.901 secs: WL=9340.29 OF=0.787722
[GP] MarginTNS=0, TNS=0, WNS=0
[GP] Step 3 take 0.896 secs: WL=9739.33 OF=0.722734
[GP] MarginTNS=0, TNS=0, WNS=0
[GP] Step 4 take 0.947 secs: WL=9948.55 OF=0.639663
[GP] MarginTNS=0, TNS=0, WNS=0
[GP] Step 5 take 0.921 secs: WL=9816.97 OF=0.557293
[GP] MarginTNS=0, TNS=0, WNS=0
[GP] Step 6 take 0.933 secs: WL=9521.41 OF=0.506868
[GP] MarginTNS=0, TNS=0, WNS=0
[GP] Step 7 take 0.915 secs: WL=9513.42 OF=0.443692
[GP] MarginTNS=0, TNS=0, WNS=0
[GP] Step 8 take 0.930 secs: WL=9555.26 OF=0.370613
[GP] MarginTNS=0, TNS=0, WNS=0
[GP] Step 9 take 1.053 secs: WL=9611.76 OF=0.311253
[GP] MarginTNS=0, TNS=0, WNS=0
[GP] Step 10 take 0.916 secs: WL=9831.96 OF=0.251589
[GP] MarginTNS=0, TNS=0, WNS=0
[GP] Step 11 take 0.922 secs: WL=10030.16 OF=0.192946
[GP] MarginTNS=0, TNS=0, WNS=0
[GP] MarginTNS=0, TNS=0, WNS=0
[GP] Step 12 take 0.956 secs: WL=11039.83 OF=0.128641
[GP] MarginTNS=0, TNS=0, WNS=0
[GP] Step 13 take 0.711 secs: WL=10764.05 OF=0.096498
[GP] Best WL=10778.767352 OF=0.093673, take 12.072000 secs.
[GP] MarginTNS=0, TNS=0, WNS=0
[GP] Total node move: 160650.70, average node move: 58.16
[GP] Placer use memory: 42.72766495 MB
[GP] GP graph memory: 443.34014320 MB
Wirelength after clock region global placement is 10335 and checksum is 2B3B488337A1AA90.
1st GP placement takes 1.08 sec.

Wirelength after Pre Global Placement is 10335 and checksum is 2B3B488337A1AA90.
Pre global placement takes 1.11 sec.

Phase 2 Global placement started.
Phase 2.1 Fixed placement started.
Placed fixed group with base inst Debug/u_buf1/opit_2 on IOLHR_16_1692.
Placed fixed group with base inst LinkMain/PHY_10G/U_GTP_HSSTHP_WRAPPER/REFCLK0_ENABLE.U_BUFDS_0/U_BUFDS/gatehsst_spadp on SPAD_663_1837.
Placed fixed group with base inst fan_obuf/opit_1 on IOLHR_16_6.
Placed fixed group with base inst fpga_rst_n_ibuf/opit_1 on IOLHR_16_786.
Placed fixed group with base inst i_clk_50_ibuf/opit_1 on IOLHR_16_774.
Placed fixed group with base inst rxd_ibuf/opit_1 on IOLHR_16_954.
Placed fixed group with base inst sfp_1_tx_dis_obuf/opit_1 on IOLHR_16_684.
Placed fixed group with base inst txd_obuf/opit_1 on IOLHR_16_948.
Placed fixed instance LinkMain/PHY_10G/U_GTP_HSSTHP_WRAPPER/CHANNEL0_ENABLE.U_LANE0_WRAP/U_LANE0/gatehsst_lane on HSSTHP_664_1836.
Placed fixed instance LinkMain/PHY_10G/U_GTP_HSSTHP_WRAPPER/HPLL_ENABLE.U_HPLL_WRAP/U_HPLL/gatehsst_hpll on HSSTHP_664_1836.
Placed fixed instance Debug/u_gpll/gpll_inst on GPLL_7_769.
Placed fixed instance GRS_INST/grs_ccs on CCS_87_622.
Placed fixed instance LinkMain/CLKBUFX_u0/clkbufc_inst on HCKB_357_2016.
Placed fixed instance LinkMain/CLKBUFX_u1/clkbufc_inst on HCKB_357_2017.
Placed fixed instance Pll_50mhz/u_gpll/gpll_inst on GPLL_7_463.
Placed fixed instance clkbufg_3/gopclkbufg on USCM_359_930.
Placed fixed instance clkbufg_4/gopclkbufg on USCM_359_882.
Placed fixed instance clkbufg_5/gopclkbufg on USCM_359_885.
Placed fixed instance clkbufg_6/gopclkbufg on USCM_359_888.
Placed fixed instance u_CORES/u_GTP_SCANCHAIN_PG/scanchain on SCANCHAIN_88_618.
Placed fixed instance BKCL_auto_0 on BKCL_1_1564.
Placed fixed instance BKCL_auto_1 on BKCL_1_952.
Placed fixed instance BKCL_auto_2 on BKCL_1_646.
Placed fixed instance BKCL_auto_3 on BKCL_1_34.
Fixed placement takes 0.02 sec.

Phase 2.2 Process placement started.
DRC Placement Start.
DRC final successful.
DRC Placement Process takes 0.00 sec.
DRC Placement End.
DRCP end, takes 0.002 secs.
Process placement takes 0.03 sec.

Phase 2.3 IO placement started.
The average distance in IO place is 0.000000.
IO placement takes 0.00 sec.

Phase 2.4 Post Process placement started.
Post Process placement takes 0.00 sec.

Planning Before Place "Enable".
PBM start.
First map gop timing takes 0.00 sec
PBM of GP end, takes 0.00 sec.
Design Utilization : 2%.
Phase 2.5 2nd GP placement started.
Wirelength before global placement is 10335 and checksum is E50555646DF12925.
[GP] Init timing API takes 0.00 sec.
[GP] Init GP graph takes 0.32 sec.
Device graph total memory: 124.67246056 MB
[GP] GP graph memory: 437.62280464 MB
[GP] Read position from netlist take 0 msec
[GP] Total node move: 95228.05, average node move: 34.48
[GP] MarginTNS=0, TNS=0, WNS=0
[GP] Place thread size: 4
[GP] Node size: 61347, net size: 4064
[GP] Design graph total memory: 230.16033745 MB
[GP] MarginTNS=0, TNS=0, WNS=0
[GP] Step 0 take 0.167 secs: WL=6163.64 OF=0.882602
[GP] MarginTNS=0, TNS=0, WNS=0
[GP] Step 1 take 0.917 secs: WL=7932.80 OF=0.855167
[GP] MarginTNS=0, TNS=0, WNS=0
[GP] Step 2 take 0.910 secs: WL=8942.60 OF=0.819006
[GP] MarginTNS=0, TNS=0, WNS=0
[GP] Step 3 take 0.938 secs: WL=9559.88 OF=0.767055
[GP] MarginTNS=0, TNS=0, WNS=0
[GP] Step 4 take 0.931 secs: WL=10110.02 OF=0.679887
[GP] MarginTNS=0, TNS=0, WNS=0
[GP] Step 5 take 0.920 secs: WL=10192.74 OF=0.560281
[GP] MarginTNS=0, TNS=0, WNS=0
[GP] Step 6 take 0.916 secs: WL=10051.12 OF=0.492866
[GP] MarginTNS=0, TNS=0, WNS=0
[GP] Step 7 take 0.917 secs: WL=9780.94 OF=0.443473
[GP] MarginTNS=0, TNS=0, WNS=0
[GP] Step 8 take 0.925 secs: WL=9828.83 OF=0.374999
[GP] MarginTNS=0, TNS=0, WNS=0
[GP] Step 9 take 0.914 secs: WL=9923.02 OF=0.315174
[GP] MarginTNS=0, TNS=0, WNS=0
[GP] Step 10 take 0.932 secs: WL=10065.32 OF=0.255888
[GP] MarginTNS=0, TNS=0, WNS=0
[GP] Step 11 take 0.937 secs: WL=10229.06 OF=0.198451
[GP] MarginTNS=0, TNS=0, WNS=0
[GP] MarginTNS=0, TNS=0, WNS=0
[GP] Step 12 take 0.973 secs: WL=11279.74 OF=0.134943
[GP] MarginTNS=0, TNS=0, WNS=0
[GP] Step 13 take 0.718 secs: WL=11097.00 OF=0.103064
[GP] Best WL=11151.872577 OF=0.094089, take 12.127000 secs.
[GP] MarginTNS=0, TNS=0, WNS=0
[GP] Total node move: 37979.79, average node move: 13.75
[GP] Placer use memory: 43.02294540 MB
[GP] GP graph memory: 443.50612831 MB
2nd GP placement takes 2.14 sec.

Wirelength after global placement is 10720 and checksum is 77941C4D346E713B.
Global placement takes 2.22 sec.

Phase 3 Post global placement started.
Phase 3.1 Macro cell placement started.
Early Place Macro "Global".
Auto Dispose Macro Object "Enable".
Wirelength after macro cell placement is 10720 and checksum is C7AF7F12844AA4B7.
Macro cell placement takes 0.02 sec.

PBM start.
PBM of PostGP end, takes 0.00 sec.
Design Utilization : 2%.
Phase 3.2 3rd GP placement started.
Wirelength before post global placement is 10720 and checksum is C7AF7F12844AA4B7.
[GP] Init timing API takes 0.00 sec.
[GP] Init GP graph takes 0.32 sec.
Device graph total memory: 124.67246056 MB
[GP] GP graph memory: 437.46360588 MB
[GP] Read position from netlist take 0 msec
[GP] Place thread size: 4
[GP] Node size: 61339, net size: 4064
[GP] Design graph total memory: 230.00113869 MB
[GP] MarginTNS=0, TNS=0, WNS=0
[GP] Step 0 take 0.190 secs: WL=11292.99 OF=0.095144
[GP] MarginTNS=0, TNS=0, WNS=0
[GP] Step 1 take 0.725 secs: WL=10993.32 OF=0.113968
[GP] Best WL=11082.206850 OF=0.098095, take 1.037000 secs.
[GP] MarginTNS=0, TNS=0, WNS=0
[GP] Total node move: 1304.57, average node move: 0.47
[GP] Placer use memory: 42.21359634 MB
[GP] GP graph memory: 443.34692955 MB
3rd GP placement takes 0.23 sec.

Wirelength after post global placement is 10651 and checksum is C5BF3EE7F6A71EF1.
I: Soft packing 831 LUT6D, real packing 815(98.02%) LUT6D.
The total number of packing LUT6D is 815.
Worst slack after packing LUT6D is 15115.
Wirelength after packing LUT6D is 10651 and checksum is 81D16C192E9EDA86.
Packing LUT6D takes 0.00 sec.
Post global placement takes 0.28 sec.

Optimize timing started.
Start lp timing optimize, WNS: 15115, TNS: 0.
End lp timing optimize, WNS: 15115, TNS: 0.
Timing driven place optimize takes 0.00 sec.
Wirelength after timing drive place optimize is 10651 and checksum is 81D16C192E9EDA86.
Phase 4 Legalization started.
The average distance in LP is 0.397207.
Wirelength after legalization is 12855 and checksum is BB4894FE1CD2820.
Legalization takes 0.00 sec.

Phase 5 Timing-driven detailed placement started.
Phase 5.1 Replication placement started.
Design Cells Duplication "Enable".
Recovery Analysis in RP "Disable".
Worst slack before Replication Place is 14729, TNS before Replication Place is 0. 
Replication placement takes 0.00 sec.

Wirelength after replication placement is 12855 and checksum is BB4894FE1CD2820.
Recovery Analysis in DP "Disable".
RefinePlacement Mode "Swap".
Phase 5.2 Swapping placement started.
Worst slack before detailed placement is 14729, TNS before detailed placement is 0. 
RefinePlacement Iteration "20".
Worst slack after detailed placement is 14729, TNS after detailed placement is 0. 
Swapping placement takes 0.02 sec.

Wirelength after detailed placement is 12855 and checksum is BB4894FE1CD2820.
Timing-driven detailed placement takes 0.02 sec.

Worst slack is 14743, TNS after placement is 0.

Congestion analysis started.
Congestion analysis takes 0.00 sec.



Device Utilization Summary :
+------------------------------------------------------------------------------+
| Logic Utilization           | Used     | Available     | Utilization(%)     
+------------------------------------------------------------------------------+
| Use of ADC                  | 0        | 1             | 0                  
| Use of ANALOG               | 0        | 1             | 0                  
| Use of APM                  | 0        | 840           | 0                  
| Use of BKCL                 | 4        | 7             | 58                 
| Use of BKCLHP               | 0        | 3             | 0                  
| Use of CCS                  | 1        | 1             | 100                
| Use of CLMA                 | 617      | 42050         | 2                  
|   FF                        | 2526     | 336400        | 1                  
|   LUT                       | 1336     | 168200        | 1                  
|   LUT-FF pairs              | 963      | 168200        | 1                  
|   LUT-CONST                 | 0        | 168200        | 0                  
| Use of CLMS                 | 246      | 18850         | 2                  
|   FF                        | 1035     | 150800        | 1                  
|   LUT                       | 558      | 75400         | 1                  
|   LUT-FF pairs              | 370      | 75400         | 1                  
|   LUT-CONST                 | 0        | 75400         | 0                  
|   Distributed RAM           | 8        | 75400         | 1                  
| Use of DDRPHY_CPD           | 0        | 17            | 0                  
| Use of DDRPHY_CPD_HP        | 0        | 3             | 0                  
| Use of DDRPHY_IOCLK_DIV     | 0        | 10            | 0                  
| Use of DDR_PHY              | 0        | 28            | 0                  
| Use of DDR_PHY_R            | 0        | 12            | 0                  
| Use of DRM                  | 2.5      | 480           | 1                  
| Use of GCLK_INBUF_SYN       | 0        | 40            | 0                  
| Use of GPLL                 | 2        | 10            | 20                 
| Use of GSEB                 | 0        | 746           | 0                  
| Use of HARD0                | 0        | 36600         | 0                  
| Use of HCKB                 | 2        | 168           | 2                  
|  HCKB dataused              | 1        | 168           | 1                  
|  HCKB-BYPASS                | 0        | 168           | 0                  
| Use of HSSTHP               | 1        | 4             | 25                 
|   HSST_LANE                 | 1        | 16            | 7                  
|   HSST_PLL                  | 1        | 4             | 25                 
| Use of HSSTHP_BUFDS         | 1        | 8             | 13                 
| Use of IO                   | 8        | 500           | 2                  
|   IOBD                      | 5        | 168           | 3                  
|   IOBDHP                    | 0        | 72            | 0                  
|   IOBS                      | 3        | 182           | 2                  
|   IOBSHP                    | 0        | 78            | 0                  
| Use of IOCKB                | 0        | 40            | 0                  
| Use of IOLHP                | 0        | 150           | 0                  
| Use of IOLHP_FIFO           | 0        | 12            | 0                  
|  IOLHP_FIFO-BYPASS          | 0        | 12            | 0                  
| Use of IOLHR                | 7        | 350           | 2                  
| Use of KEYRAM               | 0        | 1             | 0                  
| Use of MRCKB                | 0        | 20            | 0                  
| Use of PCIEGEN3             | 0        | 1             | 0                  
| Use of PPLL                 | 0        | 10            | 0                  
| Use of RCKB                 | 0        | 40            | 0                  
|  RCKB dataused              | 0        | 40            | 0                  
|  RCKB-BYPASS                | 0        | 40            | 0                  
| Use of RESCAL               | 0        | 3             | 0                  
| Use of SCANCHAIN            | 1        | 1             | 100                
| Use of SPAD                 | 2        | 16            | 13                 
| Use of TSERDES              | 0        | 56            | 0                  
| Use of USCM                 | 4        | 32            | 13                 
|  USCM dataused              | 1        | 32            | 4                  
|  USCM-BYPASS                | 0        | 32            | 0                  
+------------------------------------------------------------------------------+

Action place: Export DB successfully.
Placement done.
Total placement takes 3.70 sec.
Finished placement.
Design 'Main' has been placed successfully.
Action place: Real time elapsed is 0h:0m:54s
Action place: CPU time elapsed is 0h:0m:4s
Action place: Process CPU time elapsed is 0h:0m:12s
Action place: Peak memory pool usage is 3,128 MB

Current time: Thu Jun 13 10:36:27 2024
