#Build: Fabric Configuration 2023.2-SP1, Build 147282, Jun 03 13:26 2024
#Install: D:\Pango\PDS_2023.2-SP1\bin
#Application name: cdt_cfg.exe
#OS: Windows 11 10.0.22631
#Hostname: WORK_BOIKOV
Generated by Fabric Configuration (version 2023.2-SP1 build 147282) at Fri Jun 14 17:45:39 2024
M_PROCESS_FINISH_STARTED

Connecting to server[127.0.0.1 : 65420].
Connect to server[127.0.0.1 : 65420] successfully.
COMMAND[check version information] execute successfully, takes 0.0 secs.
The cable List : 
Cable index 0:USB Cable II/fffffffffffffffe 

COMMAND[get_cable_paras] execute successfully, takes 0.8 secs.
PANGO USB CABLE II cable driver: D2XX DLL
PG2T390H
This device configure situation (done bit): 1
COMMAND[Open config cable] execute successfully, takes 2.5 secs.
[2024.06.14 17:45:58]Finish program G:/Current_Pango/TenGigTest/generate_bitstream/Main.sbit
The done bit is 1
COMMAND[Program] execute successfully, takes 11.2 secs.
