#Build: Fabric Debugger 2023.2-SP1, Build 147282, Jun 03 13:26 2024
#Install: D:\Pango\PDS_2023.2-SP1\bin
#Application name: cdt_dbg.exe
#OS: Windows 11 10.0.22631
#Hostname: WORK_BOIKOV
Generated by Fabric Debugger (version 2023.2-SP1 build 147282) at Thu Jun 13 10:56:54 2024
M_PROCESS_FINISH_STARTED

Import Core: 0 OK
W: Debugger-4002: Core Parse: Trigger Port bus name:LinkMain/xgmii_rxc exist, fail to import.
W: Debugger-4002: Core Parse: Trigger Port bus name:LinkMain/xgmii_rxd exist, fail to import.
W: Debugger-4002: Core Parse: Trigger Port bus name:LinkMain/xgmii_txc exist, fail to import.
W: Debugger-4002: Core Parse: Trigger Port bus name:LinkMain/xgmii_txd exist, fail to import.
W: Debugger-4002: Core Parse: Bus name:LinkMain/xgmii_rxc exist, fail to import.
W: Debugger-4002: Core Parse: Bus name:LinkMain/xgmii_rxd exist, fail to import.
W: Debugger-4002: Core Parse: Bus name:LinkMain/xgmii_txc exist, fail to import.
W: Debugger-4002: Core Parse: Bus name:LinkMain/xgmii_txd exist, fail to import.
Import Core: 0 OK
Import Core: 0 OK
W: Debugger-4002: Core Parse: Trigger Port bus name:LinkMain/xgmii_rxc exist, fail to import.
W: Debugger-4002: Core Parse: Trigger Port bus name:LinkMain/xgmii_rxd exist, fail to import.
W: Debugger-4002: Core Parse: Trigger Port bus name:LinkMain/xgmii_txc exist, fail to import.
W: Debugger-4002: Core Parse: Trigger Port bus name:LinkMain/xgmii_txd exist, fail to import.
W: Debugger-4002: Core Parse: Trigger Port bus name:LinkMain/rx_data_group_0 exist, fail to import.
W: Debugger-4002: Core Parse: Trigger Port bus name:LinkMain/rx_data_h_0 exist, fail to import.
W: Debugger-4002: Core Parse: Trigger Port bus name:LinkMain/o_rxstatus_0 exist, fail to import.
W: Debugger-4002: Core Parse: Trigger Port bus name:LinkMain/tx_data_group_0 exist, fail to import.
W: Debugger-4002: Core Parse: Trigger Port bus name:LinkMain/tx_data_h_0 exist, fail to import.
W: Debugger-4002: Core Parse: Trigger Port bus name:LinkMain/tx_data_seq_0 exist, fail to import.
W: Debugger-4002: Core Parse: Bus name:LinkMain/xgmii_rxc exist, fail to import.
W: Debugger-4002: Core Parse: Bus name:LinkMain/xgmii_rxd exist, fail to import.
W: Debugger-4002: Core Parse: Bus name:LinkMain/xgmii_txc exist, fail to import.
W: Debugger-4002: Core Parse: Bus name:LinkMain/xgmii_txd exist, fail to import.
W: Debugger-4002: Core Parse: Bus name:LinkMain/rx_data_group_0 exist, fail to import.
W: Debugger-4002: Core Parse: Bus name:LinkMain/rx_data_h_0 exist, fail to import.
W: Debugger-4002: Core Parse: Bus name:LinkMain/o_rxstatus_0 exist, fail to import.
W: Debugger-4002: Core Parse: Bus name:LinkMain/tx_data_group_0 exist, fail to import.
W: Debugger-4002: Core Parse: Bus name:LinkMain/tx_data_h_0 exist, fail to import.
W: Debugger-4002: Core Parse: Bus name:LinkMain/tx_data_seq_0 exist, fail to import.
Import Core: 0 OK
W: Debugger-4002: Core Parse: Trigger Port bus name:LinkMain/xgmii_rxc exist, fail to import.
W: Debugger-4002: Core Parse: Trigger Port bus name:LinkMain/xgmii_rxd exist, fail to import.
W: Debugger-4002: Core Parse: Trigger Port bus name:LinkMain/xgmii_txc exist, fail to import.
W: Debugger-4002: Core Parse: Trigger Port bus name:LinkMain/xgmii_txd exist, fail to import.
W: Debugger-4002: Core Parse: Trigger Port bus name:LinkMain/rx_data_group_0 exist, fail to import.
W: Debugger-4002: Core Parse: Trigger Port bus name:LinkMain/rx_data_h_0 exist, fail to import.
W: Debugger-4002: Core Parse: Trigger Port bus name:LinkMain/o_rxstatus_0 exist, fail to import.
W: Debugger-4002: Core Parse: Trigger Port bus name:LinkMain/tx_data_group_0 exist, fail to import.
W: Debugger-4002: Core Parse: Trigger Port bus name:LinkMain/tx_data_h_0 exist, fail to import.
W: Debugger-4002: Core Parse: Trigger Port bus name:LinkMain/tx_data_seq_0 exist, fail to import.
W: Debugger-4002: Core Parse: Bus name:LinkMain/xgmii_rxc exist, fail to import.
W: Debugger-4002: Core Parse: Bus name:LinkMain/xgmii_rxd exist, fail to import.
W: Debugger-4002: Core Parse: Bus name:LinkMain/xgmii_txc exist, fail to import.
W: Debugger-4002: Core Parse: Bus name:LinkMain/xgmii_txd exist, fail to import.
W: Debugger-4002: Core Parse: Bus name:LinkMain/rx_data_group_0 exist, fail to import.
W: Debugger-4002: Core Parse: Bus name:LinkMain/rx_data_h_0 exist, fail to import.
W: Debugger-4002: Core Parse: Bus name:LinkMain/o_rxstatus_0 exist, fail to import.
W: Debugger-4002: Core Parse: Bus name:LinkMain/tx_data_group_0 exist, fail to import.
W: Debugger-4002: Core Parse: Bus name:LinkMain/tx_data_h_0 exist, fail to import.
W: Debugger-4002: Core Parse: Bus name:LinkMain/tx_data_seq_0 exist, fail to import.
Import Core: 0 OK
W: Debugger-4002: Core Parse: Trigger Port bus name:LinkMain/xgmii_rxc exist, fail to import.
W: Debugger-4002: Core Parse: Trigger Port bus name:LinkMain/xgmii_rxd exist, fail to import.
W: Debugger-4002: Core Parse: Trigger Port bus name:LinkMain/xgmii_txc exist, fail to import.
W: Debugger-4002: Core Parse: Trigger Port bus name:LinkMain/xgmii_txd exist, fail to import.
W: Debugger-4002: Core Parse: Trigger Port bus name:LinkMain/rx_data_group_0 exist, fail to import.
W: Debugger-4002: Core Parse: Trigger Port bus name:LinkMain/rx_data_h_0 exist, fail to import.
W: Debugger-4002: Core Parse: Trigger Port bus name:LinkMain/o_rxstatus_0 exist, fail to import.
W: Debugger-4002: Core Parse: Trigger Port bus name:LinkMain/tx_data_group_0 exist, fail to import.
W: Debugger-4002: Core Parse: Trigger Port bus name:LinkMain/tx_data_h_0 exist, fail to import.
W: Debugger-4002: Core Parse: Trigger Port bus name:LinkMain/tx_data_seq_0 exist, fail to import.
W: Debugger-4002: Core Parse: Bus name:LinkMain/xgmii_rxc exist, fail to import.
W: Debugger-4002: Core Parse: Bus name:LinkMain/xgmii_rxd exist, fail to import.
W: Debugger-4002: Core Parse: Bus name:LinkMain/xgmii_txc exist, fail to import.
W: Debugger-4002: Core Parse: Bus name:LinkMain/xgmii_txd exist, fail to import.
W: Debugger-4002: Core Parse: Bus name:LinkMain/rx_data_group_0 exist, fail to import.
W: Debugger-4002: Core Parse: Bus name:LinkMain/rx_data_h_0 exist, fail to import.
W: Debugger-4002: Core Parse: Bus name:LinkMain/o_rxstatus_0 exist, fail to import.
W: Debugger-4002: Core Parse: Bus name:LinkMain/tx_data_group_0 exist, fail to import.
W: Debugger-4002: Core Parse: Bus name:LinkMain/tx_data_h_0 exist, fail to import.
W: Debugger-4002: Core Parse: Bus name:LinkMain/tx_data_seq_0 exist, fail to import.
Import Core: 0 OK
