IP Generator (Version 2023.2-SP1 build 147282)
Check out license ...
Start generating at 2024-06-04 17:36
Instance: ram_data_sta_mirror (G:\Current_Pango\TenGigTest\ipcore\ram_data_sta_mirror\ram_data_sta_mirror.idf)
IP: Distributed Simple Dual Port RAM (1.3)
Part: Titan2-PG2T390H-FFBG900--6
Create directory 'rtl\' ...
Copy 'rtl\ipm_distributed_sdpram_v1_3.v.xml' to 'rtl' ...
Compile file 'rtl\ipm_distributed_sdpram_v1_3.v.xml' to 'rtl\ipm_distributed_sdpram_v1_3_ram_data_sta_mirror.v' ...
Copy 'ipm_distributed_sdpram_wrapper_v1_3.v.xml' ...
Copy 'ipm_distributed_sdpram_wrapper_v1_2_tb.v.xml' ...
Copy 'init_param_bin_exmp.dat' ...
Copy 'init_param_hex_exmp.dat' ...
Compile file 'ipm_distributed_sdpram_wrapper_v1_3.v.xml' to 'ram_data_sta_mirror.v' ...
Found top module 'ram_data_sta_mirror' in file 'ram_data_sta_mirror.v'.
Compile file 'ipm_distributed_sdpram_wrapper_v1_2_tb.v.xml' to 'ram_data_sta_mirror_tb.v' ...
Create template file 'ram_data_sta_mirror_tmpl.v' ...
Create template file 'ram_data_sta_mirror_tmpl.vhdl' ...
There are 2 source files to synthesize.
Synthesis is disabled.
Done: 0 error(s), 0 warning(s)
