#Build: Fabric Compiler 2023.2-SP1, Build 147282, Jun 03 13:26 2024
#Install: D:\Pango\PDS_2023.2-SP1\bin
#Application name: pds_shell.exe
#OS: Windows 11 10.0.22631
#Hostname: WORK_BOIKOV
Generated by Fabric Compiler (version 2023.2-SP1 build 147282) at Tue Jun 11 16:02:35 2024
Compiling verification operator library.
Compiling common defs.
Compiling prim grid devices.
Compiling place grid timing.
Compiling gate devices.
Compiling gate operators.
Building architecture model.
Loading device packaging model.
Building architecture floorplan logic view.
route strategy configuration : 
strategy name : 0
Elaborate the liberty model.

Routing started.
Enter timing driven router mode.
Route thread size: 7
Building routing graph takes 8.08 sec.
Enable Recovery Analysis in Routing
Init coarse delay table.
Read place coarse delay table takes 0.69 sec.
Build SRB system takes 0.67 sec.
Setup STE netlist take 4213 msec.
Slack Weight : 90
CE/RS signal series limit : 500
Dispose control chain take 28 msec.
Collect const net info take 129 msec.
Total nets for routing: 1881.
Total loads for routing: 8108.
Direct connect net size: 319
Build all design net take 50 msec.
Processing design graph takes 4.42 sec.
Delay table total memory: 114.79341125 MB
Route graph total memory: 407.28160000 MB
Route design total memory: 8.95313263 MB
Global routing takes 0.00 sec.
Pin Cost Increasing Speed 300
Total 1879 subnets.
Unrouted clock nets at iteration 0 (0.190 sec): 9
Unrouted clock nets at iteration 1 (0.149 sec): 2
Unrouted clock nets at iteration 2 (0.002 sec): 0
Total route nets size: 1865
Worst slack is 15673, TNS before route is 0.
I: Write file layers.txt end
Pre route takes 0.352 sec
Unrouted general nets at iteration 4 (MT total route time: 0.136 sec): 1473(overused: 7341)
Unrouted general nets at iteration 5 (MT total route time: 0.115 sec): 739(overused: 2107)
Unrouted general nets at iteration 6 (MT total route time: 0.048 sec): 241(overused: 485)
Unrouted general nets at iteration 7 (MT total route time: 0.021 sec): 42(overused: 58)
Unrouted general nets at iteration 8 (MT total route time: 0.007 sec): 2(overused: 2)
Unrouted general nets at iteration 9 (MT total route time: 0.001 sec): 0(overused: 0)
----General net take 0.001 sec(route net take 0.000 sec, inc cost take 0.001 sec, iter times: 1)
----const net route take 0.006 sec
Unrouted nets at iteration 10 (0.008 sec): 0
Detailed routing takes 1.07 sec.
I: Design net u_CORES/capt_o is routed by general path.
C: Route-2036: The clock path from u_CORES/u_GTP_SCANCHAIN_PG/scanchain:CAPTUREDR to u_CORES/u_debug_core_0/u_hub_data_decode/newconfini.conf_id_ini[2]/opit_0_inv:CLK is routed by SRB.
I: Design net u_CORES/drck_o is routed by general path.
C: Route-2036: The clock path from u_CORES/u_GTP_SCANCHAIN_PG/scanchain:TCK1 to clkbufg_6/gopclkbufg:CLK is routed by SRB.
Sort Original Nets take 0.000 sec
Build solution node for device pins which were mapped to more than one design pin take 0.001 sec
Check HPIO div result take 0.000 sec
Total net: 1881, route succeed net: 1881
Generate routing result take 0.002 sec
Handle PERMUX permutation take 0.048 sec
Handle const net take 0.003 sec
Handle route through take 0.001 sec
Handle loads' routing node take 0.008 sec
Used SRB routing arc is 14053.
Finish routing takes 0.08 sec.
Total routing takes 13.84 sec.


Device Utilization Summary :
+------------------------------------------------------------------------------+
| Logic Utilization           | Used     | Available     | Utilization(%)     
+------------------------------------------------------------------------------+
| Use of ADC                  | 0        | 1             | 0                  
| Use of ANALOG               | 0        | 1             | 0                  
| Use of APM                  | 0        | 840           | 0                  
| Use of BKCL                 | 4        | 7             | 58                 
| Use of BKCLHP               | 0        | 3             | 0                  
| Use of CCS                  | 1        | 1             | 100                
| Use of CLMA                 | 412      | 42050         | 1                  
|   FF                        | 1045     | 336400        | 1                  
|   LUT                       | 697      | 168200        | 1                  
|   LUT-FF pairs              | 463      | 168200        | 1                  
|   LUT-CONST                 | 167      | 168200        | 1                  
| Use of CLMS                 | 128      | 18850         | 1                  
|   FF                        | 327      | 150800        | 1                  
|   LUT                       | 249      | 75400         | 1                  
|   LUT-FF pairs              | 125      | 75400         | 1                  
|   LUT-CONST                 | 24       | 75400         | 1                  
|   Distributed RAM           | 8        | 75400         | 1                  
| Use of DDRPHY_CPD           | 0        | 17            | 0                  
| Use of DDRPHY_CPD_HP        | 0        | 3             | 0                  
| Use of DDRPHY_IOCLK_DIV     | 0        | 10            | 0                  
| Use of DDR_PHY              | 0        | 28            | 0                  
| Use of DDR_PHY_R            | 0        | 12            | 0                  
| Use of DRM                  | 0.5      | 480           | 1                  
| Use of GCLK_INBUF_SYN       | 0        | 40            | 0                  
| Use of GPLL                 | 2        | 10            | 20                 
| Use of GSEB                 | 0        | 746           | 0                  
| Use of HARD0                | 151      | 36600         | 1                  
| Use of HCKB                 | 10       | 168           | 6                  
|  HCKB dataused              | 4        | 168           | 3                  
|  HCKB-BYPASS                | 8        | 168           | 5                  
| Use of HSSTHP               | 1        | 4             | 25                 
|   HSST_LANE                 | 1        | 16            | 7                  
|   HSST_PLL                  | 1        | 4             | 25                 
| Use of HSSTHP_BUFDS         | 1        | 8             | 13                 
| Use of IO                   | 8        | 500           | 2                  
|   IOBD                      | 5        | 168           | 3                  
|   IOBDHP                    | 0        | 72            | 0                  
|   IOBS                      | 3        | 182           | 2                  
|   IOBSHP                    | 0        | 78            | 0                  
| Use of IOCKB                | 0        | 40            | 0                  
| Use of IOLHP                | 0        | 150           | 0                  
| Use of IOLHP_FIFO           | 0        | 12            | 0                  
|  IOLHP_FIFO-BYPASS          | 0        | 12            | 0                  
| Use of IOLHR                | 7        | 350           | 2                  
| Use of KEYRAM               | 0        | 1             | 0                  
| Use of MRCKB                | 0        | 20            | 0                  
| Use of PCIEGEN3             | 0        | 1             | 0                  
| Use of PPLL                 | 0        | 10            | 0                  
| Use of RCKB                 | 0        | 40            | 0                  
|  RCKB dataused              | 0        | 40            | 0                  
|  RCKB-BYPASS                | 0        | 40            | 0                  
| Use of RESCAL               | 0        | 3             | 0                  
| Use of SCANCHAIN            | 1        | 1             | 100                
| Use of SPAD                 | 2        | 16            | 13                 
| Use of TSERDES              | 0        | 56            | 0                  
| Use of USCM                 | 5        | 32            | 16                 
|  USCM dataused              | 5        | 32            | 16                 
|  USCM-BYPASS                | 1        | 32            | 4                  
+------------------------------------------------------------------------------+

Finished routing.
Design 'Main' has been routed successfully.
Saving design to DB.
Action route: Export DB successfully.
Action route: Real time elapsed is 0h:0m:28s
Action route: CPU time elapsed is 0h:0m:8s
Action route: Process CPU time elapsed is 0h:0m:9s
Action route: Peak memory pool usage is 3,052 MB

Current time: Tue Jun 11 16:03:01 2024
