#Build: Fabric Compiler 2023.2-SP1, Build 147282, Jun 03 13:26 2024
#Install: D:\Pango\PDS_2023.2-SP1\bin
#Application name: pds_shell.exe
#OS: Windows 11 10.0.22631
#Hostname: WORK_BOIKOV
Generated by Fabric Compiler (version 2023.2-SP1 build 147282) at Thu Jun 13 12:54:12 2024
Compiling verification operator library.
Compiling common defs.
Compiling prim grid devices.
Compiling place grid timing.
Compiling gate devices.
Compiling gate operators.
Building architecture model.
Loading device packaging model.
place strategy configuration : 
strategy name : 0
Building architecture floorplan logic view.
Constraint check start.
W: ConstraintEditor-4040: [G:/Current_Pango/TenGigTest/device_map/Main.pcf(line number: 4)] Port sfp_1_tx_dis has been placed at location V19, whose type is share pin.
W: ConstraintEditor-4040: [G:/Current_Pango/TenGigTest/device_map/Main.pcf(line number: 5)] Port txd has been placed at location P22, whose type is share pin.
W: ConstraintEditor-4040: [G:/Current_Pango/TenGigTest/device_map/Main.pcf(line number: 12)] Port rxd has been placed at location P21, whose type is share pin.
C: ConstraintEditor-2001: [G:/Current_Pango/TenGigTest/device_map/Main.pcf(line number: 13)] Object 'sfp_1_loss' is dangling, which has no connection. it will be ignored.
C: ConstraintEditor-2012: The U_HSSTHP_COMMON of HSSTHP_664_918 have a top priority when you constraints HSSTHP. Please check your constraint file.
W: ConstraintEditor-4019: Port 'sfp_1_rx_n' unspecified I/O constraint.
W: ConstraintEditor-4019: Port 'sfp_1_rx_p' unspecified I/O constraint.
W: ConstraintEditor-4019: Port 'sfp_1_tx_n' unspecified I/O constraint.
W: ConstraintEditor-4019: Port 'sfp_1_tx_p' unspecified I/O constraint.
Found 0 error(s), 2 critical warning(s), 7 warning(s), out of 13 constraint(s)
Constraint check end.
Total time(hh:mm:ss) of constraint check : 00:00:00
Elaborate the liberty model.
I: Column Clock Check open.
Read Column Clock Map.

Placement started.
Phase 1 Pre global placement started.
I: Write file layers.txt end
Placement Logic Optimization "Enable".
LUT6D Packing Strategy "3".
Collected 2839 lut, soft packing 1394.
Mapping instance GRS_INST/grs_ccs to CCS_87_622.
Mapping instance u_CORES/u_GTP_SCANCHAIN_PG/scanchain to SCANCHAIN_88_618.
Phase 1.1 Base clock placement started.
Mapping instance LinkMain/CLKBUFX_u0/clkbufc_inst to HCKB_357_2016.
Mapping instance LinkMain/CLKBUFX_u1/clkbufc_inst to HCKB_357_2017.
Mapping instance clkbufg_3/gopclkbufg to USCM_359_930.
Mapping instance Debug/u_gpll/gpll_inst to GPLL_7_769.
Mapping instance clkbufg_4/gopclkbufg to USCM_359_882.
Mapping instance Pll_50mhz/u_gpll/gpll_inst to GPLL_7_463.
Mapping instance clkbufg_6/gopclkbufg to USCM_359_885.
C: Place-2028: GLOBAL_CLOCK: the driver u_CORES/u_GTP_SCANCHAIN_PG/scanchain fixed at SCANCHAIN_88_618 is unreasonable. Sub-optimal placement for a clock source and a clock buffer.
Mapping instance clkbufg_5/gopclkbufg to USCM_359_888.
Base clock placement takes 0.00 sec.

Design Utilization : 2%.
Phase 1.2 1st GP placement started.
[GP] Placement Decongestion Mode 1.
[GP] Recovery Analysis in GP "Disable".
Init coarse delay table.
Read place coarse delay table takes 0.36 sec.
Build SRB system takes 0.19 sec.
[GP] Init timing API takes 6.98 sec.
[GP] Init GP graph takes 7.60 sec.
Device graph total memory: 124.67246056 MB
[GP] GP graph memory: 433.73739338 MB
[GP] Read position from netlist take 0 msec
[GP] Total node move: 854465.50, average node move: 204.37
[GP] SA handle 1 clusters.
[GP] SA init_cost=554543.235714 final_cost=504130.214286 final_cost/init_cost=0.909091 occupied region_num=1
[GP] SA Optimize take time: 0.001000 sec.
[GP] MarginTNS=-8995935, TNS=-4063935, WNS=-1652
[GP] Place thread size: 4
[GP] Node size: 62374, net size: 6295
[GP] Design graph total memory: 226.21077824 MB
[GP] MarginTNS=-9128420, TNS=-4196420, WNS=-1740
[GP] Step 0 take 0.222 secs: WL=7738.05 OF=0.948107
[GP] MarginTNS=-10000088, TNS=-5068088, WNS=-4092
[GP] Step 1 take 0.955 secs: WL=13044.53 OF=0.880671
[GP] MarginTNS=-9533494, TNS=-4601494, WNS=-4036
[GP] Step 2 take 0.988 secs: WL=14159.19 OF=0.817297
[GP] MarginTNS=-9627443, TNS=-4695443, WNS=-3885
[GP] Step 3 take 0.950 secs: WL=14088.41 OF=0.743840
[GP] MarginTNS=-9625305, TNS=-4693305, WNS=-3789
[GP] Step 4 take 0.961 secs: WL=13619.04 OF=0.709689
[GP] MarginTNS=-9651323, TNS=-4719323, WNS=-3637
[GP] Step 5 take 0.983 secs: WL=13658.05 OF=0.672862
[GP] MarginTNS=-9685191, TNS=-4753191, WNS=-3679
[GP] Step 6 take 0.993 secs: WL=13740.94 OF=0.619469
[GP] MarginTNS=-9708029, TNS=-4776029, WNS=-3456
[GP] Step 7 take 0.959 secs: WL=14025.21 OF=0.567962
[GP] MarginTNS=-9730011, TNS=-4798011, WNS=-3350
[GP] Step 8 take 0.960 secs: WL=14193.61 OF=0.494399
[GP] MarginTNS=-9733670, TNS=-4801670, WNS=-3244
[GP] Step 9 take 0.980 secs: WL=14518.70 OF=0.426686
[GP] MarginTNS=-9742616, TNS=-4810616, WNS=-3255
[GP] Step 10 take 0.963 secs: WL=14949.93 OF=0.363028
[GP] MarginTNS=-9747919, TNS=-4815919, WNS=-3185
[GP] Step 11 take 0.962 secs: WL=15238.11 OF=0.291257
[GP] MarginTNS=-9760284, TNS=-4828284, WNS=-3189
[GP] Step 12 take 0.969 secs: WL=15717.09 OF=0.234948
[GP] MarginTNS=-9753791, TNS=-4821791, WNS=-2828
[GP] Step 13 take 0.972 secs: WL=15610.92 OF=0.181028
[GP] MarginTNS=-9775538, TNS=-4843538, WNS=-2228
[GP] Step 14 take 0.965 secs: WL=16445.61 OF=0.140456
[GP] MarginTNS=-9780777, TNS=-4848777, WNS=-2097
[GP] MarginTNS=-9784704, TNS=-4852704, WNS=-2097
[GP] Step 15 take 1.054 secs: WL=16885.96 OF=0.113442
[GP] MarginTNS=-9783052, TNS=-4851052, WNS=-2169
[GP] Step 16 take 0.788 secs: WL=17157.36 OF=0.095759
[GP] MarginTNS=-9784902, TNS=-4852902, WNS=-2122
[GP] Step 17 take 0.791 secs: WL=17431.21 OF=0.077874
[GP] Best WL=17431.214112 OF=0.077874, take 16.572000 secs.
[GP] MarginTNS=-9787711, TNS=-4855711, WNS=-2122
[GP] Total node move: 193791.50, average node move: 46.35
[GP] Placer use memory: 44.84114456 MB
[GP] GP graph memory: 447.31050205 MB
Wirelength after clock region global placement is 17436 and checksum is 309DEB83177F50.
1st GP placement takes 5.08 sec.

Wirelength after Pre Global Placement is 17436 and checksum is 309DEB83177F50.
Pre global placement takes 5.31 sec.

Phase 2 Global placement started.
Phase 2.1 Fixed placement started.
Placed fixed group with base inst Debug/u_buf1/opit_2 on IOLHR_16_1692.
Placed fixed group with base inst LinkMain/PHY_10G/U_GTP_HSSTHP_WRAPPER/REFCLK0_ENABLE.U_BUFDS_0/U_BUFDS/gatehsst_spadp on SPAD_663_1837.
Placed fixed group with base inst fan_obuf/opit_1 on IOLHR_16_6.
Placed fixed group with base inst fpga_rst_n_ibuf/opit_1 on IOLHR_16_786.
Placed fixed group with base inst i_clk_50_ibuf/opit_1 on IOLHR_16_774.
Placed fixed group with base inst rxd_ibuf/opit_1 on IOLHR_16_954.
Placed fixed group with base inst sfp_1_tx_dis_obuf/opit_1 on IOLHR_16_684.
Placed fixed group with base inst txd_obuf/opit_1 on IOLHR_16_948.
Placed fixed instance LinkMain/PHY_10G/U_GTP_HSSTHP_WRAPPER/CHANNEL0_ENABLE.U_LANE0_WRAP/U_LANE0/gatehsst_lane on HSSTHP_664_1836.
Placed fixed instance LinkMain/PHY_10G/U_GTP_HSSTHP_WRAPPER/HPLL_ENABLE.U_HPLL_WRAP/U_HPLL/gatehsst_hpll on HSSTHP_664_1836.
Placed fixed instance Debug/u_gpll/gpll_inst on GPLL_7_769.
Placed fixed instance GRS_INST/grs_ccs on CCS_87_622.
Placed fixed instance LinkMain/CLKBUFX_u0/clkbufc_inst on HCKB_357_2016.
Placed fixed instance LinkMain/CLKBUFX_u1/clkbufc_inst on HCKB_357_2017.
Placed fixed instance Pll_50mhz/u_gpll/gpll_inst on GPLL_7_463.
Placed fixed instance clkbufg_3/gopclkbufg on USCM_359_930.
Placed fixed instance clkbufg_4/gopclkbufg on USCM_359_882.
Placed fixed instance clkbufg_5/gopclkbufg on USCM_359_888.
Placed fixed instance clkbufg_6/gopclkbufg on USCM_359_885.
Placed fixed instance u_CORES/u_GTP_SCANCHAIN_PG/scanchain on SCANCHAIN_88_618.
Placed fixed instance BKCL_auto_0 on BKCL_1_1564.
Placed fixed instance BKCL_auto_1 on BKCL_1_952.
Placed fixed instance BKCL_auto_2 on BKCL_1_646.
Placed fixed instance BKCL_auto_3 on BKCL_1_34.
Fixed placement takes 0.00 sec.

Phase 2.2 Process placement started.
DRC Placement Start.
DRC final successful.
DRC Placement Process takes 0.00 sec.
DRC Placement End.
DRCP end, takes 0.003 secs.
Process placement takes 0.03 sec.

Phase 2.3 IO placement started.
The average distance in IO place is 0.000000.
IO placement takes 0.00 sec.

Phase 2.4 Post Process placement started.
Post Process placement takes 0.00 sec.

Planning Before Place "Enable".
PBM start.
First map gop timing takes 0.00 sec
PBM of GP end, takes 0.03 sec.
Design Utilization : 2%.
Phase 2.5 2nd GP placement started.
Wirelength before global placement is 17436 and checksum is 110A7D36EF281546.
[GP] Init timing API takes 0.00 sec.
[GP] Init GP graph takes 0.35 sec.
Device graph total memory: 124.67246056 MB
[GP] GP graph memory: 441.75203037 MB
[GP] Read position from netlist take 0 msec
[GP] Total node move: 156930.08, average node move: 37.53
[GP] MarginTNS=-9945507, TNS=-5013507, WNS=-2378
[GP] Place thread size: 4
[GP] Node size: 62374, net size: 6306
[GP] Design graph total memory: 234.22541523 MB
[GP] MarginTNS=-9213949, TNS=-4281949, WNS=-1771
[GP] Step 0 take 0.206 secs: WL=7623.20 OF=0.934700
[GP] MarginTNS=-9551413, TNS=-4619413, WNS=-4564
[GP] Step 1 take 0.976 secs: WL=11777.08 OF=0.897053
[GP] MarginTNS=-9516718, TNS=-4584718, WNS=-4867
[GP] Step 2 take 0.954 secs: WL=13950.79 OF=0.849492
[GP] MarginTNS=-9596100, TNS=-4664100, WNS=-4601
[GP] Step 3 take 0.974 secs: WL=14715.26 OF=0.779539
[GP] MarginTNS=-9660135, TNS=-4728135, WNS=-4447
[GP] Step 4 take 1.002 secs: WL=14970.77 OF=0.719459
[GP] MarginTNS=-9697334, TNS=-4765334, WNS=-4186
[GP] Step 5 take 0.962 secs: WL=15031.59 OF=0.657621
[GP] MarginTNS=-9738770, TNS=-4806770, WNS=-4176
[GP] Step 6 take 0.969 secs: WL=15342.52 OF=0.604854
[GP] MarginTNS=-9771467, TNS=-4839467, WNS=-4140
[GP] Step 7 take 0.959 secs: WL=15625.20 OF=0.530418
[GP] MarginTNS=-9762948, TNS=-4830948, WNS=-4109
[GP] Step 8 take 0.963 secs: WL=15015.60 OF=0.450050
[GP] MarginTNS=-9750412, TNS=-4818412, WNS=-4081
[GP] Step 9 take 0.967 secs: WL=15195.34 OF=0.395907
[GP] MarginTNS=-9767707, TNS=-4835707, WNS=-4021
[GP] Step 10 take 0.958 secs: WL=15745.24 OF=0.332180
[GP] MarginTNS=-9786137, TNS=-4854137, WNS=-3977
[GP] Step 11 take 0.974 secs: WL=16493.25 OF=0.275036
[GP] MarginTNS=-9763221, TNS=-4831221, WNS=-3162
[GP] Step 12 take 0.966 secs: WL=16868.32 OF=0.218414
[GP] MarginTNS=-9765337, TNS=-4833337, WNS=-2291
[GP] Step 13 take 0.971 secs: WL=17149.22 OF=0.167434
[GP] MarginTNS=-9757951, TNS=-4825951, WNS=-2069
[GP] MarginTNS=-9780885, TNS=-4848885, WNS=-2069
[GP] Step 14 take 1.045 secs: WL=18039.30 OF=0.128529
[GP] MarginTNS=-9772919, TNS=-4840919, WNS=-2129
[GP] Step 15 take 0.765 secs: WL=18014.93 OF=0.114164
[GP] MarginTNS=-9786570, TNS=-4854570, WNS=-2077
[GP] Step 16 take 0.796 secs: WL=18380.31 OF=0.091091
[GP] MarginTNS=-9812945, TNS=-4880945, WNS=-2021
[GP] Step 17 take 0.769 secs: WL=18990.52 OF=0.079521
[GP] Best WL=18990.515865 OF=0.079521, take 16.297000 secs.
[GP] MarginTNS=-9805930, TNS=-4873930, WNS=-2021
[GP] Total node move: 40852.33, average node move: 9.77
[GP] Placer use memory: 45.15983963 MB
[GP] GP graph memory: 448.15305710 MB
2nd GP placement takes 4.42 sec.

Wirelength after global placement is 18947 and checksum is 7801E106C656C45D.
Global placement takes 4.48 sec.

Phase 3 Post global placement started.
Phase 3.1 Macro cell placement started.
Early Place Macro "Global".
Auto Dispose Macro Object "Enable".
Wirelength after macro cell placement is 18947 and checksum is 60A266A9679365F0.
Macro cell placement takes 0.02 sec.

PBM start.
PBM of PostGP end, takes 0.00 sec.
Design Utilization : 2%.
Phase 3.2 3rd GP placement started.
Wirelength before post global placement is 18947 and checksum is 60A266A9679365F0.
[GP] Init timing API takes 0.00 sec.
[GP] Init GP graph takes 0.36 sec.
Device graph total memory: 124.67246056 MB
[GP] GP graph memory: 442.08100128 MB
[GP] Read position from netlist take 0 msec
[GP] Place thread size: 4
[GP] Node size: 62368, net size: 6316
[GP] Design graph total memory: 234.62305069 MB
[GP] MarginTNS=-9805930, TNS=-4873930, WNS=-2021
[GP] Step 0 take 0.276 secs: WL=19168.36 OF=0.090939
[GP] MarginTNS=-9778455, TNS=-4846455, WNS=-2004
[GP] Step 1 take 0.835 secs: WL=18102.77 OF=0.106402
[GP] MarginTNS=-9779047, TNS=-4847047, WNS=-2065
[GP] Step 2 take 0.774 secs: WL=17948.20 OF=0.085669
[GP] Best WL=17920.324849 OF=0.083306, take 2.018000 secs.
[GP] MarginTNS=-9773987, TNS=-4841987, WNS=-2052
[GP] Total node move: 2979.23, average node move: 0.71
[GP] Placer use memory: 43.52789688 MB
[GP] GP graph memory: 448.44615746 MB
3rd GP placement takes 0.58 sec.

Wirelength after post global placement is 17898 and checksum is 125658A3CD12F20C.
I: Soft packing 1419 LUT6D, real packing 1399(98.56%) LUT6D.
The total number of packing LUT6D is 1399.
Worst slack after packing LUT6D is -1923.
Wirelength after packing LUT6D is 17908 and checksum is FD76D060D00E93C3.
Packing LUT6D takes 0.02 sec.
Post global placement takes 0.62 sec.

Optimize timing started.
Start lp timing optimize, WNS: -1923, TNS: -3931649.
  Timing opt iter 0, WNS: -1652, TNS: -4045724.
  Timing opt iter 1, WNS: -1923, TNS: -3931649.
  Timing opt iter 2, WNS: -1652, TNS: -4049770.
  Timing opt iter 3, WNS: -1923, TNS: -3931649.
  Timing opt iter 4, WNS: -1652, TNS: -4049770.
  Timing opt iter 5, WNS: -1745, TNS: -3991379.
  Timing opt iter 6, WNS: -1652, TNS: -4034559.
  Timing opt iter 7, WNS: -1923, TNS: -3931649.
  Timing opt iter 8, WNS: -1652, TNS: -4049770.
  Timing opt iter 9, WNS: -1923, TNS: -3931649.
  Timing opt iter 10, WNS: -1652, TNS: -4049770.
  Timing opt iter 11, WNS: -1745, TNS: -3991379.
  Timing opt iter 12, WNS: -1652, TNS: -4034559.
  Timing opt iter 13, WNS: -1923, TNS: -3931649.
  Timing opt iter 14, WNS: -1652, TNS: -4049770.
  Timing opt iter 15, WNS: -1923, TNS: -3931649.
  Timing opt iter 16, WNS: -1652, TNS: -4049770.
  Timing opt iter 17, WNS: -1745, TNS: -3991379.
  Timing opt iter 18, WNS: -1652, TNS: -4034559.
  Timing opt iter 19, WNS: -1923, TNS: -3931649.
End lp timing optimize, WNS: -1923, TNS: -3931649.
Timing driven place optimize takes 0.58 sec.
Wirelength after timing drive place optimize is 17908 and checksum is FD76D060D00E93C3.
Phase 4 Legalization started.
The average distance in LP is 0.296311.
Wirelength after legalization is 20475 and checksum is 3996594A57FE86D6.
Legalization takes 0.11 sec.

Phase 5 Timing-driven detailed placement started.
Phase 5.1 Replication placement started.
Design Cells Duplication "Enable".
Recovery Analysis in RP "Disable".
Worst slack before Replication Place is -1879, TNS before Replication Place is -3955083. 
Replication placement takes 0.03 sec.

Wirelength after replication placement is 20475 and checksum is 3996594A57FE86D6.
Recovery Analysis in DP "Disable".
RefinePlacement Mode "Swap".
Phase 5.2 Swapping placement started.
Worst slack before detailed placement is -1879, TNS before detailed placement is -3955083. 
RefinePlacement Iteration "20".
    Cost at Swap iteration  0:    wslk  -1833,    tns   -3983539,    takes    0.12 sec.
    Cost at DP   iteration  0:    wslk  -1697,    tns   -4097508,    takes    0.09 sec.
    Cost at Swap iteration  1:    wslk  -1685,    tns   -4110324,    takes    0.02 sec.
    Cost at Swap iteration  2:    wslk  -1654,    tns   -4120406,    takes    0.00 sec.
    Cost at DP   iteration  2:    wslk  -1635,    tns   -4141920,    takes    0.09 sec.
    Cost at Swap iteration  3:    wslk  -1635,    tns   -4153828,    takes    0.00 sec.
    Cost at Swap iteration  4:    wslk  -1635,    tns   -4163893,    takes    0.11 sec.
    Cost at DP   iteration  4:    wslk  -1635,    tns   -4140177,    takes    0.22 sec.
    Cost at Swap iteration  5:    wslk  -1635,    tns   -4141764,    takes    0.03 sec.
Worst slack after detailed placement is -1635, TNS after detailed placement is -4141764. 
Swapping placement takes 0.72 sec.

Wirelength after detailed placement is 30353 and checksum is A05E135CFF1305EF.
Timing-driven detailed placement takes 0.75 sec.

Worst slack is -1596, TNS after placement is -4044739.

Congestion analysis started.
Congestion analysis takes 0.00 sec.



Device Utilization Summary :
+------------------------------------------------------------------------------+
| Logic Utilization           | Used     | Available     | Utilization(%)     
+------------------------------------------------------------------------------+
| Use of ADC                  | 0        | 1             | 0                  
| Use of ANALOG               | 0        | 1             | 0                  
| Use of APM                  | 0        | 840           | 0                  
| Use of BKCL                 | 4        | 7             | 58                 
| Use of BKCLHP               | 0        | 3             | 0                  
| Use of CCS                  | 1        | 1             | 100                
| Use of CLMA                 | 960      | 42050         | 3                  
|   FF                        | 4133     | 336400        | 2                  
|   LUT                       | 2034     | 168200        | 2                  
|   LUT-FF pairs              | 1482     | 168200        | 1                  
|   LUT-CONST                 | 0        | 168200        | 0                  
| Use of CLMS                 | 381      | 18850         | 3                  
|   FF                        | 1634     | 150800        | 2                  
|   LUT                       | 808      | 75400         | 2                  
|   LUT-FF pairs              | 597      | 75400         | 1                  
|   LUT-CONST                 | 0        | 75400         | 0                  
|   Distributed RAM           | 8        | 75400         | 1                  
| Use of DDRPHY_CPD           | 0        | 17            | 0                  
| Use of DDRPHY_CPD_HP        | 0        | 3             | 0                  
| Use of DDRPHY_IOCLK_DIV     | 0        | 10            | 0                  
| Use of DDR_PHY              | 0        | 28            | 0                  
| Use of DDR_PHY_R            | 0        | 12            | 0                  
| Use of DRM                  | 5        | 480           | 2                  
| Use of GCLK_INBUF_SYN       | 0        | 40            | 0                  
| Use of GPLL                 | 2        | 10            | 20                 
| Use of GSEB                 | 0        | 746           | 0                  
| Use of HARD0                | 0        | 36600         | 0                  
| Use of HCKB                 | 2        | 168           | 2                  
|  HCKB dataused              | 1        | 168           | 1                  
|  HCKB-BYPASS                | 0        | 168           | 0                  
| Use of HSSTHP               | 1        | 4             | 25                 
|   HSST_LANE                 | 1        | 16            | 7                  
|   HSST_PLL                  | 1        | 4             | 25                 
| Use of HSSTHP_BUFDS         | 1        | 8             | 13                 
| Use of IO                   | 8        | 500           | 2                  
|   IOBD                      | 5        | 168           | 3                  
|   IOBDHP                    | 0        | 72            | 0                  
|   IOBS                      | 3        | 182           | 2                  
|   IOBSHP                    | 0        | 78            | 0                  
| Use of IOCKB                | 0        | 40            | 0                  
| Use of IOLHP                | 0        | 150           | 0                  
| Use of IOLHP_FIFO           | 0        | 12            | 0                  
|  IOLHP_FIFO-BYPASS          | 0        | 12            | 0                  
| Use of IOLHR                | 7        | 350           | 2                  
| Use of KEYRAM               | 0        | 1             | 0                  
| Use of MRCKB                | 0        | 20            | 0                  
| Use of PCIEGEN3             | 0        | 1             | 0                  
| Use of PPLL                 | 0        | 10            | 0                  
| Use of RCKB                 | 0        | 40            | 0                  
|  RCKB dataused              | 0        | 40            | 0                  
|  RCKB-BYPASS                | 0        | 40            | 0                  
| Use of RESCAL               | 0        | 3             | 0                  
| Use of SCANCHAIN            | 1        | 1             | 100                
| Use of SPAD                 | 2        | 16            | 13                 
| Use of TSERDES              | 0        | 56            | 0                  
| Use of USCM                 | 4        | 32            | 13                 
|  USCM dataused              | 1        | 32            | 4                  
|  USCM-BYPASS                | 0        | 32            | 0                  
+------------------------------------------------------------------------------+

Action place: Export DB successfully.
Placement done.
Total placement takes 11.94 sec.
Finished placement.
Design 'Main' has been placed successfully.
Action place: Real time elapsed is 0h:1m:18s
Action place: CPU time elapsed is 0h:0m:13s
Action place: Process CPU time elapsed is 0h:0m:30s
Action place: Peak memory pool usage is 3,124 MB

Current time: Thu Jun 13 12:55:29 2024
