#Build: Fabric Compiler 2023.2-SP1, Build 147282, Jun 03 13:26 2024
#Install: D:\Pango\PDS_2023.2-SP1\bin
#Application name: pds_shell.exe
#OS: Windows 11 10.0.22631
#Hostname: WORK_BOIKOV
Generated by Fabric Compiler (version 2023.2-SP1 build 147282) at Thu Jun 13 12:55:31 2024
Compiling verification operator library.
Compiling common defs.
Compiling prim grid devices.
Compiling place grid timing.
Compiling gate devices.
Compiling gate operators.
Building architecture model.
Loading device packaging model.
Building architecture floorplan logic view.
route strategy configuration : 
strategy name : 0
Elaborate the liberty model.

Routing started.
Enter timing driven router mode.
Route thread size: 7
Building routing graph takes 8.38 sec.
Enable Recovery Analysis in Routing
Init coarse delay table.
Read place coarse delay table takes 0.09 sec.
Build SRB system takes 0.02 sec.
Setup STE netlist take 4401 msec.
Slack Weight : 90
CE/RS signal series limit : 500
Dispose control chain take 39 msec.
Collect const net info take 149 msec.
Total nets for routing: 6254.
Total loads for routing: 23752.
Direct connect net size: 350
Build all design net take 203 msec.
Processing design graph takes 4.80 sec.
Delay table total memory: 114.79536438 MB
Route graph total memory: 408.97026730 MB
Route design total memory: 13.66056061 MB
Global routing takes 0.00 sec.
Pin Cost Increasing Speed 300
Total 6252 subnets.
Unrouted clock nets at iteration 0 (0.190 sec): 9
Unrouted clock nets at iteration 1 (0.135 sec): 5
Unrouted clock nets at iteration 2 (0.084 sec): 3
Unrouted clock nets at iteration 3 (0.010 sec): 2
Unrouted clock nets at iteration 4 (0.006 sec): 2
Unrouted clock nets at iteration 5 (0.007 sec): 2
Unrouted clock nets at iteration 6 (0.005 sec): 2
Unrouted clock nets at iteration 7 (0.003 sec): 2
Unrouted clock nets at iteration 8 (0.003 sec): 2
Unrouted clock nets at iteration 9 (0.002 sec): 2
Unrouted clock nets at iteration 10 (0.001 sec): 2
Unrouted clock nets at iteration 11 (0.003 sec): 2
Unrouted clock nets at iteration 12 (0.004 sec): 0
Total route nets size: 6238
Worst slack is -2234, TNS before route is -9309644.
I: Write file layers.txt end
Pre route takes 0.884 sec
Unrouted general nets at iteration 14 (MT total route time: 0.527 sec): 4975(overused: 21447)
Unrouted general nets at iteration 15 (MT total route time: 0.451 sec): 3602(overused: 10247)
Unrouted general nets at iteration 16 (MT total route time: 0.328 sec): 2245(overused: 5464)
Unrouted general nets at iteration 17 (MT total route time: 0.223 sec): 1724(overused: 4259)
Unrouted general nets at iteration 18 (MT total route time: 0.179 sec): 1518(overused: 3781)
Unrouted general nets at iteration 19 (MT total route time: 0.157 sec): 1070(overused: 2752)
Unrouted general nets at iteration 20 (MT total route time: 0.127 sec): 897(overused: 2288)
Unrouted general nets at iteration 21 (MT total route time: 0.111 sec): 775(overused: 1966)
Unrouted general nets at iteration 22 (MT total route time: 0.102 sec): 705(overused: 1790)
Unrouted general nets at iteration 23 (MT total route time: 0.100 sec): 639(overused: 1594)
Unrouted general nets at iteration 24 (MT total route time: 0.093 sec): 588(overused: 1440)
Unrouted general nets at iteration 25 (MT total route time: 0.071 sec): 89(overused: 166)
Unrouted general nets at iteration 26 (MT total route time: 0.015 sec): 32(overused: 64)
Unrouted general nets at iteration 27 (MT total route time: 0.009 sec): 22(overused: 44)
Unrouted general nets at iteration 28 (MT total route time: 0.007 sec): 18(overused: 28)
Unrouted general nets at iteration 29 (MT total route time: 0.007 sec): 10(overused: 18)
Unrouted general nets at iteration 30 (MT total route time: 0.006 sec): 6(overused: 12)
Unrouted general nets at iteration 31 (MT total route time: 0.006 sec): 0(overused: 0)
----General net take 0.005 sec(route net take 0.000 sec, inc cost take 0.003 sec, iter times: 1)
----const net route take 0.019 sec
Unrouted nets at iteration 32 (0.024 sec): 0
Detailed routing takes 4.19 sec.
I: Design net ntclkbufg_2 is routed by general path.
C: Route-2036: The clock path from clkbufg_5/gopclkbufg:CLKOUT to u_CORES/u_debug_core_0/u_rd_addr_gen/confck_same_ram.ram_radr[1]/opit_0_inv_L6Q_LUT6DQL5Q:CLK is routed by SRB.
I: Design net u_CORES/capt_o is routed by general path.
C: Route-2036: The clock path from u_CORES/u_GTP_SCANCHAIN_PG/scanchain:CAPTUREDR to u_CORES/u_debug_core_0/u_hub_data_decode/newconfini.conf_id_ini[2]/opit_0_inv:CLK is routed by SRB.
I: Design net u_CORES/drck_o is routed by general path.
C: Route-2036: The clock path from u_CORES/u_GTP_SCANCHAIN_PG/scanchain:TCK1 to clkbufg_5/gopclkbufg:CLK is routed by SRB.
Sort Original Nets take 0.003 sec
Build solution node for device pins which were mapped to more than one design pin take 0.004 sec
Check HPIO div result take 0.000 sec
Total net: 6254, route succeed net: 6254
Generate routing result take 0.009 sec
Handle PERMUX permutation take 0.121 sec
Handle const net take 0.011 sec
Handle route through take 0.004 sec
Handle loads' routing node take 0.023 sec
Used SRB routing arc is 43759.
Finish routing takes 0.22 sec.
Total routing takes 17.89 sec.


Device Utilization Summary :
+------------------------------------------------------------------------------+
| Logic Utilization           | Used     | Available     | Utilization(%)     
+------------------------------------------------------------------------------+
| Use of ADC                  | 0        | 1             | 0                  
| Use of ANALOG               | 0        | 1             | 0                  
| Use of APM                  | 0        | 840           | 0                  
| Use of BKCL                 | 4        | 7             | 58                 
| Use of BKCLHP               | 0        | 3             | 0                  
| Use of CCS                  | 1        | 1             | 100                
| Use of CLMA                 | 1051     | 42050         | 3                  
|   FF                        | 4133     | 336400        | 2                  
|   LUT                       | 2034     | 168200        | 2                  
|   LUT-FF pairs              | 1482     | 168200        | 1                  
|   LUT-CONST                 | 475      | 168200        | 1                  
| Use of CLMS                 | 391      | 18850         | 3                  
|   FF                        | 1634     | 150800        | 2                  
|   LUT                       | 808      | 75400         | 2                  
|   LUT-FF pairs              | 597      | 75400         | 1                  
|   LUT-CONST                 | 86       | 75400         | 1                  
|   Distributed RAM           | 8        | 75400         | 1                  
| Use of DDRPHY_CPD           | 0        | 17            | 0                  
| Use of DDRPHY_CPD_HP        | 0        | 3             | 0                  
| Use of DDRPHY_IOCLK_DIV     | 0        | 10            | 0                  
| Use of DDR_PHY              | 0        | 28            | 0                  
| Use of DDR_PHY_R            | 0        | 12            | 0                  
| Use of DRM                  | 5        | 480           | 2                  
| Use of GCLK_INBUF_SYN       | 0        | 40            | 0                  
| Use of GPLL                 | 2        | 10            | 20                 
| Use of GSEB                 | 0        | 746           | 0                  
| Use of HARD0                | 510      | 36600         | 2                  
| Use of HCKB                 | 9        | 168           | 6                  
|  HCKB dataused              | 5        | 168           | 3                  
|  HCKB-BYPASS                | 7        | 168           | 5                  
| Use of HSSTHP               | 1        | 4             | 25                 
|   HSST_LANE                 | 1        | 16            | 7                  
|   HSST_PLL                  | 1        | 4             | 25                 
| Use of HSSTHP_BUFDS         | 1        | 8             | 13                 
| Use of IO                   | 8        | 500           | 2                  
|   IOBD                      | 5        | 168           | 3                  
|   IOBDHP                    | 0        | 72            | 0                  
|   IOBS                      | 3        | 182           | 2                  
|   IOBSHP                    | 0        | 78            | 0                  
| Use of IOCKB                | 0        | 40            | 0                  
| Use of IOLHP                | 0        | 150           | 0                  
| Use of IOLHP_FIFO           | 0        | 12            | 0                  
|  IOLHP_FIFO-BYPASS          | 0        | 12            | 0                  
| Use of IOLHR                | 7        | 350           | 2                  
| Use of KEYRAM               | 0        | 1             | 0                  
| Use of MRCKB                | 0        | 20            | 0                  
| Use of PCIEGEN3             | 0        | 1             | 0                  
| Use of PPLL                 | 0        | 10            | 0                  
| Use of RCKB                 | 0        | 40            | 0                  
|  RCKB dataused              | 0        | 40            | 0                  
|  RCKB-BYPASS                | 0        | 40            | 0                  
| Use of RESCAL               | 0        | 3             | 0                  
| Use of SCANCHAIN            | 1        | 1             | 100                
| Use of SPAD                 | 2        | 16            | 13                 
| Use of TSERDES              | 0        | 56            | 0                  
| Use of USCM                 | 5        | 32            | 16                 
|  USCM dataused              | 5        | 32            | 16                 
|  USCM-BYPASS                | 1        | 32            | 4                  
+------------------------------------------------------------------------------+

Finished routing.
Design 'Main' has been routed successfully.
Saving design to DB.
Action route: Export DB successfully.
Action route: Real time elapsed is 0h:0m:34s
Action route: CPU time elapsed is 0h:0m:2s
Action route: Process CPU time elapsed is 0h:0m:3s
Action route: Peak memory pool usage is 3,062 MB

Current time: Thu Jun 13 12:56:03 2024
