#Build: Fabric Compiler 2023.2-SP1, Build 147282, Jun 03 13:26 2024
#Install: D:\Pango\PDS_2023.2-SP1\bin
#Application name: pds_shell.exe
#OS: Windows 11 10.0.22631
#Hostname: WORK_BOIKOV
Generated by Fabric Compiler (version 2023.2-SP1 build 147282) at Mon Jun 10 14:18:17 2024
Compiling verification operator library.
Compiling common defs.
Compiling prim grid devices.
Compiling place grid timing.
Compiling gate devices.
Compiling gate operators.
Building architecture model.
Loading device packaging model.
Building architecture floorplan logic view.
route strategy configuration : 
strategy name : 0
Elaborate the liberty model.

Routing started.
Enter timing driven router mode.
Route thread size: 7
Building routing graph takes 8.25 sec.
Enable Recovery Analysis in Routing
Init coarse delay table.
Read place coarse delay table takes 0.02 sec.
Build SRB system takes 0.09 sec.
Setup STE netlist take 4789 msec.
Slack Weight : 90
CE/RS signal series limit : 500
Dispose control chain take 118 msec.
Collect const net info take 175 msec.
Total nets for routing: 12443.
Total loads for routing: 46797.
Direct connect net size: 1236
Build all design net take 344 msec.
Processing design graph takes 5.43 sec.
Delay table total memory: 114.82270813 MB
Route graph total memory: 411.91542721 MB
Route design total memory: 22.05281830 MB
Global routing takes 0.00 sec.
Pin Cost Increasing Speed 300
Total 12441 subnets.
Unrouted clock nets at iteration 0 (0.327 sec): 9
Unrouted clock nets at iteration 1 (0.176 sec): 6
Unrouted clock nets at iteration 2 (0.091 sec): 6
Unrouted clock nets at iteration 3 (0.056 sec): 5
Unrouted clock nets at iteration 4 (0.055 sec): 5
Unrouted clock nets at iteration 5 (0.048 sec): 5
Unrouted clock nets at iteration 6 (0.051 sec): 5
Unrouted clock nets at iteration 7 (0.040 sec): 5
Unrouted clock nets at iteration 8 (0.027 sec): 3
Unrouted clock nets at iteration 9 (0.004 sec): 3
Unrouted clock nets at iteration 10 (0.003 sec): 3
Unrouted clock nets at iteration 11 (0.011 sec): 2
Unrouted clock nets at iteration 12 (0.006 sec): 0
Total route nets size: 12425
Worst slack is 2215, TNS before route is 0.
I: Write file layers.txt end
Pre route takes 1.501 sec
Unrouted general nets at iteration 14 (MT total route time: 0.943 sec): 9735(overused: 49839)
Unrouted general nets at iteration 15 (MT total route time: 0.858 sec): 5201(overused: 17019)
Unrouted general nets at iteration 16 (MT total route time: 0.485 sec): 2071(overused: 4319)
Unrouted general nets at iteration 17 (MT total route time: 0.290 sec): 557(overused: 823)
Unrouted general nets at iteration 18 (MT total route time: 0.308 sec): 157(overused: 207)
Unrouted general nets at iteration 19 (MT total route time: 0.320 sec): 31(overused: 32)
Unrouted general nets at iteration 20 (MT total route time: 0.299 sec): 11(overused: 14)
Unrouted general nets at iteration 21 (MT total route time: 0.290 sec): 8(overused: 8)
Unrouted general nets at iteration 22 (MT total route time: 0.323 sec): 8(overused: 8)
Unrouted general nets at iteration 23 (MT total route time: 0.304 sec): 8(overused: 8)
Unrouted general nets at iteration 24 (MT total route time: 0.131 sec): 4(overused: 4)
Unrouted general nets at iteration 25 (MT total route time: 0.059 sec): 2(overused: 2)
Unrouted general nets at iteration 26 (MT total route time: 0.023 sec): 2(overused: 2)
Unrouted general nets at iteration 27 (MT total route time: 0.014 sec): 0(overused: 0)
----General net take 0.015 sec(route net take 0.000 sec, inc cost take 0.008 sec, iter times: 1)
----const net route take 0.029 sec
Unrouted nets at iteration 28 (0.045 sec): 0
Detailed routing takes 7.58 sec.
I: Design net ntclkbufg_1 is routed by general path.
C: Route-2036: The clock path from clkbufg_4/gopclkbufg:CLKOUT to u_CORES/u_debug_core_0/u0_trig_unit/conf_reg[81]/opit_0_inv_L6Q_LUT6DQL5Q:CLK is routed by SRB.
I: Design net u_CORES/capt_o is routed by general path.
C: Route-2036: The clock path from u_CORES/u_GTP_SCANCHAIN_PG/scanchain:CAPTUREDR to u_CORES/u_debug_core_0/u_hub_data_decode/newconfini.conf_id_ini[0]/opit_0_inv:CLK is routed by SRB.
I: Design net u_CORES/drck_o is routed by general path.
C: Route-2036: The clock path from u_CORES/u_GTP_SCANCHAIN_PG/scanchain:TCK1 to clkbufg_4/gopclkbufg:CLK is routed by SRB.
Sort Original Nets take 0.006 sec
Build solution node for device pins which were mapped to more than one design pin take 0.008 sec
Check HPIO div result take 0.000 sec
Total net: 12443, route succeed net: 12443
Generate routing result take 0.017 sec
Handle PERMUX permutation take 0.245 sec
Handle const net take 0.015 sec
Handle route through take 0.010 sec
Handle loads' routing node take 0.056 sec
Used SRB routing arc is 93417.
Finish routing takes 0.45 sec.
Total routing takes 22.20 sec.


Device Utilization Summary :
+------------------------------------------------------------------------------+
| Logic Utilization           | Used     | Available     | Utilization(%)     
+------------------------------------------------------------------------------+
| Use of ADC                  | 0        | 1             | 0                  
| Use of ANALOG               | 0        | 1             | 0                  
| Use of APM                  | 0        | 840           | 0                  
| Use of BKCL                 | 4        | 7             | 58                 
| Use of BKCLHP               | 0        | 3             | 0                  
| Use of CCS                  | 1        | 1             | 100                
| Use of CLMA                 | 1818     | 42050         | 5                  
|   FF                        | 7610     | 336400        | 3                  
|   LUT                       | 4275     | 168200        | 3                  
|   LUT-FF pairs              | 2568     | 168200        | 2                  
|   LUT-CONST                 | 377      | 168200        | 1                  
| Use of CLMS                 | 677      | 18850         | 4                  
|   FF                        | 2989     | 150800        | 2                  
|   LUT                       | 1604     | 75400         | 3                  
|   LUT-FF pairs              | 996      | 75400         | 2                  
|   LUT-CONST                 | 84       | 75400         | 1                  
|   Distributed RAM           | 43       | 75400         | 1                  
| Use of DDRPHY_CPD           | 0        | 17            | 0                  
| Use of DDRPHY_CPD_HP        | 0        | 3             | 0                  
| Use of DDRPHY_IOCLK_DIV     | 0        | 10            | 0                  
| Use of DDR_PHY              | 0        | 28            | 0                  
| Use of DDR_PHY_R            | 0        | 12            | 0                  
| Use of DRM                  | 8        | 480           | 2                  
| Use of GCLK_INBUF_SYN       | 0        | 40            | 0                  
| Use of GPLL                 | 2        | 10            | 20                 
| Use of GSEB                 | 0        | 746           | 0                  
| Use of HARD0                | 903      | 36600         | 3                  
| Use of HCKB                 | 11       | 168           | 7                  
|  HCKB dataused              | 5        | 168           | 3                  
|  HCKB-BYPASS                | 9        | 168           | 6                  
| Use of HSSTHP               | 1        | 4             | 25                 
|   HSST_LANE                 | 1        | 16            | 7                  
|   HSST_PLL                  | 1        | 4             | 25                 
| Use of HSSTHP_BUFDS         | 1        | 8             | 13                 
| Use of IO                   | 12       | 500           | 3                  
|   IOBD                      | 5        | 168           | 3                  
|   IOBDHP                    | 1        | 72            | 2                  
|   IOBS                      | 5        | 182           | 3                  
|   IOBSHP                    | 1        | 78            | 2                  
| Use of IOCKB                | 0        | 40            | 0                  
| Use of IOLHP                | 2        | 150           | 2                  
| Use of IOLHP_FIFO           | 2        | 12            | 17                 
|  IOLHP_FIFO-BYPASS          | 2        | 12            | 17                 
| Use of IOLHR                | 9        | 350           | 3                  
| Use of KEYRAM               | 0        | 1             | 0                  
| Use of MRCKB                | 0        | 20            | 0                  
| Use of PCIEGEN3             | 0        | 1             | 0                  
| Use of PPLL                 | 0        | 10            | 0                  
| Use of RCKB                 | 0        | 40            | 0                  
|  RCKB dataused              | 0        | 40            | 0                  
|  RCKB-BYPASS                | 0        | 40            | 0                  
| Use of RESCAL               | 0        | 3             | 0                  
| Use of SCANCHAIN            | 1        | 1             | 100                
| Use of SPAD                 | 2        | 16            | 13                 
| Use of TSERDES              | 0        | 56            | 0                  
| Use of USCM                 | 5        | 32            | 16                 
|  USCM dataused              | 5        | 32            | 16                 
|  USCM-BYPASS                | 1        | 32            | 4                  
+------------------------------------------------------------------------------+

Finished routing.
Design 'Main' has been routed successfully.
Saving design to DB.
Action route: Export DB successfully.
Action route: Real time elapsed is 0h:0m:42s
Action route: CPU time elapsed is 0h:0m:4s
Action route: Process CPU time elapsed is 0h:0m:5s
Action route: Peak memory pool usage is 3,134 MB

Current time: Mon Jun 10 14:18:57 2024
