#Build: Fabric Compiler 2023.2-SP1, Build 147282, Jun 03 13:26 2024
#Install: D:\Pango\PDS_2023.2-SP1\bin
#Application name: pds_shell.exe
#OS: Windows 11 10.0.22631
#Hostname: WORK_BOIKOV
Generated by Fabric Compiler (version 2023.2-SP1 build 147282) at Mon Jun 10 14:16:59 2024
Compiling verification operator library.
Compiling common defs.
Compiling prim grid devices.
Compiling place grid timing.
Compiling gate devices.
Compiling gate operators.
Building architecture model.
Loading device packaging model.
place strategy configuration : 
strategy name : 0
Building architecture floorplan logic view.
Constraint check start.
W: ConstraintEditor-4040: [G:/Current_Pango/TenGigTest/device_map/Main.pcf(line number: 4)] Port sfp_1_tx_dis has been placed at location V19, whose type is share pin.
W: ConstraintEditor-4040: [G:/Current_Pango/TenGigTest/device_map/Main.pcf(line number: 5)] Port txd has been placed at location P22, whose type is share pin.
W: ConstraintEditor-4040: [G:/Current_Pango/TenGigTest/device_map/Main.pcf(line number: 6)] Port xge_rx_data_err has been placed at location J24, whose type is share pin.
W: ConstraintEditor-4040: [G:/Current_Pango/TenGigTest/device_map/Main.pcf(line number: 7)] Port xgmii_tx_ready has been placed at location J22, whose type is share pin.
W: ConstraintEditor-4040: [G:/Current_Pango/TenGigTest/device_map/Main.pcf(line number: 14)] Port rxd has been placed at location P21, whose type is share pin.
C: ConstraintEditor-2001: [G:/Current_Pango/TenGigTest/device_map/Main.pcf(line number: 15)] Object 'sfp_1_loss' is dangling, which has no connection. it will be ignored.
C: ConstraintEditor-2012: The U_HSSTHP_COMMON of HSSTHP_664_918 have a top priority when you constraints HSSTHP. Please check your constraint file.
W: ConstraintEditor-4019: Port 'o_p_lx_cdr_align_0' unspecified I/O constraint.
W: ConstraintEditor-4019: Port 'o_p_rx_sigdet_sta_0' unspecified I/O constraint.
W: ConstraintEditor-4019: Port 'sfp_1_rx_n' unspecified I/O constraint.
W: ConstraintEditor-4019: Port 'sfp_1_rx_p' unspecified I/O constraint.
W: ConstraintEditor-4019: Port 'sfp_1_tx_n' unspecified I/O constraint.
W: ConstraintEditor-4019: Port 'sfp_1_tx_p' unspecified I/O constraint.
Found 0 error(s), 2 critical warning(s), 11 warning(s), out of 15 constraint(s)
Constraint check end.
Total time(hh:mm:ss) of constraint check : 00:00:00
Elaborate the liberty model.
I: Column Clock Check open.
Read Column Clock Map.

Placement started.
Phase 1 Pre global placement started.
I: Write file layers.txt end
Placement Logic Optimization "Enable".
LUT6D Packing Strategy "3".
Collected 4468 lut, soft packing 2208.
Mapping instance GRS_INST/grs_ccs to CCS_87_622.
Mapping instance u_CORES/u_GTP_SCANCHAIN_PG/scanchain to SCANCHAIN_88_618.
Phase 1.1 Base clock placement started.
Mapping instance LinkMain/CLKBUFX_u1/clkbufc_inst to HCKB_357_2016.
Mapping instance LinkMain/CLKBUFX_u0/clkbufc_inst to HCKB_357_2017.
Mapping instance LinkMain/CLKBUFG_u/gopclkbufg to USCM_359_930.
Mapping instance Debug/u_gpll/gpll_inst to GPLL_7_769.
Mapping instance clkbufg_3/gopclkbufg to USCM_359_882.
Mapping instance Pll_50mhz/u_gpll/gpll_inst to GPLL_7_463.
Mapping instance clkbufg_5/gopclkbufg to USCM_359_885.
C: Place-2028: GLOBAL_CLOCK: the driver u_CORES/u_GTP_SCANCHAIN_PG/scanchain fixed at SCANCHAIN_88_618 is unreasonable. Sub-optimal placement for a clock source and a clock buffer.
Mapping instance clkbufg_4/gopclkbufg to USCM_359_888.
Base clock placement takes 0.02 sec.

Design Utilization : 4%.
Phase 1.2 1st GP placement started.
[GP] Placement Decongestion Mode 1.
[GP] Recovery Analysis in GP "Disable".
Init coarse delay table.
Read place coarse delay table takes 0.38 sec.
Build SRB system takes 0.48 sec.
[GP] Init timing API takes 6.92 sec.
[GP] Init GP graph takes 7.63 sec.
Device graph total memory: 124.67246056 MB
[GP] GP graph memory: 441.30629158 MB
[GP] Read position from netlist take 0 msec
[GP] Total node move: 1749944.39, average node move: 202.33
[GP] SA handle 1 clusters.
[GP] SA init_cost=585792.585714 final_cost=532538.714286 final_cost/init_cost=0.909091 occupied region_num=1
[GP] SA Optimize take time: 0.001000 sec.
[GP] MarginTNS=0, TNS=0, WNS=0
[GP] Place thread size: 4
[GP] Node size: 66130, net size: 12529
[GP] Design graph total memory: 235.65740013 MB
[GP] MarginTNS=0, TNS=0, WNS=0
[GP] Step 0 take 0.291 secs: WL=12410.15 OF=0.959875
[GP] MarginTNS=0, TNS=0, WNS=0
[GP] Step 1 take 1.102 secs: WL=17834.99 OF=0.922183
[GP] MarginTNS=0, TNS=0, WNS=0
[GP] Step 2 take 1.142 secs: WL=19686.86 OF=0.894162
[GP] MarginTNS=0, TNS=0, WNS=0
[GP] Step 3 take 1.111 secs: WL=20996.45 OF=0.874990
[GP] MarginTNS=0, TNS=0, WNS=0
[GP] Step 4 take 1.108 secs: WL=22565.27 OF=0.840251
[GP] MarginTNS=0, TNS=0, WNS=0
[GP] Step 5 take 1.103 secs: WL=24060.69 OF=0.787203
[GP] MarginTNS=0, TNS=0, WNS=0
[GP] Step 6 take 1.117 secs: WL=25485.05 OF=0.723899
[GP] MarginTNS=0, TNS=0, WNS=0
[GP] Step 7 take 1.109 secs: WL=26804.83 OF=0.665941
[GP] MarginTNS=0, TNS=0, WNS=0
[GP] Step 8 take 1.120 secs: WL=28719.54 OF=0.622670
[GP] MarginTNS=0, TNS=0, WNS=0
[GP] Step 9 take 1.127 secs: WL=31054.85 OF=0.568983
[GP] MarginTNS=0, TNS=0, WNS=0
[GP] Step 10 take 1.104 secs: WL=32991.32 OF=0.497716
[GP] MarginTNS=0, TNS=0, WNS=0
[GP] Step 11 take 1.138 secs: WL=34789.50 OF=0.433975
[GP] MarginTNS=0, TNS=0, WNS=0
[GP] Step 12 take 1.117 secs: WL=36132.66 OF=0.373429
[GP] MarginTNS=0, TNS=0, WNS=0
[GP] Step 13 take 1.104 secs: WL=37310.49 OF=0.311415
[GP] MarginTNS=0, TNS=0, WNS=0
[GP] Step 14 take 1.086 secs: WL=38284.73 OF=0.249852
[GP] MarginTNS=0, TNS=0, WNS=0
[GP] Step 15 take 1.083 secs: WL=39370.79 OF=0.192320
[GP] MarginTNS=0, TNS=0, WNS=0
[GP] Step 16 take 1.111 secs: WL=41737.87 OF=0.149544
[GP] MarginTNS=0, TNS=0, WNS=0
[GP] MarginTNS=0, TNS=0, WNS=0
[GP] Step 17 take 1.248 secs: WL=42902.54 OF=0.111015
[GP] Best WL=43832.528411 OF=0.082590, take 19.836000 secs.
[GP] MarginTNS=0, TNS=0, WNS=0
[GP] Total node move: 464371.02, average node move: 53.69
[GP] Placer use memory: 42.11971664 MB
[GP] GP graph memory: 454.94209194 MB
Wirelength after clock region global placement is 43294 and checksum is 6461B45C2B7E241B.
1st GP placement takes 5.66 sec.

Wirelength after Pre Global Placement is 43294 and checksum is 6461B45C2B7E241B.
Pre global placement takes 5.91 sec.

Phase 2 Global placement started.
Phase 2.1 Fixed placement started.
Placed fixed group with base inst Debug/u_buf1/opit_2 on IOLHR_16_1692.
Placed fixed group with base inst LinkMain/PHY_10G/U_GTP_HSSTHP_WRAPPER/REFCLK0_ENABLE.U_BUFDS_0/U_BUFDS/gatehsst_spadp on SPAD_663_1837.
Placed fixed group with base inst fan_obuf/opit_1 on IOLHR_16_6.
Placed fixed group with base inst fpga_rst_n_ibuf/opit_1 on IOLHR_16_786.
Placed fixed group with base inst i_clk_50_ibuf/opit_1 on IOLHR_16_774.
Placed fixed group with base inst rxd_ibuf/opit_1 on IOLHR_16_954.
Placed fixed group with base inst sfp_1_tx_dis_obuf/opit_1 on IOLHR_16_684.
Placed fixed group with base inst txd_obuf/opit_1 on IOLHR_16_948.
Placed fixed group with base inst xge_rx_data_err_obuf/opit_1 on IOLHR_16_1206.
Placed fixed group with base inst xgmii_tx_ready_obuf/opit_1 on IOLHR_16_1158.
Placed fixed instance LinkMain/PHY_10G/U_GTP_HSSTHP_WRAPPER/CHANNEL0_ENABLE.U_LANE0_WRAP/U_LANE0/gatehsst_lane on HSSTHP_664_1836.
Placed fixed instance LinkMain/PHY_10G/U_GTP_HSSTHP_WRAPPER/HPLL_ENABLE.U_HPLL_WRAP/U_HPLL/gatehsst_hpll on HSSTHP_664_1836.
Placed fixed instance Debug/u_gpll/gpll_inst on GPLL_7_769.
Placed fixed instance GRS_INST/grs_ccs on CCS_87_622.
Placed fixed instance LinkMain/CLKBUFG_u/gopclkbufg on USCM_359_930.
Placed fixed instance LinkMain/CLKBUFX_u0/clkbufc_inst on HCKB_357_2017.
Placed fixed instance LinkMain/CLKBUFX_u1/clkbufc_inst on HCKB_357_2016.
Placed fixed instance Pll_50mhz/u_gpll/gpll_inst on GPLL_7_463.
Placed fixed instance clkbufg_3/gopclkbufg on USCM_359_882.
Placed fixed instance clkbufg_4/gopclkbufg on USCM_359_888.
Placed fixed instance clkbufg_5/gopclkbufg on USCM_359_885.
Placed fixed instance u_CORES/u_GTP_SCANCHAIN_PG/scanchain on SCANCHAIN_88_618.
Placed fixed instance BKCL_auto_0 on BKCL_1_1564.
Placed fixed instance BKCL_auto_1 on BKCL_1_952.
Placed fixed instance BKCL_auto_2 on BKCL_1_646.
Placed fixed instance BKCL_auto_3 on BKCL_1_34.
Fixed placement takes 0.00 sec.

Phase 2.2 Process placement started.
DRC Placement Start.
DRC final successful.
DRC Placement Process takes 0.02 sec.
DRC Placement End.
DRCP end, takes 0.021 secs.
Process placement takes 0.02 sec.

Phase 2.3 IO placement started.
The average distance in IO place is 0.500000.
IO placement takes 0.00 sec.

Phase 2.4 Post Process placement started.
Post Process placement takes 0.00 sec.

Planning Before Place "Enable".
PBM start.
First map gop timing takes 0.03 sec
PBM of GP end, takes 0.11 sec.
Design Utilization : 4%.
Phase 2.5 2nd GP placement started.
Wirelength before global placement is 43294 and checksum is AC7A99B811F68F43.
[GP] Init timing API takes 0.00 sec.
[GP] Init GP graph takes 0.44 sec.
Device graph total memory: 124.67246056 MB
[GP] GP graph memory: 449.28249264 MB
[GP] Read position from netlist take 0 msec
[GP] Total node move: 320419.55, average node move: 37.06
[GP] MarginTNS=0, TNS=0, WNS=0
[GP] Place thread size: 4
[GP] Node size: 65923, net size: 12529
[GP] Design graph total memory: 242.11608410 MB
[GP] MarginTNS=0, TNS=0, WNS=0
[GP] Step 0 take 0.275 secs: WL=17187.77 OF=0.922262
[GP] MarginTNS=0, TNS=0, WNS=0
[GP] Step 1 take 1.134 secs: WL=20092.33 OF=0.889064
[GP] MarginTNS=0, TNS=0, WNS=0
[GP] Step 2 take 1.080 secs: WL=22498.09 OF=0.841545
[GP] MarginTNS=0, TNS=0, WNS=0
[GP] Step 3 take 1.095 secs: WL=23379.70 OF=0.802494
[GP] MarginTNS=0, TNS=0, WNS=0
[GP] Step 4 take 1.161 secs: WL=24194.10 OF=0.770082
[GP] MarginTNS=0, TNS=0, WNS=0
[GP] Step 5 take 1.162 secs: WL=25277.48 OF=0.736328
[GP] MarginTNS=0, TNS=0, WNS=0
[GP] Step 6 take 1.090 secs: WL=26786.87 OF=0.697991
[GP] MarginTNS=0, TNS=0, WNS=0
[GP] Step 7 take 1.083 secs: WL=28645.87 OF=0.655447
[GP] MarginTNS=0, TNS=0, WNS=0
[GP] Step 8 take 1.089 secs: WL=31120.00 OF=0.585414
[GP] MarginTNS=0, TNS=0, WNS=0
[GP] Step 9 take 1.104 secs: WL=33592.92 OF=0.519301
[GP] MarginTNS=0, TNS=0, WNS=0
[GP] Step 10 take 1.151 secs: WL=35738.36 OF=0.458624
[GP] MarginTNS=0, TNS=0, WNS=0
[GP] Step 11 take 1.113 secs: WL=36887.18 OF=0.393573
[GP] MarginTNS=0, TNS=0, WNS=0
[GP] Step 12 take 1.107 secs: WL=37719.04 OF=0.327309
[GP] MarginTNS=0, TNS=0, WNS=0
[GP] Step 13 take 1.116 secs: WL=38611.74 OF=0.264257
[GP] MarginTNS=0, TNS=0, WNS=0
[GP] Step 14 take 1.118 secs: WL=39476.09 OF=0.203421
[GP] MarginTNS=0, TNS=0, WNS=0
[GP] Step 15 take 1.110 secs: WL=41034.00 OF=0.148914
[GP] MarginTNS=0, TNS=0, WNS=0
[GP] MarginTNS=0, TNS=0, WNS=0
[GP] Step 16 take 1.256 secs: WL=42594.73 OF=0.113562
[GP] Best WL=43503.902698 OF=0.085801, take 18.747000 secs.
[GP] MarginTNS=0, TNS=0, WNS=0
[GP] Total node move: 79733.79, average node move: 9.22
[GP] Placer use memory: 51.41268539 MB
[GP] GP graph memory: 455.46187496 MB
2nd GP placement takes 2.52 sec.

Wirelength after global placement is 43116 and checksum is 98332DE45CB0B840.
Global placement takes 2.70 sec.

Phase 3 Post global placement started.
Phase 3.1 Macro cell placement started.
Early Place Macro "Global".
Auto Dispose Macro Object "Enable".
Wirelength after macro cell placement is 43116 and checksum is 9EB11D3DA0264840.
Macro cell placement takes 0.00 sec.

PBM start.
PBM of PostGP end, takes 0.00 sec.
Design Utilization : 4%.
Phase 3.2 3rd GP placement started.
Wirelength before post global placement is 43116 and checksum is 9EB11D3DA0264840.
[GP] Init timing API takes 0.00 sec.
[GP] Init GP graph takes 0.44 sec.
Device graph total memory: 124.67246056 MB
[GP] GP graph memory: 448.77110577 MB
[GP] Read position from netlist take 0 msec
[GP] Place thread size: 4
[GP] Node size: 65892, net size: 12529
[GP] Design graph total memory: 241.60469723 MB
[GP] MarginTNS=0, TNS=0, WNS=0
[GP] Step 0 take 0.418 secs: WL=44003.96 OF=0.087074
[GP] MarginTNS=0, TNS=0, WNS=0
[GP] Step 1 take 0.951 secs: WL=42468.90 OF=0.111379
[GP] Best WL=43068.077463 OF=0.093786, take 1.523000 secs.
[GP] MarginTNS=0, TNS=0, WNS=0
[GP] Total node move: 4489.28, average node move: 0.52
[GP] Placer use memory: 47.57728195 MB
[GP] GP graph memory: 454.95048809 MB
3rd GP placement takes 0.28 sec.

Wirelength after post global placement is 42815 and checksum is E5A5E0BFD85468D8.
I: Soft packing 2234 LUT6D, real packing 2238(100.18%) LUT6D.
The total number of packing LUT6D is 2238.
Worst slack after packing LUT6D is 1555.
Wirelength after packing LUT6D is 42823 and checksum is 17DB8AC603557F25.
Packing LUT6D takes 0.08 sec.
Post global placement takes 0.50 sec.

Optimize timing started.
Start lp timing optimize, WNS: 1555, TNS: 0.
End lp timing optimize, WNS: 1555, TNS: 0.
Timing driven place optimize takes 0.02 sec.
Wirelength after timing drive place optimize is 42823 and checksum is 17DB8AC603557F25.
Phase 4 Legalization started.
The average distance in LP is 0.312115.
Wirelength after legalization is 47630 and checksum is DF9658C9EFA8291F.
Legalization takes 0.02 sec.

Phase 5 Timing-driven detailed placement started.
Phase 5.1 Replication placement started.
Design Cells Duplication "Enable".
Recovery Analysis in RP "Disable".
Worst slack before Replication Place is 1572, TNS before Replication Place is 0. 
Replication placement takes 0.00 sec.

Wirelength after replication placement is 47630 and checksum is DF9658C9EFA8291F.
Recovery Analysis in DP "Disable".
RefinePlacement Mode "Swap".
Phase 5.2 Swapping placement started.
Worst slack before detailed placement is 1572, TNS before detailed placement is 0. 
RefinePlacement Iteration "20".
Worst slack after detailed placement is 1572, TNS after detailed placement is 0. 
Swapping placement takes 0.03 sec.

Wirelength after detailed placement is 47630 and checksum is DF9658C9EFA8291F.
Timing-driven detailed placement takes 0.03 sec.

Worst slack is 1574, TNS after placement is 0.

Congestion analysis started.
Congestion analysis takes 0.00 sec.



Device Utilization Summary :
+------------------------------------------------------------------------------+
| Logic Utilization           | Used     | Available     | Utilization(%)     
+------------------------------------------------------------------------------+
| Use of ADC                  | 0        | 1             | 0                  
| Use of ANALOG               | 0        | 1             | 0                  
| Use of APM                  | 0        | 840           | 0                  
| Use of BKCL                 | 4        | 7             | 58                 
| Use of BKCLHP               | 0        | 3             | 0                  
| Use of CCS                  | 1        | 1             | 100                
| Use of CLMA                 | 1743     | 42050         | 5                  
|   FF                        | 7610     | 336400        | 3                  
|   LUT                       | 4275     | 168200        | 3                  
|   LUT-FF pairs              | 2568     | 168200        | 2                  
|   LUT-CONST                 | 0        | 168200        | 0                  
| Use of CLMS                 | 664      | 18850         | 4                  
|   FF                        | 2989     | 150800        | 2                  
|   LUT                       | 1604     | 75400         | 3                  
|   LUT-FF pairs              | 996      | 75400         | 2                  
|   LUT-CONST                 | 0        | 75400         | 0                  
|   Distributed RAM           | 43       | 75400         | 1                  
| Use of DDRPHY_CPD           | 0        | 17            | 0                  
| Use of DDRPHY_CPD_HP        | 0        | 3             | 0                  
| Use of DDRPHY_IOCLK_DIV     | 0        | 10            | 0                  
| Use of DDR_PHY              | 0        | 28            | 0                  
| Use of DDR_PHY_R            | 0        | 12            | 0                  
| Use of DRM                  | 8        | 480           | 2                  
| Use of GCLK_INBUF_SYN       | 0        | 40            | 0                  
| Use of GPLL                 | 2        | 10            | 20                 
| Use of GSEB                 | 0        | 746           | 0                  
| Use of HARD0                | 0        | 36600         | 0                  
| Use of HCKB                 | 2        | 168           | 2                  
|  HCKB dataused              | 2        | 168           | 2                  
|  HCKB-BYPASS                | 0        | 168           | 0                  
| Use of HSSTHP               | 1        | 4             | 25                 
|   HSST_LANE                 | 1        | 16            | 7                  
|   HSST_PLL                  | 1        | 4             | 25                 
| Use of HSSTHP_BUFDS         | 1        | 8             | 13                 
| Use of IO                   | 12       | 500           | 3                  
|   IOBD                      | 5        | 168           | 3                  
|   IOBDHP                    | 1        | 72            | 2                  
|   IOBS                      | 5        | 182           | 3                  
|   IOBSHP                    | 1        | 78            | 2                  
| Use of IOCKB                | 0        | 40            | 0                  
| Use of IOLHP                | 2        | 150           | 2                  
| Use of IOLHP_FIFO           | 0        | 12            | 0                  
|  IOLHP_FIFO-BYPASS          | 0        | 12            | 0                  
| Use of IOLHR                | 9        | 350           | 3                  
| Use of KEYRAM               | 0        | 1             | 0                  
| Use of MRCKB                | 0        | 20            | 0                  
| Use of PCIEGEN3             | 0        | 1             | 0                  
| Use of PPLL                 | 0        | 10            | 0                  
| Use of RCKB                 | 0        | 40            | 0                  
|  RCKB dataused              | 0        | 40            | 0                  
|  RCKB-BYPASS                | 0        | 40            | 0                  
| Use of RESCAL               | 0        | 3             | 0                  
| Use of SCANCHAIN            | 1        | 1             | 100                
| Use of SPAD                 | 2        | 16            | 13                 
| Use of TSERDES              | 0        | 56            | 0                  
| Use of USCM                 | 4        | 32            | 13                 
|  USCM dataused              | 1        | 32            | 4                  
|  USCM-BYPASS                | 0        | 32            | 0                  
+------------------------------------------------------------------------------+

Action place: Export DB successfully.
Placement done.
Total placement takes 9.44 sec.
Finished placement.
Design 'Main' has been placed successfully.
Action place: Real time elapsed is 0h:1m:17s
Action place: CPU time elapsed is 0h:0m:10s
Action place: Process CPU time elapsed is 0h:0m:27s
Action place: Peak memory pool usage is 3,209 MB

Current time: Mon Jun 10 14:18:15 2024
