#Build: Fabric Compiler 2023.2-SP1, Build 147282, Jun 03 13:26 2024
#Install: D:\Pango\PDS_2023.2-SP1\bin
#Application name: pds_shell.exe
#OS: Windows 11 10.0.22631
#Hostname: WORK_BOIKOV
Generated by Fabric Compiler (version 2023.2-SP1 build 147282) at Mon Jun 10 17:11:29 2024
Compiling verification operator library.
Compiling common defs.
Compiling prim grid devices.
Compiling place grid timing.
Compiling gate devices.
Compiling gate operators.
Building architecture model.
Loading device packaging model.
place strategy configuration : 
strategy name : 0
Building architecture floorplan logic view.
Constraint check start.
W: ConstraintEditor-4040: [G:/Current_Pango/TenGigTest/device_map/Main.pcf(line number: 4)] Port sfp_1_tx_dis has been placed at location V19, whose type is share pin.
W: ConstraintEditor-4040: [G:/Current_Pango/TenGigTest/device_map/Main.pcf(line number: 5)] Port txd has been placed at location P22, whose type is share pin.
W: ConstraintEditor-4040: [G:/Current_Pango/TenGigTest/device_map/Main.pcf(line number: 6)] Port xge_rx_data_err has been placed at location J24, whose type is share pin.
W: ConstraintEditor-4040: [G:/Current_Pango/TenGigTest/device_map/Main.pcf(line number: 7)] Port xgmii_tx_ready has been placed at location J22, whose type is share pin.
W: ConstraintEditor-4040: [G:/Current_Pango/TenGigTest/device_map/Main.pcf(line number: 14)] Port rxd has been placed at location P21, whose type is share pin.
C: ConstraintEditor-2001: [G:/Current_Pango/TenGigTest/device_map/Main.pcf(line number: 15)] Object 'sfp_1_loss' is dangling, which has no connection. it will be ignored.
C: ConstraintEditor-2012: The U_HSSTHP_COMMON of HSSTHP_664_918 have a top priority when you constraints HSSTHP. Please check your constraint file.
W: ConstraintEditor-4019: Port 'o_p_lx_cdr_align_0' unspecified I/O constraint.
W: ConstraintEditor-4019: Port 'o_p_rx_sigdet_sta_0' unspecified I/O constraint.
W: ConstraintEditor-4019: Port 'sfp_1_rx_n' unspecified I/O constraint.
W: ConstraintEditor-4019: Port 'sfp_1_rx_p' unspecified I/O constraint.
W: ConstraintEditor-4019: Port 'sfp_1_tx_n' unspecified I/O constraint.
W: ConstraintEditor-4019: Port 'sfp_1_tx_p' unspecified I/O constraint.
Found 0 error(s), 2 critical warning(s), 11 warning(s), out of 15 constraint(s)
Constraint check end.
Total time(hh:mm:ss) of constraint check : 00:00:00
Elaborate the liberty model.
I: Column Clock Check open.
Read Column Clock Map.

Placement started.
Phase 1 Pre global placement started.
I: Write file layers.txt end
Placement Logic Optimization "Enable".
LUT6D Packing Strategy "3".
Collected 4030 lut, soft packing 1989.
Mapping instance GRS_INST/grs_ccs to CCS_87_622.
Mapping instance u_CORES/u_GTP_SCANCHAIN_PG/scanchain to SCANCHAIN_88_618.
Phase 1.1 Base clock placement started.
Mapping instance LinkMain/CLKBUFX_u1/clkbufc_inst to HCKB_357_2016.
Mapping instance LinkMain/CLKBUFX_u0/clkbufc_inst to HCKB_357_2017.
Mapping instance LinkMain/CLKBUFG_u/gopclkbufg to USCM_359_930.
Mapping instance Debug/u_gpll/gpll_inst to GPLL_7_769.
Mapping instance clkbufg_3/gopclkbufg to USCM_359_882.
Mapping instance Pll_50mhz/u_gpll/gpll_inst to GPLL_7_463.
Mapping instance clkbufg_5/gopclkbufg to USCM_359_885.
C: Place-2028: GLOBAL_CLOCK: the driver u_CORES/u_GTP_SCANCHAIN_PG/scanchain fixed at SCANCHAIN_88_618 is unreasonable. Sub-optimal placement for a clock source and a clock buffer.
Mapping instance clkbufg_4/gopclkbufg to USCM_359_888.
Base clock placement takes 0.00 sec.

Design Utilization : 3%.
Phase 1.2 1st GP placement started.
[GP] Placement Decongestion Mode 1.
[GP] Recovery Analysis in GP "Disable".
Init coarse delay table.
Read place coarse delay table takes 0.20 sec.
Build SRB system takes 0.84 sec.
[GP] Init timing API takes 7.45 sec.
[GP] Init GP graph takes 8.13 sec.
Device graph total memory: 124.67246056 MB
[GP] GP graph memory: 438.56079483 MB
[GP] Read position from netlist take 0 msec
[GP] Total node move: 1354477.12, average node move: 201.62
[GP] SA handle 1 clusters.
[GP] SA init_cost=591663.285714 final_cost=537875.714286 final_cost/init_cost=0.909091 occupied region_num=1
[GP] SA Optimize take time: 0.001000 sec.
[GP] MarginTNS=0, TNS=0, WNS=0
[GP] Place thread size: 4
[GP] Node size: 64552, net size: 9999
[GP] Design graph total memory: 232.50402832 MB
[GP] MarginTNS=0, TNS=0, WNS=0
[GP] Step 0 take 0.271 secs: WL=10540.36 OF=0.951827
[GP] MarginTNS=0, TNS=0, WNS=0
[GP] Step 1 take 1.061 secs: WL=14454.89 OF=0.930137
[GP] MarginTNS=0, TNS=0, WNS=0
[GP] Step 2 take 1.071 secs: WL=16776.22 OF=0.903456
[GP] MarginTNS=0, TNS=0, WNS=0
[GP] Step 3 take 1.053 secs: WL=18776.78 OF=0.857653
[GP] MarginTNS=0, TNS=0, WNS=0
[GP] Step 4 take 1.061 secs: WL=20239.29 OF=0.807525
[GP] MarginTNS=0, TNS=0, WNS=0
[GP] Step 5 take 1.071 secs: WL=20713.08 OF=0.734342
[GP] MarginTNS=0, TNS=0, WNS=0
[GP] Step 6 take 1.070 secs: WL=20707.50 OF=0.661098
[GP] MarginTNS=0, TNS=0, WNS=0
[GP] Step 7 take 1.059 secs: WL=21117.56 OF=0.611983
[GP] MarginTNS=0, TNS=0, WNS=0
[GP] Step 8 take 1.074 secs: WL=22358.55 OF=0.558605
[GP] MarginTNS=0, TNS=0, WNS=0
[GP] Step 9 take 1.090 secs: WL=23340.63 OF=0.488608
[GP] MarginTNS=0, TNS=0, WNS=0
[GP] Step 10 take 1.081 secs: WL=24320.02 OF=0.424625
[GP] MarginTNS=0, TNS=0, WNS=0
[GP] Step 11 take 1.097 secs: WL=25277.10 OF=0.360004
[GP] MarginTNS=0, TNS=0, WNS=0
[GP] Step 12 take 1.054 secs: WL=25962.98 OF=0.301294
[GP] MarginTNS=0, TNS=0, WNS=0
[GP] Step 13 take 1.050 secs: WL=26497.67 OF=0.240795
[GP] MarginTNS=0, TNS=0, WNS=0
[GP] Step 14 take 1.041 secs: WL=27064.16 OF=0.185528
[GP] MarginTNS=0, TNS=0, WNS=0
[GP] Step 15 take 1.075 secs: WL=27860.82 OF=0.136563
[GP] MarginTNS=0, TNS=0, WNS=0
[GP] MarginTNS=0, TNS=0, WNS=0
[GP] Step 16 take 1.182 secs: WL=29294.30 OF=0.104555
[GP] Best WL=29450.435511 OF=0.085353, take 17.898000 secs.
[GP] MarginTNS=0, TNS=0, WNS=0
[GP] Total node move: 326955.89, average node move: 48.67
[GP] Placer use memory: 40.08115768 MB
[GP] GP graph memory: 451.53435707 MB
Wirelength after clock region global placement is 29161 and checksum is BCD7EA88AC647BD7.
1st GP placement takes 4.70 sec.

Wirelength after Pre Global Placement is 29161 and checksum is BCD7EA88AC647BD7.
Pre global placement takes 4.80 sec.

Phase 2 Global placement started.
Phase 2.1 Fixed placement started.
Placed fixed group with base inst Debug/u_buf1/opit_2 on IOLHR_16_1692.
Placed fixed group with base inst LinkMain/PHY_10G/U_GTP_HSSTHP_WRAPPER/REFCLK0_ENABLE.U_BUFDS_0/U_BUFDS/gatehsst_spadp on SPAD_663_1837.
Placed fixed group with base inst fan_obuf/opit_1 on IOLHR_16_6.
Placed fixed group with base inst fpga_rst_n_ibuf/opit_1 on IOLHR_16_786.
Placed fixed group with base inst i_clk_50_ibuf/opit_1 on IOLHR_16_774.
Placed fixed group with base inst rxd_ibuf/opit_1 on IOLHR_16_954.
Placed fixed group with base inst sfp_1_tx_dis_obuf/opit_1 on IOLHR_16_684.
Placed fixed group with base inst txd_obuf/opit_1 on IOLHR_16_948.
Placed fixed group with base inst xge_rx_data_err_obuf/opit_1 on IOLHR_16_1206.
Placed fixed group with base inst xgmii_tx_ready_obuf/opit_1 on IOLHR_16_1158.
Placed fixed instance LinkMain/PHY_10G/U_GTP_HSSTHP_WRAPPER/CHANNEL0_ENABLE.U_LANE0_WRAP/U_LANE0/gatehsst_lane on HSSTHP_664_1836.
Placed fixed instance LinkMain/PHY_10G/U_GTP_HSSTHP_WRAPPER/HPLL_ENABLE.U_HPLL_WRAP/U_HPLL/gatehsst_hpll on HSSTHP_664_1836.
Placed fixed instance Debug/u_gpll/gpll_inst on GPLL_7_769.
Placed fixed instance GRS_INST/grs_ccs on CCS_87_622.
Placed fixed instance LinkMain/CLKBUFG_u/gopclkbufg on USCM_359_930.
Placed fixed instance LinkMain/CLKBUFX_u0/clkbufc_inst on HCKB_357_2017.
Placed fixed instance LinkMain/CLKBUFX_u1/clkbufc_inst on HCKB_357_2016.
Placed fixed instance Pll_50mhz/u_gpll/gpll_inst on GPLL_7_463.
Placed fixed instance clkbufg_3/gopclkbufg on USCM_359_882.
Placed fixed instance clkbufg_4/gopclkbufg on USCM_359_888.
Placed fixed instance clkbufg_5/gopclkbufg on USCM_359_885.
Placed fixed instance u_CORES/u_GTP_SCANCHAIN_PG/scanchain on SCANCHAIN_88_618.
Placed fixed instance BKCL_auto_0 on BKCL_1_1564.
Placed fixed instance BKCL_auto_1 on BKCL_1_952.
Placed fixed instance BKCL_auto_2 on BKCL_1_646.
Placed fixed instance BKCL_auto_3 on BKCL_1_34.
Fixed placement takes 0.00 sec.

Phase 2.2 Process placement started.
DRC Placement Start.
DRC final successful.
DRC Placement Process takes 0.02 sec.
DRC Placement End.
DRCP end, takes 0.020 secs.
Process placement takes 0.02 sec.

Phase 2.3 IO placement started.
The average distance in IO place is 12.000000.
IO placement takes 0.00 sec.

Phase 2.4 Post Process placement started.
Post Process placement takes 0.00 sec.

Planning Before Place "Enable".
PBM start.
First map gop timing takes 0.00 sec
PBM of GP end, takes 0.02 sec.
Design Utilization : 3%.
Phase 2.5 2nd GP placement started.
Wirelength before global placement is 29185 and checksum is 7B1BA15B0FF4D1F3.
[GP] Init timing API takes 0.00 sec.
[GP] Init GP graph takes 0.41 sec.
Device graph total memory: 124.67246056 MB
[GP] GP graph memory: 446.19108009 MB
[GP] Read position from netlist take 0 msec
[GP] Total node move: 255366.13, average node move: 38.02
[GP] MarginTNS=0, TNS=0, WNS=0
[GP] Place thread size: 4
[GP] Node size: 64345, net size: 9999
[GP] Design graph total memory: 238.61679649 MB
[GP] MarginTNS=0, TNS=0, WNS=0
[GP] Step 0 take 0.243 secs: WL=16952.33 OF=0.904116
[GP] MarginTNS=0, TNS=0, WNS=0
[GP] Step 1 take 1.066 secs: WL=18549.23 OF=0.851080
[GP] MarginTNS=0, TNS=0, WNS=0
[GP] Step 2 take 1.054 secs: WL=19623.83 OF=0.795371
[GP] MarginTNS=0, TNS=0, WNS=0
[GP] Step 3 take 1.037 secs: WL=19537.75 OF=0.762242
[GP] MarginTNS=0, TNS=0, WNS=0
[GP] Step 4 take 1.050 secs: WL=20191.17 OF=0.722789
[GP] MarginTNS=0, TNS=0, WNS=0
[GP] Step 5 take 1.057 secs: WL=20876.74 OF=0.680636
[GP] MarginTNS=0, TNS=0, WNS=0
[GP] Step 6 take 1.038 secs: WL=21680.86 OF=0.629092
[GP] MarginTNS=0, TNS=0, WNS=0
[GP] Step 7 take 1.044 secs: WL=22628.44 OF=0.572545
[GP] MarginTNS=0, TNS=0, WNS=0
[GP] Step 8 take 1.050 secs: WL=23863.98 OF=0.503640
[GP] MarginTNS=0, TNS=0, WNS=0
[GP] Step 9 take 1.036 secs: WL=24790.05 OF=0.442337
[GP] MarginTNS=0, TNS=0, WNS=0
[GP] Step 10 take 1.033 secs: WL=25343.64 OF=0.379910
[GP] MarginTNS=0, TNS=0, WNS=0
[GP] Step 11 take 1.060 secs: WL=25941.32 OF=0.316665
[GP] MarginTNS=0, TNS=0, WNS=0
[GP] Step 12 take 1.047 secs: WL=26817.33 OF=0.255115
[GP] MarginTNS=0, TNS=0, WNS=0
[GP] Step 13 take 1.040 secs: WL=27318.44 OF=0.195390
[GP] MarginTNS=0, TNS=0, WNS=0
[GP] MarginTNS=0, TNS=0, WNS=0
[GP] Step 14 take 1.160 secs: WL=28359.24 OF=0.140232
[GP] MarginTNS=0, TNS=0, WNS=0
[GP] Step 15 take 0.853 secs: WL=28873.13 OF=0.107214
[GP] Best WL=29335.344658 OF=0.085764, take 16.283000 secs.
[GP] MarginTNS=0, TNS=0, WNS=0
[GP] Total node move: 52695.11, average node move: 7.85
[GP] Placer use memory: 49.37914658 MB
[GP] GP graph memory: 451.96258736 MB
2nd GP placement takes 3.92 sec.

Wirelength after global placement is 29083 and checksum is DE3D8D3074BC5E4A.
Global placement takes 3.95 sec.

Phase 3 Post global placement started.
Phase 3.1 Macro cell placement started.
Early Place Macro "Global".
Auto Dispose Macro Object "Enable".
Wirelength after macro cell placement is 29083 and checksum is C5F316AE66282D30.
Macro cell placement takes 0.05 sec.

PBM start.
PBM of PostGP end, takes 0.00 sec.
Design Utilization : 3%.
Phase 3.2 3rd GP placement started.
Wirelength before post global placement is 29083 and checksum is C5F316AE66282D30.
[GP] Init timing API takes 0.00 sec.
[GP] Init GP graph takes 0.40 sec.
Device graph total memory: 124.67246056 MB
[GP] GP graph memory: 445.75729561 MB
[GP] Read position from netlist take 0 msec
[GP] Place thread size: 4
[GP] Node size: 64331, net size: 9999
[GP] Design graph total memory: 238.18301201 MB
[GP] MarginTNS=0, TNS=0, WNS=0
[GP] Step 0 take 0.355 secs: WL=29767.68 OF=0.086227
[GP] MarginTNS=0, TNS=0, WNS=0
[GP] Step 1 take 0.854 secs: WL=28806.27 OF=0.107474
[GP] Best WL=29137.780792 OF=0.092294, take 1.356000 secs.
[GP] MarginTNS=0, TNS=0, WNS=0
[GP] Total node move: 3135.97, average node move: 0.47
[GP] Placer use memory: 45.82288742 MB
[GP] GP graph memory: 451.52880287 MB
3rd GP placement takes 0.52 sec.

Wirelength after post global placement is 28964 and checksum is 2EDDA8549FF2650C.
I: Soft packing 2015 LUT6D, real packing 2002(99.35%) LUT6D.
The total number of packing LUT6D is 2002.
Worst slack after packing LUT6D is 1996.
Wirelength after packing LUT6D is 28973 and checksum is 18FF901AD18B22CC.
Packing LUT6D takes 0.06 sec.
Post global placement takes 0.77 sec.

Optimize timing started.
Start lp timing optimize, WNS: 1996, TNS: 0.
End lp timing optimize, WNS: 1996, TNS: 0.
Timing driven place optimize takes 0.00 sec.
Wirelength after timing drive place optimize is 28973 and checksum is 18FF901AD18B22CC.
Phase 4 Legalization started.
The average distance in LP is 0.322355.
Wirelength after legalization is 33252 and checksum is 4E00054429D3FD7A.
Legalization takes 0.11 sec.

Phase 5 Timing-driven detailed placement started.
Phase 5.1 Replication placement started.
Design Cells Duplication "Enable".
Recovery Analysis in RP "Disable".
Worst slack before Replication Place is 1815, TNS before Replication Place is 0. 
Replication placement takes 0.00 sec.

Wirelength after replication placement is 33252 and checksum is 4E00054429D3FD7A.
Recovery Analysis in DP "Disable".
RefinePlacement Mode "Swap".
Phase 5.2 Swapping placement started.
Worst slack before detailed placement is 1815, TNS before detailed placement is 0. 
RefinePlacement Iteration "20".
Worst slack after detailed placement is 1815, TNS after detailed placement is 0. 
Swapping placement takes 0.02 sec.

Wirelength after detailed placement is 33252 and checksum is 4E00054429D3FD7A.
Timing-driven detailed placement takes 0.02 sec.

Worst slack is 1815, TNS after placement is 0.

Congestion analysis started.
Congestion analysis takes 0.02 sec.



Device Utilization Summary :
+------------------------------------------------------------------------------+
| Logic Utilization           | Used     | Available     | Utilization(%)     
+------------------------------------------------------------------------------+
| Use of ADC                  | 0        | 1             | 0                  
| Use of ANALOG               | 0        | 1             | 0                  
| Use of APM                  | 0        | 840           | 0                  
| Use of BKCL                 | 4        | 7             | 58                 
| Use of BKCLHP               | 0        | 3             | 0                  
| Use of CCS                  | 1        | 1             | 100                
| Use of CLMA                 | 1376     | 42050         | 4                  
|   FF                        | 6252     | 336400        | 2                  
|   LUT                       | 3182     | 168200        | 2                  
|   LUT-FF pairs              | 2094     | 168200        | 2                  
|   LUT-CONST                 | 0        | 168200        | 0                  
| Use of CLMS                 | 543      | 18850         | 3                  
|   FF                        | 2592     | 150800        | 2                  
|   LUT                       | 1308     | 75400         | 2                  
|   LUT-FF pairs              | 968      | 75400         | 2                  
|   LUT-CONST                 | 0        | 75400         | 0                  
|   Distributed RAM           | 8        | 75400         | 1                  
| Use of DDRPHY_CPD           | 0        | 17            | 0                  
| Use of DDRPHY_CPD_HP        | 0        | 3             | 0                  
| Use of DDRPHY_IOCLK_DIV     | 0        | 10            | 0                  
| Use of DDR_PHY              | 0        | 28            | 0                  
| Use of DDR_PHY_R            | 0        | 12            | 0                  
| Use of DRM                  | 8        | 480           | 2                  
| Use of GCLK_INBUF_SYN       | 0        | 40            | 0                  
| Use of GPLL                 | 2        | 10            | 20                 
| Use of GSEB                 | 0        | 746           | 0                  
| Use of HARD0                | 0        | 36600         | 0                  
| Use of HCKB                 | 2        | 168           | 2                  
|  HCKB dataused              | 2        | 168           | 2                  
|  HCKB-BYPASS                | 0        | 168           | 0                  
| Use of HSSTHP               | 1        | 4             | 25                 
|   HSST_LANE                 | 1        | 16            | 7                  
|   HSST_PLL                  | 1        | 4             | 25                 
| Use of HSSTHP_BUFDS         | 1        | 8             | 13                 
| Use of IO                   | 12       | 500           | 3                  
|   IOBD                      | 5        | 168           | 3                  
|   IOBDHP                    | 1        | 72            | 2                  
|   IOBS                      | 6        | 182           | 4                  
|   IOBSHP                    | 0        | 78            | 0                  
| Use of IOCKB                | 0        | 40            | 0                  
| Use of IOLHP                | 1        | 150           | 1                  
| Use of IOLHP_FIFO           | 0        | 12            | 0                  
|  IOLHP_FIFO-BYPASS          | 0        | 12            | 0                  
| Use of IOLHR                | 10       | 350           | 3                  
| Use of KEYRAM               | 0        | 1             | 0                  
| Use of MRCKB                | 0        | 20            | 0                  
| Use of PCIEGEN3             | 0        | 1             | 0                  
| Use of PPLL                 | 0        | 10            | 0                  
| Use of RCKB                 | 0        | 40            | 0                  
|  RCKB dataused              | 0        | 40            | 0                  
|  RCKB-BYPASS                | 0        | 40            | 0                  
| Use of RESCAL               | 0        | 3             | 0                  
| Use of SCANCHAIN            | 1        | 1             | 100                
| Use of SPAD                 | 2        | 16            | 13                 
| Use of TSERDES              | 0        | 56            | 0                  
| Use of USCM                 | 4        | 32            | 13                 
|  USCM dataused              | 1        | 32            | 4                  
|  USCM-BYPASS                | 0        | 32            | 0                  
+------------------------------------------------------------------------------+

Action place: Export DB successfully.
Placement done.
Total placement takes 10.02 sec.
Finished placement.
Design 'Main' has been placed successfully.
Action place: Real time elapsed is 0h:1m:11s
Action place: CPU time elapsed is 0h:0m:11s
Action place: Process CPU time elapsed is 0h:0m:26s
Action place: Peak memory pool usage is 3,171 MB

Current time: Mon Jun 10 17:12:38 2024
