#Build: Fabric Compiler 2023.2-SP1, Build 147282, Jun 03 13:26 2024
#Install: D:\Pango\PDS_2023.2-SP1\bin
#Application name: pds_shell.exe
#OS: Windows 11 10.0.22631
#Hostname: WORK_BOIKOV
Generated by Fabric Compiler (version 2023.2-SP1 build 147282) at Tue Jun 11 15:29:50 2024
Compiling verification operator library.
Compiling common defs.
Compiling prim grid devices.
Compiling place grid timing.
Compiling gate devices.
Compiling gate operators.
Building architecture model.
Loading device packaging model.
place strategy configuration : 
strategy name : 0
Building architecture floorplan logic view.
Constraint check start.
W: ConstraintEditor-4040: [G:/Current_Pango/TenGigTest/device_map/Main.pcf(line number: 4)] Port sfp_1_tx_dis has been placed at location V19, whose type is share pin.
W: ConstraintEditor-4040: [G:/Current_Pango/TenGigTest/device_map/Main.pcf(line number: 5)] Port txd has been placed at location P22, whose type is share pin.
W: ConstraintEditor-4040: [G:/Current_Pango/TenGigTest/device_map/Main.pcf(line number: 6)] Port xge_rx_data_err has been placed at location J24, whose type is share pin.
W: ConstraintEditor-4040: [G:/Current_Pango/TenGigTest/device_map/Main.pcf(line number: 7)] Port xgmii_tx_ready has been placed at location J22, whose type is share pin.
W: ConstraintEditor-4040: [G:/Current_Pango/TenGigTest/device_map/Main.pcf(line number: 14)] Port rxd has been placed at location P21, whose type is share pin.
C: ConstraintEditor-2001: [G:/Current_Pango/TenGigTest/device_map/Main.pcf(line number: 15)] Object 'sfp_1_loss' is dangling, which has no connection. it will be ignored.
C: ConstraintEditor-2012: The U_HSSTHP_COMMON of HSSTHP_664_918 have a top priority when you constraints HSSTHP. Please check your constraint file.
W: ConstraintEditor-4019: Port 'o_p_lx_cdr_align_0' unspecified I/O constraint.
W: ConstraintEditor-4019: Port 'o_p_rx_sigdet_sta_0' unspecified I/O constraint.
W: ConstraintEditor-4019: Port 'sfp_1_rx_n' unspecified I/O constraint.
W: ConstraintEditor-4019: Port 'sfp_1_rx_p' unspecified I/O constraint.
W: ConstraintEditor-4019: Port 'sfp_1_tx_n' unspecified I/O constraint.
W: ConstraintEditor-4019: Port 'sfp_1_tx_p' unspecified I/O constraint.
Found 0 error(s), 2 critical warning(s), 11 warning(s), out of 15 constraint(s)
Constraint check end.
Total time(hh:mm:ss) of constraint check : 00:00:00
Elaborate the liberty model.
I: Column Clock Check open.
Read Column Clock Map.

Placement started.
Phase 1 Pre global placement started.
I: Write file layers.txt end
Placement Logic Optimization "Enable".
LUT6D Packing Strategy "3".
Collected 304 lut, soft packing 150.
Mapping instance GRS_INST/grs_ccs to CCS_87_622.
Phase 1.1 Base clock placement started.
Mapping instance LinkMain/CLKBUFX_u0/clkbufc_inst to HCKB_357_2016.
Mapping instance LinkMain/CLKBUFX_u1/clkbufc_inst to HCKB_357_2017.
Mapping instance Pll_50mhz/u_gpll/gpll_inst to GPLL_7_769.
Mapping instance clkbufg_0/gopclkbufg to USCM_359_882.
Base clock placement takes 0.02 sec.

Design Utilization : 1%.
Phase 1.2 1st GP placement started.
[GP] Placement Decongestion Mode 1.
[GP] Recovery Analysis in GP "Disable".
Init coarse delay table.
Read place coarse delay table takes 0.12 sec.
Build SRB system takes 0.12 sec.
[GP] Init timing API takes 6.87 sec.
[GP] Init GP graph takes 7.43 sec.
Device graph total memory: 124.67246056 MB
[GP] GP graph memory: 426.95340061 MB
[GP] Read position from netlist take 0 msec
[GP] Total node move: 210151.44, average node move: 204.43
[GP] SA handle 1 clusters.
[GP] SA init_cost=193647.142857 final_cost=176042.857143 final_cost/init_cost=0.909091 occupied region_num=1
[GP] SA Optimize take time: 0.001000 sec.
[GP] MarginTNS=0, TNS=0, WNS=0
[GP] Place thread size: 4
[GP] Node size: 59822, net size: 1441
[GP] Design graph total memory: 209.02435017 MB
[GP] MarginTNS=0, TNS=0, WNS=0
[GP] Step 0 take 0.112 secs: WL=2149.82 OF=0.866132
[GP] MarginTNS=0, TNS=0, WNS=0
[GP] Step 1 take 0.654 secs: WL=2511.91 OF=0.784264
[GP] MarginTNS=0, TNS=0, WNS=0
[GP] Step 2 take 0.631 secs: WL=2579.65 OF=0.718235
[GP] MarginTNS=0, TNS=0, WNS=0
[GP] Step 3 take 0.642 secs: WL=2575.32 OF=0.680988
[GP] MarginTNS=0, TNS=0, WNS=0
[GP] Step 4 take 0.634 secs: WL=2757.45 OF=0.663708
[GP] MarginTNS=0, TNS=0, WNS=0
[GP] Step 5 take 0.662 secs: WL=2878.60 OF=0.605280
[GP] MarginTNS=0, TNS=0, WNS=0
[GP] Step 6 take 0.644 secs: WL=3015.44 OF=0.547022
[GP] MarginTNS=0, TNS=0, WNS=0
[GP] Step 7 take 0.633 secs: WL=3162.93 OF=0.489698
[GP] MarginTNS=0, TNS=0, WNS=0
[GP] Step 8 take 0.650 secs: WL=3350.28 OF=0.419616
[GP] MarginTNS=0, TNS=0, WNS=0
[GP] Step 9 take 0.639 secs: WL=3745.46 OF=0.358645
[GP] MarginTNS=0, TNS=0, WNS=0
[GP] Step 10 take 0.619 secs: WL=4165.61 OF=0.285044
[GP] MarginTNS=0, TNS=0, WNS=0
[GP] Step 11 take 0.620 secs: WL=4339.00 OF=0.222040
[GP] MarginTNS=0, TNS=0, WNS=0
[GP] Step 12 take 0.606 secs: WL=4474.50 OF=0.160432
[GP] MarginTNS=0, TNS=0, WNS=0
[GP] Step 13 take 0.612 secs: WL=4576.82 OF=0.110238
[GP] Best WL=4606.894803 OF=0.099626, take 8.459000 secs.
[GP] MarginTNS=0, TNS=0, WNS=0
[GP] Total node move: 35842.46, average node move: 34.87
[GP] Placer use memory: 29.95855331 MB
[GP] GP graph memory: 439.01574612 MB
Wirelength after clock region global placement is 4524 and checksum is D0D4E5A8BE1C4A8B.
1st GP placement takes 3.70 sec.

Wirelength after Pre Global Placement is 4524 and checksum is D0D4E5A8BE1C4A8B.
Pre global placement takes 3.97 sec.

Phase 2 Global placement started.
Phase 2.1 Fixed placement started.
Placed fixed group with base inst Debug/u_buf1/opit_2 on IOLHR_16_1692.
Placed fixed group with base inst LinkMain/PHY_10G/U_GTP_HSSTHP_WRAPPER/REFCLK0_ENABLE.U_BUFDS_0/U_BUFDS/gatehsst_spadp on SPAD_663_1837.
Placed fixed group with base inst fan_obuf/opit_1 on IOLHR_16_6.
Placed fixed group with base inst fpga_rst_n_ibuf/opit_1 on IOLHR_16_786.
Placed fixed group with base inst i_clk_50_ibuf/opit_1 on IOLHR_16_774.
Placed fixed group with base inst rxd_ibuf/opit_1 on IOLHR_16_954.
Placed fixed group with base inst sfp_1_tx_dis_obuf/opit_1 on IOLHR_16_684.
Placed fixed group with base inst txd_obuf/opit_1 on IOLHR_16_948.
Placed fixed group with base inst xge_rx_data_err_obuf/opit_1 on IOLHR_16_1206.
Placed fixed group with base inst xgmii_tx_ready_obuf/opit_1 on IOLHR_16_1158.
Placed fixed instance LinkMain/PHY_10G/U_GTP_HSSTHP_WRAPPER/CHANNEL0_ENABLE.U_LANE0_WRAP/U_LANE0/gatehsst_lane on HSSTHP_664_1836.
Placed fixed instance LinkMain/PHY_10G/U_GTP_HSSTHP_WRAPPER/HPLL_ENABLE.U_HPLL_WRAP/U_HPLL/gatehsst_hpll on HSSTHP_664_1836.
Placed fixed instance GRS_INST/grs_ccs on CCS_87_622.
Placed fixed instance LinkMain/CLKBUFX_u0/clkbufc_inst on HCKB_357_2016.
Placed fixed instance LinkMain/CLKBUFX_u1/clkbufc_inst on HCKB_357_2017.
Placed fixed instance Pll_50mhz/u_gpll/gpll_inst on GPLL_7_769.
Placed fixed instance clkbufg_0/gopclkbufg on USCM_359_882.
Placed fixed instance BKCL_auto_0 on BKCL_1_1564.
Placed fixed instance BKCL_auto_1 on BKCL_1_952.
Placed fixed instance BKCL_auto_2 on BKCL_1_646.
Placed fixed instance BKCL_auto_3 on BKCL_1_34.
Fixed placement takes 0.00 sec.

Phase 2.2 Process placement started.
DRC Placement Start.
DRC final successful.
DRC Placement Process takes 0.02 sec.
DRC Placement End.
DRCP end, takes 0.019 secs.
Process placement takes 0.09 sec.

Phase 2.3 IO placement started.
The average distance in IO place is 1.000000.
IO placement takes 0.00 sec.

Phase 2.4 Post Process placement started.
Post Process placement takes 0.00 sec.

Planning Before Place "Enable".
PBM start.
First map gop timing takes 0.00 sec
PBM of GP end, takes 0.00 sec.
Design Utilization : 1%.
Phase 2.5 2nd GP placement started.
Wirelength before global placement is 4524 and checksum is B09310E2DD7EA931.
[GP] Init timing API takes 0.00 sec.
[GP] Init GP graph takes 0.28 sec.
Device graph total memory: 124.67246056 MB
[GP] GP graph memory: 433.16564846 MB
[GP] Read position from netlist take 0 msec
[GP] Place thread size: 4
[GP] Node size: 59822, net size: 1441
[GP] Design graph total memory: 215.23659801 MB
[GP] MarginTNS=0, TNS=0, WNS=0
[GP] Step 0 take 0.118 secs: WL=4644.15 OF=0.099248
[GP] MarginTNS=0, TNS=0, WNS=0
[GP] Step 1 take 0.594 secs: WL=4497.56 OF=0.139480
[GP] MarginTNS=0, TNS=0, WNS=0
[GP] Step 2 take 0.608 secs: WL=4593.66 OF=0.100543
[GP] MarginTNS=0, TNS=0, WNS=0
[GP] Step 3 take 0.612 secs: WL=4623.91 OF=0.086299
[GP] MarginTNS=0, TNS=0, WNS=0
[GP] Step 4 take 0.602 secs: WL=4660.21 OF=0.074986
[GP] MarginTNS=0, TNS=0, WNS=0
[GP] Step 5 take 0.606 secs: WL=4705.55 OF=0.065344
[GP] Best WL=4705.553786 OF=0.065344, take 3.059000 secs.
[GP] MarginTNS=0, TNS=0, WNS=0
[GP] Total node move: 579.03, average node move: 0.56
[GP] Placer use memory: 28.73165512 MB
[GP] GP graph memory: 439.08238888 MB
2nd GP placement takes 0.97 sec.

Wirelength after global placement is 4610 and checksum is 397A4D4A8087B1E.
Global placement takes 1.09 sec.

Phase 3 Post global placement started.
Phase 3.1 Macro cell placement started.
Early Place Macro "Global".
Auto Dispose Macro Object "Enable".
Wirelength after macro cell placement is 4610 and checksum is 2B8D2C1F8E17474D.
Macro cell placement takes 0.00 sec.

PBM start.
PBM of PostGP end, takes 0.00 sec.
Design Utilization : 1%.
Phase 3.2 3rd GP placement started.
Wirelength before post global placement is 4610 and checksum is 2B8D2C1F8E17474D.
[GP] Init timing API takes 0.00 sec.
[GP] Init GP graph takes 0.28 sec.
Device graph total memory: 124.67246056 MB
[GP] GP graph memory: 433.10579967 MB
[GP] Read position from netlist take 0 msec
[GP] Place thread size: 4
[GP] Node size: 59814, net size: 1441
[GP] Design graph total memory: 215.17674923 MB
[GP] MarginTNS=0, TNS=0, WNS=0
[GP] Step 0 take 0.115 secs: WL=4775.27 OF=0.072746
[GP] MarginTNS=0, TNS=0, WNS=0
[GP] Step 1 take 0.604 secs: WL=4562.38 OF=0.123895
[GP] Best WL=4622.224364 OF=0.100110, take 1.076000 secs.
[GP] MarginTNS=0, TNS=0, WNS=0
[GP] Total node move: 481.46, average node move: 0.47
[GP] Placer use memory: 28.72974014 MB
[GP] GP graph memory: 439.02254009 MB
3rd GP placement takes 0.52 sec.

Wirelength after post global placement is 4544 and checksum is F29919882299A4AB.
I: Soft packing 152 LUT6D, real packing 158(103.95%) LUT6D.
The total number of packing LUT6D is 158.
Worst slack after packing LUT6D is 14498.
Wirelength after packing LUT6D is 4544 and checksum is 83C279D78070EA97.
Packing LUT6D takes 0.05 sec.
Post global placement takes 0.61 sec.

Optimize timing started.
Start lp timing optimize, WNS: 14498, TNS: 0.
End lp timing optimize, WNS: 14498, TNS: 0.
Timing driven place optimize takes 0.00 sec.
Wirelength after timing drive place optimize is 4544 and checksum is 83C279D78070EA97.
Phase 4 Legalization started.
The average distance in LP is 0.177210.
Wirelength after legalization is 4969 and checksum is B9C49636E825D04D.
Legalization takes 0.00 sec.

Phase 5 Timing-driven detailed placement started.
Phase 5.1 Replication placement started.
Design Cells Duplication "Enable".
Recovery Analysis in RP "Disable".
Worst slack before Replication Place is 14536, TNS before Replication Place is 0. 
Replication placement takes 0.03 sec.

Wirelength after replication placement is 4969 and checksum is B9C49636E825D04D.
Recovery Analysis in DP "Disable".
RefinePlacement Mode "Swap".
Phase 5.2 Swapping placement started.
Worst slack before detailed placement is 14536, TNS before detailed placement is 0. 
RefinePlacement Iteration "20".
Worst slack after detailed placement is 14536, TNS after detailed placement is 0. 
Swapping placement takes 0.00 sec.

Wirelength after detailed placement is 4969 and checksum is B9C49636E825D04D.
Timing-driven detailed placement takes 0.03 sec.

Worst slack is 14550, TNS after placement is 0.

Congestion analysis started.
Congestion analysis takes 0.00 sec.



Device Utilization Summary :
+------------------------------------------------------------------------------+
| Logic Utilization           | Used     | Available     | Utilization(%)     
+------------------------------------------------------------------------------+
| Use of ADC                  | 0        | 1             | 0                  
| Use of ANALOG               | 0        | 1             | 0                  
| Use of APM                  | 0        | 840           | 0                  
| Use of BKCL                 | 4        | 7             | 58                 
| Use of BKCLHP               | 0        | 3             | 0                  
| Use of CCS                  | 1        | 1             | 100                
| Use of CLMA                 | 233      | 42050         | 1                  
|   FF                        | 657      | 336400        | 1                  
|   LUT                       | 444      | 168200        | 1                  
|   LUT-FF pairs              | 268      | 168200        | 1                  
|   LUT-CONST                 | 0        | 168200        | 0                  
| Use of CLMS                 | 115      | 18850         | 1                  
|   FF                        | 339      | 150800        | 1                  
|   LUT                       | 271      | 75400         | 1                  
|   LUT-FF pairs              | 157      | 75400         | 1                  
|   LUT-CONST                 | 0        | 75400         | 0                  
|   Distributed RAM           | 8        | 75400         | 1                  
| Use of DDRPHY_CPD           | 0        | 17            | 0                  
| Use of DDRPHY_CPD_HP        | 0        | 3             | 0                  
| Use of DDRPHY_IOCLK_DIV     | 0        | 10            | 0                  
| Use of DDR_PHY              | 0        | 28            | 0                  
| Use of DDR_PHY_R            | 0        | 12            | 0                  
| Use of DRM                  | 0        | 480           | 0                  
| Use of GCLK_INBUF_SYN       | 0        | 40            | 0                  
| Use of GPLL                 | 1        | 10            | 10                 
| Use of GSEB                 | 0        | 746           | 0                  
| Use of HARD0                | 0        | 36600         | 0                  
| Use of HCKB                 | 2        | 168           | 2                  
|  HCKB dataused              | 0        | 168           | 0                  
|  HCKB-BYPASS                | 0        | 168           | 0                  
| Use of HSSTHP               | 1        | 4             | 25                 
|   HSST_LANE                 | 1        | 16            | 7                  
|   HSST_PLL                  | 1        | 4             | 25                 
| Use of HSSTHP_BUFDS         | 1        | 8             | 13                 
| Use of IO                   | 12       | 500           | 3                  
|   IOBD                      | 5        | 168           | 3                  
|   IOBDHP                    | 0        | 72            | 0                  
|   IOBS                      | 5        | 182           | 3                  
|   IOBSHP                    | 2        | 78            | 3                  
| Use of IOCKB                | 0        | 40            | 0                  
| Use of IOLHP                | 2        | 150           | 2                  
| Use of IOLHP_FIFO           | 0        | 12            | 0                  
|  IOLHP_FIFO-BYPASS          | 0        | 12            | 0                  
| Use of IOLHR                | 9        | 350           | 3                  
| Use of KEYRAM               | 0        | 1             | 0                  
| Use of MRCKB                | 0        | 20            | 0                  
| Use of PCIEGEN3             | 0        | 1             | 0                  
| Use of PPLL                 | 0        | 10            | 0                  
| Use of RCKB                 | 0        | 40            | 0                  
|  RCKB dataused              | 0        | 40            | 0                  
|  RCKB-BYPASS                | 0        | 40            | 0                  
| Use of RESCAL               | 0        | 3             | 0                  
| Use of SCANCHAIN            | 0        | 1             | 0                  
| Use of SPAD                 | 2        | 16            | 13                 
| Use of TSERDES              | 0        | 56            | 0                  
| Use of USCM                 | 1        | 32            | 4                  
|  USCM dataused              | 0        | 32            | 0                  
|  USCM-BYPASS                | 0        | 32            | 0                  
+------------------------------------------------------------------------------+

Action place: Export DB successfully.
Placement done.
Total placement takes 5.88 sec.
Finished placement.
Design 'Main' has been placed successfully.
Action place: Real time elapsed is 0h:0m:38s
Action place: CPU time elapsed is 0h:0m:7s
Action place: Process CPU time elapsed is 0h:0m:17s
Action place: Peak memory pool usage is 3,070 MB

Current time: Tue Jun 11 15:30:27 2024
