#Build: Fabric Compiler 2023.2-SP1, Build 147282, Jun 03 13:26 2024
#Install: D:\Pango\PDS_2023.2-SP1\bin
#Application name: pds_shell.exe
#OS: Windows 11 10.0.22631
#Hostname: WORK_BOIKOV
Generated by Fabric Compiler (version 2023.2-SP1 build 147282) at Tue Jun 11 15:30:29 2024
Compiling verification operator library.
Compiling common defs.
Compiling prim grid devices.
Compiling place grid timing.
Compiling gate devices.
Compiling gate operators.
Building architecture model.
Loading device packaging model.
Building architecture floorplan logic view.
route strategy configuration : 
strategy name : 0
Elaborate the liberty model.

Routing started.
Enter timing driven router mode.
Route thread size: 7
Building routing graph takes 8.20 sec.
Enable Recovery Analysis in Routing
Init coarse delay table.
Read place coarse delay table takes 0.42 sec.
Build SRB system takes 0.39 sec.
Setup STE netlist take 4303 msec.
Slack Weight : 90
CE/RS signal series limit : 500
Dispose control chain take 24 msec.
Collect const net info take 130 msec.
Total nets for routing: 1418.
Total loads for routing: 6189.
Direct connect net size: 296
Build all design net take 41 msec.
Processing design graph takes 4.50 sec.
Delay table total memory: 114.79243469 MB
Route graph total memory: 407.03224468 MB
Route design total memory: 8.68454742 MB
Global routing takes 0.00 sec.
Pin Cost Increasing Speed 300
Total 1416 subnets.
Unrouted clock nets at iteration 0 (0.004 sec): 3
Unrouted clock nets at iteration 1 (0.000 sec): 0
Total route nets size: 1408
Worst slack is 15551, TNS before route is 0.
I: Write file layers.txt end
Pre route takes 0.329 sec
Unrouted general nets at iteration 3 (MT total route time: 0.102 sec): 1112(overused: 5157)
Unrouted general nets at iteration 4 (MT total route time: 0.086 sec): 582(overused: 1676)
Unrouted general nets at iteration 5 (MT total route time: 0.039 sec): 191(overused: 382)
Unrouted general nets at iteration 6 (MT total route time: 0.018 sec): 30(overused: 34)
Unrouted general nets at iteration 7 (MT total route time: 0.006 sec): 0(overused: 0)
----General net take 0.001 sec(route net take 0.000 sec, inc cost take 0.001 sec, iter times: 1)
----const net route take 0.005 sec
Unrouted nets at iteration 8 (0.006 sec): 0
Detailed routing takes 0.63 sec.
Sort Original Nets take 0.000 sec
Build solution node for device pins which were mapped to more than one design pin take 0.001 sec
Check HPIO div result take 0.000 sec
Total net: 1418, route succeed net: 1418
Generate routing result take 0.004 sec
Handle PERMUX permutation take 0.035 sec
Handle const net take 0.002 sec
Handle route through take 0.002 sec
Handle loads' routing node take 0.006 sec
Used SRB routing arc is 10691.
Finish routing takes 0.06 sec.
Total routing takes 13.57 sec.


Device Utilization Summary :
+------------------------------------------------------------------------------+
| Logic Utilization           | Used     | Available     | Utilization(%)     
+------------------------------------------------------------------------------+
| Use of ADC                  | 0        | 1             | 0                  
| Use of ANALOG               | 0        | 1             | 0                  
| Use of APM                  | 0        | 840           | 0                  
| Use of BKCL                 | 4        | 7             | 58                 
| Use of BKCLHP               | 0        | 3             | 0                  
| Use of CCS                  | 1        | 1             | 100                
| Use of CLMA                 | 292      | 42050         | 1                  
|   FF                        | 657      | 336400        | 1                  
|   LUT                       | 444      | 168200        | 1                  
|   LUT-FF pairs              | 268      | 168200        | 1                  
|   LUT-CONST                 | 148      | 168200        | 1                  
| Use of CLMS                 | 119      | 18850         | 1                  
|   FF                        | 339      | 150800        | 1                  
|   LUT                       | 271      | 75400         | 1                  
|   LUT-FF pairs              | 157      | 75400         | 1                  
|   LUT-CONST                 | 19       | 75400         | 1                  
|   Distributed RAM           | 8        | 75400         | 1                  
| Use of DDRPHY_CPD           | 0        | 17            | 0                  
| Use of DDRPHY_CPD_HP        | 0        | 3             | 0                  
| Use of DDRPHY_IOCLK_DIV     | 0        | 10            | 0                  
| Use of DDR_PHY              | 0        | 28            | 0                  
| Use of DDR_PHY_R            | 0        | 12            | 0                  
| Use of DRM                  | 0        | 480           | 0                  
| Use of GCLK_INBUF_SYN       | 0        | 40            | 0                  
| Use of GPLL                 | 1        | 10            | 10                 
| Use of GSEB                 | 0        | 746           | 0                  
| Use of HARD0                | 105      | 36600         | 1                  
| Use of HCKB                 | 3        | 168           | 2                  
|  HCKB dataused              | 0        | 168           | 0                  
|  HCKB-BYPASS                | 1        | 168           | 1                  
| Use of HSSTHP               | 1        | 4             | 25                 
|   HSST_LANE                 | 1        | 16            | 7                  
|   HSST_PLL                  | 1        | 4             | 25                 
| Use of HSSTHP_BUFDS         | 1        | 8             | 13                 
| Use of IO                   | 12       | 500           | 3                  
|   IOBD                      | 5        | 168           | 3                  
|   IOBDHP                    | 0        | 72            | 0                  
|   IOBS                      | 5        | 182           | 3                  
|   IOBSHP                    | 2        | 78            | 3                  
| Use of IOCKB                | 0        | 40            | 0                  
| Use of IOLHP                | 2        | 150           | 2                  
| Use of IOLHP_FIFO           | 2        | 12            | 17                 
|  IOLHP_FIFO-BYPASS          | 2        | 12            | 17                 
| Use of IOLHR                | 9        | 350           | 3                  
| Use of KEYRAM               | 0        | 1             | 0                  
| Use of MRCKB                | 0        | 20            | 0                  
| Use of PCIEGEN3             | 0        | 1             | 0                  
| Use of PPLL                 | 0        | 10            | 0                  
| Use of RCKB                 | 0        | 40            | 0                  
|  RCKB dataused              | 0        | 40            | 0                  
|  RCKB-BYPASS                | 0        | 40            | 0                  
| Use of RESCAL               | 0        | 3             | 0                  
| Use of SCANCHAIN            | 0        | 1             | 0                  
| Use of SPAD                 | 2        | 16            | 13                 
| Use of TSERDES              | 0        | 56            | 0                  
| Use of USCM                 | 1        | 32            | 4                  
|  USCM dataused              | 1        | 32            | 4                  
|  USCM-BYPASS                | 0        | 32            | 0                  
+------------------------------------------------------------------------------+

Finished routing.
Design 'Main' has been routed successfully.
Saving design to DB.
Action route: Export DB successfully.
Action route: Real time elapsed is 0h:0m:27s
Action route: CPU time elapsed is 0h:0m:3s
Action route: Process CPU time elapsed is 0h:0m:3s
Action route: Peak memory pool usage is 3,031 MB

Current time: Tue Jun 11 15:30:55 2024
