#Build: Fabric Compiler 2023.2-SP1, Build 147282, Jun 03 13:26 2024
#Install: D:\Pango\PDS_2023.2-SP1\bin
#Application name: pds_shell.exe
#OS: Windows 11 10.0.22631
#Hostname: WORK_BOIKOV
Generated by Fabric Compiler (version 2023.2-SP1 build 147282) at Tue Jun 11 15:36:32 2024
Compiling verification operator library.
Compiling common defs.
Compiling prim grid devices.
Compiling place grid timing.
Compiling gate devices.
Compiling gate operators.
Building architecture model.
Loading device packaging model.
Building architecture floorplan logic view.
route strategy configuration : 
strategy name : 0
Elaborate the liberty model.

Routing started.
Enter timing driven router mode.
Route thread size: 7
Building routing graph takes 8.35 sec.
Enable Recovery Analysis in Routing
Init coarse delay table.
Read place coarse delay table takes 0.05 sec.
Build SRB system takes 0.02 sec.
Setup STE netlist take 4348 msec.
Slack Weight : 90
CE/RS signal series limit : 500
Dispose control chain take 30 msec.
Collect const net info take 133 msec.
Total nets for routing: 1879.
Total loads for routing: 8082.
Direct connect net size: 344
Build all design net take 50 msec.
Processing design graph takes 4.56 sec.
Delay table total memory: 114.79341125 MB
Route graph total memory: 407.28419018 MB
Route design total memory: 8.95224762 MB
Global routing takes 0.00 sec.
Pin Cost Increasing Speed 300
Total 1877 subnets.
Unrouted clock nets at iteration 0 (0.164 sec): 8
Unrouted clock nets at iteration 1 (0.152 sec): 6
Unrouted clock nets at iteration 2 (0.148 sec): 5
Unrouted clock nets at iteration 3 (0.065 sec): 4
Unrouted clock nets at iteration 4 (0.063 sec): 3
Unrouted clock nets at iteration 5 (0.066 sec): 2
Unrouted clock nets at iteration 6 (0.074 sec): 2
Unrouted clock nets at iteration 7 (0.056 sec): 2
Unrouted clock nets at iteration 8 (0.058 sec): 2
Unrouted clock nets at iteration 9 (0.029 sec): 0
Total route nets size: 1864
Worst slack is 15489, TNS before route is 0.
I: Write file layers.txt end
Pre route takes 0.386 sec
Unrouted general nets at iteration 11 (MT total route time: 0.139 sec): 1453(overused: 7119)
Unrouted general nets at iteration 12 (MT total route time: 0.112 sec): 719(overused: 2067)
Unrouted general nets at iteration 13 (MT total route time: 0.046 sec): 243(overused: 457)
Unrouted general nets at iteration 14 (MT total route time: 0.019 sec): 19(overused: 26)
Unrouted general nets at iteration 15 (MT total route time: 0.004 sec): 2(overused: 4)
Unrouted general nets at iteration 16 (MT total route time: 0.002 sec): 0(overused: 0)
----General net take 0.001 sec(route net take 0.000 sec, inc cost take 0.001 sec, iter times: 1)
----const net route take 0.006 sec
Unrouted nets at iteration 17 (0.008 sec): 0
Detailed routing takes 1.64 sec.
I: Design net u_CORES/capt_o is routed by general path.
C: Route-2036: The clock path from u_CORES/u_GTP_SCANCHAIN_PG/scanchain:CAPTUREDR to u_CORES/u_debug_core_0/u_hub_data_decode/id_sample.conf_id[2]/opit_0_inv:CLK is routed by SRB.
I: Design net u_CORES/drck_o is routed by general path.
C: Route-2036: The clock path from u_CORES/u_GTP_SCANCHAIN_PG/scanchain:TCK1 to clkbufg_5/gopclkbufg:CLK is routed by SRB.
Sort Original Nets take 0.000 sec
Build solution node for device pins which were mapped to more than one design pin take 0.002 sec
Check HPIO div result take 0.000 sec
Total net: 1879, route succeed net: 1879
Generate routing result take 0.003 sec
Handle PERMUX permutation take 0.049 sec
Handle const net take 0.004 sec
Handle route through take 0.001 sec
Handle loads' routing node take 0.008 sec
Used SRB routing arc is 14011.
Finish routing takes 0.08 sec.
Total routing takes 14.83 sec.


Device Utilization Summary :
+------------------------------------------------------------------------------+
| Logic Utilization           | Used     | Available     | Utilization(%)     
+------------------------------------------------------------------------------+
| Use of ADC                  | 0        | 1             | 0                  
| Use of ANALOG               | 0        | 1             | 0                  
| Use of APM                  | 0        | 840           | 0                  
| Use of BKCL                 | 4        | 7             | 58                 
| Use of BKCLHP               | 0        | 3             | 0                  
| Use of CCS                  | 1        | 1             | 100                
| Use of CLMA                 | 418      | 42050         | 1                  
|   FF                        | 1000     | 336400        | 1                  
|   LUT                       | 693      | 168200        | 1                  
|   LUT-FF pairs              | 425      | 168200        | 1                  
|   LUT-CONST                 | 186      | 168200        | 1                  
| Use of CLMS                 | 130      | 18850         | 1                  
|   FF                        | 357      | 150800        | 1                  
|   LUT                       | 264      | 75400         | 1                  
|   LUT-FF pairs              | 164      | 75400         | 1                  
|   LUT-CONST                 | 30       | 75400         | 1                  
|   Distributed RAM           | 8        | 75400         | 1                  
| Use of DDRPHY_CPD           | 0        | 17            | 0                  
| Use of DDRPHY_CPD_HP        | 0        | 3             | 0                  
| Use of DDRPHY_IOCLK_DIV     | 0        | 10            | 0                  
| Use of DDR_PHY              | 0        | 28            | 0                  
| Use of DDR_PHY_R            | 0        | 12            | 0                  
| Use of DRM                  | 0.5      | 480           | 1                  
| Use of GCLK_INBUF_SYN       | 0        | 40            | 0                  
| Use of GPLL                 | 2        | 10            | 20                 
| Use of GSEB                 | 0        | 746           | 0                  
| Use of HARD0                | 154      | 36600         | 1                  
| Use of HCKB                 | 6        | 168           | 4                  
|  HCKB dataused              | 3        | 168           | 2                  
|  HCKB-BYPASS                | 4        | 168           | 3                  
| Use of HSSTHP               | 1        | 4             | 25                 
|   HSST_LANE                 | 1        | 16            | 7                  
|   HSST_PLL                  | 1        | 4             | 25                 
| Use of HSSTHP_BUFDS         | 1        | 8             | 13                 
| Use of IO                   | 12       | 500           | 3                  
|   IOBD                      | 5        | 168           | 3                  
|   IOBDHP                    | 0        | 72            | 0                  
|   IOBS                      | 6        | 182           | 4                  
|   IOBSHP                    | 1        | 78            | 2                  
| Use of IOCKB                | 0        | 40            | 0                  
| Use of IOLHP                | 1        | 150           | 1                  
| Use of IOLHP_FIFO           | 1        | 12            | 9                  
|  IOLHP_FIFO-BYPASS          | 1        | 12            | 9                  
| Use of IOLHR                | 10       | 350           | 3                  
| Use of KEYRAM               | 0        | 1             | 0                  
| Use of MRCKB                | 0        | 20            | 0                  
| Use of PCIEGEN3             | 0        | 1             | 0                  
| Use of PPLL                 | 0        | 10            | 0                  
| Use of RCKB                 | 0        | 40            | 0                  
|  RCKB dataused              | 0        | 40            | 0                  
|  RCKB-BYPASS                | 0        | 40            | 0                  
| Use of RESCAL               | 0        | 3             | 0                  
| Use of SCANCHAIN            | 1        | 1             | 100                
| Use of SPAD                 | 2        | 16            | 13                 
| Use of TSERDES              | 0        | 56            | 0                  
| Use of USCM                 | 4        | 32            | 13                 
|  USCM dataused              | 4        | 32            | 13                 
|  USCM-BYPASS                | 0        | 32            | 0                  
+------------------------------------------------------------------------------+

Finished routing.
Design 'Main' has been routed successfully.
Saving design to DB.
Action route: Export DB successfully.
Action route: Real time elapsed is 0h:0m:29s
Action route: CPU time elapsed is 0h:0m:1s
Action route: Process CPU time elapsed is 0h:0m:2s
Action route: Peak memory pool usage is 3,062 MB

Current time: Tue Jun 11 15:36:59 2024
