#Build: Fabric Compiler 2023.2-SP1, Build 147282, Jun 03 13:26 2024
#Install: D:\Pango\PDS_2023.2-SP1\bin
#Application name: pds_shell.exe
#OS: Windows 11 10.0.22631
#Hostname: WORK_BOIKOV
Generated by Fabric Compiler (version 2023.2-SP1 build 147282) at Tue Jun 11 15:35:43 2024
Compiling verification operator library.
Compiling common defs.
Compiling prim grid devices.
Compiling place grid timing.
Compiling gate devices.
Compiling gate operators.
Building architecture model.
Loading device packaging model.
place strategy configuration : 
strategy name : 0
Building architecture floorplan logic view.
Constraint check start.
W: ConstraintEditor-4040: [G:/Current_Pango/TenGigTest/device_map/Main.pcf(line number: 4)] Port sfp_1_tx_dis has been placed at location V19, whose type is share pin.
W: ConstraintEditor-4040: [G:/Current_Pango/TenGigTest/device_map/Main.pcf(line number: 5)] Port txd has been placed at location P22, whose type is share pin.
W: ConstraintEditor-4040: [G:/Current_Pango/TenGigTest/device_map/Main.pcf(line number: 6)] Port xge_rx_data_err has been placed at location J24, whose type is share pin.
W: ConstraintEditor-4040: [G:/Current_Pango/TenGigTest/device_map/Main.pcf(line number: 7)] Port xgmii_tx_ready has been placed at location J22, whose type is share pin.
W: ConstraintEditor-4040: [G:/Current_Pango/TenGigTest/device_map/Main.pcf(line number: 14)] Port rxd has been placed at location P21, whose type is share pin.
C: ConstraintEditor-2001: [G:/Current_Pango/TenGigTest/device_map/Main.pcf(line number: 15)] Object 'sfp_1_loss' is dangling, which has no connection. it will be ignored.
C: ConstraintEditor-2012: The U_HSSTHP_COMMON of HSSTHP_664_918 have a top priority when you constraints HSSTHP. Please check your constraint file.
W: ConstraintEditor-4019: Port 'o_p_lx_cdr_align_0' unspecified I/O constraint.
W: ConstraintEditor-4019: Port 'o_p_rx_sigdet_sta_0' unspecified I/O constraint.
W: ConstraintEditor-4019: Port 'sfp_1_rx_n' unspecified I/O constraint.
W: ConstraintEditor-4019: Port 'sfp_1_rx_p' unspecified I/O constraint.
W: ConstraintEditor-4019: Port 'sfp_1_tx_n' unspecified I/O constraint.
W: ConstraintEditor-4019: Port 'sfp_1_tx_p' unspecified I/O constraint.
Found 0 error(s), 2 critical warning(s), 11 warning(s), out of 15 constraint(s)
Constraint check end.
Total time(hh:mm:ss) of constraint check : 00:00:00
Elaborate the liberty model.
I: Column Clock Check open.
Read Column Clock Map.

Placement started.
Phase 1 Pre global placement started.
I: Write file layers.txt end
Placement Logic Optimization "Enable".
LUT6D Packing Strategy "3".
Collected 484 lut, soft packing 214.
Mapping instance GRS_INST/grs_ccs to CCS_87_622.
Mapping instance u_CORES/u_GTP_SCANCHAIN_PG/scanchain to SCANCHAIN_88_618.
Phase 1.1 Base clock placement started.
Mapping instance LinkMain/CLKBUFX_u0/clkbufc_inst to HCKB_357_2016.
Mapping instance LinkMain/CLKBUFX_u1/clkbufc_inst to HCKB_357_2017.
Mapping instance LinkMain/CLKBUFG_u/gopclkbufg to USCM_359_930.
Mapping instance Pll_50mhz/u_gpll/gpll_inst to GPLL_7_769.
Mapping instance clkbufg_3/gopclkbufg to USCM_359_882.
Mapping instance Debug/u_gpll/gpll_inst to GPLL_7_463.
Mapping instance clkbufg_4/gopclkbufg to USCM_359_885.
C: Place-2028: GLOBAL_CLOCK: the driver u_CORES/u_GTP_SCANCHAIN_PG/scanchain fixed at SCANCHAIN_88_618 is unreasonable. Sub-optimal placement for a clock source and a clock buffer.
Mapping instance clkbufg_5/gopclkbufg to USCM_359_888.
Base clock placement takes 0.00 sec.

Design Utilization : 1%.
Phase 1.2 1st GP placement started.
[GP] Placement Decongestion Mode 1.
[GP] Recovery Analysis in GP "Disable".
Init coarse delay table.
Read place coarse delay table takes 0.42 sec.
Build SRB system takes 0.22 sec.
[GP] Init timing API takes 6.94 sec.
[GP] Init GP graph takes 7.51 sec.
Device graph total memory: 124.67246056 MB
[GP] GP graph memory: 427.70789814 MB
[GP] Read position from netlist take 0 msec
[GP] Total node move: 275662.62, average node move: 204.04
[GP] SA handle 1 clusters.
[GP] SA init_cost=320182.185714 final_cost=291074.714286 final_cost/init_cost=0.909091 occupied region_num=1
[GP] SA Optimize take time: 0.001000 sec.
[GP] MarginTNS=0, TNS=0, WNS=0
[GP] Place thread size: 4
[GP] Node size: 60509, net size: 1920
[GP] Design graph total memory: 221.80912113 MB
[GP] MarginTNS=0, TNS=0, WNS=0
[GP] Step 0 take 0.159 secs: WL=4612.11 OF=0.868959
[GP] MarginTNS=0, TNS=0, WNS=0
[GP] Step 1 take 0.902 secs: WL=5092.33 OF=0.837054
[GP] MarginTNS=0, TNS=0, WNS=0
[GP] Step 2 take 0.902 secs: WL=5766.19 OF=0.778874
[GP] MarginTNS=0, TNS=0, WNS=0
[GP] Step 3 take 0.891 secs: WL=6084.05 OF=0.682565
[GP] MarginTNS=0, TNS=0, WNS=0
[GP] Step 4 take 0.894 secs: WL=6193.94 OF=0.598897
[GP] MarginTNS=0, TNS=0, WNS=0
[GP] Step 5 take 0.916 secs: WL=6214.49 OF=0.536973
[GP] MarginTNS=0, TNS=0, WNS=0
[GP] Step 6 take 0.900 secs: WL=6319.85 OF=0.512007
[GP] MarginTNS=0, TNS=0, WNS=0
[GP] Step 7 take 0.899 secs: WL=6422.25 OF=0.456703
[GP] MarginTNS=0, TNS=0, WNS=0
[GP] Step 8 take 0.881 secs: WL=6462.94 OF=0.378968
[GP] MarginTNS=0, TNS=0, WNS=0
[GP] Step 9 take 0.893 secs: WL=6607.51 OF=0.311335
[GP] MarginTNS=0, TNS=0, WNS=0
[GP] Step 10 take 0.896 secs: WL=6856.36 OF=0.240754
[GP] MarginTNS=0, TNS=0, WNS=0
[GP] Step 11 take 0.928 secs: WL=7098.65 OF=0.173961
[GP] MarginTNS=0, TNS=0, WNS=0
[GP] MarginTNS=0, TNS=0, WNS=0
[GP] Step 12 take 0.907 secs: WL=7425.75 OF=0.116020
[GP] Best WL=7454.587834 OF=0.099027, take 11.140000 secs.
[GP] MarginTNS=0, TNS=0, WNS=0
[GP] Total node move: 68993.29, average node move: 51.07
[GP] Placer use memory: 32.34553909 MB
[GP] GP graph memory: 439.95525455 MB
Wirelength after clock region global placement is 7272 and checksum is 65AD7E448D13000B.
1st GP placement takes 1.55 sec.

Wirelength after Pre Global Placement is 7272 and checksum is 65AD7E448D13000B.
Pre global placement takes 1.58 sec.

Phase 2 Global placement started.
Phase 2.1 Fixed placement started.
Placed fixed group with base inst Debug/u_buf1/opit_2 on IOLHR_16_1692.
Placed fixed group with base inst LinkMain/PHY_10G/U_GTP_HSSTHP_WRAPPER/REFCLK0_ENABLE.U_BUFDS_0/U_BUFDS/gatehsst_spadp on SPAD_663_1837.
Placed fixed group with base inst fan_obuf/opit_1 on IOLHR_16_6.
Placed fixed group with base inst fpga_rst_n_ibuf/opit_1 on IOLHR_16_786.
Placed fixed group with base inst i_clk_50_ibuf/opit_1 on IOLHR_16_774.
Placed fixed group with base inst rxd_ibuf/opit_1 on IOLHR_16_954.
Placed fixed group with base inst sfp_1_tx_dis_obuf/opit_1 on IOLHR_16_684.
Placed fixed group with base inst txd_obuf/opit_1 on IOLHR_16_948.
Placed fixed group with base inst xge_rx_data_err_obuf/opit_1 on IOLHR_16_1206.
Placed fixed group with base inst xgmii_tx_ready_obuf/opit_1 on IOLHR_16_1158.
Placed fixed instance LinkMain/PHY_10G/U_GTP_HSSTHP_WRAPPER/CHANNEL0_ENABLE.U_LANE0_WRAP/U_LANE0/gatehsst_lane on HSSTHP_664_1836.
Placed fixed instance LinkMain/PHY_10G/U_GTP_HSSTHP_WRAPPER/HPLL_ENABLE.U_HPLL_WRAP/U_HPLL/gatehsst_hpll on HSSTHP_664_1836.
Placed fixed instance Debug/u_gpll/gpll_inst on GPLL_7_463.
Placed fixed instance GRS_INST/grs_ccs on CCS_87_622.
Placed fixed instance LinkMain/CLKBUFG_u/gopclkbufg on USCM_359_930.
Placed fixed instance LinkMain/CLKBUFX_u0/clkbufc_inst on HCKB_357_2016.
Placed fixed instance LinkMain/CLKBUFX_u1/clkbufc_inst on HCKB_357_2017.
Placed fixed instance Pll_50mhz/u_gpll/gpll_inst on GPLL_7_769.
Placed fixed instance clkbufg_3/gopclkbufg on USCM_359_882.
Placed fixed instance clkbufg_4/gopclkbufg on USCM_359_885.
Placed fixed instance clkbufg_5/gopclkbufg on USCM_359_888.
Placed fixed instance u_CORES/u_GTP_SCANCHAIN_PG/scanchain on SCANCHAIN_88_618.
Placed fixed instance BKCL_auto_0 on BKCL_1_1564.
Placed fixed instance BKCL_auto_1 on BKCL_1_952.
Placed fixed instance BKCL_auto_2 on BKCL_1_646.
Placed fixed instance BKCL_auto_3 on BKCL_1_34.
Fixed placement takes 0.00 sec.

Phase 2.2 Process placement started.
DRC Placement Start.
DRC final successful.
DRC Placement Process takes 0.02 sec.
DRC Placement End.
DRCP end, takes 0.019 secs.
Process placement takes 0.03 sec.

Phase 2.3 IO placement started.
The average distance in IO place is 12.500000.
IO placement takes 0.00 sec.

Phase 2.4 Post Process placement started.
Post Process placement takes 0.00 sec.

Planning Before Place "Enable".
PBM start.
First map gop timing takes 0.02 sec
PBM of GP end, takes 0.05 sec.
Design Utilization : 1%.
Phase 2.5 2nd GP placement started.
Wirelength before global placement is 7247 and checksum is FF4BE11D378A63BF.
[GP] Init timing API takes 0.00 sec.
[GP] Init GP graph takes 0.29 sec.
Device graph total memory: 124.67246056 MB
[GP] GP graph memory: 434.08429813 MB
[GP] Read position from netlist take 0 msec
[GP] Total node move: 43951.13, average node move: 32.58
[GP] MarginTNS=0, TNS=0, WNS=0
[GP] Place thread size: 4
[GP] Node size: 60302, net size: 1920
[GP] Design graph total memory: 226.66800404 MB
[GP] MarginTNS=0, TNS=0, WNS=0
[GP] Step 0 take 0.141 secs: WL=5138.37 OF=0.784179
[GP] MarginTNS=0, TNS=0, WNS=0
[GP] Step 1 take 0.881 secs: WL=5549.24 OF=0.765674
[GP] MarginTNS=0, TNS=0, WNS=0
[GP] Step 2 take 0.871 secs: WL=6087.60 OF=0.705136
[GP] MarginTNS=0, TNS=0, WNS=0
[GP] Step 3 take 0.871 secs: WL=6358.38 OF=0.628963
[GP] MarginTNS=0, TNS=0, WNS=0
[GP] Step 4 take 0.853 secs: WL=6480.65 OF=0.569189
[GP] MarginTNS=0, TNS=0, WNS=0
[GP] MarginTNS=0, TNS=0, WNS=0
[GP] Step 5 take 0.876 secs: WL=6543.59 OF=0.525091
[GP] MarginTNS=0, TNS=0, WNS=0
[GP] Step 6 take 0.690 secs: WL=6760.30 OF=0.479601
[GP] MarginTNS=0, TNS=0, WNS=0
[GP] Step 7 take 0.677 secs: WL=6659.51 OF=0.387427
[GP] MarginTNS=0, TNS=0, WNS=0
[GP] Step 8 take 0.675 secs: WL=6756.11 OF=0.323378
[GP] MarginTNS=0, TNS=0, WNS=0
[GP] Step 9 take 0.674 secs: WL=6925.94 OF=0.259268
[GP] MarginTNS=0, TNS=0, WNS=0
[GP] Step 10 take 0.680 secs: WL=7054.18 OF=0.193314
[GP] MarginTNS=0, TNS=0, WNS=0
[GP] Step 11 take 0.663 secs: WL=7202.00 OF=0.133170
[GP] MarginTNS=0, TNS=0, WNS=0
[GP] Step 12 take 0.654 secs: WL=7325.64 OF=0.094463
[GP] Best WL=7335.262117 OF=0.092321, take 9.163000 secs.
[GP] MarginTNS=0, TNS=0, WNS=0
[GP] Total node move: 10565.75, average node move: 7.83
[GP] Placer use memory: 41.50514603 MB
[GP] GP graph memory: 440.01379490 MB
2nd GP placement takes 1.52 sec.

Wirelength after global placement is 7114 and checksum is 564047E7348938B8.
Global placement takes 1.70 sec.

Phase 3 Post global placement started.
Phase 3.1 Macro cell placement started.
Early Place Macro "Global".
Auto Dispose Macro Object "Enable".
Wirelength after macro cell placement is 7114 and checksum is B82C02B41FC225EB.
Macro cell placement takes 0.00 sec.

PBM start.
PBM of PostGP end, takes 0.00 sec.
Design Utilization : 1%.
Phase 3.2 3rd GP placement started.
Wirelength before post global placement is 7114 and checksum is B82C02B41FC225EB.
[GP] Init timing API takes 0.00 sec.
[GP] Init GP graph takes 0.29 sec.
Device graph total memory: 124.67246056 MB
[GP] GP graph memory: 434.01704121 MB
[GP] Read position from netlist take 0 msec
[GP] Place thread size: 4
[GP] Node size: 60293, net size: 1920
[GP] Design graph total memory: 226.60074711 MB
[GP] MarginTNS=0, TNS=0, WNS=0
[GP] Step 0 take 0.138 secs: WL=7483.56 OF=0.095334
[GP] MarginTNS=0, TNS=0, WNS=0
[GP] Step 1 take 0.657 secs: WL=7284.96 OF=0.124583
[GP] Best WL=7369.037920 OF=0.096861, take 1.163000 secs.
[GP] MarginTNS=0, TNS=0, WNS=0
[GP] Total node move: 736.77, average node move: 0.55
[GP] Placer use memory: 40.92928696 MB
[GP] GP graph memory: 439.94653797 MB
3rd GP placement takes 0.23 sec.

Wirelength after post global placement is 7098 and checksum is 7524ABCD8801016E.
I: Soft packing 242 LUT6D, real packing 223(92.15%) LUT6D.
The total number of packing LUT6D is 223.
Worst slack after packing LUT6D is 14602.
Wirelength after packing LUT6D is 7098 and checksum is CC1DA0C63077DA5E.
Packing LUT6D takes 0.00 sec.
Post global placement takes 0.25 sec.

Optimize timing started.
Start lp timing optimize, WNS: 14602, TNS: 0.
End lp timing optimize, WNS: 14602, TNS: 0.
Timing driven place optimize takes 0.02 sec.
Wirelength after timing drive place optimize is 7098 and checksum is CC1DA0C63077DA5E.
Phase 4 Legalization started.
The average distance in LP is 0.199201.
Wirelength after legalization is 7762 and checksum is 4E69AED6BEF76A46.
Legalization takes 0.02 sec.

Phase 5 Timing-driven detailed placement started.
Phase 5.1 Replication placement started.
Design Cells Duplication "Enable".
Recovery Analysis in RP "Disable".
Worst slack before Replication Place is 14486, TNS before Replication Place is 0. 
Replication placement takes 0.00 sec.

Wirelength after replication placement is 7762 and checksum is 4E69AED6BEF76A46.
Recovery Analysis in DP "Disable".
RefinePlacement Mode "Swap".
Phase 5.2 Swapping placement started.
Worst slack before detailed placement is 14486, TNS before detailed placement is 0. 
RefinePlacement Iteration "20".
Worst slack after detailed placement is 14486, TNS after detailed placement is 0. 
Swapping placement takes 0.00 sec.

Wirelength after detailed placement is 7762 and checksum is 4E69AED6BEF76A46.
Timing-driven detailed placement takes 0.00 sec.

Worst slack is 14500, TNS after placement is 0.

Congestion analysis started.
Congestion analysis takes 0.00 sec.



Device Utilization Summary :
+------------------------------------------------------------------------------+
| Logic Utilization           | Used     | Available     | Utilization(%)     
+------------------------------------------------------------------------------+
| Use of ADC                  | 0        | 1             | 0                  
| Use of ANALOG               | 0        | 1             | 0                  
| Use of APM                  | 0        | 840           | 0                  
| Use of BKCL                 | 4        | 7             | 58                 
| Use of BKCLHP               | 0        | 3             | 0                  
| Use of CCS                  | 1        | 1             | 100                
| Use of CLMA                 | 342      | 42050         | 1                  
|   FF                        | 1000     | 336400        | 1                  
|   LUT                       | 693      | 168200        | 1                  
|   LUT-FF pairs              | 425      | 168200        | 1                  
|   LUT-CONST                 | 0        | 168200        | 0                  
| Use of CLMS                 | 124      | 18850         | 1                  
|   FF                        | 357      | 150800        | 1                  
|   LUT                       | 264      | 75400         | 1                  
|   LUT-FF pairs              | 164      | 75400         | 1                  
|   LUT-CONST                 | 0        | 75400         | 0                  
|   Distributed RAM           | 8        | 75400         | 1                  
| Use of DDRPHY_CPD           | 0        | 17            | 0                  
| Use of DDRPHY_CPD_HP        | 0        | 3             | 0                  
| Use of DDRPHY_IOCLK_DIV     | 0        | 10            | 0                  
| Use of DDR_PHY              | 0        | 28            | 0                  
| Use of DDR_PHY_R            | 0        | 12            | 0                  
| Use of DRM                  | 0.5      | 480           | 1                  
| Use of GCLK_INBUF_SYN       | 0        | 40            | 0                  
| Use of GPLL                 | 2        | 10            | 20                 
| Use of GSEB                 | 0        | 746           | 0                  
| Use of HARD0                | 0        | 36600         | 0                  
| Use of HCKB                 | 2        | 168           | 2                  
|  HCKB dataused              | 2        | 168           | 2                  
|  HCKB-BYPASS                | 0        | 168           | 0                  
| Use of HSSTHP               | 1        | 4             | 25                 
|   HSST_LANE                 | 1        | 16            | 7                  
|   HSST_PLL                  | 1        | 4             | 25                 
| Use of HSSTHP_BUFDS         | 1        | 8             | 13                 
| Use of IO                   | 12       | 500           | 3                  
|   IOBD                      | 5        | 168           | 3                  
|   IOBDHP                    | 0        | 72            | 0                  
|   IOBS                      | 6        | 182           | 4                  
|   IOBSHP                    | 1        | 78            | 2                  
| Use of IOCKB                | 0        | 40            | 0                  
| Use of IOLHP                | 1        | 150           | 1                  
| Use of IOLHP_FIFO           | 0        | 12            | 0                  
|  IOLHP_FIFO-BYPASS          | 0        | 12            | 0                  
| Use of IOLHR                | 10       | 350           | 3                  
| Use of KEYRAM               | 0        | 1             | 0                  
| Use of MRCKB                | 0        | 20            | 0                  
| Use of PCIEGEN3             | 0        | 1             | 0                  
| Use of PPLL                 | 0        | 10            | 0                  
| Use of RCKB                 | 0        | 40            | 0                  
|  RCKB dataused              | 0        | 40            | 0                  
|  RCKB-BYPASS                | 0        | 40            | 0                  
| Use of RESCAL               | 0        | 3             | 0                  
| Use of SCANCHAIN            | 1        | 1             | 100                
| Use of SPAD                 | 2        | 16            | 13                 
| Use of TSERDES              | 0        | 56            | 0                  
| Use of USCM                 | 4        | 32            | 13                 
|  USCM dataused              | 1        | 32            | 4                  
|  USCM-BYPASS                | 0        | 32            | 0                  
+------------------------------------------------------------------------------+

Action place: Export DB successfully.
Placement done.
Total placement takes 3.61 sec.
Finished placement.
Design 'Main' has been placed successfully.
Action place: Real time elapsed is 0h:0m:49s
Action place: CPU time elapsed is 0h:0m:5s
Action place: Process CPU time elapsed is 0h:0m:11s
Action place: Peak memory pool usage is 3,109 MB

Current time: Tue Jun 11 15:36:30 2024
