#Build: Fabric Compiler 2023.2-SP1, Build 147282, Jun 03 13:26 2024
#Install: D:\Pango\PDS_2023.2-SP1\bin
#Application name: pds_shell.exe
#OS: Windows 11 10.0.22631
#Hostname: WORK_BOIKOV
Generated by Fabric Compiler (version 2023.2-SP1 build 147282) at Thu Jun 13 17:11:46 2024
Compiling verification operator library.
Compiling common defs.
Compiling prim grid devices.
Compiling place grid timing.
Compiling gate devices.
Compiling gate operators.
Building architecture model.
Loading device packaging model.
Building architecture floorplan logic view.
route strategy configuration : 
strategy name : 0
Elaborate the liberty model.

Routing started.
Enter timing driven router mode.
Route thread size: 7
Building routing graph takes 8.35 sec.
Enable Recovery Analysis in Routing
Init coarse delay table.
Read place coarse delay table takes 0.12 sec.
Build SRB system takes 0.19 sec.
Setup STE netlist take 5409 msec.
Slack Weight : 90
CE/RS signal series limit : 500
Dispose control chain take 105 msec.
Collect const net info take 169 msec.
Total nets for routing: 10710.
Total loads for routing: 40142.
Direct connect net size: 990
Build all design net take 308 msec.
Processing design graph takes 5.99 sec.
Delay table total memory: 114.80708313 MB
Route graph total memory: 411.25574780 MB
Route design total memory: 20.40312958 MB
Global routing takes 0.00 sec.
Pin Cost Increasing Speed 300
Total 10708 subnets.
Unrouted clock nets at iteration 0 (0.268 sec): 9
Unrouted clock nets at iteration 1 (0.134 sec): 5
Unrouted clock nets at iteration 2 (0.037 sec): 4
Unrouted clock nets at iteration 3 (0.010 sec): 4
Unrouted clock nets at iteration 4 (0.009 sec): 2
Unrouted clock nets at iteration 5 (0.010 sec): 2
Unrouted clock nets at iteration 6 (0.008 sec): 2
Unrouted clock nets at iteration 7 (0.002 sec): 2
Unrouted clock nets at iteration 8 (0.003 sec): 2
Unrouted clock nets at iteration 9 (0.001 sec): 2
Unrouted clock nets at iteration 10 (0.001 sec): 2
Unrouted clock nets at iteration 11 (0.006 sec): 2
Unrouted clock nets at iteration 12 (0.007 sec): 0
Total route nets size: 10695
Worst slack is -69, TNS before route is -573.
I: Write file layers.txt end
Pre route takes 1.337 sec
Unrouted general nets at iteration 14 (MT total route time: 0.821 sec): 8349(overused: 41199)
Unrouted general nets at iteration 15 (MT total route time: 0.782 sec): 4347(overused: 14036)
Unrouted general nets at iteration 16 (MT total route time: 0.383 sec): 1573(overused: 3258)
Unrouted general nets at iteration 17 (MT total route time: 0.184 sec): 322(overused: 460)
Unrouted general nets at iteration 18 (MT total route time: 0.098 sec): 49(overused: 74)
Unrouted general nets at iteration 19 (MT total route time: 0.027 sec): 2(overused: 4)
Unrouted general nets at iteration 20 (MT total route time: 0.014 sec): 0(overused: 0)
----General net take 0.012 sec(route net take 0.000 sec, inc cost take 0.007 sec, iter times: 1)
----const net route take 0.025 sec
Unrouted nets at iteration 21 (0.039 sec): 0
Detailed routing takes 4.29 sec.
I: Design net ntclkbufg_2 is routed by general path.
C: Route-2036: The clock path from clkbufg_5/gopclkbufg:CLKOUT to u_CORES/u_debug_core_0/G_M_1.u1_trig_unit/conf_reg[150]/opit_0_inv_L6Q_LUT6DQL5Q:CLK is routed by SRB.
I: Design net u_CORES/capt_o is routed by general path.
C: Route-2036: The clock path from u_CORES/u_GTP_SCANCHAIN_PG/scanchain:CAPTUREDR to u_CORES/u_debug_core_0/u_hub_data_decode/newconfini.conf_id_ini[0]/opit_0_inv:CLK is routed by SRB.
I: Design net u_CORES/drck_o is routed by general path.
C: Route-2036: The clock path from u_CORES/u_GTP_SCANCHAIN_PG/scanchain:TCK1 to clkbufg_5/gopclkbufg:CLK is routed by SRB.
Sort Original Nets take 0.006 sec
Build solution node for device pins which were mapped to more than one design pin take 0.006 sec
Check HPIO div result take 0.000 sec
Total net: 10710, route succeed net: 10710
Generate routing result take 0.015 sec
Handle PERMUX permutation take 0.236 sec
Handle const net take 0.012 sec
Handle route through take 0.009 sec
Handle loads' routing node take 0.056 sec
Used SRB routing arc is 77794.
Finish routing takes 0.43 sec.
Total routing takes 19.49 sec.


Device Utilization Summary :
+------------------------------------------------------------------------------+
| Logic Utilization           | Used     | Available     | Utilization(%)     
+------------------------------------------------------------------------------+
| Use of ADC                  | 0        | 1             | 0                  
| Use of ANALOG               | 0        | 1             | 0                  
| Use of APM                  | 0        | 840           | 0                  
| Use of BKCL                 | 4        | 7             | 58                 
| Use of BKCLHP               | 0        | 3             | 0                  
| Use of CCS                  | 1        | 1             | 100                
| Use of CLMA                 | 1553     | 42050         | 4                  
|   FF                        | 6419     | 336400        | 2                  
|   LUT                       | 3496     | 168200        | 3                  
|   LUT-FF pairs              | 2115     | 168200        | 2                  
|   LUT-CONST                 | 250      | 168200        | 1                  
| Use of CLMS                 | 619      | 18850         | 4                  
|   FF                        | 2672     | 150800        | 2                  
|   LUT                       | 1511     | 75400         | 3                  
|   LUT-FF pairs              | 989      | 75400         | 2                  
|   LUT-CONST                 | 38       | 75400         | 1                  
|   Distributed RAM           | 16       | 75400         | 1                  
| Use of DDRPHY_CPD           | 0        | 17            | 0                  
| Use of DDRPHY_CPD_HP        | 0        | 3             | 0                  
| Use of DDRPHY_IOCLK_DIV     | 0        | 10            | 0                  
| Use of DDR_PHY              | 0        | 28            | 0                  
| Use of DDR_PHY_R            | 0        | 12            | 0                  
| Use of DRM                  | 7        | 480           | 2                  
| Use of GCLK_INBUF_SYN       | 0        | 40            | 0                  
| Use of GPLL                 | 2        | 10            | 20                 
| Use of GSEB                 | 0        | 746           | 0                  
| Use of HARD0                | 809      | 36600         | 3                  
| Use of HCKB                 | 14       | 168           | 9                  
|  HCKB dataused              | 6        | 168           | 4                  
|  HCKB-BYPASS                | 12       | 168           | 8                  
| Use of HSSTHP               | 1        | 4             | 25                 
|   HSST_LANE                 | 1        | 16            | 7                  
|   HSST_PLL                  | 1        | 4             | 25                 
| Use of HSSTHP_BUFDS         | 1        | 8             | 13                 
| Use of IO                   | 8        | 500           | 2                  
|   IOBD                      | 5        | 168           | 3                  
|   IOBDHP                    | 0        | 72            | 0                  
|   IOBS                      | 3        | 182           | 2                  
|   IOBSHP                    | 0        | 78            | 0                  
| Use of IOCKB                | 0        | 40            | 0                  
| Use of IOLHP                | 0        | 150           | 0                  
| Use of IOLHP_FIFO           | 0        | 12            | 0                  
|  IOLHP_FIFO-BYPASS          | 0        | 12            | 0                  
| Use of IOLHR                | 7        | 350           | 2                  
| Use of KEYRAM               | 0        | 1             | 0                  
| Use of MRCKB                | 0        | 20            | 0                  
| Use of PCIEGEN3             | 0        | 1             | 0                  
| Use of PPLL                 | 0        | 10            | 0                  
| Use of RCKB                 | 0        | 40            | 0                  
|  RCKB dataused              | 0        | 40            | 0                  
|  RCKB-BYPASS                | 0        | 40            | 0                  
| Use of RESCAL               | 0        | 3             | 0                  
| Use of SCANCHAIN            | 1        | 1             | 100                
| Use of SPAD                 | 2        | 16            | 13                 
| Use of TSERDES              | 0        | 56            | 0                  
| Use of USCM                 | 5        | 32            | 16                 
|  USCM dataused              | 5        | 32            | 16                 
|  USCM-BYPASS                | 1        | 32            | 4                  
+------------------------------------------------------------------------------+

Finished routing.
Design 'Main' has been routed successfully.
Saving design to DB.
Action route: Export DB successfully.
Action route: Real time elapsed is 0h:0m:38s
Action route: CPU time elapsed is 0h:0m:2s
Action route: Process CPU time elapsed is 0h:0m:3s
Action route: Peak memory pool usage is 3,130 MB

Current time: Thu Jun 13 17:12:22 2024
