#Build: Fabric Compiler 2023.2-SP1, Build 147282, Jun 03 13:26 2024
#Install: D:\Pango\PDS_2023.2-SP1\bin
#Application name: pds_shell.exe
#OS: Windows 11 10.0.22631
#Hostname: WORK_BOIKOV
Generated by Fabric Compiler (version 2023.2-SP1 build 147282) at Thu Jun 13 10:53:51 2024
Compiling verification operator library.
Compiling common defs.
Compiling prim grid devices.
Compiling place grid timing.
Compiling gate devices.
Compiling gate operators.
Building architecture model.
Loading device packaging model.
place strategy configuration : 
strategy name : 0
Building architecture floorplan logic view.
Constraint check start.
W: ConstraintEditor-4040: [G:/Current_Pango/TenGigTest/device_map/Main.pcf(line number: 4)] Port sfp_1_tx_dis has been placed at location V19, whose type is share pin.
W: ConstraintEditor-4040: [G:/Current_Pango/TenGigTest/device_map/Main.pcf(line number: 5)] Port txd has been placed at location P22, whose type is share pin.
W: ConstraintEditor-4040: [G:/Current_Pango/TenGigTest/device_map/Main.pcf(line number: 12)] Port rxd has been placed at location P21, whose type is share pin.
C: ConstraintEditor-2001: [G:/Current_Pango/TenGigTest/device_map/Main.pcf(line number: 13)] Object 'sfp_1_loss' is dangling, which has no connection. it will be ignored.
C: ConstraintEditor-2012: The U_HSSTHP_COMMON of HSSTHP_664_918 have a top priority when you constraints HSSTHP. Please check your constraint file.
W: ConstraintEditor-4019: Port 'sfp_1_rx_n' unspecified I/O constraint.
W: ConstraintEditor-4019: Port 'sfp_1_rx_p' unspecified I/O constraint.
W: ConstraintEditor-4019: Port 'sfp_1_tx_n' unspecified I/O constraint.
W: ConstraintEditor-4019: Port 'sfp_1_tx_p' unspecified I/O constraint.
Found 0 error(s), 2 critical warning(s), 7 warning(s), out of 13 constraint(s)
Constraint check end.
Total time(hh:mm:ss) of constraint check : 00:00:00
Elaborate the liberty model.
I: Column Clock Check open.
Read Column Clock Map.

Placement started.
Phase 1 Pre global placement started.
I: Write file layers.txt end
Placement Logic Optimization "Enable".
LUT6D Packing Strategy "3".
Collected 1661 lut, soft packing 806.
Mapping instance GRS_INST/grs_ccs to CCS_87_622.
Mapping instance u_CORES/u_GTP_SCANCHAIN_PG/scanchain to SCANCHAIN_88_618.
Phase 1.1 Base clock placement started.
Mapping instance LinkMain/CLKBUFX_u0/clkbufc_inst to HCKB_357_2016.
Mapping instance LinkMain/CLKBUFX_u1/clkbufc_inst to HCKB_357_2017.
Mapping instance clkbufg_3/gopclkbufg to USCM_359_930.
Mapping instance Debug/u_gpll/gpll_inst to GPLL_7_769.
Mapping instance clkbufg_4/gopclkbufg to USCM_359_882.
Mapping instance Pll_50mhz/u_gpll/gpll_inst to GPLL_7_463.
Mapping instance clkbufg_5/gopclkbufg to USCM_359_885.
C: Place-2028: GLOBAL_CLOCK: the driver u_CORES/u_GTP_SCANCHAIN_PG/scanchain fixed at SCANCHAIN_88_618 is unreasonable. Sub-optimal placement for a clock source and a clock buffer.
Mapping instance clkbufg_6/gopclkbufg to USCM_359_888.
Base clock placement takes 0.00 sec.

Design Utilization : 2%.
Phase 1.2 1st GP placement started.
[GP] Placement Decongestion Mode 1.
[GP] Recovery Analysis in GP "Disable".
Init coarse delay table.
Read place coarse delay table takes 0.03 sec.
Build SRB system takes 0.14 sec.
[GP] Init timing API takes 6.93 sec.
[GP] Init GP graph takes 7.52 sec.
Device graph total memory: 124.67246056 MB
[GP] GP graph memory: 430.92435741 MB
[GP] Read position from netlist take 0 msec
[GP] Total node move: 564504.98, average node move: 204.31
[GP] SA handle 1 clusters.
[GP] SA init_cost=340027.521429 final_cost=309115.928571 final_cost/init_cost=0.909091 occupied region_num=1
[GP] SA Optimize take time: 0.001000 sec.
[GP] MarginTNS=-4886126, TNS=-2207126, WNS=-1626
[GP] Place thread size: 4
[GP] Node size: 61348, net size: 4064
[GP] Design graph total memory: 223.46189022 MB
[GP] MarginTNS=-5030969, TNS=-2351969, WNS=-1592
[GP] Step 0 take 0.171 secs: WL=5675.65 OF=0.923219
[GP] MarginTNS=-5045826, TNS=-2366826, WNS=-3818
[GP] Step 1 take 0.910 secs: WL=8268.85 OF=0.869933
[GP] MarginTNS=-5100725, TNS=-2421725, WNS=-3836
[GP] Step 2 take 0.885 secs: WL=9477.91 OF=0.821451
[GP] MarginTNS=-5150921, TNS=-2471921, WNS=-3606
[GP] Step 3 take 0.891 secs: WL=9986.07 OF=0.753682
[GP] MarginTNS=-5195442, TNS=-2516442, WNS=-3535
[GP] Step 4 take 0.896 secs: WL=10349.83 OF=0.669967
[GP] MarginTNS=-5228207, TNS=-2549207, WNS=-3409
[GP] Step 5 take 0.927 secs: WL=10565.62 OF=0.579325
[GP] MarginTNS=-5242953, TNS=-2563953, WNS=-3397
[GP] Step 6 take 0.899 secs: WL=10651.84 OF=0.512479
[GP] MarginTNS=-5229466, TNS=-2550466, WNS=-3367
[GP] Step 7 take 0.899 secs: WL=10437.23 OF=0.455392
[GP] MarginTNS=-5232739, TNS=-2553739, WNS=-3239
[GP] Step 8 take 0.914 secs: WL=10315.83 OF=0.379104
[GP] MarginTNS=-5233686, TNS=-2554686, WNS=-3266
[GP] Step 9 take 0.913 secs: WL=10335.28 OF=0.310666
[GP] MarginTNS=-5232805, TNS=-2553805, WNS=-3117
[GP] Step 10 take 0.897 secs: WL=10417.88 OF=0.244040
[GP] MarginTNS=-5239557, TNS=-2560557, WNS=-3111
[GP] Step 11 take 0.917 secs: WL=10592.42 OF=0.192820
[GP] MarginTNS=-5244191, TNS=-2565191, WNS=-2718
[GP] Step 12 take 0.920 secs: WL=10599.92 OF=0.133832
[GP] MarginTNS=-5244945, TNS=-2565945, WNS=-2251
[GP] MarginTNS=-5252349, TNS=-2573349, WNS=-2225
[GP] Step 13 take 0.963 secs: WL=11038.31 OF=0.095104
[GP] MarginTNS=-5246798, TNS=-2567798, WNS=-1982
[GP] Step 14 take 0.721 secs: WL=10707.48 OF=0.083922
[GP] Best WL=10702.706412 OF=0.080780, take 12.785000 secs.
[GP] MarginTNS=-5242162, TNS=-2563162, WNS=-1959
[GP] Total node move: 160513.13, average node move: 58.09
[GP] Placer use memory: 43.14938736 MB
[GP] GP graph memory: 443.94075012 MB
Wirelength after clock region global placement is 10572 and checksum is 92FCAE222B95C493.
1st GP placement takes 3.39 sec.

Wirelength after Pre Global Placement is 10572 and checksum is 92FCAE222B95C493.
Pre global placement takes 3.50 sec.

Phase 2 Global placement started.
Phase 2.1 Fixed placement started.
Placed fixed group with base inst Debug/u_buf1/opit_2 on IOLHR_16_1692.
Placed fixed group with base inst LinkMain/PHY_10G/U_GTP_HSSTHP_WRAPPER/REFCLK0_ENABLE.U_BUFDS_0/U_BUFDS/gatehsst_spadp on SPAD_663_1837.
Placed fixed group with base inst fan_obuf/opit_1 on IOLHR_16_6.
Placed fixed group with base inst fpga_rst_n_ibuf/opit_1 on IOLHR_16_786.
Placed fixed group with base inst i_clk_50_ibuf/opit_1 on IOLHR_16_774.
Placed fixed group with base inst rxd_ibuf/opit_1 on IOLHR_16_954.
Placed fixed group with base inst sfp_1_tx_dis_obuf/opit_1 on IOLHR_16_684.
Placed fixed group with base inst txd_obuf/opit_1 on IOLHR_16_948.
Placed fixed instance LinkMain/PHY_10G/U_GTP_HSSTHP_WRAPPER/CHANNEL0_ENABLE.U_LANE0_WRAP/U_LANE0/gatehsst_lane on HSSTHP_664_1836.
Placed fixed instance LinkMain/PHY_10G/U_GTP_HSSTHP_WRAPPER/HPLL_ENABLE.U_HPLL_WRAP/U_HPLL/gatehsst_hpll on HSSTHP_664_1836.
Placed fixed instance Debug/u_gpll/gpll_inst on GPLL_7_769.
Placed fixed instance GRS_INST/grs_ccs on CCS_87_622.
Placed fixed instance LinkMain/CLKBUFX_u0/clkbufc_inst on HCKB_357_2016.
Placed fixed instance LinkMain/CLKBUFX_u1/clkbufc_inst on HCKB_357_2017.
Placed fixed instance Pll_50mhz/u_gpll/gpll_inst on GPLL_7_463.
Placed fixed instance clkbufg_3/gopclkbufg on USCM_359_930.
Placed fixed instance clkbufg_4/gopclkbufg on USCM_359_882.
Placed fixed instance clkbufg_5/gopclkbufg on USCM_359_885.
Placed fixed instance clkbufg_6/gopclkbufg on USCM_359_888.
Placed fixed instance u_CORES/u_GTP_SCANCHAIN_PG/scanchain on SCANCHAIN_88_618.
Placed fixed instance BKCL_auto_0 on BKCL_1_1564.
Placed fixed instance BKCL_auto_1 on BKCL_1_952.
Placed fixed instance BKCL_auto_2 on BKCL_1_646.
Placed fixed instance BKCL_auto_3 on BKCL_1_34.
Fixed placement takes 0.00 sec.

Phase 2.2 Process placement started.
DRC Placement Start.
DRC final successful.
DRC Placement Process takes 0.00 sec.
DRC Placement End.
DRCP end, takes 0.003 secs.
Process placement takes 0.03 sec.

Phase 2.3 IO placement started.
The average distance in IO place is 0.000000.
IO placement takes 0.00 sec.

Phase 2.4 Post Process placement started.
Post Process placement takes 0.00 sec.

Planning Before Place "Enable".
PBM start.
First map gop timing takes 0.00 sec
PBM of GP end, takes 0.00 sec.
Design Utilization : 2%.
Phase 2.5 2nd GP placement started.
Wirelength before global placement is 10572 and checksum is 1A18DDA1CA658EC8.
[GP] Init timing API takes 0.00 sec.
[GP] Init GP graph takes 0.32 sec.
Device graph total memory: 124.67246056 MB
[GP] GP graph memory: 438.22476959 MB
[GP] Read position from netlist take 0 msec
[GP] Total node move: 93268.61, average node move: 33.76
[GP] MarginTNS=-5448603, TNS=-2769603, WNS=-2194
[GP] Place thread size: 4
[GP] Node size: 61348, net size: 4074
[GP] Design graph total memory: 230.76230240 MB
[GP] MarginTNS=-4956008, TNS=-2277008, WNS=-1592
[GP] Step 0 take 0.179 secs: WL=5454.39 OF=0.912748
[GP] MarginTNS=-5021330, TNS=-2342330, WNS=-2574
[GP] Step 1 take 0.922 secs: WL=7196.84 OF=0.886411
[GP] MarginTNS=-5072130, TNS=-2393130, WNS=-3341
[GP] Step 2 take 0.938 secs: WL=8766.05 OF=0.851666
[GP] MarginTNS=-5131011, TNS=-2452011, WNS=-3583
[GP] Step 3 take 0.923 secs: WL=9964.63 OF=0.791207
[GP] MarginTNS=-5197397, TNS=-2518397, WNS=-3479
[GP] Step 4 take 0.921 secs: WL=10590.73 OF=0.674325
[GP] MarginTNS=-5229014, TNS=-2550014, WNS=-3532
[GP] Step 5 take 0.915 secs: WL=10442.88 OF=0.552854
[GP] MarginTNS=-5213647, TNS=-2534647, WNS=-3532
[GP] Step 6 take 0.915 secs: WL=10369.15 OF=0.509638
[GP] MarginTNS=-5222910, TNS=-2543910, WNS=-3453
[GP] Step 7 take 0.968 secs: WL=10272.28 OF=0.447041
[GP] MarginTNS=-5227491, TNS=-2548491, WNS=-3374
[GP] Step 8 take 0.914 secs: WL=10315.09 OF=0.385964
[GP] MarginTNS=-5235710, TNS=-2556710, WNS=-3335
[GP] Step 9 take 0.900 secs: WL=10399.63 OF=0.316990
[GP] MarginTNS=-5248432, TNS=-2569432, WNS=-3139
[GP] Step 10 take 0.897 secs: WL=10673.37 OF=0.253907
[GP] MarginTNS=-5258903, TNS=-2579903, WNS=-3088
[GP] Step 11 take 0.897 secs: WL=10938.92 OF=0.198859
[GP] MarginTNS=-5254936, TNS=-2575936, WNS=-2871
[GP] Step 12 take 0.892 secs: WL=11043.73 OF=0.146804
[GP] MarginTNS=-5259857, TNS=-2580857, WNS=-2478
[GP] Step 13 take 0.886 secs: WL=11035.71 OF=0.111673
[GP] MarginTNS=-5254608, TNS=-2575608, WNS=-2067
[GP] MarginTNS=-5259994, TNS=-2580994, WNS=-2070
[GP] Step 14 take 0.993 secs: WL=11962.30 OF=0.084409
[GP] MarginTNS=-5253502, TNS=-2574502, WNS=-1769
[GP] Step 15 take 0.748 secs: WL=11431.43 OF=0.085308
[GP] Best WL=11813.492346 OF=0.088537, take 13.683000 secs.
[GP] MarginTNS=-5256099, TNS=-2577099, WNS=-2023
[GP] Total node move: 33565.38, average node move: 12.15
[GP] Placer use memory: 43.45033646 MB
[GP] GP graph memory: 444.49977398 MB
2nd GP placement takes 3.55 sec.

Wirelength after global placement is 11419 and checksum is 8969ADB58D78C6D3.
Global placement takes 3.58 sec.

Phase 3 Post global placement started.
Phase 3.1 Macro cell placement started.
Early Place Macro "Global".
Auto Dispose Macro Object "Enable".
Wirelength after macro cell placement is 11419 and checksum is 1FCA0BD7CCA04E6C.
Macro cell placement takes 0.00 sec.

PBM start.
PBM of PostGP end, takes 0.00 sec.
Design Utilization : 2%.
Phase 3.2 3rd GP placement started.
Wirelength before post global placement is 11419 and checksum is 1FCA0BD7CCA04E6C.
[GP] Init timing API takes 0.00 sec.
[GP] Init GP graph takes 0.32 sec.
Device graph total memory: 124.67246056 MB
[GP] GP graph memory: 438.45786572 MB
[GP] Read position from netlist take 0 msec
[GP] Place thread size: 4
[GP] Node size: 61341, net size: 4085
[GP] Design graph total memory: 231.06406307 MB
[GP] MarginTNS=-5256141, TNS=-2577141, WNS=-2023
[GP] Step 0 take 0.208 secs: WL=12111.20 OF=0.097559
[GP] MarginTNS=-5252502, TNS=-2573502, WNS=-2477
[GP] Step 1 take 0.772 secs: WL=11520.09 OF=0.100078
[GP] MarginTNS=-5250539, TNS=-2571539, WNS=-2550
[GP] Step 2 take 0.743 secs: WL=11297.73 OF=0.085851
[GP] Best WL=11296.447884 OF=0.084899, take 1.698000 secs.
[GP] MarginTNS=-5249860, TNS=-2570860, WNS=-2550
[GP] Total node move: 1872.30, average node move: 0.68
[GP] Placer use memory: 42.22232437 MB
[GP] GP graph memory: 444.74915600 MB
3rd GP placement takes 0.23 sec.

Wirelength after post global placement is 11033 and checksum is F0B6994298315AA7.
I: Soft packing 830 LUT6D, real packing 812(97.77%) LUT6D.
The total number of packing LUT6D is 812.
Worst slack after packing LUT6D is -2303.
Wirelength after packing LUT6D is 11061 and checksum is BDD3F951C9E8A239.
Packing LUT6D takes 0.03 sec.
Post global placement takes 0.28 sec.

Optimize timing started.
Start lp timing optimize, WNS: -2303, TNS: -2111892.
  Timing opt iter 0, WNS: -1801, TNS: -2304410.
  Timing opt iter 1, WNS: -1691, TNS: -2338434.
  Timing opt iter 2, WNS: -1592, TNS: -2354644.
  Timing opt iter 3, WNS: -2303, TNS: -2111892.
  Timing opt iter 4, WNS: -1796, TNS: -2314646.
  Timing opt iter 5, WNS: -1592, TNS: -2324495.
  Timing opt iter 6, WNS: -2303, TNS: -2111892.
  Timing opt iter 7, WNS: -1796, TNS: -2314646.
  Timing opt iter 8, WNS: -1592, TNS: -2324495.
  Timing opt iter 9, WNS: -2303, TNS: -2111892.
  Timing opt iter 10, WNS: -1796, TNS: -2314646.
  Timing opt iter 11, WNS: -1592, TNS: -2324495.
  Timing opt iter 12, WNS: -2303, TNS: -2111892.
  Timing opt iter 13, WNS: -1796, TNS: -2314646.
  Timing opt iter 14, WNS: -1592, TNS: -2324495.
  Timing opt iter 15, WNS: -2303, TNS: -2111892.
  Timing opt iter 16, WNS: -1796, TNS: -2314646.
  Timing opt iter 17, WNS: -1592, TNS: -2324495.
  Timing opt iter 18, WNS: -2303, TNS: -2111892.
  Timing opt iter 19, WNS: -1796, TNS: -2314646.
End lp timing optimize, WNS: -2303, TNS: -2111892.
Timing driven place optimize takes 0.09 sec.
Wirelength after timing drive place optimize is 11061 and checksum is BDD3F951C9E8A239.
Phase 4 Legalization started.
The average distance in LP is 0.302762.
Wirelength after legalization is 12924 and checksum is D176F9859ED51D86.
Legalization takes 0.00 sec.

Phase 5 Timing-driven detailed placement started.
Phase 5.1 Replication placement started.
Design Cells Duplication "Enable".
Recovery Analysis in RP "Disable".
Worst slack before Replication Place is -2250, TNS before Replication Place is -2137595. 
Replication placement takes 0.00 sec.

Wirelength after replication placement is 12924 and checksum is D176F9859ED51D86.
Recovery Analysis in DP "Disable".
RefinePlacement Mode "Swap".
Phase 5.2 Swapping placement started.
Worst slack before detailed placement is -2250, TNS before detailed placement is -2137595. 
RefinePlacement Iteration "20".
    Cost at Swap iteration  0:    wslk  -2192,    tns   -2146891,    takes    0.00 sec.
    Cost at DP   iteration  0:    wslk  -1826,    tns   -2327298,    takes    0.00 sec.
    Cost at Swap iteration  1:    wslk  -1729,    tns   -2323446,    takes    0.00 sec.
    Cost at Swap iteration  2:    wslk  -1728,    tns   -2332064,    takes    0.00 sec.
    Cost at DP   iteration  2:    wslk  -1728,    tns   -2361206,    takes    0.03 sec.
    Cost at Swap iteration  3:    wslk  -1717,    tns   -2376538,    takes    0.02 sec.
    Cost at Swap iteration  4:    wslk  -1683,    tns   -2393400,    takes    0.02 sec.
    Cost at DP   iteration  4:    wslk  -1638,    tns   -2409587,    takes    0.03 sec.
    Cost at Swap iteration  5:    wslk  -1597,    tns   -2426521,    takes    0.00 sec.
    Cost at Swap iteration  6:    wslk  -1593,    tns   -2431233,    takes    0.02 sec.
    Cost at DP   iteration  6:    wslk  -1583,    tns   -2417403,    takes    0.12 sec.
    Cost at Swap iteration  7:    wslk  -1579,    tns   -2429318,    takes    0.08 sec.
    Cost at Swap iteration  8:    wslk  -1579,    tns   -2435471,    takes    0.09 sec.
    Cost at DP   iteration  8:    wslk  -1572,    tns   -2424405,    takes    0.25 sec.
    Cost at Swap iteration  9:    wslk  -1551,    tns   -2435070,    takes    0.11 sec.
    Cost at Swap iteration 10:    wslk  -1542,    tns   -2435076,    takes    0.05 sec.
    Cost at DP   iteration 10:    wslk  -1538,    tns   -2415013,    takes    0.22 sec.
    Cost at Swap iteration 11:    wslk  -1538,    tns   -2420153,    takes    0.09 sec.
    Cost at Swap iteration 12:    wslk  -1538,    tns   -2426644,    takes    0.22 sec.
    Cost at DP   iteration 12:    wslk  -1509,    tns   -2348330,    takes    0.09 sec.
    Cost at Swap iteration 13:    wslk  -1506,    tns   -2359497,    takes    0.00 sec.
    Cost at Swap iteration 14:    wslk  -1469,    tns   -2348766,    takes    0.00 sec.
    Cost at DP   iteration 14:    wslk  -1469,    tns   -2335818,    takes    0.00 sec.
    Cost at Swap iteration 15:    wslk  -1469,    tns   -2332426,    takes    0.05 sec.
    Cost at Swap iteration 16:    wslk  -1469,    tns   -2331751,    takes    0.03 sec.
    Cost at DP   iteration 16:    wslk  -1469,    tns   -2309168,    takes    0.16 sec.
    Cost at Swap iteration 17:    wslk  -1469,    tns   -2305881,    takes    0.02 sec.
Worst slack after detailed placement is -1469, TNS after detailed placement is -2305881. 
Swapping placement takes 1.69 sec.

Wirelength after detailed placement is 27437 and checksum is A4B5C3F8D964FDAE.
Timing-driven detailed placement takes 1.69 sec.

Worst slack is -1446, TNS after placement is -2251449.

Congestion analysis started.
Congestion analysis takes 0.00 sec.



Device Utilization Summary :
+------------------------------------------------------------------------------+
| Logic Utilization           | Used     | Available     | Utilization(%)     
+------------------------------------------------------------------------------+
| Use of ADC                  | 0        | 1             | 0                  
| Use of ANALOG               | 0        | 1             | 0                  
| Use of APM                  | 0        | 840           | 0                  
| Use of BKCL                 | 4        | 7             | 58                 
| Use of BKCLHP               | 0        | 3             | 0                  
| Use of CCS                  | 1        | 1             | 100                
| Use of CLMA                 | 652      | 42050         | 2                  
|   FF                        | 2560     | 336400        | 1                  
|   LUT                       | 1369     | 168200        | 1                  
|   LUT-FF pairs              | 936      | 168200        | 1                  
|   LUT-CONST                 | 0        | 168200        | 0                  
| Use of CLMS                 | 245      | 18850         | 2                  
|   FF                        | 1001     | 150800        | 1                  
|   LUT                       | 528      | 75400         | 1                  
|   LUT-FF pairs              | 399      | 75400         | 1                  
|   LUT-CONST                 | 0        | 75400         | 0                  
|   Distributed RAM           | 8        | 75400         | 1                  
| Use of DDRPHY_CPD           | 0        | 17            | 0                  
| Use of DDRPHY_CPD_HP        | 0        | 3             | 0                  
| Use of DDRPHY_IOCLK_DIV     | 0        | 10            | 0                  
| Use of DDR_PHY              | 0        | 28            | 0                  
| Use of DDR_PHY_R            | 0        | 12            | 0                  
| Use of DRM                  | 2.5      | 480           | 1                  
| Use of GCLK_INBUF_SYN       | 0        | 40            | 0                  
| Use of GPLL                 | 2        | 10            | 20                 
| Use of GSEB                 | 0        | 746           | 0                  
| Use of HARD0                | 0        | 36600         | 0                  
| Use of HCKB                 | 2        | 168           | 2                  
|  HCKB dataused              | 1        | 168           | 1                  
|  HCKB-BYPASS                | 0        | 168           | 0                  
| Use of HSSTHP               | 1        | 4             | 25                 
|   HSST_LANE                 | 1        | 16            | 7                  
|   HSST_PLL                  | 1        | 4             | 25                 
| Use of HSSTHP_BUFDS         | 1        | 8             | 13                 
| Use of IO                   | 8        | 500           | 2                  
|   IOBD                      | 5        | 168           | 3                  
|   IOBDHP                    | 0        | 72            | 0                  
|   IOBS                      | 3        | 182           | 2                  
|   IOBSHP                    | 0        | 78            | 0                  
| Use of IOCKB                | 0        | 40            | 0                  
| Use of IOLHP                | 0        | 150           | 0                  
| Use of IOLHP_FIFO           | 0        | 12            | 0                  
|  IOLHP_FIFO-BYPASS          | 0        | 12            | 0                  
| Use of IOLHR                | 7        | 350           | 2                  
| Use of KEYRAM               | 0        | 1             | 0                  
| Use of MRCKB                | 0        | 20            | 0                  
| Use of PCIEGEN3             | 0        | 1             | 0                  
| Use of PPLL                 | 0        | 10            | 0                  
| Use of RCKB                 | 0        | 40            | 0                  
|  RCKB dataused              | 0        | 40            | 0                  
|  RCKB-BYPASS                | 0        | 40            | 0                  
| Use of RESCAL               | 0        | 3             | 0                  
| Use of SCANCHAIN            | 1        | 1             | 100                
| Use of SPAD                 | 2        | 16            | 13                 
| Use of TSERDES              | 0        | 56            | 0                  
| Use of USCM                 | 4        | 32            | 13                 
|  USCM dataused              | 1        | 32            | 4                  
|  USCM-BYPASS                | 0        | 32            | 0                  
+------------------------------------------------------------------------------+

Action place: Export DB successfully.
Placement done.
Total placement takes 9.25 sec.
Finished placement.
Design 'Main' has been placed successfully.
Action place: Real time elapsed is 0h:1m:10s
Action place: CPU time elapsed is 0h:0m:10s
Action place: Process CPU time elapsed is 0h:0m:25s
Action place: Peak memory pool usage is 3,132 MB

Current time: Thu Jun 13 10:54:59 2024
