#Build: Fabric Compiler 2023.2-SP1, Build 147282, Jun 03 13:26 2024
#Install: D:\Pango\PDS_2023.2-SP1\bin
#Application name: pds_shell.exe
#OS: Windows 11 10.0.22631
#Hostname: WORK_BOIKOV
Generated by Fabric Compiler (version 2023.2-SP1 build 147282) at Thu Jun 13 10:55:01 2024
Compiling verification operator library.
Compiling common defs.
Compiling prim grid devices.
Compiling place grid timing.
Compiling gate devices.
Compiling gate operators.
Building architecture model.
Loading device packaging model.
Building architecture floorplan logic view.
route strategy configuration : 
strategy name : 0
Elaborate the liberty model.

Routing started.
Enter timing driven router mode.
Route thread size: 7
Building routing graph takes 8.45 sec.
Enable Recovery Analysis in Routing
Init coarse delay table.
Read place coarse delay table takes 0.03 sec.
Build SRB system takes 0.03 sec.
Setup STE netlist take 4391 msec.
Slack Weight : 90
CE/RS signal series limit : 500
Dispose control chain take 35 msec.
Collect const net info take 149 msec.
Total nets for routing: 4026.
Total loads for routing: 16010.
Direct connect net size: 311
Build all design net take 129 msec.
Processing design graph takes 4.71 sec.
Delay table total memory: 114.79536438 MB
Route graph total memory: 408.20279217 MB
Route design total memory: 11.20502472 MB
Global routing takes 0.00 sec.
Pin Cost Increasing Speed 300
Total 4024 subnets.
Unrouted clock nets at iteration 0 (0.200 sec): 9
Unrouted clock nets at iteration 1 (0.119 sec): 3
Unrouted clock nets at iteration 2 (0.008 sec): 3
Unrouted clock nets at iteration 3 (0.007 sec): 3
Unrouted clock nets at iteration 4 (0.006 sec): 3
Unrouted clock nets at iteration 5 (0.007 sec): 3
Unrouted clock nets at iteration 6 (0.006 sec): 3
Unrouted clock nets at iteration 7 (0.002 sec): 3
Unrouted clock nets at iteration 8 (0.002 sec): 3
Unrouted clock nets at iteration 9 (0.002 sec): 3
Unrouted clock nets at iteration 10 (0.004 sec): 3
Unrouted clock nets at iteration 11 (0.035 sec): 4
Unrouted clock nets at iteration 12 (0.003 sec): 2
Unrouted clock nets at iteration 13 (0.004 sec): 0
Total route nets size: 4010
Worst slack is -2769, TNS before route is -5373834.
I: Write file layers.txt end
Pre route takes 0.679 sec
Unrouted general nets at iteration 15 (MT total route time: 0.360 sec): 3323(overused: 15529)
Unrouted general nets at iteration 16 (MT total route time: 0.365 sec): 2344(overused: 6912)
Unrouted general nets at iteration 17 (MT total route time: 0.227 sec): 1420(overused: 3401)
Unrouted general nets at iteration 18 (MT total route time: 0.134 sec): 978(overused: 2319)
Unrouted general nets at iteration 19 (MT total route time: 0.090 sec): 774(overused: 1802)
Unrouted general nets at iteration 20 (MT total route time: 0.080 sec): 427(overused: 1028)
Unrouted general nets at iteration 21 (MT total route time: 0.048 sec): 366(overused: 920)
Unrouted general nets at iteration 22 (MT total route time: 0.047 sec): 309(overused: 748)
Unrouted general nets at iteration 23 (MT total route time: 0.041 sec): 273(overused: 658)
Unrouted general nets at iteration 24 (MT total route time: 0.037 sec): 236(overused: 562)
Unrouted general nets at iteration 25 (MT total route time: 0.036 sec): 193(overused: 446)
Unrouted general nets at iteration 26 (MT total route time: 0.027 sec): 168(overused: 422)
Unrouted general nets at iteration 27 (MT total route time: 0.024 sec): 154(overused: 358)
Unrouted general nets at iteration 28 (MT total route time: 0.022 sec): 129(overused: 296)
Unrouted general nets at iteration 29 (MT total route time: 0.022 sec): 118(overused: 256)
Unrouted general nets at iteration 30 (MT total route time: 0.019 sec): 102(overused: 238)
Unrouted general nets at iteration 31 (MT total route time: 0.021 sec): 94(overused: 192)
Unrouted general nets at iteration 32 (MT total route time: 0.016 sec): 87(overused: 196)
Unrouted general nets at iteration 33 (MT total route time: 0.017 sec): 76(overused: 166)
Unrouted general nets at iteration 34 (MT total route time: 0.012 sec): 69(overused: 156)
Unrouted general nets at iteration 35 (MT total route time: 0.014 sec): 62(overused: 134)
Unrouted general nets at iteration 36 (MT total route time: 0.013 sec): 57(overused: 124)
Unrouted general nets at iteration 37 (MT total route time: 0.016 sec): 51(overused: 112)
Unrouted general nets at iteration 38 (MT total route time: 0.010 sec): 46(overused: 96)
Unrouted general nets at iteration 39 (MT total route time: 0.010 sec): 47(overused: 86)
Unrouted general nets at iteration 40 (MT total route time: 0.008 sec): 38(overused: 72)
Unrouted general nets at iteration 41 (MT total route time: 0.008 sec): 35(overused: 76)
Unrouted general nets at iteration 42 (MT total route time: 0.007 sec): 34(overused: 62)
Unrouted general nets at iteration 43 (MT total route time: 0.007 sec): 30(overused: 56)
Unrouted general nets at iteration 44 (MT total route time: 0.006 sec): 21(overused: 44)
Unrouted general nets at iteration 45 (MT total route time: 0.008 sec): 21(overused: 42)
Unrouted general nets at iteration 46 (MT total route time: 0.008 sec): 21(overused: 38)
Unrouted general nets at iteration 47 (MT total route time: 0.006 sec): 17(overused: 34)
Unrouted general nets at iteration 48 (MT total route time: 0.008 sec): 22(overused: 36)
Unrouted general nets at iteration 49 (MT total route time: 0.006 sec): 14(overused: 24)
Unrouted general nets at iteration 50 (MT total route time: 0.006 sec): 9(overused: 16)
Unrouted general nets at iteration 51 (MT total route time: 0.004 sec): 8(overused: 14)
Unrouted general nets at iteration 52 (MT total route time: 0.004 sec): 8(overused: 14)
Unrouted general nets at iteration 53 (MT total route time: 0.004 sec): 8(overused: 14)
Unrouted general nets at iteration 54 (MT total route time: 0.004 sec): 6(overused: 10)
Unrouted general nets at iteration 55 (MT total route time: 0.006 sec): 6(overused: 10)
Unrouted general nets at iteration 56 (MT total route time: 0.005 sec): 7(overused: 12)
Unrouted general nets at iteration 57 (MT total route time: 0.004 sec): 6(overused: 10)
Unrouted general nets at iteration 58 (MT total route time: 0.004 sec): 6(overused: 10)
Unrouted general nets at iteration 59 (MT total route time: 0.004 sec): 6(overused: 10)
Unrouted general nets at iteration 60 (MT total route time: 0.004 sec): 2(overused: 4)
Unrouted general nets at iteration 61 (MT total route time: 0.004 sec): 2(overused: 4)
Unrouted general nets at iteration 62 (MT total route time: 0.003 sec): 2(overused: 4)
Unrouted general nets at iteration 63 (MT total route time: 0.004 sec): 2(overused: 4)
Unrouted general nets at iteration 64 (MT total route time: 0.003 sec): 0(overused: 0)
----General net take 0.003 sec(route net take 0.000 sec, inc cost take 0.002 sec, iter times: 1)
----const net route take 0.014 sec
Unrouted nets at iteration 65 (0.019 sec): 0
Detailed routing takes 3.60 sec.
I: Design net u_CORES/capt_o is routed by general path.
C: Route-2036: The clock path from u_CORES/u_GTP_SCANCHAIN_PG/scanchain:CAPTUREDR to u_CORES/u_debug_core_0/u_hub_data_decode/id_sample.conf_id[3]/opit_0_inv:CLK is routed by SRB.
I: Design net u_CORES/drck_o is routed by general path.
C: Route-2036: The clock path from u_CORES/u_GTP_SCANCHAIN_PG/scanchain:TCK1 to clkbufg_6/gopclkbufg:CLK is routed by SRB.
Sort Original Nets take 0.002 sec
Build solution node for device pins which were mapped to more than one design pin take 0.002 sec
Check HPIO div result take 0.000 sec
Total net: 4026, route succeed net: 4026
Generate routing result take 0.007 sec
Handle PERMUX permutation take 0.093 sec
Handle const net take 0.009 sec
Handle route through take 0.003 sec
Handle loads' routing node take 0.020 sec
Used SRB routing arc is 31396.
Finish routing takes 0.16 sec.
Total routing takes 17.17 sec.


Device Utilization Summary :
+------------------------------------------------------------------------------+
| Logic Utilization           | Used     | Available     | Utilization(%)     
+------------------------------------------------------------------------------+
| Use of ADC                  | 0        | 1             | 0                  
| Use of ANALOG               | 0        | 1             | 0                  
| Use of APM                  | 0        | 840           | 0                  
| Use of BKCL                 | 4        | 7             | 58                 
| Use of BKCLHP               | 0        | 3             | 0                  
| Use of CCS                  | 1        | 1             | 100                
| Use of CLMA                 | 741      | 42050         | 2                  
|   FF                        | 2560     | 336400        | 1                  
|   LUT                       | 1369     | 168200        | 1                  
|   LUT-FF pairs              | 936      | 168200        | 1                  
|   LUT-CONST                 | 406      | 168200        | 1                  
| Use of CLMS                 | 248      | 18850         | 2                  
|   FF                        | 1001     | 150800        | 1                  
|   LUT                       | 528      | 75400         | 1                  
|   LUT-FF pairs              | 399      | 75400         | 1                  
|   LUT-CONST                 | 39       | 75400         | 1                  
|   Distributed RAM           | 8        | 75400         | 1                  
| Use of DDRPHY_CPD           | 0        | 17            | 0                  
| Use of DDRPHY_CPD_HP        | 0        | 3             | 0                  
| Use of DDRPHY_IOCLK_DIV     | 0        | 10            | 0                  
| Use of DDR_PHY              | 0        | 28            | 0                  
| Use of DDR_PHY_R            | 0        | 12            | 0                  
| Use of DRM                  | 2.5      | 480           | 1                  
| Use of GCLK_INBUF_SYN       | 0        | 40            | 0                  
| Use of GPLL                 | 2        | 10            | 20                 
| Use of GSEB                 | 0        | 746           | 0                  
| Use of HARD0                | 327      | 36600         | 1                  
| Use of HCKB                 | 8        | 168           | 5                  
|  HCKB dataused              | 3        | 168           | 2                  
|  HCKB-BYPASS                | 6        | 168           | 4                  
| Use of HSSTHP               | 1        | 4             | 25                 
|   HSST_LANE                 | 1        | 16            | 7                  
|   HSST_PLL                  | 1        | 4             | 25                 
| Use of HSSTHP_BUFDS         | 1        | 8             | 13                 
| Use of IO                   | 8        | 500           | 2                  
|   IOBD                      | 5        | 168           | 3                  
|   IOBDHP                    | 0        | 72            | 0                  
|   IOBS                      | 3        | 182           | 2                  
|   IOBSHP                    | 0        | 78            | 0                  
| Use of IOCKB                | 0        | 40            | 0                  
| Use of IOLHP                | 0        | 150           | 0                  
| Use of IOLHP_FIFO           | 0        | 12            | 0                  
|  IOLHP_FIFO-BYPASS          | 0        | 12            | 0                  
| Use of IOLHR                | 7        | 350           | 2                  
| Use of KEYRAM               | 0        | 1             | 0                  
| Use of MRCKB                | 0        | 20            | 0                  
| Use of PCIEGEN3             | 0        | 1             | 0                  
| Use of PPLL                 | 0        | 10            | 0                  
| Use of RCKB                 | 0        | 40            | 0                  
|  RCKB dataused              | 0        | 40            | 0                  
|  RCKB-BYPASS                | 0        | 40            | 0                  
| Use of RESCAL               | 0        | 3             | 0                  
| Use of SCANCHAIN            | 1        | 1             | 100                
| Use of SPAD                 | 2        | 16            | 13                 
| Use of TSERDES              | 0        | 56            | 0                  
| Use of USCM                 | 5        | 32            | 16                 
|  USCM dataused              | 5        | 32            | 16                 
|  USCM-BYPASS                | 1        | 32            | 4                  
+------------------------------------------------------------------------------+

Finished routing.
Design 'Main' has been routed successfully.
Saving design to DB.
Action route: Export DB successfully.
Action route: Real time elapsed is 0h:0m:33s
Action route: CPU time elapsed is 0h:0m:2s
Action route: Process CPU time elapsed is 0h:0m:3s
Action route: Peak memory pool usage is 3,078 MB

Current time: Thu Jun 13 10:55:33 2024
