#Build: Fabric Compiler 2023.2-SP1, Build 147282, Jun 03 13:26 2024
#Install: D:\Pango\PDS_2023.2-SP1\bin
#Application name: pds_shell.exe
#OS: Windows 11 10.0.22631
#Hostname: WORK_BOIKOV
Generated by Fabric Compiler (version 2023.2-SP1 build 147282) at Thu Jun 13 12:10:07 2024
Compiling verification operator library.
Compiling common defs.
Compiling prim grid devices.
Compiling place grid timing.
Compiling gate devices.
Compiling gate operators.
Building architecture model.
Loading device packaging model.
place strategy configuration : 
strategy name : 0
Building architecture floorplan logic view.
Constraint check start.
W: ConstraintEditor-4040: [G:/Current_Pango/TenGigTest/device_map/Main.pcf(line number: 4)] Port sfp_1_tx_dis has been placed at location V19, whose type is share pin.
W: ConstraintEditor-4040: [G:/Current_Pango/TenGigTest/device_map/Main.pcf(line number: 5)] Port txd has been placed at location P22, whose type is share pin.
W: ConstraintEditor-4040: [G:/Current_Pango/TenGigTest/device_map/Main.pcf(line number: 12)] Port rxd has been placed at location P21, whose type is share pin.
C: ConstraintEditor-2001: [G:/Current_Pango/TenGigTest/device_map/Main.pcf(line number: 13)] Object 'sfp_1_loss' is dangling, which has no connection. it will be ignored.
C: ConstraintEditor-2012: The U_HSSTHP_COMMON of HSSTHP_664_918 have a top priority when you constraints HSSTHP. Please check your constraint file.
W: ConstraintEditor-4019: Port 'sfp_1_rx_n' unspecified I/O constraint.
W: ConstraintEditor-4019: Port 'sfp_1_rx_p' unspecified I/O constraint.
W: ConstraintEditor-4019: Port 'sfp_1_tx_n' unspecified I/O constraint.
W: ConstraintEditor-4019: Port 'sfp_1_tx_p' unspecified I/O constraint.
Found 0 error(s), 2 critical warning(s), 7 warning(s), out of 13 constraint(s)
Constraint check end.
Total time(hh:mm:ss) of constraint check : 00:00:00
Elaborate the liberty model.
I: Column Clock Check open.
Read Column Clock Map.

Placement started.
Phase 1 Pre global placement started.
I: Write file layers.txt end
Placement Logic Optimization "Enable".
LUT6D Packing Strategy "3".
Collected 1665 lut, soft packing 808.
Mapping instance GRS_INST/grs_ccs to CCS_87_622.
Mapping instance u_CORES/u_GTP_SCANCHAIN_PG/scanchain to SCANCHAIN_88_618.
Phase 1.1 Base clock placement started.
Mapping instance LinkMain/CLKBUFX_u0/clkbufc_inst to HCKB_357_2016.
Mapping instance LinkMain/CLKBUFX_u1/clkbufc_inst to HCKB_357_2017.
Mapping instance clkbufg_3/gopclkbufg to USCM_359_930.
Mapping instance Debug/u_gpll/gpll_inst to GPLL_7_769.
Mapping instance clkbufg_4/gopclkbufg to USCM_359_882.
Mapping instance Pll_50mhz/u_gpll/gpll_inst to GPLL_7_463.
Mapping instance clkbufg_5/gopclkbufg to USCM_359_885.
C: Place-2028: GLOBAL_CLOCK: the driver u_CORES/u_GTP_SCANCHAIN_PG/scanchain fixed at SCANCHAIN_88_618 is unreasonable. Sub-optimal placement for a clock source and a clock buffer.
Mapping instance clkbufg_6/gopclkbufg to USCM_359_888.
Base clock placement takes 0.00 sec.

Design Utilization : 2%.
Phase 1.2 1st GP placement started.
[GP] Placement Decongestion Mode 1.
[GP] Recovery Analysis in GP "Disable".
Init coarse delay table.
Read place coarse delay table takes 0.16 sec.
Build SRB system takes 0.30 sec.
[GP] Init timing API takes 6.92 sec.
[GP] Init GP graph takes 7.51 sec.
Device graph total memory: 124.67246056 MB
[GP] GP graph memory: 430.92830181 MB
[GP] Read position from netlist take 0 msec
[GP] Total node move: 564839.62, average node move: 204.28
[GP] SA handle 1 clusters.
[GP] SA init_cost=342966.092857 final_cost=311787.357143 final_cost/init_cost=0.909091 occupied region_num=1
[GP] SA Optimize take time: 0.001000 sec.
[GP] MarginTNS=-4897003, TNS=-2218003, WNS=-1592
[GP] Place thread size: 4
[GP] Node size: 61350, net size: 4068
[GP] Design graph total memory: 223.46583462 MB
[GP] MarginTNS=-4955037, TNS=-2276037, WNS=-1687
[GP] Step 0 take 0.181 secs: WL=5830.20 OF=0.929917
[GP] MarginTNS=-5045746, TNS=-2366746, WNS=-4073
[GP] Step 1 take 0.954 secs: WL=8797.45 OF=0.848103
[GP] MarginTNS=-5091626, TNS=-2412626, WNS=-3587
[GP] Step 2 take 0.950 secs: WL=9729.27 OF=0.778321
[GP] MarginTNS=-5137211, TNS=-2458211, WNS=-3581
[GP] Step 3 take 0.921 secs: WL=9965.27 OF=0.708147
[GP] MarginTNS=-5164150, TNS=-2485150, WNS=-3445
[GP] Step 4 take 0.929 secs: WL=10132.71 OF=0.645490
[GP] MarginTNS=-5195099, TNS=-2516099, WNS=-3438
[GP] Step 5 take 0.902 secs: WL=10448.42 OF=0.584612
[GP] MarginTNS=-5215117, TNS=-2536117, WNS=-3366
[GP] Step 6 take 0.922 secs: WL=10532.45 OF=0.509823
[GP] MarginTNS=-5218146, TNS=-2539146, WNS=-3293
[GP] Step 7 take 0.931 secs: WL=10469.89 OF=0.446325
[GP] MarginTNS=-5219486, TNS=-2540486, WNS=-3208
[GP] Step 8 take 0.896 secs: WL=10452.65 OF=0.384300
[GP] MarginTNS=-5234234, TNS=-2555234, WNS=-3178
[GP] Step 9 take 0.916 secs: WL=10749.47 OF=0.310932
[GP] MarginTNS=-5238259, TNS=-2559259, WNS=-2874
[GP] Step 10 take 0.923 secs: WL=11133.20 OF=0.251487
[GP] MarginTNS=-5245537, TNS=-2566537, WNS=-2575
[GP] Step 11 take 0.932 secs: WL=11030.90 OF=0.192048
[GP] MarginTNS=-5250716, TNS=-2571716, WNS=-2280
[GP] MarginTNS=-5255833, TNS=-2576833, WNS=-2280
[GP] Step 12 take 0.984 secs: WL=11295.52 OF=0.129165
[GP] MarginTNS=-5250241, TNS=-2571241, WNS=-2047
[GP] Step 13 take 0.732 secs: WL=11057.82 OF=0.100216
[GP] MarginTNS=-5252908, TNS=-2573908, WNS=-1990
[GP] Step 14 take 0.738 secs: WL=11114.31 OF=0.084604
[GP] Best WL=11075.105448 OF=0.088880, take 12.878000 secs.
[GP] MarginTNS=-5251736, TNS=-2572736, WNS=-1995
[GP] Total node move: 158152.55, average node move: 57.20
[GP] Placer use memory: 43.15485001 MB
[GP] GP graph memory: 443.97671700 MB
Wirelength after clock region global placement is 10871 and checksum is 9A254CB4C2CB67CA.
1st GP placement takes 5.84 sec.

Wirelength after Pre Global Placement is 10871 and checksum is 9A254CB4C2CB67CA.
Pre global placement takes 5.98 sec.

Phase 2 Global placement started.
Phase 2.1 Fixed placement started.
Placed fixed group with base inst Debug/u_buf1/opit_2 on IOLHR_16_1692.
Placed fixed group with base inst LinkMain/PHY_10G/U_GTP_HSSTHP_WRAPPER/REFCLK0_ENABLE.U_BUFDS_0/U_BUFDS/gatehsst_spadp on SPAD_663_1837.
Placed fixed group with base inst fan_obuf/opit_1 on IOLHR_16_6.
Placed fixed group with base inst fpga_rst_n_ibuf/opit_1 on IOLHR_16_786.
Placed fixed group with base inst i_clk_50_ibuf/opit_1 on IOLHR_16_774.
Placed fixed group with base inst rxd_ibuf/opit_1 on IOLHR_16_954.
Placed fixed group with base inst sfp_1_tx_dis_obuf/opit_1 on IOLHR_16_684.
Placed fixed group with base inst txd_obuf/opit_1 on IOLHR_16_948.
Placed fixed instance LinkMain/PHY_10G/U_GTP_HSSTHP_WRAPPER/CHANNEL0_ENABLE.U_LANE0_WRAP/U_LANE0/gatehsst_lane on HSSTHP_664_1836.
Placed fixed instance LinkMain/PHY_10G/U_GTP_HSSTHP_WRAPPER/HPLL_ENABLE.U_HPLL_WRAP/U_HPLL/gatehsst_hpll on HSSTHP_664_1836.
Placed fixed instance Debug/u_gpll/gpll_inst on GPLL_7_769.
Placed fixed instance GRS_INST/grs_ccs on CCS_87_622.
Placed fixed instance LinkMain/CLKBUFX_u0/clkbufc_inst on HCKB_357_2016.
Placed fixed instance LinkMain/CLKBUFX_u1/clkbufc_inst on HCKB_357_2017.
Placed fixed instance Pll_50mhz/u_gpll/gpll_inst on GPLL_7_463.
Placed fixed instance clkbufg_3/gopclkbufg on USCM_359_930.
Placed fixed instance clkbufg_4/gopclkbufg on USCM_359_882.
Placed fixed instance clkbufg_5/gopclkbufg on USCM_359_885.
Placed fixed instance clkbufg_6/gopclkbufg on USCM_359_888.
Placed fixed instance u_CORES/u_GTP_SCANCHAIN_PG/scanchain on SCANCHAIN_88_618.
Placed fixed instance BKCL_auto_0 on BKCL_1_1564.
Placed fixed instance BKCL_auto_1 on BKCL_1_952.
Placed fixed instance BKCL_auto_2 on BKCL_1_646.
Placed fixed instance BKCL_auto_3 on BKCL_1_34.
Fixed placement takes 0.00 sec.

Phase 2.2 Process placement started.
DRC Placement Start.
DRC final successful.
DRC Placement Process takes 0.00 sec.
DRC Placement End.
DRCP end, takes 0.003 secs.
Process placement takes 0.12 sec.

Phase 2.3 IO placement started.
The average distance in IO place is 0.000000.
IO placement takes 0.00 sec.

Phase 2.4 Post Process placement started.
Post Process placement takes 0.00 sec.

Planning Before Place "Enable".
PBM start.
First map gop timing takes 0.00 sec
PBM of GP end, takes 0.00 sec.
Design Utilization : 2%.
Phase 2.5 2nd GP placement started.
Wirelength before global placement is 10871 and checksum is 7D462984EC3E77C1.
[GP] Init timing API takes 0.00 sec.
[GP] Init GP graph takes 0.32 sec.
Device graph total memory: 124.67246056 MB
[GP] GP graph memory: 438.26073647 MB
[GP] Read position from netlist take 0 msec
[GP] Total node move: 93707.27, average node move: 33.89
[GP] MarginTNS=-5393649, TNS=-2714649, WNS=-2381
[GP] Place thread size: 4
[GP] Node size: 61350, net size: 4078
[GP] Design graph total memory: 230.79826927 MB
[GP] MarginTNS=-4938053, TNS=-2259053, WNS=-1592
[GP] Step 0 take 0.179 secs: WL=5432.77 OF=0.907521
[GP] MarginTNS=-5006201, TNS=-2327201, WNS=-2698
[GP] Step 1 take 0.934 secs: WL=7423.72 OF=0.878762
[GP] MarginTNS=-5048793, TNS=-2369793, WNS=-3587
[GP] Step 2 take 0.936 secs: WL=9331.19 OF=0.820088
[GP] MarginTNS=-5104502, TNS=-2425502, WNS=-3568
[GP] Step 3 take 0.935 secs: WL=9950.07 OF=0.750467
[GP] MarginTNS=-5153508, TNS=-2474508, WNS=-3466
[GP] Step 4 take 0.934 secs: WL=10311.61 OF=0.658950
[GP] MarginTNS=-5202863, TNS=-2523863, WNS=-3454
[GP] Step 5 take 0.965 secs: WL=10462.74 OF=0.564945
[GP] MarginTNS=-5212018, TNS=-2533018, WNS=-3436
[GP] Step 6 take 0.933 secs: WL=10555.12 OF=0.514190
[GP] MarginTNS=-5218387, TNS=-2539387, WNS=-3243
[GP] Step 7 take 0.960 secs: WL=10664.35 OF=0.444413
[GP] MarginTNS=-5223806, TNS=-2544806, WNS=-3200
[GP] Step 8 take 0.956 secs: WL=10690.21 OF=0.386960
[GP] MarginTNS=-5237010, TNS=-2558010, WNS=-3154
[GP] Step 9 take 0.968 secs: WL=10757.55 OF=0.321348
[GP] MarginTNS=-5243366, TNS=-2564366, WNS=-2979
[GP] Step 10 take 0.963 secs: WL=10899.77 OF=0.260217
[GP] MarginTNS=-5254865, TNS=-2575865, WNS=-2810
[GP] Step 11 take 0.956 secs: WL=11023.92 OF=0.200680
[GP] MarginTNS=-5251650, TNS=-2572650, WNS=-2526
[GP] Step 12 take 0.955 secs: WL=11232.65 OF=0.149048
[GP] MarginTNS=-5252001, TNS=-2573001, WNS=-2181
[GP] MarginTNS=-5258449, TNS=-2579449, WNS=-2181
[GP] Step 13 take 1.030 secs: WL=11560.22 OF=0.104341
[GP] MarginTNS=-5259357, TNS=-2580357, WNS=-1803
[GP] Step 14 take 0.752 secs: WL=11305.77 OF=0.087086
[GP] Best WL=11310.645035 OF=0.093883, take 13.838000 secs.
[GP] MarginTNS=-5257977, TNS=-2578977, WNS=-1819
[GP] Total node move: 24182.87, average node move: 8.75
[GP] Placer use memory: 43.45487595 MB
[GP] GP graph memory: 444.51143456 MB
2nd GP placement takes 6.47 sec.

Wirelength after global placement is 11182 and checksum is EA1ED01482CB20E3.
Global placement takes 6.69 sec.

Phase 3 Post global placement started.
Phase 3.1 Macro cell placement started.
Early Place Macro "Global".
Auto Dispose Macro Object "Enable".
Wirelength after macro cell placement is 11182 and checksum is E70D7655790A186A.
Macro cell placement takes 0.03 sec.

PBM start.
PBM of PostGP end, takes 0.00 sec.
Design Utilization : 2%.
Phase 3.2 3rd GP placement started.
Wirelength before post global placement is 11182 and checksum is E70D7655790A186A.
[GP] Init timing API takes 0.00 sec.
[GP] Init GP graph takes 0.31 sec.
Device graph total memory: 124.67246056 MB
[GP] GP graph memory: 438.46937370 MB
[GP] Read position from netlist take 0 msec
[GP] Place thread size: 4
[GP] Node size: 61343, net size: 4088
[GP] Design graph total memory: 231.07557106 MB
[GP] MarginTNS=-5257873, TNS=-2578873, WNS=-1819
[GP] Step 0 take 0.206 secs: WL=11590.44 OF=0.094131
[GP] MarginTNS=-5250897, TNS=-2571897, WNS=-2145
[GP] Step 1 take 0.728 secs: WL=11198.19 OF=0.107627
[GP] MarginTNS=-5255495, TNS=-2576495, WNS=-2202
[GP] Step 2 take 0.728 secs: WL=11262.78 OF=0.082320
[GP] Best WL=11261.132255 OF=0.084413, take 1.827000 secs.
[GP] MarginTNS=-5255935, TNS=-2576935, WNS=-2178
[GP] Total node move: 1392.41, average node move: 0.51
[GP] Placer use memory: 42.22436142 MB
[GP] GP graph memory: 444.74785137 MB
3rd GP placement takes 0.58 sec.

Wirelength after post global placement is 11109 and checksum is 7A782FCF4E8C0074.
I: Soft packing 832 LUT6D, real packing 814(97.78%) LUT6D.
The total number of packing LUT6D is 814.
Worst slack after packing LUT6D is -2017.
Wirelength after packing LUT6D is 11137 and checksum is F3470D8D9A413D96.
Packing LUT6D takes 0.02 sec.
Post global placement takes 0.78 sec.

Optimize timing started.
Start lp timing optimize, WNS: -2017, TNS: -2120856.
  Timing opt iter 0, WNS: -1660, TNS: -2282795.
  Timing opt iter 1, WNS: -1592, TNS: -2294363.
  Timing opt iter 2, WNS: -2017, TNS: -2120856.
  Timing opt iter 3, WNS: -1651, TNS: -2302972.
  Timing opt iter 4, WNS: -1592, TNS: -2307323.
  Timing opt iter 5, WNS: -2017, TNS: -2120856.
  Timing opt iter 6, WNS: -1651, TNS: -2302972.
  Timing opt iter 7, WNS: -1592, TNS: -2307323.
  Timing opt iter 8, WNS: -2017, TNS: -2120856.
  Timing opt iter 9, WNS: -1651, TNS: -2302972.
  Timing opt iter 10, WNS: -1592, TNS: -2307323.
  Timing opt iter 11, WNS: -2017, TNS: -2120856.
  Timing opt iter 12, WNS: -1651, TNS: -2302972.
  Timing opt iter 13, WNS: -1592, TNS: -2307323.
  Timing opt iter 14, WNS: -2017, TNS: -2120856.
  Timing opt iter 15, WNS: -1651, TNS: -2302972.
  Timing opt iter 16, WNS: -1592, TNS: -2307323.
  Timing opt iter 17, WNS: -2017, TNS: -2120856.
  Timing opt iter 18, WNS: -1651, TNS: -2302972.
  Timing opt iter 19, WNS: -1592, TNS: -2307323.
End lp timing optimize, WNS: -2017, TNS: -2120856.
Timing driven place optimize takes 0.47 sec.
Wirelength after timing drive place optimize is 11137 and checksum is F3470D8D9A413D96.
Phase 4 Legalization started.
The average distance in LP is 0.329433.
Wirelength after legalization is 13012 and checksum is 1B09D7DE7CFA829F.
Legalization takes 0.06 sec.

Phase 5 Timing-driven detailed placement started.
Phase 5.1 Replication placement started.
Design Cells Duplication "Enable".
Recovery Analysis in RP "Disable".
Worst slack before Replication Place is -2058, TNS before Replication Place is -2140857. 
Replication placement takes 0.00 sec.

Wirelength after replication placement is 13012 and checksum is 1B09D7DE7CFA829F.
Recovery Analysis in DP "Disable".
RefinePlacement Mode "Swap".
Phase 5.2 Swapping placement started.
Worst slack before detailed placement is -2058, TNS before detailed placement is -2140857. 
RefinePlacement Iteration "20".
    Cost at Swap iteration  0:    wslk  -1951,    tns   -2147022,    takes    0.00 sec.
    Cost at DP   iteration  0:    wslk  -1664,    tns   -2302492,    takes    0.06 sec.
    Cost at Swap iteration  1:    wslk  -1651,    tns   -2312493,    takes    0.00 sec.
    Cost at Swap iteration  2:    wslk  -1619,    tns   -2319581,    takes    0.00 sec.
    Cost at DP   iteration  2:    wslk  -1594,    tns   -2334192,    takes    0.05 sec.
    Cost at Swap iteration  3:    wslk  -1558,    tns   -2352235,    takes    0.00 sec.
    Cost at Swap iteration  4:    wslk  -1558,    tns   -2360678,    takes    0.00 sec.
    Cost at DP   iteration  4:    wslk  -1553,    tns   -2355223,    takes    0.03 sec.
    Cost at Swap iteration  5:    wslk  -1544,    tns   -2378245,    takes    0.00 sec.
    Cost at Swap iteration  6:    wslk  -1539,    tns   -2380514,    takes    0.00 sec.
    Cost at DP   iteration  6:    wslk  -1537,    tns   -2374866,    takes    0.11 sec.
    Cost at Swap iteration  7:    wslk  -1537,    tns   -2386434,    takes    0.05 sec.
    Cost at Swap iteration  8:    wslk  -1537,    tns   -2390037,    takes    0.08 sec.
    Cost at DP   iteration  8:    wslk  -1490,    tns   -2302692,    takes    0.20 sec.
    Cost at Swap iteration  9:    wslk  -1490,    tns   -2306428,    takes    0.02 sec.
    Cost at Swap iteration 10:    wslk  -1475,    tns   -2302465,    takes    0.08 sec.
    Cost at DP   iteration 10:    wslk  -1465,    tns   -2269017,    takes    0.38 sec.
    Cost at Swap iteration 11:    wslk  -1465,    tns   -2266483,    takes    0.06 sec.
    Cost at Swap iteration 12:    wslk  -1465,    tns   -2265538,    takes    0.17 sec.
    Cost at DP   iteration 12:    wslk  -1465,    tns   -2264882,    takes    0.33 sec.
    Cost at Swap iteration 13:    wslk  -1465,    tns   -2260089,    takes    0.03 sec.
Worst slack after detailed placement is -1465, TNS after detailed placement is -2260089. 
Swapping placement takes 1.66 sec.

Wirelength after detailed placement is 22516 and checksum is 4564153BBD337FCF.
Timing-driven detailed placement takes 1.66 sec.

Worst slack is -1453, TNS after placement is -2206433.

Congestion analysis started.
Congestion analysis takes 0.06 sec.



Device Utilization Summary :
+------------------------------------------------------------------------------+
| Logic Utilization           | Used     | Available     | Utilization(%)     
+------------------------------------------------------------------------------+
| Use of ADC                  | 0        | 1             | 0                  
| Use of ANALOG               | 0        | 1             | 0                  
| Use of APM                  | 0        | 840           | 0                  
| Use of BKCL                 | 4        | 7             | 58                 
| Use of BKCLHP               | 0        | 3             | 0                  
| Use of CCS                  | 1        | 1             | 100                
| Use of CLMA                 | 671      | 42050         | 2                  
|   FF                        | 2680     | 336400        | 1                  
|   LUT                       | 1395     | 168200        | 1                  
|   LUT-FF pairs              | 1014     | 168200        | 1                  
|   LUT-CONST                 | 0        | 168200        | 0                  
| Use of CLMS                 | 244      | 18850         | 2                  
|   FF                        | 882      | 150800        | 1                  
|   LUT                       | 503      | 75400         | 1                  
|   LUT-FF pairs              | 321      | 75400         | 1                  
|   LUT-CONST                 | 0        | 75400         | 0                  
|   Distributed RAM           | 8        | 75400         | 1                  
| Use of DDRPHY_CPD           | 0        | 17            | 0                  
| Use of DDRPHY_CPD_HP        | 0        | 3             | 0                  
| Use of DDRPHY_IOCLK_DIV     | 0        | 10            | 0                  
| Use of DDR_PHY              | 0        | 28            | 0                  
| Use of DDR_PHY_R            | 0        | 12            | 0                  
| Use of DRM                  | 2.5      | 480           | 1                  
| Use of GCLK_INBUF_SYN       | 0        | 40            | 0                  
| Use of GPLL                 | 2        | 10            | 20                 
| Use of GSEB                 | 0        | 746           | 0                  
| Use of HARD0                | 0        | 36600         | 0                  
| Use of HCKB                 | 2        | 168           | 2                  
|  HCKB dataused              | 1        | 168           | 1                  
|  HCKB-BYPASS                | 0        | 168           | 0                  
| Use of HSSTHP               | 1        | 4             | 25                 
|   HSST_LANE                 | 1        | 16            | 7                  
|   HSST_PLL                  | 1        | 4             | 25                 
| Use of HSSTHP_BUFDS         | 1        | 8             | 13                 
| Use of IO                   | 8        | 500           | 2                  
|   IOBD                      | 5        | 168           | 3                  
|   IOBDHP                    | 0        | 72            | 0                  
|   IOBS                      | 3        | 182           | 2                  
|   IOBSHP                    | 0        | 78            | 0                  
| Use of IOCKB                | 0        | 40            | 0                  
| Use of IOLHP                | 0        | 150           | 0                  
| Use of IOLHP_FIFO           | 0        | 12            | 0                  
|  IOLHP_FIFO-BYPASS          | 0        | 12            | 0                  
| Use of IOLHR                | 7        | 350           | 2                  
| Use of KEYRAM               | 0        | 1             | 0                  
| Use of MRCKB                | 0        | 20            | 0                  
| Use of PCIEGEN3             | 0        | 1             | 0                  
| Use of PPLL                 | 0        | 10            | 0                  
| Use of RCKB                 | 0        | 40            | 0                  
|  RCKB dataused              | 0        | 40            | 0                  
|  RCKB-BYPASS                | 0        | 40            | 0                  
| Use of RESCAL               | 0        | 3             | 0                  
| Use of SCANCHAIN            | 1        | 1             | 100                
| Use of SPAD                 | 2        | 16            | 13                 
| Use of TSERDES              | 0        | 56            | 0                  
| Use of USCM                 | 4        | 32            | 13                 
|  USCM dataused              | 1        | 32            | 4                  
|  USCM-BYPASS                | 0        | 32            | 0                  
+------------------------------------------------------------------------------+

Action place: Export DB successfully.
Placement done.
Total placement takes 16.33 sec.
Finished placement.
Design 'Main' has been placed successfully.
Action place: Real time elapsed is 0h:1m:9s
Action place: CPU time elapsed is 0h:0m:18s
Action place: Process CPU time elapsed is 0h:0m:48s
Action place: Peak memory pool usage is 3,130 MB

Current time: Thu Jun 13 12:11:15 2024
