#Build: Fabric Compiler 2023.2-SP1, Build 147282, Jun 03 13:26 2024
#Install: D:\Pango\PDS_2023.2-SP1\bin
#Application name: pds_shell.exe
#OS: Windows 11 10.0.22631
#Hostname: WORK_BOIKOV
Generated by Fabric Compiler (version 2023.2-SP1 build 147282) at Thu Jun 13 12:11:17 2024
Compiling verification operator library.
Compiling common defs.
Compiling prim grid devices.
Compiling place grid timing.
Compiling gate devices.
Compiling gate operators.
Building architecture model.
Loading device packaging model.
Building architecture floorplan logic view.
route strategy configuration : 
strategy name : 0
Elaborate the liberty model.

Routing started.
Enter timing driven router mode.
Route thread size: 7
Building routing graph takes 8.25 sec.
Enable Recovery Analysis in Routing
Init coarse delay table.
Read place coarse delay table takes 0.52 sec.
Build SRB system takes 0.27 sec.
Setup STE netlist take 4288 msec.
Slack Weight : 90
CE/RS signal series limit : 500
Dispose control chain take 35 msec.
Collect const net info take 139 msec.
Total nets for routing: 4030.
Total loads for routing: 15897.
Direct connect net size: 342
Build all design net take 120 msec.
Processing design graph takes 4.58 sec.
Delay table total memory: 114.79536438 MB
Route graph total memory: 408.19977474 MB
Route design total memory: 11.20206451 MB
Global routing takes 0.00 sec.
Pin Cost Increasing Speed 300
Total 4028 subnets.
Unrouted clock nets at iteration 0 (0.253 sec): 9
Unrouted clock nets at iteration 1 (0.253 sec): 4
Unrouted clock nets at iteration 2 (0.010 sec): 3
Unrouted clock nets at iteration 3 (0.009 sec): 3
Unrouted clock nets at iteration 4 (0.009 sec): 3
Unrouted clock nets at iteration 5 (0.009 sec): 3
Unrouted clock nets at iteration 6 (0.047 sec): 3
Unrouted clock nets at iteration 7 (0.004 sec): 3
Unrouted clock nets at iteration 8 (0.006 sec): 3
Unrouted clock nets at iteration 9 (0.017 sec): 3
Unrouted clock nets at iteration 10 (0.034 sec): 4
Unrouted clock nets at iteration 11 (0.069 sec): 3
Unrouted clock nets at iteration 12 (0.003 sec): 2
Unrouted clock nets at iteration 13 (0.001 sec): 0
Total route nets size: 4014
Worst slack is -2645, TNS before route is -5370312.
I: Write file layers.txt end
Pre route takes 0.613 sec
Unrouted general nets at iteration 15 (MT total route time: 0.323 sec): 3299(overused: 14768)
Unrouted general nets at iteration 16 (MT total route time: 0.259 sec): 2319(overused: 6849)
Unrouted general nets at iteration 17 (MT total route time: 0.170 sec): 1416(overused: 3467)
Unrouted general nets at iteration 18 (MT total route time: 0.115 sec): 982(overused: 2458)
Unrouted general nets at iteration 19 (MT total route time: 0.081 sec): 842(overused: 2040)
Unrouted general nets at iteration 20 (MT total route time: 0.063 sec): 487(overused: 1178)
Unrouted general nets at iteration 21 (MT total route time: 0.050 sec): 411(overused: 1006)
Unrouted general nets at iteration 22 (MT total route time: 0.045 sec): 355(overused: 868)
Unrouted general nets at iteration 23 (MT total route time: 0.037 sec): 295(overused: 718)
Unrouted general nets at iteration 24 (MT total route time: 0.037 sec): 260(overused: 658)
Unrouted general nets at iteration 25 (MT total route time: 0.036 sec): 246(overused: 632)
Unrouted general nets at iteration 26 (MT total route time: 0.036 sec): 214(overused: 522)
Unrouted general nets at iteration 27 (MT total route time: 0.028 sec): 197(overused: 462)
Unrouted general nets at iteration 28 (MT total route time: 0.030 sec): 187(overused: 432)
Unrouted general nets at iteration 29 (MT total route time: 0.023 sec): 152(overused: 344)
Unrouted general nets at iteration 30 (MT total route time: 0.020 sec): 145(overused: 318)
Unrouted general nets at iteration 31 (MT total route time: 0.018 sec): 126(overused: 282)
Unrouted general nets at iteration 32 (MT total route time: 0.015 sec): 105(overused: 228)
Unrouted general nets at iteration 33 (MT total route time: 0.020 sec): 89(overused: 200)
Unrouted general nets at iteration 34 (MT total route time: 0.019 sec): 92(overused: 198)
Unrouted general nets at iteration 35 (MT total route time: 0.014 sec): 81(overused: 174)
Unrouted general nets at iteration 36 (MT total route time: 0.018 sec): 78(overused: 166)
Unrouted general nets at iteration 37 (MT total route time: 0.015 sec): 70(overused: 154)
Unrouted general nets at iteration 38 (MT total route time: 0.011 sec): 62(overused: 136)
Unrouted general nets at iteration 39 (MT total route time: 0.011 sec): 63(overused: 130)
Unrouted general nets at iteration 40 (MT total route time: 0.009 sec): 63(overused: 138)
Unrouted general nets at iteration 41 (MT total route time: 0.008 sec): 54(overused: 118)
Unrouted general nets at iteration 42 (MT total route time: 0.010 sec): 52(overused: 104)
Unrouted general nets at iteration 43 (MT total route time: 0.009 sec): 45(overused: 94)
Unrouted general nets at iteration 44 (MT total route time: 0.009 sec): 42(overused: 82)
Unrouted general nets at iteration 45 (MT total route time: 0.009 sec): 40(overused: 78)
Unrouted general nets at iteration 46 (MT total route time: 0.009 sec): 33(overused: 66)
Unrouted general nets at iteration 47 (MT total route time: 0.008 sec): 31(overused: 64)
Unrouted general nets at iteration 48 (MT total route time: 0.007 sec): 24(overused: 44)
Unrouted general nets at iteration 49 (MT total route time: 0.006 sec): 21(overused: 40)
Unrouted general nets at iteration 50 (MT total route time: 0.007 sec): 18(overused: 38)
Unrouted general nets at iteration 51 (MT total route time: 0.011 sec): 17(overused: 46)
Unrouted general nets at iteration 52 (MT total route time: 0.017 sec): 24(overused: 70)
Unrouted general nets at iteration 53 (MT total route time: 0.014 sec): 17(overused: 44)
Unrouted general nets at iteration 54 (MT total route time: 0.017 sec): 20(overused: 46)
Unrouted general nets at iteration 55 (MT total route time: 0.014 sec): 17(overused: 34)
Unrouted general nets at iteration 56 (MT total route time: 0.011 sec): 19(overused: 40)
Unrouted general nets at iteration 57 (MT total route time: 0.011 sec): 20(overused: 42)
Unrouted general nets at iteration 58 (MT total route time: 0.011 sec): 23(overused: 58)
Unrouted general nets at iteration 59 (MT total route time: 0.012 sec): 32(overused: 84)
Unrouted general nets at iteration 60 (MT total route time: 0.011 sec): 26(overused: 62)
Unrouted general nets at iteration 61 (MT total route time: 0.010 sec): 26(overused: 68)
Unrouted general nets at iteration 62 (MT total route time: 0.009 sec): 24(overused: 58)
Unrouted general nets at iteration 63 (MT total route time: 0.008 sec): 26(overused: 66)
Unrouted general nets at iteration 64 (MT total route time: 0.009 sec): 23(overused: 58)
Unrouted general nets at iteration 65 (MT total route time: 0.008 sec): 23(overused: 54)
Unrouted general nets at iteration 66 (MT total route time: 0.006 sec): 19(overused: 44)
Unrouted general nets at iteration 67 (MT total route time: 0.005 sec): 16(overused: 32)
Unrouted general nets at iteration 68 (MT total route time: 0.005 sec): 11(overused: 24)
Unrouted general nets at iteration 69 (MT total route time: 0.004 sec): 11(overused: 22)
Unrouted general nets at iteration 70 (MT total route time: 0.004 sec): 9(overused: 26)
Unrouted general nets at iteration 71 (MT total route time: 0.004 sec): 8(overused: 16)
Unrouted general nets at iteration 72 (MT total route time: 0.004 sec): 6(overused: 10)
Unrouted general nets at iteration 73 (MT total route time: 0.003 sec): 6(overused: 10)
Unrouted general nets at iteration 74 (MT total route time: 0.004 sec): 2(overused: 2)
Unrouted general nets at iteration 75 (MT total route time: 0.005 sec): 2(overused: 2)
Unrouted general nets at iteration 76 (MT total route time: 0.003 sec): 2(overused: 2)
Unrouted general nets at iteration 77 (MT total route time: 0.003 sec): 2(overused: 4)
Unrouted general nets at iteration 78 (MT total route time: 0.003 sec): 3(overused: 6)
Unrouted general nets at iteration 79 (MT total route time: 0.003 sec): 2(overused: 8)
Unrouted general nets at iteration 80 (MT total route time: 0.003 sec): 2(overused: 2)
Unrouted general nets at iteration 81 (MT total route time: 0.003 sec): 2(overused: 2)
Unrouted general nets at iteration 82 (MT total route time: 0.003 sec): 2(overused: 2)
Unrouted general nets at iteration 83 (MT total route time: 0.003 sec): 2(overused: 4)
Unrouted general nets at iteration 84 (MT total route time: 0.003 sec): 3(overused: 4)
Unrouted general nets at iteration 85 (MT total route time: 0.004 sec): 4(overused: 6)
Unrouted general nets at iteration 86 (MT total route time: 0.003 sec): 4(overused: 8)
Unrouted general nets at iteration 87 (MT total route time: 0.003 sec): 4(overused: 8)
Unrouted general nets at iteration 88 (MT total route time: 0.004 sec): 2(overused: 2)
Unrouted general nets at iteration 89 (MT total route time: 0.003 sec): 2(overused: 2)
Unrouted general nets at iteration 90 (MT total route time: 0.003 sec): 2(overused: 4)
Unrouted general nets at iteration 91 (MT total route time: 0.003 sec): 4(overused: 6)
Unrouted general nets at iteration 92 (MT total route time: 0.003 sec): 3(overused: 6)
Unrouted general nets at iteration 93 (MT total route time: 0.003 sec): 2(overused: 2)
Unrouted general nets at iteration 94 (MT total route time: 0.003 sec): 2(overused: 2)
Unrouted general nets at iteration 95 (MT total route time: 0.005 sec): 2(overused: 4)
Unrouted general nets at iteration 96 (MT total route time: 0.003 sec): 2(overused: 4)
Unrouted general nets at iteration 97 (MT total route time: 0.003 sec): 2(overused: 4)
Unrouted general nets at iteration 98 (MT total route time: 0.003 sec): 0(overused: 0)
----General net take 0.003 sec(route net take 0.000 sec, inc cost take 0.002 sec, iter times: 1)
----const net route take 0.012 sec
Unrouted nets at iteration 99 (0.016 sec): 0
Detailed routing takes 4.39 sec.
I: Design net ntclkbufg_3 is routed by general path.
C: Route-2036: The clock path from clkbufg_6/gopclkbufg:CLKOUT to u_CORES/u_debug_core_0/u0_trig_unit/conf_reg[106]/opit_0_inv_L6Q_LUT6DQL5Q:CLK is routed by SRB.
I: Design net u_CORES/capt_o is routed by general path.
C: Route-2036: The clock path from u_CORES/u_GTP_SCANCHAIN_PG/scanchain:CAPTUREDR to u_CORES/u_debug_core_0/u_hub_data_decode/id_sample.conf_id[0]/opit_0_inv:CLK is routed by SRB.
I: Design net u_CORES/drck_o is routed by general path.
C: Route-2036: The clock path from u_CORES/u_GTP_SCANCHAIN_PG/scanchain:TCK1 to clkbufg_6/gopclkbufg:CLK is routed by SRB.
Sort Original Nets take 0.001 sec
Build solution node for device pins which were mapped to more than one design pin take 0.003 sec
Check HPIO div result take 0.000 sec
Total net: 4030, route succeed net: 4030
Generate routing result take 0.006 sec
Handle PERMUX permutation take 0.085 sec
Handle const net take 0.009 sec
Handle route through take 0.003 sec
Handle loads' routing node take 0.017 sec
Used SRB routing arc is 30020.
Finish routing takes 0.15 sec.
Total routing takes 17.66 sec.


Device Utilization Summary :
+------------------------------------------------------------------------------+
| Logic Utilization           | Used     | Available     | Utilization(%)     
+------------------------------------------------------------------------------+
| Use of ADC                  | 0        | 1             | 0                  
| Use of ANALOG               | 0        | 1             | 0                  
| Use of APM                  | 0        | 840           | 0                  
| Use of BKCL                 | 4        | 7             | 58                 
| Use of BKCLHP               | 0        | 3             | 0                  
| Use of CCS                  | 1        | 1             | 100                
| Use of CLMA                 | 752      | 42050         | 2                  
|   FF                        | 2680     | 336400        | 1                  
|   LUT                       | 1395     | 168200        | 1                  
|   LUT-FF pairs              | 1014     | 168200        | 1                  
|   LUT-CONST                 | 367      | 168200        | 1                  
| Use of CLMS                 | 254      | 18850         | 2                  
|   FF                        | 882      | 150800        | 1                  
|   LUT                       | 503      | 75400         | 1                  
|   LUT-FF pairs              | 321      | 75400         | 1                  
|   LUT-CONST                 | 67       | 75400         | 1                  
|   Distributed RAM           | 8        | 75400         | 1                  
| Use of DDRPHY_CPD           | 0        | 17            | 0                  
| Use of DDRPHY_CPD_HP        | 0        | 3             | 0                  
| Use of DDRPHY_IOCLK_DIV     | 0        | 10            | 0                  
| Use of DDR_PHY              | 0        | 28            | 0                  
| Use of DDR_PHY_R            | 0        | 12            | 0                  
| Use of DRM                  | 2.5      | 480           | 1                  
| Use of GCLK_INBUF_SYN       | 0        | 40            | 0                  
| Use of GPLL                 | 2        | 10            | 20                 
| Use of GSEB                 | 0        | 746           | 0                  
| Use of HARD0                | 332      | 36600         | 1                  
| Use of HCKB                 | 9        | 168           | 6                  
|  HCKB dataused              | 5        | 168           | 3                  
|  HCKB-BYPASS                | 7        | 168           | 5                  
| Use of HSSTHP               | 1        | 4             | 25                 
|   HSST_LANE                 | 1        | 16            | 7                  
|   HSST_PLL                  | 1        | 4             | 25                 
| Use of HSSTHP_BUFDS         | 1        | 8             | 13                 
| Use of IO                   | 8        | 500           | 2                  
|   IOBD                      | 5        | 168           | 3                  
|   IOBDHP                    | 0        | 72            | 0                  
|   IOBS                      | 3        | 182           | 2                  
|   IOBSHP                    | 0        | 78            | 0                  
| Use of IOCKB                | 0        | 40            | 0                  
| Use of IOLHP                | 0        | 150           | 0                  
| Use of IOLHP_FIFO           | 0        | 12            | 0                  
|  IOLHP_FIFO-BYPASS          | 0        | 12            | 0                  
| Use of IOLHR                | 7        | 350           | 2                  
| Use of KEYRAM               | 0        | 1             | 0                  
| Use of MRCKB                | 0        | 20            | 0                  
| Use of PCIEGEN3             | 0        | 1             | 0                  
| Use of PPLL                 | 0        | 10            | 0                  
| Use of RCKB                 | 0        | 40            | 0                  
|  RCKB dataused              | 0        | 40            | 0                  
|  RCKB-BYPASS                | 0        | 40            | 0                  
| Use of RESCAL               | 0        | 3             | 0                  
| Use of SCANCHAIN            | 1        | 1             | 100                
| Use of SPAD                 | 2        | 16            | 13                 
| Use of TSERDES              | 0        | 56            | 0                  
| Use of USCM                 | 5        | 32            | 16                 
|  USCM dataused              | 5        | 32            | 16                 
|  USCM-BYPASS                | 1        | 32            | 4                  
+------------------------------------------------------------------------------+

Finished routing.
Design 'Main' has been routed successfully.
Saving design to DB.
Action route: Export DB successfully.
Action route: Real time elapsed is 0h:0m:33s
Action route: CPU time elapsed is 0h:0m:7s
Action route: Process CPU time elapsed is 0h:0m:9s
Action route: Peak memory pool usage is 3,067 MB

Current time: Thu Jun 13 12:11:49 2024
