#Build: Fabric Compiler 2023.2-SP1, Build 147282, Jun 03 13:26 2024
#Install: D:\Pango\PDS_2023.2-SP1\bin
#Application name: pds_shell.exe
#OS: Windows 11 10.0.22631
#Hostname: WORK_BOIKOV
Generated by Fabric Compiler (version 2023.2-SP1 build 147282) at Tue Jun 11 14:56:14 2024
Compiling verification operator library.
Compiling common defs.
Compiling prim grid devices.
Compiling place grid timing.
Compiling gate devices.
Compiling gate operators.
Building architecture model.
Loading device packaging model.
place strategy configuration : 
strategy name : 0
Building architecture floorplan logic view.
Constraint check start.
W: ConstraintEditor-4040: [G:/Current_Pango/TenGigTest/device_map/Main.pcf(line number: 4)] Port sfp_1_tx_dis has been placed at location V19, whose type is share pin.
W: ConstraintEditor-4040: [G:/Current_Pango/TenGigTest/device_map/Main.pcf(line number: 5)] Port txd has been placed at location P22, whose type is share pin.
W: ConstraintEditor-4040: [G:/Current_Pango/TenGigTest/device_map/Main.pcf(line number: 6)] Port xge_rx_data_err has been placed at location J24, whose type is share pin.
W: ConstraintEditor-4040: [G:/Current_Pango/TenGigTest/device_map/Main.pcf(line number: 7)] Port xgmii_tx_ready has been placed at location J22, whose type is share pin.
W: ConstraintEditor-4040: [G:/Current_Pango/TenGigTest/device_map/Main.pcf(line number: 14)] Port rxd has been placed at location P21, whose type is share pin.
C: ConstraintEditor-2001: [G:/Current_Pango/TenGigTest/device_map/Main.pcf(line number: 15)] Object 'sfp_1_loss' is dangling, which has no connection. it will be ignored.
C: ConstraintEditor-2012: The U_HSSTHP_COMMON of HSSTHP_664_918 have a top priority when you constraints HSSTHP. Please check your constraint file.
W: ConstraintEditor-4019: Port 'o_p_lx_cdr_align_0' unspecified I/O constraint.
W: ConstraintEditor-4019: Port 'o_p_rx_sigdet_sta_0' unspecified I/O constraint.
W: ConstraintEditor-4019: Port 'sfp_1_rx_n' unspecified I/O constraint.
W: ConstraintEditor-4019: Port 'sfp_1_rx_p' unspecified I/O constraint.
W: ConstraintEditor-4019: Port 'sfp_1_tx_n' unspecified I/O constraint.
W: ConstraintEditor-4019: Port 'sfp_1_tx_p' unspecified I/O constraint.
Found 0 error(s), 2 critical warning(s), 11 warning(s), out of 15 constraint(s)
Constraint check end.
Total time(hh:mm:ss) of constraint check : 00:00:00
Elaborate the liberty model.
I: Column Clock Check open.
Read Column Clock Map.

Placement started.
Phase 1 Pre global placement started.
I: Write file layers.txt end
Placement Logic Optimization "Enable".
LUT6D Packing Strategy "3".
Collected 4395 lut, soft packing 2172.
Mapping instance GRS_INST/grs_ccs to CCS_87_622.
Mapping instance u_CORES/u_GTP_SCANCHAIN_PG/scanchain to SCANCHAIN_88_618.
Phase 1.1 Base clock placement started.
Mapping instance LinkMain/CLKBUFX_u1/clkbufc_inst to HCKB_357_2016.
Mapping instance LinkMain/CLKBUFX_u0/clkbufc_inst to HCKB_357_2017.
Mapping instance LinkMain/CLKBUFG_u/gopclkbufg to USCM_359_930.
Mapping instance Debug/u_gpll/gpll_inst to GPLL_7_769.
Mapping instance clkbufg_3/gopclkbufg to USCM_359_882.
Mapping instance Pll_50mhz/u_gpll/gpll_inst to GPLL_7_463.
Mapping instance clkbufg_5/gopclkbufg to USCM_359_885.
C: Place-2028: GLOBAL_CLOCK: the driver u_CORES/u_GTP_SCANCHAIN_PG/scanchain fixed at SCANCHAIN_88_618 is unreasonable. Sub-optimal placement for a clock source and a clock buffer.
Mapping instance clkbufg_4/gopclkbufg to USCM_359_888.
Base clock placement takes 0.02 sec.

Design Utilization : 4%.
Phase 1.2 1st GP placement started.
[GP] Placement Decongestion Mode 1.
[GP] Recovery Analysis in GP "Disable".
Init coarse delay table.
Read place coarse delay table takes 0.08 sec.
Build SRB system takes 0.86 sec.
[GP] Init timing API takes 7.92 sec.
[GP] Init GP graph takes 8.62 sec.
Device graph total memory: 124.67246056 MB
[GP] GP graph memory: 440.63988972 MB
[GP] Read position from netlist take 0 msec
[GP] Total node move: 1642657.45, average node move: 202.22
[GP] SA handle 1 clusters.
[GP] SA init_cost=591685.835714 final_cost=537896.214286 final_cost/init_cost=0.909091 occupied region_num=1
[GP] SA Optimize take time: 0.001000 sec.
[GP] MarginTNS=0, TNS=0, WNS=0
[GP] Place thread size: 4
[GP] Node size: 65652, net size: 11852
[GP] Design graph total memory: 235.05752659 MB
[GP] MarginTNS=0, TNS=0, WNS=0
[GP] Step 0 take 0.286 secs: WL=13448.93 OF=0.955462
[GP] MarginTNS=0, TNS=0, WNS=0
[GP] Step 1 take 1.168 secs: WL=18539.61 OF=0.906467
[GP] MarginTNS=0, TNS=0, WNS=0
[GP] Step 2 take 1.167 secs: WL=20035.23 OF=0.878550
[GP] MarginTNS=0, TNS=0, WNS=0
[GP] Step 3 take 1.242 secs: WL=20855.02 OF=0.851925
[GP] MarginTNS=0, TNS=0, WNS=0
[GP] Step 4 take 1.227 secs: WL=21695.28 OF=0.818350
[GP] MarginTNS=0, TNS=0, WNS=0
[GP] Step 5 take 1.370 secs: WL=22673.63 OF=0.770166
[GP] MarginTNS=0, TNS=0, WNS=0
[GP] Step 6 take 1.201 secs: WL=23778.51 OF=0.701559
[GP] MarginTNS=0, TNS=0, WNS=0
[GP] Step 7 take 1.428 secs: WL=25244.96 OF=0.652076
[GP] MarginTNS=0, TNS=0, WNS=0
[GP] Step 8 take 1.225 secs: WL=27012.27 OF=0.597678
[GP] MarginTNS=0, TNS=0, WNS=0
[GP] Step 9 take 1.261 secs: WL=28625.41 OF=0.543042
[GP] MarginTNS=0, TNS=0, WNS=0
[GP] Step 10 take 1.226 secs: WL=30339.69 OF=0.471973
[GP] MarginTNS=0, TNS=0, WNS=0
[GP] Step 11 take 1.211 secs: WL=32083.06 OF=0.409258
[GP] MarginTNS=0, TNS=0, WNS=0
[GP] Step 12 take 1.499 secs: WL=33360.27 OF=0.343469
[GP] MarginTNS=0, TNS=0, WNS=0
[GP] Step 13 take 1.600 secs: WL=34227.28 OF=0.282762
[GP] MarginTNS=0, TNS=0, WNS=0
[GP] Step 14 take 1.624 secs: WL=35006.59 OF=0.228358
[GP] MarginTNS=0, TNS=0, WNS=0
[GP] Step 15 take 1.419 secs: WL=36240.34 OF=0.172577
[GP] MarginTNS=0, TNS=0, WNS=0
[GP] MarginTNS=0, TNS=0, WNS=0
[GP] Step 16 take 1.553 secs: WL=37727.23 OF=0.132373
[GP] MarginTNS=0, TNS=0, WNS=0
[GP] Step 17 take 1.156 secs: WL=38415.27 OF=0.105080
[GP] Best WL=38920.168991 OF=0.085062, take 23.372000 secs.
[GP] MarginTNS=0, TNS=0, WNS=0
[GP] Total node move: 410491.04, average node move: 50.53
[GP] Placer use memory: 41.53504562 MB
[GP] GP graph memory: 454.28522205 MB
Wirelength after clock region global placement is 38437 and checksum is 646A235FB4918012.
1st GP placement takes 3.64 sec.

Wirelength after Pre Global Placement is 38437 and checksum is 646A235FB4918012.
Pre global placement takes 3.80 sec.

Phase 2 Global placement started.
Phase 2.1 Fixed placement started.
Placed fixed group with base inst Debug/u_buf1/opit_2 on IOLHR_16_1692.
Placed fixed group with base inst LinkMain/PHY_10G/U_GTP_HSSTHP_WRAPPER/REFCLK0_ENABLE.U_BUFDS_0/U_BUFDS/gatehsst_spadp on SPAD_663_1837.
Placed fixed group with base inst fan_obuf/opit_1 on IOLHR_16_6.
Placed fixed group with base inst fpga_rst_n_ibuf/opit_1 on IOLHR_16_786.
Placed fixed group with base inst i_clk_50_ibuf/opit_1 on IOLHR_16_774.
Placed fixed group with base inst rxd_ibuf/opit_1 on IOLHR_16_954.
Placed fixed group with base inst sfp_1_tx_dis_obuf/opit_1 on IOLHR_16_684.
Placed fixed group with base inst txd_obuf/opit_1 on IOLHR_16_948.
Placed fixed group with base inst xge_rx_data_err_obuf/opit_1 on IOLHR_16_1206.
Placed fixed group with base inst xgmii_tx_ready_obuf/opit_1 on IOLHR_16_1158.
Placed fixed instance LinkMain/PHY_10G/U_GTP_HSSTHP_WRAPPER/CHANNEL0_ENABLE.U_LANE0_WRAP/U_LANE0/gatehsst_lane on HSSTHP_664_1836.
Placed fixed instance LinkMain/PHY_10G/U_GTP_HSSTHP_WRAPPER/HPLL_ENABLE.U_HPLL_WRAP/U_HPLL/gatehsst_hpll on HSSTHP_664_1836.
Placed fixed instance Debug/u_gpll/gpll_inst on GPLL_7_769.
Placed fixed instance GRS_INST/grs_ccs on CCS_87_622.
Placed fixed instance LinkMain/CLKBUFG_u/gopclkbufg on USCM_359_930.
Placed fixed instance LinkMain/CLKBUFX_u0/clkbufc_inst on HCKB_357_2017.
Placed fixed instance LinkMain/CLKBUFX_u1/clkbufc_inst on HCKB_357_2016.
Placed fixed instance Pll_50mhz/u_gpll/gpll_inst on GPLL_7_463.
Placed fixed instance clkbufg_3/gopclkbufg on USCM_359_882.
Placed fixed instance clkbufg_4/gopclkbufg on USCM_359_888.
Placed fixed instance clkbufg_5/gopclkbufg on USCM_359_885.
Placed fixed instance u_CORES/u_GTP_SCANCHAIN_PG/scanchain on SCANCHAIN_88_618.
Placed fixed instance BKCL_auto_0 on BKCL_1_1564.
Placed fixed instance BKCL_auto_1 on BKCL_1_952.
Placed fixed instance BKCL_auto_2 on BKCL_1_646.
Placed fixed instance BKCL_auto_3 on BKCL_1_34.
Fixed placement takes 0.00 sec.

Phase 2.2 Process placement started.
DRC Placement Start.
DRC final successful.
DRC Placement Process takes 0.02 sec.
DRC Placement End.
DRCP end, takes 0.021 secs.
Process placement takes 0.05 sec.

Phase 2.3 IO placement started.
The average distance in IO place is 0.500000.
IO placement takes 0.00 sec.

Phase 2.4 Post Process placement started.
Post Process placement takes 0.00 sec.

Planning Before Place "Enable".
PBM start.
First map gop timing takes 0.02 sec
PBM of GP end, takes 0.03 sec.
Design Utilization : 4%.
Phase 2.5 2nd GP placement started.
Wirelength before global placement is 38437 and checksum is 50E3C5341D4E80FA.
[GP] Init timing API takes 0.00 sec.
[GP] Init GP graph takes 0.43 sec.
Device graph total memory: 124.67246056 MB
[GP] GP graph memory: 448.51331806 MB
[GP] Read position from netlist take 0 msec
[GP] Total node move: 311603.94, average node move: 38.37
[GP] MarginTNS=0, TNS=0, WNS=0
[GP] Place thread size: 4
[GP] Node size: 65445, net size: 11852
[GP] Design graph total memory: 240.91343784 MB
[GP] MarginTNS=0, TNS=0, WNS=0
[GP] Step 0 take 0.302 secs: WL=17763.78 OF=0.920775
[GP] MarginTNS=0, TNS=0, WNS=0
[GP] Step 1 take 1.184 secs: WL=20528.03 OF=0.873277
[GP] MarginTNS=0, TNS=0, WNS=0
[GP] Step 2 take 1.246 secs: WL=21884.02 OF=0.830718
[GP] MarginTNS=0, TNS=0, WNS=0
[GP] Step 3 take 1.315 secs: WL=22616.84 OF=0.797259
[GP] MarginTNS=0, TNS=0, WNS=0
[GP] Step 4 take 1.296 secs: WL=23527.00 OF=0.766567
[GP] MarginTNS=0, TNS=0, WNS=0
[GP] Step 5 take 1.293 secs: WL=24574.47 OF=0.723078
[GP] MarginTNS=0, TNS=0, WNS=0
[GP] Step 6 take 1.415 secs: WL=25776.13 OF=0.680698
[GP] MarginTNS=0, TNS=0, WNS=0
[GP] Step 7 take 1.412 secs: WL=27402.41 OF=0.623835
[GP] MarginTNS=0, TNS=0, WNS=0
[GP] Step 8 take 1.219 secs: WL=29615.44 OF=0.557800
[GP] MarginTNS=0, TNS=0, WNS=0
[GP] Step 9 take 1.307 secs: WL=31656.43 OF=0.490804
[GP] MarginTNS=0, TNS=0, WNS=0
[GP] Step 10 take 1.320 secs: WL=32970.64 OF=0.425363
[GP] MarginTNS=0, TNS=0, WNS=0
[GP] Step 11 take 1.342 secs: WL=33397.53 OF=0.366169
[GP] MarginTNS=0, TNS=0, WNS=0
[GP] Step 12 take 1.339 secs: WL=34116.88 OF=0.302993
[GP] MarginTNS=0, TNS=0, WNS=0
[GP] Step 13 take 1.298 secs: WL=35442.49 OF=0.248713
[GP] MarginTNS=0, TNS=0, WNS=0
[GP] Step 14 take 1.324 secs: WL=36184.05 OF=0.185650
[GP] MarginTNS=0, TNS=0, WNS=0
[GP] MarginTNS=0, TNS=0, WNS=0
[GP] Step 15 take 1.409 secs: WL=37531.05 OF=0.134429
[GP] MarginTNS=0, TNS=0, WNS=0
[GP] Step 16 take 1.058 secs: WL=37951.66 OF=0.103608
[GP] Best WL=38348.652671 OF=0.084896, take 21.427000 secs.
[GP] MarginTNS=0, TNS=0, WNS=0
[GP] Total node move: 100735.73, average node move: 12.40
[GP] Placer use memory: 50.83242416 MB
[GP] GP graph memory: 454.25922871 MB
2nd GP placement takes 2.08 sec.

Wirelength after global placement is 37963 and checksum is 12CFD6F28AF4DFC7.
Global placement takes 2.16 sec.

Phase 3 Post global placement started.
Phase 3.1 Macro cell placement started.
Early Place Macro "Global".
Auto Dispose Macro Object "Enable".
Wirelength after macro cell placement is 37963 and checksum is 759A035FA7E6ECF3.
Macro cell placement takes 0.00 sec.

PBM start.
PBM of PostGP end, takes 0.00 sec.
Design Utilization : 4%.
Phase 3.2 3rd GP placement started.
Wirelength before post global placement is 37963 and checksum is 759A035FA7E6ECF3.
[GP] Init timing API takes 0.00 sec.
[GP] Init GP graph takes 0.45 sec.
Device graph total memory: 124.67246056 MB
[GP] GP graph memory: 448.04024982 MB
[GP] Read position from netlist take 0 msec
[GP] Place thread size: 4
[GP] Node size: 65423, net size: 11852
[GP] Design graph total memory: 240.44036961 MB
[GP] MarginTNS=0, TNS=0, WNS=0
[GP] Step 0 take 0.439 secs: WL=38778.60 OF=0.085540
[GP] MarginTNS=0, TNS=0, WNS=0
[GP] Step 1 take 0.986 secs: WL=37691.25 OF=0.108365
[GP] Best WL=38086.186139 OF=0.093723, take 1.562000 secs.
[GP] MarginTNS=0, TNS=0, WNS=0
[GP] Total node move: 3847.25, average node move: 0.48
[GP] Placer use memory: 47.07808304 MB
[GP] GP graph memory: 453.78616047 MB
3rd GP placement takes 0.22 sec.

Wirelength after post global placement is 37786 and checksum is D8B463C36B1F9CB4.
I: Soft packing 2197 LUT6D, real packing 2191(99.70%) LUT6D.
The total number of packing LUT6D is 2191.
Worst slack after packing LUT6D is 1595.
Wirelength after packing LUT6D is 37786 and checksum is FA4BE1B0C5C4B15F.
Packing LUT6D takes 0.09 sec.
Post global placement takes 0.39 sec.

Optimize timing started.
Start lp timing optimize, WNS: 1595, TNS: 0.
End lp timing optimize, WNS: 1595, TNS: 0.
Timing driven place optimize takes 0.00 sec.
Wirelength after timing drive place optimize is 37786 and checksum is FA4BE1B0C5C4B15F.
Phase 4 Legalization started.
The average distance in LP is 0.349248.
Wirelength after legalization is 43020 and checksum is 1F5676160D6A78C9.
Legalization takes 0.11 sec.

Phase 5 Timing-driven detailed placement started.
Phase 5.1 Replication placement started.
Design Cells Duplication "Enable".
Recovery Analysis in RP "Disable".
Worst slack before Replication Place is 1603, TNS before Replication Place is 0. 
Replication placement takes 0.00 sec.

Wirelength after replication placement is 43020 and checksum is 1F5676160D6A78C9.
Recovery Analysis in DP "Disable".
RefinePlacement Mode "Swap".
Phase 5.2 Swapping placement started.
Worst slack before detailed placement is 1603, TNS before detailed placement is 0. 
RefinePlacement Iteration "20".
Worst slack after detailed placement is 1603, TNS after detailed placement is 0. 
Swapping placement takes 0.00 sec.

Wirelength after detailed placement is 43020 and checksum is 1F5676160D6A78C9.
Timing-driven detailed placement takes 0.00 sec.

Worst slack is 1603, TNS after placement is 0.

Congestion analysis started.
Congestion analysis takes 0.02 sec.



Device Utilization Summary :
+------------------------------------------------------------------------------+
| Logic Utilization           | Used     | Available     | Utilization(%)     
+------------------------------------------------------------------------------+
| Use of ADC                  | 0        | 1             | 0                  
| Use of ANALOG               | 0        | 1             | 0                  
| Use of APM                  | 0        | 840           | 0                  
| Use of BKCL                 | 4        | 7             | 58                 
| Use of BKCLHP               | 0        | 3             | 0                  
| Use of CCS                  | 1        | 1             | 100                
| Use of CLMA                 | 1645     | 42050         | 4                  
|   FF                        | 7465     | 336400        | 3                  
|   LUT                       | 3921     | 168200        | 3                  
|   LUT-FF pairs              | 2469     | 168200        | 2                  
|   LUT-CONST                 | 0        | 168200        | 0                  
| Use of CLMS                 | 631      | 18850         | 4                  
|   FF                        | 2891     | 150800        | 2                  
|   LUT                       | 1560     | 75400         | 3                  
|   LUT-FF pairs              | 1027     | 75400         | 2                  
|   LUT-CONST                 | 0        | 75400         | 0                  
|   Distributed RAM           | 10       | 75400         | 1                  
| Use of DDRPHY_CPD           | 0        | 17            | 0                  
| Use of DDRPHY_CPD_HP        | 0        | 3             | 0                  
| Use of DDRPHY_IOCLK_DIV     | 0        | 10            | 0                  
| Use of DDR_PHY              | 0        | 28            | 0                  
| Use of DDR_PHY_R            | 0        | 12            | 0                  
| Use of DRM                  | 8        | 480           | 2                  
| Use of GCLK_INBUF_SYN       | 0        | 40            | 0                  
| Use of GPLL                 | 2        | 10            | 20                 
| Use of GSEB                 | 0        | 746           | 0                  
| Use of HARD0                | 0        | 36600         | 0                  
| Use of HCKB                 | 2        | 168           | 2                  
|  HCKB dataused              | 2        | 168           | 2                  
|  HCKB-BYPASS                | 0        | 168           | 0                  
| Use of HSSTHP               | 1        | 4             | 25                 
|   HSST_LANE                 | 1        | 16            | 7                  
|   HSST_PLL                  | 1        | 4             | 25                 
| Use of HSSTHP_BUFDS         | 1        | 8             | 13                 
| Use of IO                   | 12       | 500           | 3                  
|   IOBD                      | 6        | 168           | 4                  
|   IOBDHP                    | 0        | 72            | 0                  
|   IOBS                      | 5        | 182           | 3                  
|   IOBSHP                    | 1        | 78            | 2                  
| Use of IOCKB                | 0        | 40            | 0                  
| Use of IOLHP                | 1        | 150           | 1                  
| Use of IOLHP_FIFO           | 0        | 12            | 0                  
|  IOLHP_FIFO-BYPASS          | 0        | 12            | 0                  
| Use of IOLHR                | 10       | 350           | 3                  
| Use of KEYRAM               | 0        | 1             | 0                  
| Use of MRCKB                | 0        | 20            | 0                  
| Use of PCIEGEN3             | 0        | 1             | 0                  
| Use of PPLL                 | 0        | 10            | 0                  
| Use of RCKB                 | 0        | 40            | 0                  
|  RCKB dataused              | 0        | 40            | 0                  
|  RCKB-BYPASS                | 0        | 40            | 0                  
| Use of RESCAL               | 0        | 3             | 0                  
| Use of SCANCHAIN            | 1        | 1             | 100                
| Use of SPAD                 | 2        | 16            | 13                 
| Use of TSERDES              | 0        | 56            | 0                  
| Use of USCM                 | 4        | 32            | 13                 
|  USCM dataused              | 1        | 32            | 4                  
|  USCM-BYPASS                | 0        | 32            | 0                  
+------------------------------------------------------------------------------+

Action place: Export DB successfully.
Placement done.
Total placement takes 6.75 sec.
Finished placement.
Design 'Main' has been placed successfully.
Action place: Real time elapsed is 0h:1m:24s
Action place: CPU time elapsed is 0h:0m:8s
Action place: Process CPU time elapsed is 0h:0m:23s
Action place: Peak memory pool usage is 3,206 MB

Current time: Tue Jun 11 14:57:37 2024
