#Build: Fabric Compiler 2023.2-SP1, Build 147282, Jun 03 13:26 2024
#Install: D:\Pango\PDS_2023.2-SP1\bin
#Application name: pds_shell.exe
#OS: Windows 11 10.0.22631
#Hostname: WORK_BOIKOV
Generated by Fabric Compiler (version 2023.2-SP1 build 147282) at Thu Jun 13 16:58:41 2024
License checkout: fabric_ro_sta from D:\Pango\PDS_2023.2-SP1\pds_74563C6A7B6C.lic
Compiling verification operator library.
Compiling common defs.
Compiling prim grid devices.
Compiling place grid timing.
Compiling gate devices.
Compiling gate operators.
Building architecture model.
Loading device packaging model.
Reading design from pnr DB.
Start Report Post-PnR timing.
Elaborate the liberty model.
Constructing timing graph ...
Timing graph has been constructed successfully
C: STA-3009: The clock i_clk_100_n is not connected to any clock endpoints,it will be treated as a normal port or pin.
W: Timing-4087: Port 'fan' is not constrained, it is treated as combinational output.
W: Timing-4087: Port 'sfp_1_tx_dis' is not constrained, it is treated as combinational output.
W: Timing-4087: Port 'sfp_1_tx_n' is not constrained, it is treated as combinational output.
W: Timing-4087: Port 'sfp_1_tx_p' is not constrained, it is treated as combinational output.
W: Timing-4087: Port 'txd' is not constrained, it is treated as combinational output.
W: Timing-4086: Port 'fpga_rst_n' is not constrained, it is treated as combinational input.
W: Timing-4086: Port 'rxd' is not constrained, it is treated as combinational input.
Action report_timing: Export DB successfully.
Report timing is finished successfully.
Action report_timing: Real time elapsed is 0h:0m:11s
Action report_timing: CPU time elapsed is 0h:0m:2s
Action report_timing: Process CPU time elapsed is 0h:0m:3s
Action report_timing: Peak memory pool usage is 1,955 MB

Current time: Thu Jun 13 16:58:50 2024
