#Build: Fabric Compiler 2023.2-SP1, Build 147282, Jun 03 13:26 2024
#Install: D:\Pango\PDS_2023.2-SP1\bin
#Application name: pds_shell.exe
#OS: Windows 11 10.0.22631
#Hostname: WORK_BOIKOV
Generated by Fabric Compiler (version 2023.2-SP1 build 147282) at Thu Jun 13 15:09:51 2024
Compiling verification operator library.
Compiling common defs.
Compiling prim grid devices.
Compiling place grid timing.
Compiling gate devices.
Compiling gate operators.
Building architecture model.
Loading device packaging model.
Building architecture floorplan logic view.
route strategy configuration : 
strategy name : 0
Elaborate the liberty model.

Routing started.
Enter timing driven router mode.
Route thread size: 7
Building routing graph takes 8.45 sec.
Enable Recovery Analysis in Routing
Init coarse delay table.
Read place coarse delay table takes 0.31 sec.
Build SRB system takes 0.72 sec.
Setup STE netlist take 6180 msec.
Slack Weight : 90
CE/RS signal series limit : 500
Dispose control chain take 84 msec.
Collect const net info take 169 msec.
Total nets for routing: 9889.
Total loads for routing: 36224.
Direct connect net size: 793
Build all design net take 296 msec.
Processing design graph takes 6.73 sec.
Delay table total memory: 114.79927063 MB
Route graph total memory: 410.81423092 MB
Route design total memory: 16.02085114 MB
Global routing takes 0.00 sec.
Pin Cost Increasing Speed 300
Total 9887 subnets.
Unrouted clock nets at iteration 0 (0.186 sec): 6
Unrouted clock nets at iteration 1 (0.033 sec): 3
Unrouted clock nets at iteration 2 (0.019 sec): 3
Unrouted clock nets at iteration 3 (0.011 sec): 3
Unrouted clock nets at iteration 4 (0.009 sec): 3
Unrouted clock nets at iteration 5 (0.002 sec): 2
Unrouted clock nets at iteration 6 (0.002 sec): 0
Total route nets size: 9877
Worst slack is -2649, TNS before route is -9689093.
I: Write file layers.txt end
Pre route takes 1.441 sec
Unrouted general nets at iteration 8 (MT total route time: 0.783 sec): 7983(overused: 38117)
Unrouted general nets at iteration 9 (MT total route time: 0.699 sec): 5455(overused: 16537)
Unrouted general nets at iteration 10 (MT total route time: 0.467 sec): 3107(overused: 7387)
Unrouted general nets at iteration 11 (MT total route time: 0.289 sec): 2031(overused: 4852)
Unrouted general nets at iteration 12 (MT total route time: 0.202 sec): 1643(overused: 3911)
Unrouted general nets at iteration 13 (MT total route time: 0.149 sec): 937(overused: 2212)
Unrouted general nets at iteration 14 (MT total route time: 0.106 sec): 756(overused: 1839)
Unrouted general nets at iteration 15 (MT total route time: 0.125 sec): 669(overused: 1598)
Unrouted general nets at iteration 16 (MT total route time: 0.104 sec): 593(overused: 1428)
Unrouted general nets at iteration 17 (MT total route time: 0.080 sec): 525(overused: 1264)
Unrouted general nets at iteration 18 (MT total route time: 0.076 sec): 449(overused: 1102)
Unrouted general nets at iteration 19 (MT total route time: 0.057 sec): 113(overused: 218)
Unrouted general nets at iteration 20 (MT total route time: 0.019 sec): 70(overused: 128)
Unrouted general nets at iteration 21 (MT total route time: 0.015 sec): 47(overused: 88)
Unrouted general nets at iteration 22 (MT total route time: 0.015 sec): 36(overused: 60)
Unrouted general nets at iteration 23 (MT total route time: 0.014 sec): 30(overused: 54)
Unrouted general nets at iteration 24 (MT total route time: 0.012 sec): 24(overused: 38)
Unrouted general nets at iteration 25 (MT total route time: 0.012 sec): 14(overused: 24)
Unrouted general nets at iteration 26 (MT total route time: 0.012 sec): 8(overused: 10)
Unrouted general nets at iteration 27 (MT total route time: 0.011 sec): 6(overused: 10)
Unrouted general nets at iteration 28 (MT total route time: 0.013 sec): 2(overused: 2)
Unrouted general nets at iteration 29 (MT total route time: 0.012 sec): 0(overused: 0)
----General net take 0.010 sec(route net take 0.000 sec, inc cost take 0.005 sec, iter times: 1)
----const net route take 0.023 sec
Unrouted nets at iteration 30 (0.035 sec): 0
Detailed routing takes 5.80 sec.
I: Design net ntclkbufg_2 is routed by general path.
C: Route-2036: The clock path from clkbufg_5/gopclkbufg:CLKOUT to u_CORES/u_debug_core_0/G_M_1.u1_trig_unit/conf_reg[284]/opit_0_inv_L6Q_LUT6DQL5Q:CLK is routed by SRB.
I: Design net u_CORES/capt_o is routed by general path.
C: Route-2036: The clock path from u_CORES/u_GTP_SCANCHAIN_PG/scanchain:CAPTUREDR to u_CORES/u_debug_core_0/u_hub_data_decode/newconfini.conf_sel_ini/opit_0_inv:CLK is routed by SRB.
I: Design net u_CORES/drck_o is routed by general path.
C: Route-2036: The clock path from u_CORES/u_GTP_SCANCHAIN_PG/scanchain:TCK1 to clkbufg_5/gopclkbufg:CLK is routed by SRB.
Sort Original Nets take 0.005 sec
Build solution node for device pins which were mapped to more than one design pin take 0.007 sec
Check HPIO div result take 0.000 sec
Total net: 9889, route succeed net: 9889
Generate routing result take 0.013 sec
Handle PERMUX permutation take 0.207 sec
Handle const net take 0.011 sec
Handle route through take 0.008 sec
Handle loads' routing node take 0.045 sec
Used SRB routing arc is 73084.
Finish routing takes 0.37 sec.
Total routing takes 21.75 sec.


Device Utilization Summary :
+------------------------------------------------------------------------------+
| Logic Utilization           | Used     | Available     | Utilization(%)     
+------------------------------------------------------------------------------+
| Use of ADC                  | 0        | 1             | 0                  
| Use of ANALOG               | 0        | 1             | 0                  
| Use of APM                  | 0        | 840           | 0                  
| Use of BKCL                 | 4        | 7             | 58                 
| Use of BKCLHP               | 0        | 3             | 0                  
| Use of CCS                  | 1        | 1             | 100                
| Use of CLMA                 | 1550     | 42050         | 4                  
|   FF                        | 6405     | 336400        | 2                  
|   LUT                       | 3321     | 168200        | 2                  
|   LUT-FF pairs              | 2143     | 168200        | 2                  
|   LUT-CONST                 | 231      | 168200        | 1                  
| Use of CLMS                 | 578      | 18850         | 4                  
|   FF                        | 2400     | 150800        | 2                  
|   LUT                       | 1241     | 75400         | 2                  
|   LUT-FF pairs              | 782      | 75400         | 2                  
|   LUT-CONST                 | 60       | 75400         | 1                  
|   Distributed RAM           | 10       | 75400         | 1                  
| Use of DDRPHY_CPD           | 0        | 17            | 0                  
| Use of DDRPHY_CPD_HP        | 0        | 3             | 0                  
| Use of DDRPHY_IOCLK_DIV     | 0        | 10            | 0                  
| Use of DDR_PHY              | 0        | 28            | 0                  
| Use of DDR_PHY_R            | 0        | 12            | 0                  
| Use of DRM                  | 7        | 480           | 2                  
| Use of GCLK_INBUF_SYN       | 0        | 40            | 0                  
| Use of GPLL                 | 2        | 10            | 20                 
| Use of GSEB                 | 0        | 746           | 0                  
| Use of HARD0                | 727      | 36600         | 2                  
| Use of HCKB                 | 9        | 168           | 6                  
|  HCKB dataused              | 2        | 168           | 2                  
|  HCKB-BYPASS                | 7        | 168           | 5                  
| Use of HSSTHP               | 1        | 4             | 25                 
|   HSST_LANE                 | 1        | 16            | 7                  
|   HSST_PLL                  | 1        | 4             | 25                 
| Use of HSSTHP_BUFDS         | 1        | 8             | 13                 
| Use of IO                   | 8        | 500           | 2                  
|   IOBD                      | 5        | 168           | 3                  
|   IOBDHP                    | 0        | 72            | 0                  
|   IOBS                      | 3        | 182           | 2                  
|   IOBSHP                    | 0        | 78            | 0                  
| Use of IOCKB                | 0        | 40            | 0                  
| Use of IOLHP                | 0        | 150           | 0                  
| Use of IOLHP_FIFO           | 0        | 12            | 0                  
|  IOLHP_FIFO-BYPASS          | 0        | 12            | 0                  
| Use of IOLHR                | 7        | 350           | 2                  
| Use of KEYRAM               | 0        | 1             | 0                  
| Use of MRCKB                | 0        | 20            | 0                  
| Use of PCIEGEN3             | 0        | 1             | 0                  
| Use of PPLL                 | 0        | 10            | 0                  
| Use of RCKB                 | 0        | 40            | 0                  
|  RCKB dataused              | 0        | 40            | 0                  
|  RCKB-BYPASS                | 0        | 40            | 0                  
| Use of RESCAL               | 0        | 3             | 0                  
| Use of SCANCHAIN            | 1        | 1             | 100                
| Use of SPAD                 | 2        | 16            | 13                 
| Use of TSERDES              | 0        | 56            | 0                  
| Use of USCM                 | 4        | 32            | 13                 
|  USCM dataused              | 4        | 32            | 13                 
|  USCM-BYPASS                | 0        | 32            | 0                  
+------------------------------------------------------------------------------+

Finished routing.
Design 'Main' has been routed successfully.
Saving design to DB.
Action route: Export DB successfully.
Action route: Real time elapsed is 0h:0m:41s
Action route: CPU time elapsed is 0h:0m:4s
Action route: Process CPU time elapsed is 0h:0m:6s
Action route: Peak memory pool usage is 3,123 MB

Current time: Thu Jun 13 15:10:30 2024
