#Build: Fabric Compiler 2023.2-SP1, Build 147282, Jun 03 13:26 2024
#Install: D:\Pango\PDS_2023.2-SP1\bin
#Application name: pds_shell.exe
#OS: Windows 11 10.0.22631
#Hostname: WORK_BOIKOV
Generated by Fabric Compiler (version 2023.2-SP1 build 147282) at Thu Jun 13 15:08:08 2024
Compiling verification operator library.
Compiling common defs.
Compiling prim grid devices.
Compiling place grid timing.
Compiling gate devices.
Compiling gate operators.
Building architecture model.
Loading device packaging model.
place strategy configuration : 
strategy name : 0
Building architecture floorplan logic view.
Constraint check start.
W: ConstraintEditor-4040: [G:/Current_Pango/TenGigTest/device_map/Main.pcf(line number: 4)] Port sfp_1_tx_dis has been placed at location V19, whose type is share pin.
W: ConstraintEditor-4040: [G:/Current_Pango/TenGigTest/device_map/Main.pcf(line number: 5)] Port txd has been placed at location P22, whose type is share pin.
W: ConstraintEditor-4040: [G:/Current_Pango/TenGigTest/device_map/Main.pcf(line number: 12)] Port rxd has been placed at location P21, whose type is share pin.
C: ConstraintEditor-2001: [G:/Current_Pango/TenGigTest/device_map/Main.pcf(line number: 13)] Object 'sfp_1_loss' is dangling, which has no connection. it will be ignored.
C: ConstraintEditor-2012: The U_HSSTHP_COMMON of HSSTHP_664_918 have a top priority when you constraints HSSTHP. Please check your constraint file.
W: ConstraintEditor-4019: Port 'sfp_1_rx_n' unspecified I/O constraint.
W: ConstraintEditor-4019: Port 'sfp_1_rx_p' unspecified I/O constraint.
W: ConstraintEditor-4019: Port 'sfp_1_tx_n' unspecified I/O constraint.
W: ConstraintEditor-4019: Port 'sfp_1_tx_p' unspecified I/O constraint.
Found 0 error(s), 2 critical warning(s), 7 warning(s), out of 13 constraint(s)
Constraint check end.
Total time(hh:mm:ss) of constraint check : 00:00:00
Elaborate the liberty model.
I: Column Clock Check open.
Read Column Clock Map.

Placement started.
Phase 1 Pre global placement started.
I: Write file layers.txt end
Placement Logic Optimization "Enable".
LUT6D Packing Strategy "3".
Collected 3855 lut, soft packing 1899.
Mapping instance GRS_INST/grs_ccs to CCS_87_622.
Mapping instance u_CORES/u_GTP_SCANCHAIN_PG/scanchain to SCANCHAIN_88_618.
Phase 1.1 Base clock placement started.
Mapping instance LinkMain/CLKBUFX_u1/clkbufc_inst to HCKB_357_2016.
Mapping instance LinkMain/CLKBUFX_u0/clkbufc_inst to HCKB_357_2017.
Mapping instance LinkMain/CLKBUFG_u/gopclkbufg to USCM_359_930.
Mapping instance Debug/u_gpll/gpll_inst to GPLL_7_769.
Mapping instance clkbufg_3/gopclkbufg to USCM_359_882.
Mapping instance Pll_50mhz/u_gpll/gpll_inst to GPLL_7_463.
Mapping instance clkbufg_4/gopclkbufg to USCM_359_885.
C: Place-2028: GLOBAL_CLOCK: the driver u_CORES/u_GTP_SCANCHAIN_PG/scanchain fixed at SCANCHAIN_88_618 is unreasonable. Sub-optimal placement for a clock source and a clock buffer.
Mapping instance clkbufg_5/gopclkbufg to USCM_359_888.
Base clock placement takes 0.00 sec.

Design Utilization : 3%.
Phase 1.2 1st GP placement started.
[GP] Placement Decongestion Mode 1.
[GP] Recovery Analysis in GP "Disable".
Init coarse delay table.
Read place coarse delay table takes 0.52 sec.
Build SRB system takes 2.11 sec.
[GP] Init timing API takes 10.30 sec.
[GP] Init GP graph takes 10.98 sec.
Device graph total memory: 124.67246056 MB
[GP] GP graph memory: 438.53847122 MB
[GP] Read position from netlist take 0 msec
[GP] Total node move: 1297112.60, average node move: 188.86
[GP] SA handle 1 clusters.
[GP] SA init_cost=320080.435714 final_cost=290982.214286 final_cost/init_cost=0.909091 occupied region_num=1
[GP] SA Optimize take time: 0.001000 sec.
[GP] MarginTNS=-8986245, TNS=-4054245, WNS=-1652
[GP] Place thread size: 4
[GP] Node size: 64489, net size: 9970
[GP] Design graph total memory: 230.96393585 MB
[GP] MarginTNS=-9081016, TNS=-4149016, WNS=-1747
[GP] Step 0 take 0.261 secs: WL=7135.42 OF=0.958384
[GP] MarginTNS=-10882107, TNS=-5950107, WNS=-4125
[GP] Step 1 take 1.054 secs: WL=13973.77 OF=0.916086
[GP] MarginTNS=-9416140, TNS=-4484140, WNS=-4100
[GP] Step 2 take 1.076 secs: WL=16415.59 OF=0.858964
[GP] MarginTNS=-9470122, TNS=-4538122, WNS=-3884
[GP] Step 3 take 1.065 secs: WL=16958.96 OF=0.831360
[GP] MarginTNS=-9492074, TNS=-4560074, WNS=-3710
[GP] Step 4 take 1.062 secs: WL=17556.68 OF=0.805022
[GP] MarginTNS=-9525537, TNS=-4593537, WNS=-3583
[GP] Step 5 take 1.091 secs: WL=18415.81 OF=0.776682
[GP] MarginTNS=-9582083, TNS=-4650083, WNS=-3494
[GP] Step 6 take 1.079 secs: WL=19595.03 OF=0.744357
[GP] MarginTNS=-9617290, TNS=-4685290, WNS=-3156
[GP] Step 7 take 1.046 secs: WL=21317.90 OF=0.680848
[GP] MarginTNS=-9668200, TNS=-4736200, WNS=-3216
[GP] Step 8 take 1.073 secs: WL=22841.82 OF=0.599775
[GP] MarginTNS=-9683097, TNS=-4751097, WNS=-3108
[GP] Step 9 take 1.067 secs: WL=24312.36 OF=0.537282
[GP] MarginTNS=-9669695, TNS=-4737695, WNS=-2988
[GP] Step 10 take 1.083 secs: WL=25312.53 OF=0.470551
[GP] MarginTNS=-9720638, TNS=-4788638, WNS=-2958
[GP] Step 11 take 1.057 secs: WL=27356.87 OF=0.408970
[GP] MarginTNS=-9718704, TNS=-4786704, WNS=-2841
[GP] Step 12 take 1.093 secs: WL=27699.96 OF=0.346281
[GP] MarginTNS=-9768614, TNS=-4836614, WNS=-2360
[GP] Step 13 take 1.079 secs: WL=28807.67 OF=0.285861
[GP] MarginTNS=-9812685, TNS=-4880685, WNS=-2032
[GP] Step 14 take 1.080 secs: WL=29797.96 OF=0.223969
[GP] MarginTNS=-9801038, TNS=-4869038, WNS=-2043
[GP] Step 15 take 1.074 secs: WL=29257.36 OF=0.167902
[GP] MarginTNS=-9822565, TNS=-4890565, WNS=-2132
[GP] MarginTNS=-9819469, TNS=-4887469, WNS=-2132
[GP] Step 16 take 1.210 secs: WL=29843.33 OF=0.122052
[GP] MarginTNS=-9799045, TNS=-4867045, WNS=-2117
[GP] Step 17 take 0.886 secs: WL=29489.65 OF=0.094062
[GP] MarginTNS=-9806074, TNS=-4874074, WNS=-2021
[GP] Step 18 take 0.873 secs: WL=29752.71 OF=0.077691
[GP] Best WL=29883.706350 OF=0.073713, take 19.502000 secs.
[GP] MarginTNS=-9809204, TNS=-4877204, WNS=-2005
[GP] Total node move: 440811.57, average node move: 64.18
[GP] Placer use memory: 50.33509445 MB
[GP] GP graph memory: 452.71991062 MB
Wirelength after clock region global placement is 19615752 and checksum is 4AEBC6EBBEE655BE.
1st GP placement takes 12.00 sec.

Wirelength after Pre Global Placement is 19615752 and checksum is 4AEBC6EBBEE655BE.
Pre global placement takes 12.34 sec.

Phase 2 Global placement started.
Phase 2.1 Fixed placement started.
Placed fixed group with base inst Debug/u_buf1/opit_2 on IOLHR_16_1692.
Placed fixed group with base inst LinkMain/PHY_10G/U_GTP_HSSTHP_WRAPPER/REFCLK0_ENABLE.U_BUFDS_0/U_BUFDS/gatehsst_spadp on SPAD_663_1837.
Placed fixed group with base inst fan_obuf/opit_1 on IOLHR_16_6.
Placed fixed group with base inst fpga_rst_n_ibuf/opit_1 on IOLHR_16_786.
Placed fixed group with base inst i_clk_50_ibuf/opit_1 on IOLHR_16_774.
Placed fixed group with base inst rxd_ibuf/opit_1 on IOLHR_16_954.
Placed fixed group with base inst sfp_1_tx_dis_obuf/opit_1 on IOLHR_16_684.
Placed fixed group with base inst txd_obuf/opit_1 on IOLHR_16_948.
Placed fixed instance LinkMain/PHY_10G/U_GTP_HSSTHP_WRAPPER/CHANNEL0_ENABLE.U_LANE0_WRAP/U_LANE0/gatehsst_lane on HSSTHP_664_1836.
Placed fixed instance LinkMain/PHY_10G/U_GTP_HSSTHP_WRAPPER/HPLL_ENABLE.U_HPLL_WRAP/U_HPLL/gatehsst_hpll on HSSTHP_664_1836.
Placed fixed instance Debug/u_gpll/gpll_inst on GPLL_7_769.
Placed fixed instance GRS_INST/grs_ccs on CCS_87_622.
Placed fixed instance LinkMain/CLKBUFG_u/gopclkbufg on USCM_359_930.
Placed fixed instance LinkMain/CLKBUFX_u0/clkbufc_inst on HCKB_357_2017.
Placed fixed instance LinkMain/CLKBUFX_u1/clkbufc_inst on HCKB_357_2016.
Placed fixed instance Pll_50mhz/u_gpll/gpll_inst on GPLL_7_463.
Placed fixed instance clkbufg_3/gopclkbufg on USCM_359_882.
Placed fixed instance clkbufg_4/gopclkbufg on USCM_359_885.
Placed fixed instance clkbufg_5/gopclkbufg on USCM_359_888.
Placed fixed instance u_CORES/u_GTP_SCANCHAIN_PG/scanchain on SCANCHAIN_88_618.
Placed fixed instance BKCL_auto_0 on BKCL_1_1564.
Placed fixed instance BKCL_auto_1 on BKCL_1_952.
Placed fixed instance BKCL_auto_2 on BKCL_1_646.
Placed fixed instance BKCL_auto_3 on BKCL_1_34.
Fixed placement takes 0.00 sec.

Phase 2.2 Process placement started.
DRC Placement Start.
DRC final successful.
DRC Placement Process takes 0.00 sec.
DRC Placement End.
DRCP end, takes 0.004 secs.
Process placement takes 0.00 sec.

Phase 2.3 IO placement started.
The average distance in IO place is 0.000000.
IO placement takes 0.00 sec.

Phase 2.4 Post Process placement started.
Post Process placement takes 0.00 sec.

Planning Before Place "Enable".
PBM start.
First map gop timing takes 0.00 sec
PBM of GP end, takes 0.05 sec.
Design Utilization : 3%.
Phase 2.5 2nd GP placement started.
Wirelength before global placement is 43348 and checksum is 795F6AABCBB4B84.
[GP] Init timing API takes 0.00 sec.
W: Place-4025: Internal warning: inst LinkMain/PHY_10G/U_GTP_HSSTHP_WRAPPER/CHANNEL0_ENABLE.U_LANE0_WRAP/U_LANE0/gatehsst_lane (gopHSSTHP_LANE) processed by pbm, but not by GP.
[GP] Init GP graph takes 0.42 sec.
Device graph total memory: 124.67246056 MB
[GP] GP graph memory: 447.39559269 MB
[GP] Read position from netlist take 0 msec
[GP] Total node move: 264506.29, average node move: 38.51
[GP] MarginTNS=-9941914, TNS=-5009914, WNS=-2203
[GP] Place thread size: 4
[GP] Node size: 64489, net size: 9980
[GP] Design graph total memory: 239.82105732 MB
[GP] MarginTNS=-9144033, TNS=-4212033, WNS=-1652
[GP] Step 0 take 0.271 secs: WL=7745.95 OF=0.950480
[GP] MarginTNS=-9273218, TNS=-4341218, WNS=-3351
[GP] Step 1 take 1.079 secs: WL=10336.71 OF=0.942916
[GP] MarginTNS=-9291487, TNS=-4359487, WNS=-3652
[GP] Step 2 take 1.063 secs: WL=13265.40 OF=0.928989
[GP] MarginTNS=-9442462, TNS=-4510462, WNS=-3578
[GP] Step 3 take 1.064 secs: WL=15442.77 OF=0.898315
[GP] MarginTNS=-9400410, TNS=-4468410, WNS=-3636
[GP] Step 4 take 1.045 secs: WL=17117.44 OF=0.846903
[GP] MarginTNS=-9497054, TNS=-4565054, WNS=-3587
[GP] Step 5 take 1.049 secs: WL=18485.20 OF=0.794385
[GP] MarginTNS=-9572712, TNS=-4640712, WNS=-3419
[GP] Step 6 take 1.057 secs: WL=20024.96 OF=0.747311
[GP] MarginTNS=-9631024, TNS=-4699024, WNS=-3141
[GP] Step 7 take 1.060 secs: WL=21751.80 OF=0.674396
[GP] MarginTNS=-9659125, TNS=-4727125, WNS=-3218
[GP] Step 8 take 1.070 secs: WL=23175.63 OF=0.594494
[GP] MarginTNS=-9672182, TNS=-4740182, WNS=-3165
[GP] Step 9 take 1.053 secs: WL=24585.32 OF=0.529247
[GP] MarginTNS=-9697097, TNS=-4765097, WNS=-3038
[GP] Step 10 take 1.067 secs: WL=26820.24 OF=0.472240
[GP] MarginTNS=-9739077, TNS=-4807077, WNS=-3018
[GP] Step 11 take 1.084 secs: WL=29135.15 OF=0.412501
[GP] MarginTNS=-9727025, TNS=-4795025, WNS=-2815
[GP] Step 12 take 1.092 secs: WL=30853.85 OF=0.360830
[GP] MarginTNS=-9774012, TNS=-4842012, WNS=-2451
[GP] Step 13 take 1.095 secs: WL=31916.11 OF=0.294214
[GP] MarginTNS=-9793997, TNS=-4861997, WNS=-2084
[GP] Step 14 take 1.072 secs: WL=32258.89 OF=0.230141
[GP] MarginTNS=-9783889, TNS=-4851889, WNS=-1995
[GP] Step 15 take 1.090 secs: WL=31884.44 OF=0.182877
[GP] MarginTNS=-9783099, TNS=-4851099, WNS=-1962
[GP] MarginTNS=-9795315, TNS=-4863315, WNS=-1962
[GP] Step 16 take 1.233 secs: WL=32265.01 OF=0.131761
[GP] MarginTNS=-9815099, TNS=-4883099, WNS=-2025
[GP] Step 17 take 0.889 secs: WL=31902.96 OF=0.100393
[GP] MarginTNS=-9818734, TNS=-4886734, WNS=-1973
[GP] Step 18 take 0.886 secs: WL=31893.01 OF=0.078662
[GP] Best WL=31889.585531 OF=0.078764, take 19.564000 secs.
[GP] MarginTNS=-9821531, TNS=-4889531, WNS=-1973
[GP] Total node move: 83348.11, average node move: 12.14
[GP] Placer use memory: 50.74033737 MB
[GP] GP graph memory: 453.80926991 MB
2nd GP placement takes 6.88 sec.

Wirelength after global placement is 43677 and checksum is C60A89602896BC49.
Global placement takes 6.92 sec.

Phase 3 Post global placement started.
Phase 3.1 Macro cell placement started.
Early Place Macro "Global".
Auto Dispose Macro Object "Enable".
Wirelength after macro cell placement is 43677 and checksum is 9C546A3C27D4DA7D.
Macro cell placement takes 0.03 sec.

PBM start.
PBM of PostGP end, takes 0.00 sec.
Design Utilization : 3%.
Phase 3.2 3rd GP placement started.
Wirelength before post global placement is 43677 and checksum is 9C546A3C27D4DA7D.
[GP] Init timing API takes 0.00 sec.
[GP] Init GP graph takes 0.40 sec.
Device graph total memory: 124.67246056 MB
[GP] GP graph memory: 447.60678959 MB
[GP] Read position from netlist take 0 msec
[GP] Place thread size: 4
[GP] Node size: 64473, net size: 9989
[GP] Design graph total memory: 240.14669514 MB
[GP] MarginTNS=-9821531, TNS=-4889531, WNS=-1973
[GP] Step 0 take 0.382 secs: WL=32274.72 OF=0.083612
[GP] MarginTNS=-9811093, TNS=-4879093, WNS=-1898
[GP] Step 1 take 0.874 secs: WL=31311.66 OF=0.113766
[GP] MarginTNS=-9828377, TNS=-4896377, WNS=-1935
[GP] Step 2 take 0.897 secs: WL=31601.40 OF=0.089065
[GP] Best WL=31562.970651 OF=0.078688, take 2.489000 secs.
[GP] MarginTNS=-9827907, TNS=-4895907, WNS=-1934
[GP] Total node move: 4692.57, average node move: 0.69
[GP] Placer use memory: 45.92769241 MB
[GP] GP graph memory: 453.98874664 MB
3rd GP placement takes 1.30 sec.

Wirelength after post global placement is 43406 and checksum is E30CB64C1DDB4B9D.
I: Soft packing 1927 LUT6D, real packing 1907(98.94%) LUT6D.
The total number of packing LUT6D is 1907.
Worst slack after packing LUT6D is -1934.
Wirelength after packing LUT6D is 43403 and checksum is 70F9111283F64FCD.
Packing LUT6D takes 0.17 sec.
Post global placement takes 1.55 sec.

Optimize timing started.
Start lp timing optimize, WNS: -1934, TNS: -3980088.
  Timing opt iter 0, WNS: -1877, TNS: -4033011.
  Timing opt iter 1, WNS: -1652, TNS: -4065602.
  Timing opt iter 2, WNS: -1934, TNS: -3980088.
  Timing opt iter 3, WNS: -1877, TNS: -4038223.
  Timing opt iter 4, WNS: -1763, TNS: -4085055.
  Timing opt iter 5, WNS: -1652, TNS: -4095321.
  Timing opt iter 6, WNS: -1934, TNS: -3980088.
  Timing opt iter 7, WNS: -1877, TNS: -4038223.
  Timing opt iter 8, WNS: -1783, TNS: -4092403.
  Timing opt iter 9, WNS: -1681, TNS: -4135981.
  Timing opt iter 10, WNS: -1652, TNS: -4137578.
  Timing opt iter 11, WNS: -1934, TNS: -3980088.
  Timing opt iter 12, WNS: -1877, TNS: -4038223.
  Timing opt iter 13, WNS: -1763, TNS: -4085055.
  Timing opt iter 14, WNS: -1652, TNS: -4095321.
  Timing opt iter 15, WNS: -1934, TNS: -3980088.
  Timing opt iter 16, WNS: -1877, TNS: -4038223.
  Timing opt iter 17, WNS: -1783, TNS: -4092403.
  Timing opt iter 18, WNS: -1681, TNS: -4135981.
  Timing opt iter 19, WNS: -1652, TNS: -4137578.
End lp timing optimize, WNS: -1934, TNS: -3980088.
Timing driven place optimize takes 0.33 sec.
Wirelength after timing drive place optimize is 43403 and checksum is 70F9111283F64FCD.
Phase 4 Legalization started.
The average distance in LP is 0.325293.
Wirelength after legalization is 47676 and checksum is CD6AD0C522A3F339.
Legalization takes 0.02 sec.

Phase 5 Timing-driven detailed placement started.
Phase 5.1 Replication placement started.
Design Cells Duplication "Enable".
Recovery Analysis in RP "Disable".
Worst slack before Replication Place is -1998, TNS before Replication Place is -4002586. 
Replication placement takes 0.03 sec.

Wirelength after replication placement is 47676 and checksum is CD6AD0C522A3F339.
Recovery Analysis in DP "Disable".
RefinePlacement Mode "Swap".
Phase 5.2 Swapping placement started.
Worst slack before detailed placement is -1998, TNS before detailed placement is -4002586. 
RefinePlacement Iteration "20".
    Cost at Swap iteration  0:    wslk  -1968,    tns   -4036306,    takes    0.03 sec.
    Cost at DP   iteration  0:    wslk  -1812,    tns   -4113276,    takes    0.09 sec.
    Cost at Swap iteration  1:    wslk  -1792,    tns   -4131133,    takes    0.02 sec.
    Cost at Swap iteration  2:    wslk  -1792,    tns   -4140635,    takes    0.00 sec.
    Cost at DP   iteration  2:    wslk  -1684,    tns   -4140310,    takes    0.16 sec.
    Cost at Swap iteration  3:    wslk  -1684,    tns   -4142415,    takes    0.00 sec.
    Cost at Swap iteration  4:    wslk  -1684,    tns   -4148393,    takes    0.05 sec.
    Cost at DP   iteration  4:    wslk  -1652,    tns   -4184223,    takes    0.36 sec.
    Cost at Swap iteration  5:    wslk  -1650,    tns   -4185982,    takes    0.03 sec.
    Cost at Swap iteration  6:    wslk  -1650,    tns   -4183935,    takes    0.00 sec.
    Cost at DP   iteration  6:    wslk  -1650,    tns   -4177114,    takes    0.12 sec.
    Cost at Swap iteration  7:    wslk  -1650,    tns   -4175112,    takes    0.03 sec.
    Cost at Swap iteration  8:    wslk  -1650,    tns   -4174256,    takes    0.11 sec.
    Cost at DP   iteration  8:    wslk  -1650,    tns   -4185046,    takes    0.19 sec.
Worst slack after detailed placement is -1650, TNS after detailed placement is -4185046. 
Swapping placement takes 1.20 sec.

Wirelength after detailed placement is 62563 and checksum is 97400A6C57B062CD.
Timing-driven detailed placement takes 1.23 sec.

Worst slack is -1627, TNS after placement is -4086703.

Congestion analysis started.
Congestion analysis takes 0.00 sec.



Device Utilization Summary :
+------------------------------------------------------------------------------+
| Logic Utilization           | Used     | Available     | Utilization(%)     
+------------------------------------------------------------------------------+
| Use of ADC                  | 0        | 1             | 0                  
| Use of ANALOG               | 0        | 1             | 0                  
| Use of APM                  | 0        | 840           | 0                  
| Use of BKCL                 | 4        | 7             | 58                 
| Use of BKCLHP               | 0        | 3             | 0                  
| Use of CCS                  | 1        | 1             | 100                
| Use of CLMA                 | 1484     | 42050         | 4                  
|   FF                        | 6405     | 336400        | 2                  
|   LUT                       | 3321     | 168200        | 2                  
|   LUT-FF pairs              | 2143     | 168200        | 2                  
|   LUT-CONST                 | 0        | 168200        | 0                  
| Use of CLMS                 | 572      | 18850         | 4                  
|   FF                        | 2400     | 150800        | 2                  
|   LUT                       | 1241     | 75400         | 2                  
|   LUT-FF pairs              | 782      | 75400         | 2                  
|   LUT-CONST                 | 0        | 75400         | 0                  
|   Distributed RAM           | 10       | 75400         | 1                  
| Use of DDRPHY_CPD           | 0        | 17            | 0                  
| Use of DDRPHY_CPD_HP        | 0        | 3             | 0                  
| Use of DDRPHY_IOCLK_DIV     | 0        | 10            | 0                  
| Use of DDR_PHY              | 0        | 28            | 0                  
| Use of DDR_PHY_R            | 0        | 12            | 0                  
| Use of DRM                  | 7        | 480           | 2                  
| Use of GCLK_INBUF_SYN       | 0        | 40            | 0                  
| Use of GPLL                 | 2        | 10            | 20                 
| Use of GSEB                 | 0        | 746           | 0                  
| Use of HARD0                | 0        | 36600         | 0                  
| Use of HCKB                 | 2        | 168           | 2                  
|  HCKB dataused              | 1        | 168           | 1                  
|  HCKB-BYPASS                | 0        | 168           | 0                  
| Use of HSSTHP               | 1        | 4             | 25                 
|   HSST_LANE                 | 1        | 16            | 7                  
|   HSST_PLL                  | 1        | 4             | 25                 
| Use of HSSTHP_BUFDS         | 1        | 8             | 13                 
| Use of IO                   | 8        | 500           | 2                  
|   IOBD                      | 5        | 168           | 3                  
|   IOBDHP                    | 0        | 72            | 0                  
|   IOBS                      | 3        | 182           | 2                  
|   IOBSHP                    | 0        | 78            | 0                  
| Use of IOCKB                | 0        | 40            | 0                  
| Use of IOLHP                | 0        | 150           | 0                  
| Use of IOLHP_FIFO           | 0        | 12            | 0                  
|  IOLHP_FIFO-BYPASS          | 0        | 12            | 0                  
| Use of IOLHR                | 7        | 350           | 2                  
| Use of KEYRAM               | 0        | 1             | 0                  
| Use of MRCKB                | 0        | 20            | 0                  
| Use of PCIEGEN3             | 0        | 1             | 0                  
| Use of PPLL                 | 0        | 10            | 0                  
| Use of RCKB                 | 0        | 40            | 0                  
|  RCKB dataused              | 0        | 40            | 0                  
|  RCKB-BYPASS                | 0        | 40            | 0                  
| Use of RESCAL               | 0        | 3             | 0                  
| Use of SCANCHAIN            | 1        | 1             | 100                
| Use of SPAD                 | 2        | 16            | 13                 
| Use of TSERDES              | 0        | 56            | 0                  
| Use of USCM                 | 4        | 32            | 13                 
|  USCM dataused              | 0        | 32            | 0                  
|  USCM-BYPASS                | 0        | 32            | 0                  
+------------------------------------------------------------------------------+

Action place: Export DB successfully.
Placement done.
Total placement takes 22.86 sec.
Finished placement.
Design 'Main' has been placed successfully.
Action place: Real time elapsed is 0h:1m:43s
Action place: CPU time elapsed is 0h:0m:25s
Action place: Process CPU time elapsed is 0h:0m:57s
Action place: Peak memory pool usage is 3,203 MB

Current time: Thu Jun 13 15:09:49 2024
