L16|IOBD_0_2130|BANKL1||||
L15|IOBD_0_2118|BANKL1||||
L12|IOBD_0_2106|BANKL1||||
K13|IOBD_0_2094|BANKL1||||
K14|IOBD_0_2082|BANKL1||||
L11|IOBD_0_2070|BANKL1||||
H15|IOBD_0_2058|BANKL1||||
J11|IOBD_0_2046|BANKL1||||
J16|IOBD_0_2034|BANKL1||||
H11|IOBD_0_2022|BANKL1||||
H14|IOBD_0_2010|BANKL1||||
G13|IOBD_0_1998|BANKL1||||
D12|IOBD_0_1980|BANKL1||||
F12|IOBD_0_1968|BANKL1||||
C12|IOBD_0_1956|BANKL1||||
F11|IOBD_0_1944|BANKL1||||
A11|IOBD_0_1932|BANKL1||||
D11|IOBD_0_1920|BANKL1||||
F15|IOBD_0_1908|BANKL1||||
E14|IOBD_0_1896|BANKL1||||
D14|IOBD_0_1884|BANKL1||||
B13|IOBD_0_1872|BANKL1||||
C15|IOBD_0_1860|BANKL1||||
B14|IOBD_0_1848|BANKL1||||
G12|IOBS_0_2136|BANKL1||||
K16|IOBS_0_2124|BANKL1||||
K15|IOBS_0_2112|BANKL1||||
L13|IOBS_0_2100|BANKL1||||
J13|IOBS_0_2088|BANKL1||||
J14|IOBS_0_2076|BANKL1||||
K11|IOBS_0_2064|BANKL1||||
G15|IOBS_0_2052|BANKL1||||
J12|IOBS_0_2040|BANKL1||||
H16|IOBS_0_2028|BANKL1||||
H12|IOBS_0_2016|BANKL1||||
G14|IOBS_0_2004|BANKL1||||
F13|IOBS_0_1992|BANKL1||||
D13|IOBS_0_1974|BANKL1||||
E13|IOBS_0_1962|BANKL1||||
B12|IOBS_0_1950|BANKL1||||
E11|IOBS_0_1938|BANKL1||||
A12|IOBS_0_1926|BANKL1||||
C11|IOBS_0_1914|BANKL1||||
E16|IOBS_0_1902|BANKL1||||
E15|IOBS_0_1890|BANKL1||||
C14|IOBS_0_1878|BANKL1||||
A13|IOBS_0_1866|BANKL1||||
B15|IOBS_0_1854|BANKL1||||
A15|IOBS_0_1842|BANKL1||||
F16|IOBS_0_1836|BANKL1||||
K18|IOBD_0_1824|BANKL2||||
H20|IOBD_0_1812|BANKL2||||
J17|IOBD_0_1800|BANKL2||||
J19|IOBD_0_1788|BANKL2||||
L17|IOBD_0_1776|BANKL2||||
K19|IOBD_0_1764|BANKL2||||
H21|IOBD_0_1752|BANKL2||||
D21|IOBD_0_1740|BANKL2||||
G22|IOBD_0_1728|BANKL2||||
D22|IOBD_0_1716|BANKL2||||
F21|IOBD_0_1704|BANKL2||||
F20|IOBD_0_1692|BANKL2||||YES
D17|IOBD_0_1674|BANKL2||||
E19|IOBD_0_1662|BANKL2||||
D16|IOBD_0_1650|BANKL2||||
G18|IOBD_0_1638|BANKL2||||
C17|IOBD_0_1626|BANKL2||||
G17|IOBD_0_1614|BANKL2||||
C20|IOBD_0_1602|BANKL2||||
A16|IOBD_0_1590|BANKL2||||
A20|IOBD_0_1578|BANKL2||||
B18|IOBD_0_1566|BANKL2||||
B22|IOBD_0_1554|BANKL2||||
C19|IOBD_0_1542|BANKL2||||
G19|IOBS_0_1830|BANKL2||||
J18|IOBS_0_1818|BANKL2||||
G20|IOBS_0_1806|BANKL2||||
H17|IOBS_0_1794|BANKL2||||
H19|IOBS_0_1782|BANKL2||||
L18|IOBS_0_1770|BANKL2||||
K20|IOBS_0_1758|BANKL2||||
H22|IOBS_0_1746|BANKL2||||
C21|IOBS_0_1734|BANKL2||||
F22|IOBS_0_1722|BANKL2||||
C22|IOBS_0_1710|BANKL2||||
E21|IOBS_0_1698|BANKL2||||
E20|IOBS_0_1686|BANKL2||||YES
D18|IOBS_0_1668|BANKL2||||
D19|IOBS_0_1656|BANKL2||||
C16|IOBS_0_1644|BANKL2||||
F18|IOBS_0_1632|BANKL2||||
B17|IOBS_0_1620|BANKL2||||
F17|IOBS_0_1608|BANKL2||||
B20|IOBS_0_1596|BANKL2||||
A17|IOBS_0_1584|BANKL2||||
A21|IOBS_0_1572|BANKL2||||
A18|IOBS_0_1560|BANKL2||||
A22|IOBS_0_1548|BANKL2||||
B19|IOBS_0_1536|BANKL2||||
E18|IOBS_0_1530|BANKL2||||
B23|IOBD_0_1518|BANKL3||||
E23|IOBD_0_1506|BANKL3||||
F25|IOBD_0_1494|BANKL3||||
E24|IOBD_0_1482|BANKL3||||
F26|IOBD_0_1470|BANKL3||||
G23|IOBD_0_1458|BANKL3||||
B27|IOBD_0_1446|BANKL3||||
C24|IOBD_0_1434|BANKL3||||
B28|IOBD_0_1422|BANKL3||||
A25|IOBD_0_1410|BANKL3||||
D26|IOBD_0_1398|BANKL3||||
C25|IOBD_0_1386|BANKL3||||
D27|IOBD_0_1368|BANKL3||||
E28|IOBD_0_1356|BANKL3||||
C29|IOBD_0_1344|BANKL3||||
D29|IOBD_0_1332|BANKL3||||
B30|IOBD_0_1320|BANKL3||||
E29|IOBD_0_1308|BANKL3||||
H24|IOBD_0_1296|BANKL3||||
G28|IOBD_0_1284|BANKL3||||
G27|IOBD_0_1272|BANKL3||||
G29|IOBD_0_1260|BANKL3||||
H26|IOBD_0_1248|BANKL3||||
H30|IOBD_0_1236|BANKL3||||
F23|IOBS_0_1524|BANKL3||||
A23|IOBS_0_1512|BANKL3||||
D23|IOBS_0_1500|BANKL3||||
E25|IOBS_0_1488|BANKL3||||
D24|IOBS_0_1476|BANKL3||||
E26|IOBS_0_1464|BANKL3||||
G24|IOBS_0_1452|BANKL3||||
A27|IOBS_0_1440|BANKL3||||
B24|IOBS_0_1428|BANKL3||||
A28|IOBS_0_1416|BANKL3||||
A26|IOBS_0_1404|BANKL3||||
C26|IOBS_0_1392|BANKL3||||
B25|IOBS_0_1380|BANKL3||||
C27|IOBS_0_1362|BANKL3||||
D28|IOBS_0_1350|BANKL3||||
B29|IOBS_0_1338|BANKL3||||
C30|IOBS_0_1326|BANKL3||||
A30|IOBS_0_1314|BANKL3||||
E30|IOBS_0_1302|BANKL3||||
H25|IOBS_0_1290|BANKL3||||
F28|IOBS_0_1278|BANKL3||||
F27|IOBS_0_1266|BANKL3||||
F30|IOBS_0_1254|BANKL3||||
H27|IOBS_0_1242|BANKL3||||
G30|IOBS_0_1230|BANKL3||||
G25|IOBS_0_1224|BANKL3||||
J23|IOBD_0_1212|BANKL4||||
L22|IOBD_0_1200|BANKL4||||
K23|IOBD_0_1188|BANKL4||||
L21|IOBD_0_1176|BANKL4||||
J21|IOBD_0_1164|BANKL4||||
M20|IOBD_0_1152|BANKL4||||
J29|IOBD_0_1140|BANKL4||||
J27|IOBD_0_1128|BANKL4||||
L30|IOBD_0_1116|BANKL4||||
K26|IOBD_0_1104|BANKL4||||
L26|IOBD_0_1092|BANKL4||||
L25|IOBD_0_1080|BANKL4||||
K28|IOBD_0_1062|BANKL4||||
M28|IOBD_0_1050|BANKL4||||
M29|IOBD_0_1038|BANKL4||||
N27|IOBD_0_1026|BANKL4||||
N29|IOBD_0_1014|BANKL4||||
N25|IOBD_0_1002|BANKL4||||
N19|IOBD_0_990|BANKL4||||
N21|IOBD_0_978|BANKL4||||
P23|IOBD_0_966|BANKL4||||
P21|IOBD_0_954|BANKL4||||YES
M24|IOBD_0_942|BANKL4||||
M22|IOBD_0_930|BANKL4||||
M19|IOBS_0_1218|BANKL4||||
J24|IOBS_0_1206|BANKL4||||
L23|IOBS_0_1194|BANKL4||||
K24|IOBS_0_1182|BANKL4||||
K21|IOBS_0_1170|BANKL4||||
J22|IOBS_0_1158|BANKL4||||
L20|IOBS_0_1146|BANKL4||||
H29|IOBS_0_1134|BANKL4||||
J28|IOBS_0_1122|BANKL4||||
K30|IOBS_0_1110|BANKL4||||
J26|IOBS_0_1098|BANKL4||||
L27|IOBS_0_1086|BANKL4||||
K25|IOBS_0_1074|BANKL4||||
K29|IOBS_0_1056|BANKL4||||
L28|IOBS_0_1044|BANKL4||||
M30|IOBS_0_1032|BANKL4||||
M27|IOBS_0_1020|BANKL4||||
N30|IOBS_0_1008|BANKL4||||
N26|IOBS_0_996|BANKL4||||
N20|IOBS_0_984|BANKL4||||
N22|IOBS_0_972|BANKL4||||
N24|IOBS_0_960|BANKL4||||
P22|IOBS_0_948|BANKL4||||YES
M25|IOBS_0_936|BANKL4||||
M23|IOBS_0_924|BANKL4||||
P19|IOBS_0_918|BANKL4||||
P24|IOBD_0_906|BANKL5||||
R20|IOBD_0_894|BANKL5||||
R23|IOBD_0_882|BANKL5||||
T20|IOBD_0_870|BANKL5||||
T22|IOBD_0_858|BANKL5||||
U19|IOBD_0_846|BANKL5||||
P29|IOBD_0_834|BANKL5||||
P27|IOBD_0_822|BANKL5||||
R30|IOBD_0_810|BANKL5||||
P26|IOBD_0_798|BANKL5||||
R28|IOBD_0_786|BANKL5||||YES
T26|IOBD_0_774|BANKL5||||YES
U27|IOBD_0_756|BANKL5||||
T25|IOBD_0_744|BANKL5||||
U29|IOBD_0_732|BANKL5||||
V26|IOBD_0_720|BANKL5||||
V29|IOBD_0_708|BANKL5||||YES
V25|IOBD_0_696|BANKL5||||
V19|IOBD_0_684|BANKL5||||YES
W23|IOBD_0_672|BANKL5||||
U22|IOBD_0_660|BANKL5||||
V21|IOBD_0_648|BANKL5||||
U24|IOBD_0_636|BANKL5||||
W21|IOBD_0_624|BANKL5||||
R19|IOBS_0_912|BANKL5||||
R25|IOBS_0_900|BANKL5||||
R21|IOBS_0_888|BANKL5||||
R24|IOBS_0_876|BANKL5||||
T21|IOBS_0_864|BANKL5||||
T23|IOBS_0_852|BANKL5||||
U20|IOBS_0_840|BANKL5||||
R29|IOBS_0_828|BANKL5||||
P28|IOBS_0_816|BANKL5||||
T30|IOBS_0_804|BANKL5||||
R26|IOBS_0_792|BANKL5||||
T28|IOBS_0_780|BANKL5||||
T27|IOBS_0_768|BANKL5||||
U28|IOBS_0_750|BANKL5||||
U25|IOBS_0_738|BANKL5||||
U30|IOBS_0_726|BANKL5||||
V27|IOBS_0_714|BANKL5||||
V30|IOBS_0_702|BANKL5||||
W26|IOBS_0_690|BANKL5||||
V20|IOBS_0_678|BANKL5||||
W24|IOBS_0_666|BANKL5||||
U23|IOBS_0_654|BANKL5||||
V22|IOBS_0_642|BANKL5||||
V24|IOBS_0_630|BANKL5||||
W22|IOBS_0_618|BANKL5||||
W19|IOBS_0_612|BANKL5||||
Y26|IOBD_0_600|BANKL6||||
W27|IOBD_0_588|BANKL6||||
Y28|IOBD_0_576|BANKL6||||
W29|IOBD_0_564|BANKL6||||
AA27|IOBD_0_552|BANKL6||||
AA25|IOBD_0_540|BANKL6||||
AC29|IOBD_0_528|BANKL6||||
Y30|IOBD_0_516|BANKL6||||
AD29|IOBD_0_504|BANKL6||||
AB29|IOBD_0_492|BANKL6||||
AD27|IOBD_0_480|BANKL6||||
AB27|IOBD_0_468|BANKL6||||
AG29|IOBD_0_450|BANKL6||||
AE28|IOBD_0_438|BANKL6||||
AK29|IOBD_0_426|BANKL6||||
AE30|IOBD_0_414|BANKL6||||
AJ28|IOBD_0_402|BANKL6||||
AG30|IOBD_0_390|BANKL6||||
AC26|IOBD_0_378|BANKL6||||
AJ27|IOBD_0_366|BANKL6||||
AG27|IOBD_0_354|BANKL6||||
AH26|IOBD_0_342|BANKL6||||
AF26|IOBD_0_330|BANKL6||||
AJ26|IOBD_0_318|BANKL6||||
Y25|IOBS_0_606|BANKL6||||
AA26|IOBS_0_594|BANKL6||||
W28|IOBS_0_582|BANKL6||||
AA28|IOBS_0_570|BANKL6||||
Y29|IOBS_0_558|BANKL6||||
AB28|IOBS_0_546|BANKL6||||
AB25|IOBS_0_534|BANKL6||||
AC30|IOBS_0_522|BANKL6||||
AA30|IOBS_0_510|BANKL6||||
AE29|IOBS_0_498|BANKL6||||
AB30|IOBS_0_486|BANKL6||||
AD28|IOBS_0_474|BANKL6||||
AC27|IOBS_0_462|BANKL6||||
AH29|IOBS_0_444|BANKL6||||
AF28|IOBS_0_432|BANKL6||||
AK30|IOBS_0_420|BANKL6||||
AF30|IOBS_0_408|BANKL6||||
AJ29|IOBS_0_396|BANKL6||||
AH30|IOBS_0_384|BANKL6||||
AD26|IOBS_0_372|BANKL6||||
AK28|IOBS_0_360|BANKL6||||
AG28|IOBS_0_348|BANKL6||||
AH27|IOBS_0_336|BANKL6||||
AF27|IOBS_0_324|BANKL6||||
AK26|IOBS_0_312|BANKL6||||
AE26|IOBS_0_306|BANKL6||||
Y23|IOBD_0_294|BANKL7||||
Y21|IOBD_0_282|BANKL7||||
AB22|IOBD_0_270|BANKL7||||
AA22|IOBD_0_258|BANKL7||||
AC20|IOBD_0_246|BANKL7||||
AA20|IOBD_0_234|BANKL7||||
AB24|IOBD_0_222|BANKL7||||
AC22|IOBD_0_210|BANKL7||||
AC24|IOBD_0_198|BANKL7||||
AD21|IOBD_0_186|BANKL7||||
AE23|IOBD_0_174|BANKL7||||
AD23|IOBD_0_162|BANKL7||||
AF22|IOBD_0_144|BANKL7||||
AG24|IOBD_0_132|BANKL7||||
AJ24|IOBD_0_120|BANKL7||||
AE25|IOBD_0_108|BANKL7||||
AK23|IOBD_0_96|BANKL7||||
AG25|IOBD_0_84|BANKL7||||
AF20|IOBD_0_72|BANKL7||||
AG22|IOBD_0_60|BANKL7||||
AJ22|IOBD_0_48|BANKL7||||
AG20|IOBD_0_36|BANKL7||||
AH21|IOBD_0_24|BANKL7||||
AK20|IOBD_0_12|BANKL7||||
Y20|IOBS_0_300|BANKL7||||
Y24|IOBS_0_288|BANKL7||||
AA21|IOBS_0_276|BANKL7||||
AB23|IOBS_0_264|BANKL7||||
AA23|IOBS_0_252|BANKL7||||
AC21|IOBS_0_240|BANKL7||||
AB20|IOBS_0_228|BANKL7||||
AC25|IOBS_0_216|BANKL7||||
AD22|IOBS_0_204|BANKL7||||
AD24|IOBS_0_192|BANKL7||||
AE21|IOBS_0_180|BANKL7||||
AF23|IOBS_0_168|BANKL7||||
AE24|IOBS_0_156|BANKL7||||
AG23|IOBS_0_138|BANKL7||||
AH24|IOBS_0_126|BANKL7||||
AK25|IOBS_0_114|BANKL7||||
AF25|IOBS_0_102|BANKL7||||
AK24|IOBS_0_90|BANKL7||||
AH25|IOBS_0_78|BANKL7||||
AF21|IOBS_0_66|BANKL7||||
AH22|IOBS_0_54|BANKL7||||
AJ23|IOBS_0_42|BANKL7||||
AH20|IOBS_0_30|BANKL7||||
AJ21|IOBS_0_18|BANKL7||||
AK21|IOBS_0_6|BANKL7||||YES
AE20|IOBS_0_0|BANKL7||||
AC6|IOBSHP_672_768|BANKR5||||
AB7|IOBSHP_672_756|BANKR5||||
AD4|IOBDHP_672_912|BANKR5||||
AD3|IOBSHP_672_906|BANKR5||||
AC2|IOBDHP_672_900|BANKR5||||
AC1|IOBSHP_672_894|BANKR5||||
AD2|IOBDHP_672_888|BANKR5||||
AD1|IOBSHP_672_882|BANKR5||||
AC5|IOBDHP_672_876|BANKR5||||
AC4|IOBSHP_672_870|BANKR5||||
AD6|IOBDHP_672_864|BANKR5||||
AE6|IOBSHP_672_858|BANKR5||||
AC7|IOBDHP_672_852|BANKR5||||
AD7|IOBSHP_672_846|BANKR5||||
AF3|IOBDHP_672_840|BANKR5||||
AF2|IOBSHP_672_834|BANKR5||||
AE1|IOBDHP_672_828|BANKR5||||
AF1|IOBSHP_672_822|BANKR5||||
AG4|IOBDHP_672_816|BANKR5||||
AG3|IOBSHP_672_810|BANKR5||||
AE4|IOBDHP_672_804|BANKR5||||
AE3|IOBSHP_672_798|BANKR5||||
AE5|IOBDHP_672_792|BANKR5||||
AF5|IOBSHP_672_786|BANKR5||||
AF6|IOBDHP_672_780|BANKR5||||
AG5|IOBSHP_672_774|BANKR5||||
AH4|IOBDHP_672_750|BANKR5||||
AJ4|IOBSHP_672_744|BANKR5||||
AH6|IOBDHP_672_738|BANKR5||||
AH5|IOBSHP_672_732|BANKR5||||
AG2|IOBDHP_672_726|BANKR5||||
AH1|IOBSHP_672_720|BANKR5||||
AH2|IOBDHP_672_714|BANKR5||||
AJ2|IOBSHP_672_708|BANKR5||||
AJ1|IOBDHP_672_702|BANKR5||||
AK1|IOBSHP_672_696|BANKR5||||
AJ3|IOBDHP_672_690|BANKR5||||
AK3|IOBSHP_672_684|BANKR5||||
AF8|IOBDHP_672_678|BANKR5||||
AG8|IOBSHP_672_672|BANKR5||||
AF7|IOBDHP_672_666|BANKR5||||
AG7|IOBSHP_672_660|BANKR5||||
AH7|IOBDHP_672_654|BANKR5||||
AJ7|IOBSHP_672_648|BANKR5||||
AJ6|IOBDHP_672_642|BANKR5||||
AK6|IOBSHP_672_636|BANKR5||||
AJ8|IOBDHP_672_630|BANKR5||||
AK8|IOBSHP_672_624|BANKR5||||
AK5|IOBDHP_672_618|BANKR5||||
AK4|IOBSHP_672_612|BANKR5||||
Y13|IOBSHP_672_462|BANKR6||||
AD13|IOBSHP_672_450|BANKR6||||
AA12|IOBDHP_672_606|BANKR6||||
AB12|IOBSHP_672_600|BANKR6||||
AA8|IOBDHP_672_594|BANKR6||||
AB8|IOBSHP_672_588|BANKR6||||
AB9|IOBDHP_672_582|BANKR6||||
AC9|IOBSHP_672_576|BANKR6||||
Y11|IOBDHP_672_570|BANKR6||||
Y10|IOBSHP_672_564|BANKR6||||
AA11|IOBDHP_672_558|BANKR6||||
AA10|IOBSHP_672_552|BANKR6||||
AA13|IOBDHP_672_546|BANKR6||||
AB13|IOBSHP_672_540|BANKR6||||
AB10|IOBDHP_672_534|BANKR6||||
AC10|IOBSHP_672_528|BANKR6||||
AD8|IOBDHP_672_522|BANKR6||||
AE8|IOBSHP_672_516|BANKR6||||
AC12|IOBDHP_672_510|BANKR6||||
AC11|IOBSHP_672_504|BANKR6||||
AD9|IOBDHP_672_498|BANKR6||||
AE9|IOBSHP_672_492|BANKR6||||
AE11|IOBDHP_672_486|BANKR6||||
AF11|IOBSHP_672_480|BANKR6||||
AD12|IOBDHP_672_474|BANKR6||||
AD11|IOBSHP_672_468|BANKR6||||
AG10|IOBDHP_672_444|BANKR6||||
AH10|IOBSHP_672_438|BANKR6||||
AE10|IOBDHP_672_432|BANKR6||||
AF10|IOBSHP_672_426|BANKR6||||
AJ9|IOBDHP_672_420|BANKR6||||
AK9|IOBSHP_672_414|BANKR6||||
AG9|IOBDHP_672_408|BANKR6||||
AH9|IOBSHP_672_402|BANKR6||||
AK11|IOBDHP_672_396|BANKR6||||
AK10|IOBSHP_672_390|BANKR6||||
AH11|IOBDHP_672_384|BANKR6||||
AJ11|IOBSHP_672_378|BANKR6||||
AE13|IOBDHP_672_372|BANKR6||||
AF13|IOBSHP_672_366|BANKR6||||
AK14|IOBDHP_672_360|BANKR6||||
AK13|IOBSHP_672_354|BANKR6||||
AH14|IOBDHP_672_348|BANKR6||||
AJ14|IOBSHP_672_342|BANKR6||||
AJ13|IOBDHP_672_336|BANKR6||||
AJ12|IOBSHP_672_330|BANKR6||||
AF12|IOBDHP_672_324|BANKR6||||
AG12|IOBSHP_672_318|BANKR6||||
AG13|IOBDHP_672_312|BANKR6||||
AH12|IOBSHP_672_306|BANKR6||||
Y14|IOBSHP_672_156|BANKR7||||
AB14|IOBSHP_672_144|BANKR7||||
AK16|IOBDHP_672_300|BANKR7||||
AK15|IOBSHP_672_294|BANKR7||||
AG15|IOBDHP_672_288|BANKR7||||
AH15|IOBSHP_672_282|BANKR7||||
AH16|IOBDHP_672_276|BANKR7||||
AJ16|IOBSHP_672_270|BANKR7||||
AF15|IOBDHP_672_264|BANKR7||||
AG14|IOBSHP_672_258|BANKR7||||
AH17|IOBDHP_672_252|BANKR7||||
AJ17|IOBSHP_672_246|BANKR7||||
AE16|IOBDHP_672_240|BANKR7||||
AF16|IOBSHP_672_234|BANKR7||||
AJ19|IOBDHP_672_228|BANKR7||||
AK19|IOBSHP_672_222|BANKR7||||
AG19|IOBDHP_672_216|BANKR7||||
AH19|IOBSHP_672_210|BANKR7||||
AJ18|IOBDHP_672_204|BANKR7||||
AK18|IOBSHP_672_198|BANKR7||||
AD19|IOBDHP_672_192|BANKR7||||
AE19|IOBSHP_672_186|BANKR7||||
AF18|IOBDHP_672_180|BANKR7||||
AG18|IOBSHP_672_174|BANKR7||||
AF17|IOBDHP_672_168|BANKR7||||
AG17|IOBSHP_672_162|BANKR7||||
AD18|IOBDHP_672_138|BANKR7||||
AE18|IOBSHP_672_132|BANKR7||||
AD17|IOBDHP_672_126|BANKR7||||
AD16|IOBSHP_672_120|BANKR7||||
Y19|IOBDHP_672_114|BANKR7||||
Y18|IOBSHP_672_108|BANKR7||||
AA18|IOBDHP_672_102|BANKR7||||
AB18|IOBSHP_672_96|BANKR7||||
AB19|IOBDHP_672_90|BANKR7||||
AC19|IOBSHP_672_84|BANKR7||||
AB17|IOBDHP_672_78|BANKR7||||
AC17|IOBSHP_672_72|BANKR7||||
AE15|IOBDHP_672_66|BANKR7||||
AE14|IOBSHP_672_60|BANKR7||||
AA15|IOBDHP_672_54|BANKR7||||
AB15|IOBSHP_672_48|BANKR7||||
AC16|IOBDHP_672_42|BANKR7||||
AC15|IOBSHP_672_36|BANKR7||||
AC14|IOBDHP_672_30|BANKR7||||
AD14|IOBSHP_672_24|BANKR7||||
AA17|IOBDHP_672_18|BANKR7||||
AA16|IOBSHP_672_12|BANKR7||||
Y16|IOBDHP_672_6|BANKR7||||
Y15|IOBSHP_672_0|BANKR7||||
