#Build: Fabric Compiler 2023.2-SP1, Build 147282, Jun 03 13:26 2024
#Install: D:\Pango\PDS_2023.2-SP1\bin
#Application name: pds_shell.exe
#OS: Windows 11 10.0.22631
#Hostname: WORK_BOIKOV
Generated by Fabric Compiler (version 2023.2-SP1 build 147282) at Mon Jun 10 17:52:49 2024
Compiling verification operator library.
Compiling common defs.
Compiling prim grid devices.
Compiling place grid timing.
Compiling gate devices.
Compiling gate operators.
Building architecture model.
Loading device packaging model.
Building architecture floorplan logic view.
route strategy configuration : 
strategy name : 0
Elaborate the liberty model.

Routing started.
Enter timing driven router mode.
Route thread size: 7
Building routing graph takes 8.17 sec.
Enable Recovery Analysis in Routing
Init coarse delay table.
Read place coarse delay table takes 0.64 sec.
Build SRB system takes 0.86 sec.
Setup STE netlist take 4643 msec.
Slack Weight : 90
CE/RS signal series limit : 500
Dispose control chain take 93 msec.
Collect const net info take 164 msec.
Total nets for routing: 10123.
Total loads for routing: 36561.
Direct connect net size: 1026
Build all design net take 282 msec.
Processing design graph takes 5.18 sec.
Delay table total memory: 114.82270813 MB
Route graph total memory: 410.82122326 MB
Route design total memory: 16.06290436 MB
Global routing takes 0.00 sec.
Pin Cost Increasing Speed 300
Total 10121 subnets.
Unrouted clock nets at iteration 0 (0.429 sec): 10
Unrouted clock nets at iteration 1 (0.165 sec): 5
Unrouted clock nets at iteration 2 (0.056 sec): 4
Unrouted clock nets at iteration 3 (0.033 sec): 4
Unrouted clock nets at iteration 4 (0.032 sec): 4
Unrouted clock nets at iteration 5 (0.035 sec): 4
Unrouted clock nets at iteration 6 (0.014 sec): 3
Unrouted clock nets at iteration 7 (0.006 sec): 3
Unrouted clock nets at iteration 8 (0.010 sec): 3
Unrouted clock nets at iteration 9 (0.004 sec): 3
Unrouted clock nets at iteration 10 (0.005 sec): 3
Unrouted clock nets at iteration 11 (0.020 sec): 3
Unrouted clock nets at iteration 12 (0.008 sec): 0
Total route nets size: 10105
Worst slack is 2559, TNS before route is 0.
I: Write file layers.txt end
Pre route takes 1.212 sec
Unrouted general nets at iteration 14 (MT total route time: 0.744 sec): 7966(overused: 35872)
Unrouted general nets at iteration 15 (MT total route time: 0.663 sec): 4045(overused: 11761)
Unrouted general nets at iteration 16 (MT total route time: 0.347 sec): 1495(overused: 3008)
Unrouted general nets at iteration 17 (MT total route time: 0.208 sec): 364(overused: 573)
Unrouted general nets at iteration 18 (MT total route time: 0.154 sec): 90(overused: 120)
Unrouted general nets at iteration 19 (MT total route time: 0.446 sec): 20(overused: 22)
Unrouted general nets at iteration 20 (MT total route time: 0.220 sec): 8(overused: 8)
Unrouted general nets at iteration 21 (MT total route time: 0.300 sec): 6(overused: 6)
Unrouted general nets at iteration 22 (MT total route time: 0.348 sec): 0(overused: 0)
----General net take 0.012 sec(route net take 0.000 sec, inc cost take 0.006 sec, iter times: 1)
----const net route take 0.027 sec
Unrouted nets at iteration 23 (0.040 sec): 0
Detailed routing takes 5.60 sec.
I: Design net ntclkbufg_1 is routed by general path.
C: Route-2036: The clock path from clkbufg_4/gopclkbufg:CLKOUT to u_CORES/u_debug_core_0/u0_trig_unit/conf_reg[253]/opit_0_inv_L6Q_LUT6DQL5Q:CLK is routed by SRB.
I: Design net u_CORES/capt_o is routed by general path.
C: Route-2036: The clock path from u_CORES/u_GTP_SCANCHAIN_PG/scanchain:CAPTUREDR to u_CORES/u_debug_core_0/u_hub_data_decode/newconfini.conf_id_ini[2]/opit_0_inv:CLK is routed by SRB.
I: Design net u_CORES/drck_o is routed by general path.
C: Route-2036: The clock path from u_CORES/u_GTP_SCANCHAIN_PG/scanchain:TCK1 to clkbufg_4/gopclkbufg:CLK is routed by SRB.
Sort Original Nets take 0.004 sec
Build solution node for device pins which were mapped to more than one design pin take 0.007 sec
Check HPIO div result take 0.000 sec
Total net: 10123, route succeed net: 10123
Generate routing result take 0.013 sec
Handle PERMUX permutation take 0.215 sec
Handle const net take 0.014 sec
Handle route through take 0.008 sec
Handle loads' routing node take 0.046 sec
Used SRB routing arc is 69940.
Finish routing takes 0.38 sec.
Total routing takes 19.74 sec.


Device Utilization Summary :
+------------------------------------------------------------------------------+
| Logic Utilization           | Used     | Available     | Utilization(%)     
+------------------------------------------------------------------------------+
| Use of ADC                  | 0        | 1             | 0                  
| Use of ANALOG               | 0        | 1             | 0                  
| Use of APM                  | 0        | 840           | 0                  
| Use of BKCL                 | 4        | 7             | 58                 
| Use of BKCLHP               | 0        | 3             | 0                  
| Use of CCS                  | 1        | 1             | 100                
| Use of CLMA                 | 1517     | 42050         | 4                  
|   FF                        | 6411     | 336400        | 2                  
|   LUT                       | 3286     | 168200        | 2                  
|   LUT-FF pairs              | 2208     | 168200        | 2                  
|   LUT-CONST                 | 395      | 168200        | 1                  
| Use of CLMS                 | 555      | 18850         | 3                  
|   FF                        | 2602     | 150800        | 2                  
|   LUT                       | 1289     | 75400         | 2                  
|   LUT-FF pairs              | 914      | 75400         | 2                  
|   LUT-CONST                 | 83       | 75400         | 1                  
|   Distributed RAM           | 8        | 75400         | 1                  
| Use of DDRPHY_CPD           | 0        | 17            | 0                  
| Use of DDRPHY_CPD_HP        | 0        | 3             | 0                  
| Use of DDRPHY_IOCLK_DIV     | 0        | 10            | 0                  
| Use of DDR_PHY              | 0        | 28            | 0                  
| Use of DDR_PHY_R            | 0        | 12            | 0                  
| Use of DRM                  | 8        | 480           | 2                  
| Use of GCLK_INBUF_SYN       | 0        | 40            | 0                  
| Use of GPLL                 | 2        | 10            | 20                 
| Use of GSEB                 | 0        | 746           | 0                  
| Use of HARD0                | 774      | 36600         | 3                  
| Use of HCKB                 | 11       | 168           | 7                  
|  HCKB dataused              | 5        | 168           | 3                  
|  HCKB-BYPASS                | 9        | 168           | 6                  
| Use of HSSTHP               | 1        | 4             | 25                 
|   HSST_LANE                 | 1        | 16            | 7                  
|   HSST_PLL                  | 1        | 4             | 25                 
| Use of HSSTHP_BUFDS         | 1        | 8             | 13                 
| Use of IO                   | 12       | 500           | 3                  
|   IOBD                      | 5        | 168           | 3                  
|   IOBDHP                    | 1        | 72            | 2                  
|   IOBS                      | 6        | 182           | 4                  
|   IOBSHP                    | 0        | 78            | 0                  
| Use of IOCKB                | 0        | 40            | 0                  
| Use of IOLHP                | 1        | 150           | 1                  
| Use of IOLHP_FIFO           | 1        | 12            | 9                  
|  IOLHP_FIFO-BYPASS          | 1        | 12            | 9                  
| Use of IOLHR                | 10       | 350           | 3                  
| Use of KEYRAM               | 0        | 1             | 0                  
| Use of MRCKB                | 0        | 20            | 0                  
| Use of PCIEGEN3             | 0        | 1             | 0                  
| Use of PPLL                 | 0        | 10            | 0                  
| Use of RCKB                 | 0        | 40            | 0                  
|  RCKB dataused              | 0        | 40            | 0                  
|  RCKB-BYPASS                | 0        | 40            | 0                  
| Use of RESCAL               | 0        | 3             | 0                  
| Use of SCANCHAIN            | 1        | 1             | 100                
| Use of SPAD                 | 2        | 16            | 13                 
| Use of TSERDES              | 0        | 56            | 0                  
| Use of USCM                 | 5        | 32            | 16                 
|  USCM dataused              | 5        | 32            | 16                 
|  USCM-BYPASS                | 1        | 32            | 4                  
+------------------------------------------------------------------------------+

Finished routing.
Design 'Main' has been routed successfully.
Saving design to DB.
Action route: Export DB successfully.
Action route: Real time elapsed is 0h:0m:37s
Action route: CPU time elapsed is 0h:0m:17s
Action route: Process CPU time elapsed is 0h:0m:19s
Action route: Peak memory pool usage is 3,097 MB

Current time: Mon Jun 10 17:53:25 2024
