#Build: Fabric Compiler 2023.2-SP1, Build 147282, Jun 03 13:26 2024
#Install: D:\Pango\PDS_2023.2-SP1\bin
#Application name: pds_shell.exe
#OS: Windows 11 10.0.22631
#Hostname: WORK_BOIKOV
Generated by Fabric Compiler (version 2023.2-SP1 build 147282) at Thu Jun 13 15:34:26 2024
Compiling verification operator library.
Compiling common defs.
Compiling prim grid devices.
Compiling place grid timing.
Compiling gate devices.
Compiling gate operators.
Building architecture model.
Loading device packaging model.
place strategy configuration : 
strategy name : 0
Building architecture floorplan logic view.
Constraint check start.
W: ConstraintEditor-4040: [G:/Current_Pango/TenGigTest/device_map/Main.pcf(line number: 4)] Port sfp_1_tx_dis has been placed at location V19, whose type is share pin.
W: ConstraintEditor-4040: [G:/Current_Pango/TenGigTest/device_map/Main.pcf(line number: 5)] Port txd has been placed at location P22, whose type is share pin.
W: ConstraintEditor-4040: [G:/Current_Pango/TenGigTest/device_map/Main.pcf(line number: 12)] Port rxd has been placed at location P21, whose type is share pin.
C: ConstraintEditor-2001: [G:/Current_Pango/TenGigTest/device_map/Main.pcf(line number: 13)] Object 'sfp_1_loss' is dangling, which has no connection. it will be ignored.
C: ConstraintEditor-2012: The U_HSSTHP_COMMON of HSSTHP_664_918 have a top priority when you constraints HSSTHP. Please check your constraint file.
W: ConstraintEditor-4019: Port 'sfp_1_rx_n' unspecified I/O constraint.
W: ConstraintEditor-4019: Port 'sfp_1_rx_p' unspecified I/O constraint.
W: ConstraintEditor-4019: Port 'sfp_1_tx_n' unspecified I/O constraint.
W: ConstraintEditor-4019: Port 'sfp_1_tx_p' unspecified I/O constraint.
Found 0 error(s), 2 critical warning(s), 7 warning(s), out of 13 constraint(s)
Constraint check end.
Total time(hh:mm:ss) of constraint check : 00:00:00
Elaborate the liberty model.
I: Column Clock Check open.
Read Column Clock Map.

Placement started.
Phase 1 Pre global placement started.
I: Write file layers.txt end
Placement Logic Optimization "Enable".
LUT6D Packing Strategy "3".
Collected 3855 lut, soft packing 1899.
Mapping instance GRS_INST/grs_ccs to CCS_87_622.
Mapping instance u_CORES/u_GTP_SCANCHAIN_PG/scanchain to SCANCHAIN_88_618.
Phase 1.1 Base clock placement started.
Mapping instance LinkMain/CLKBUFX_u1/clkbufc_inst to HCKB_357_2016.
Mapping instance LinkMain/CLKBUFX_u0/clkbufc_inst to HCKB_357_2017.
Mapping instance LinkMain/CLKBUFG_u/gopclkbufg to USCM_359_930.
Mapping instance Debug/u_gpll/gpll_inst to GPLL_7_769.
Mapping instance clkbufg_3/gopclkbufg to USCM_359_882.
Mapping instance Pll_50mhz/u_gpll/gpll_inst to GPLL_7_463.
Mapping instance clkbufg_4/gopclkbufg to USCM_359_885.
C: Place-2028: GLOBAL_CLOCK: the driver u_CORES/u_GTP_SCANCHAIN_PG/scanchain fixed at SCANCHAIN_88_618 is unreasonable. Sub-optimal placement for a clock source and a clock buffer.
Mapping instance clkbufg_5/gopclkbufg to USCM_359_888.
Base clock placement takes 0.03 sec.

Design Utilization : 3%.
Phase 1.2 1st GP placement started.
[GP] Placement Decongestion Mode 1.
[GP] Recovery Analysis in GP "Disable".
Init coarse delay table.
Read place coarse delay table takes 0.17 sec.
Build SRB system takes 0.95 sec.
[GP] Init timing API takes 7.57 sec.
[GP] Init GP graph takes 8.24 sec.
Device graph total memory: 124.67246056 MB
[GP] GP graph memory: 438.56183624 MB
[GP] Read position from netlist take 0 msec
[GP] Total node move: 1297112.60, average node move: 188.86
[GP] SA handle 1 clusters.
[GP] SA init_cost=887885.114286 final_cost=807168.285714 final_cost/init_cost=0.909091 occupied region_num=1
[GP] SA Optimize take time: 0.001000 sec.
[GP] MarginTNS=-8986245, TNS=-4054245, WNS=-1652
[GP] Place thread size: 4
[GP] Node size: 64490, net size: 10170
[GP] Design graph total memory: 230.98730087 MB
[GP] MarginTNS=-9118839, TNS=-4186839, WNS=-1747
[GP] Step 0 take 0.274 secs: WL=12253.86 OF=0.954840
[GP] MarginTNS=-11471716, TNS=-6539716, WNS=-4502
[GP] Step 1 take 1.085 secs: WL=18983.85 OF=0.910857
[GP] MarginTNS=-9598816, TNS=-4666816, WNS=-4129
[GP] Step 2 take 1.051 secs: WL=21804.20 OF=0.832203
[GP] MarginTNS=-9683013, TNS=-4751013, WNS=-4059
[GP] Step 3 take 1.058 secs: WL=22098.85 OF=0.785306
[GP] MarginTNS=-9752504, TNS=-4820504, WNS=-3899
[GP] Step 4 take 1.062 secs: WL=22301.71 OF=0.738864
[GP] MarginTNS=-9754833, TNS=-4822833, WNS=-3665
[GP] Step 5 take 1.058 secs: WL=22727.41 OF=0.701742
[GP] MarginTNS=-9756069, TNS=-4824069, WNS=-3569
[GP] Step 6 take 1.051 secs: WL=23994.53 OF=0.658523
[GP] MarginTNS=-9791636, TNS=-4859636, WNS=-3381
[GP] Step 7 take 1.066 secs: WL=25218.67 OF=0.618124
[GP] MarginTNS=-9812771, TNS=-4880771, WNS=-3338
[GP] Step 8 take 1.056 secs: WL=27114.89 OF=0.550069
[GP] MarginTNS=-9833440, TNS=-4901440, WNS=-3286
[GP] Step 9 take 1.050 secs: WL=28865.08 OF=0.484997
[GP] MarginTNS=-9821756, TNS=-4889756, WNS=-3185
[GP] Step 10 take 1.060 secs: WL=29678.08 OF=0.418881
[GP] MarginTNS=-9814808, TNS=-4882808, WNS=-3261
[GP] Step 11 take 1.080 secs: WL=30008.64 OF=0.351592
[GP] MarginTNS=-9818441, TNS=-4886441, WNS=-3105
[GP] Step 12 take 1.048 secs: WL=30284.09 OF=0.285154
[GP] MarginTNS=-9811811, TNS=-4879811, WNS=-2749
[GP] Step 13 take 1.058 secs: WL=30436.48 OF=0.225141
[GP] MarginTNS=-9797738, TNS=-4865738, WNS=-2360
[GP] Step 14 take 1.077 secs: WL=30482.28 OF=0.167076
[GP] MarginTNS=-9779403, TNS=-4847403, WNS=-2227
[GP] MarginTNS=-9786929, TNS=-4854929, WNS=-2227
[GP] Step 15 take 1.212 secs: WL=31210.87 OF=0.125501
[GP] MarginTNS=-9787210, TNS=-4855210, WNS=-2159
[GP] Step 16 take 0.866 secs: WL=31409.01 OF=0.100080
[GP] MarginTNS=-9787800, TNS=-4855800, WNS=-2183
[GP] Step 17 take 0.867 secs: WL=31705.39 OF=0.080210
[GP] Best WL=31813.345751 OF=0.076580, take 18.413000 secs.
[GP] MarginTNS=-9794120, TNS=-4862120, WNS=-2147
[GP] Total node move: 297264.73, average node move: 43.28
[GP] Placer use memory: 50.42090225 MB
[GP] GP graph memory: 452.78103256 MB
Wirelength after clock region global placement is 31577 and checksum is 2A16AADA626195F6.
1st GP placement takes 5.92 sec.

Wirelength after Pre Global Placement is 31577 and checksum is 2A16AADA626195F6.
Pre global placement takes 6.20 sec.

Phase 2 Global placement started.
Phase 2.1 Fixed placement started.
Placed fixed group with base inst Debug/u_buf1/opit_2 on IOLHR_16_1692.
Placed fixed group with base inst LinkMain/PHY_10G/U_GTP_HSSTHP_WRAPPER/REFCLK0_ENABLE.U_BUFDS_0/U_BUFDS/gatehsst_spadp on SPAD_663_1837.
Placed fixed group with base inst fan_obuf/opit_1 on IOLHR_16_6.
Placed fixed group with base inst fpga_rst_n_ibuf/opit_1 on IOLHR_16_786.
Placed fixed group with base inst i_clk_50_ibuf/opit_1 on IOLHR_16_774.
Placed fixed group with base inst rxd_ibuf/opit_1 on IOLHR_16_954.
Placed fixed group with base inst sfp_1_tx_dis_obuf/opit_1 on IOLHR_16_684.
Placed fixed group with base inst txd_obuf/opit_1 on IOLHR_16_948.
Placed fixed instance LinkMain/PHY_10G/U_GTP_HSSTHP_WRAPPER/CHANNEL0_ENABLE.U_LANE0_WRAP/U_LANE0/gatehsst_lane on HSSTHP_664_1836.
Placed fixed instance LinkMain/PHY_10G/U_GTP_HSSTHP_WRAPPER/HPLL_ENABLE.U_HPLL_WRAP/U_HPLL/gatehsst_hpll on HSSTHP_664_1836.
Placed fixed instance Debug/u_gpll/gpll_inst on GPLL_7_769.
Placed fixed instance GRS_INST/grs_ccs on CCS_87_622.
Placed fixed instance LinkMain/CLKBUFG_u/gopclkbufg on USCM_359_930.
Placed fixed instance LinkMain/CLKBUFX_u0/clkbufc_inst on HCKB_357_2017.
Placed fixed instance LinkMain/CLKBUFX_u1/clkbufc_inst on HCKB_357_2016.
Placed fixed instance Pll_50mhz/u_gpll/gpll_inst on GPLL_7_463.
Placed fixed instance clkbufg_3/gopclkbufg on USCM_359_882.
Placed fixed instance clkbufg_4/gopclkbufg on USCM_359_885.
Placed fixed instance clkbufg_5/gopclkbufg on USCM_359_888.
Placed fixed instance u_CORES/u_GTP_SCANCHAIN_PG/scanchain on SCANCHAIN_88_618.
Placed fixed instance BKCL_auto_0 on BKCL_1_1564.
Placed fixed instance BKCL_auto_1 on BKCL_1_952.
Placed fixed instance BKCL_auto_2 on BKCL_1_646.
Placed fixed instance BKCL_auto_3 on BKCL_1_34.
Fixed placement takes 0.00 sec.

Phase 2.2 Process placement started.
DRC Placement Start.
DRC final successful.
DRC Placement Process takes 0.00 sec.
DRC Placement End.
DRCP end, takes 0.004 secs.
Process placement takes 0.05 sec.

Phase 2.3 IO placement started.
The average distance in IO place is 0.000000.
IO placement takes 0.00 sec.

Phase 2.4 Post Process placement started.
Post Process placement takes 0.00 sec.

Planning Before Place "Enable".
PBM start.
First map gop timing takes 0.00 sec
PBM of GP end, takes 0.02 sec.
Design Utilization : 3%.
Phase 2.5 2nd GP placement started.
Wirelength before global placement is 31577 and checksum is 701AE57B9F9E0325.
[GP] Init timing API takes 0.00 sec.
[GP] Init GP graph takes 0.41 sec.
Device graph total memory: 124.67246056 MB
[GP] GP graph memory: 447.45647812 MB
[GP] Read position from netlist take 0 msec
[GP] Total node move: 274492.74, average node move: 39.97
[GP] MarginTNS=-9941914, TNS=-5009914, WNS=-2203
[GP] Place thread size: 4
[GP] Node size: 64490, net size: 10180
[GP] Design graph total memory: 239.88194275 MB
[GP] MarginTNS=-9153653, TNS=-4221653, WNS=-1652
[GP] Step 0 take 0.273 secs: WL=12472.22 OF=0.945021
[GP] MarginTNS=-9262128, TNS=-4330128, WNS=-3630
[GP] Step 1 take 1.050 secs: WL=17481.59 OF=0.924402
[GP] MarginTNS=-9370887, TNS=-4438887, WNS=-4873
[GP] Step 2 take 1.085 secs: WL=21262.99 OF=0.881293
[GP] MarginTNS=-9491935, TNS=-4559935, WNS=-4696
[GP] Step 3 take 1.076 secs: WL=22892.62 OF=0.833547
[GP] MarginTNS=-9587249, TNS=-4655249, WNS=-4532
[GP] Step 4 take 1.089 secs: WL=24068.47 OF=0.776191
[GP] MarginTNS=-9680351, TNS=-4748351, WNS=-4418
[GP] Step 5 take 1.080 secs: WL=25185.43 OF=0.717080
[GP] MarginTNS=-9741093, TNS=-4809093, WNS=-4060
[GP] Step 6 take 1.067 secs: WL=26346.03 OF=0.657658
[GP] MarginTNS=-9780133, TNS=-4848133, WNS=-4103
[GP] Step 7 take 1.050 secs: WL=28761.66 OF=0.591025
[GP] MarginTNS=-9825476, TNS=-4893476, WNS=-4012
[GP] Step 8 take 1.068 secs: WL=30331.67 OF=0.527024
[GP] MarginTNS=-9762713, TNS=-4830713, WNS=-3857
[GP] Step 9 take 1.057 secs: WL=30850.63 OF=0.478313
[GP] MarginTNS=-9750556, TNS=-4818556, WNS=-3604
[GP] Step 10 take 1.077 secs: WL=31833.20 OF=0.413184
[GP] MarginTNS=-9747043, TNS=-4815043, WNS=-3216
[GP] Step 11 take 1.096 secs: WL=31979.34 OF=0.344567
[GP] MarginTNS=-9760697, TNS=-4828697, WNS=-2782
[GP] Step 12 take 1.077 secs: WL=32586.88 OF=0.280653
[GP] MarginTNS=-9786491, TNS=-4854491, WNS=-2395
[GP] Step 13 take 1.098 secs: WL=33259.14 OF=0.217147
[GP] MarginTNS=-9816418, TNS=-4884418, WNS=-2175
[GP] Step 14 take 1.077 secs: WL=33981.74 OF=0.164198
[GP] MarginTNS=-9820263, TNS=-4888263, WNS=-2099
[GP] MarginTNS=-9840558, TNS=-4908558, WNS=-2099
[GP] Step 15 take 1.213 secs: WL=35242.08 OF=0.119573
[GP] MarginTNS=-9843221, TNS=-4911221, WNS=-2033
[GP] Step 16 take 0.898 secs: WL=35289.20 OF=0.096590
[GP] MarginTNS=-9846561, TNS=-4914561, WNS=-2033
[GP] Step 17 take 0.868 secs: WL=35394.17 OF=0.077097
[GP] Best WL=35387.674784 OF=0.076100, take 18.490000 secs.
[GP] MarginTNS=-9847001, TNS=-4915001, WNS=-2033
[GP] Total node move: 73281.93, average node move: 10.67
[GP] Placer use memory: 50.81915665 MB
[GP] GP graph memory: 453.83186913 MB
2nd GP placement takes 7.09 sec.

Wirelength after global placement is 35290 and checksum is 41BCD8D17372AAA.
Global placement takes 7.19 sec.

Phase 3 Post global placement started.
Phase 3.1 Macro cell placement started.
Early Place Macro "Global".
Auto Dispose Macro Object "Enable".
Wirelength after macro cell placement is 35290 and checksum is 490701372F8569F9.
Macro cell placement takes 0.03 sec.

PBM start.
PBM of PostGP end, takes 0.00 sec.
Design Utilization : 3%.
Phase 3.2 3rd GP placement started.
Wirelength before post global placement is 35290 and checksum is 490701372F8569F9.
[GP] Init timing API takes 0.00 sec.
[GP] Init GP graph takes 0.41 sec.
Device graph total memory: 124.67246056 MB
[GP] GP graph memory: 447.62867546 MB
[GP] Read position from netlist take 0 msec
[GP] Place thread size: 4
[GP] Node size: 64475, net size: 10190
[GP] Design graph total memory: 240.16858101 MB
[GP] MarginTNS=-9847001, TNS=-4915001, WNS=-2033
[GP] Step 0 take 0.373 secs: WL=35704.90 OF=0.084807
[GP] MarginTNS=-9844743, TNS=-4912743, WNS=-1902
[GP] Step 1 take 0.887 secs: WL=34479.16 OF=0.113600
[GP] MarginTNS=-9865162, TNS=-4933162, WNS=-2006
[GP] Step 2 take 0.888 secs: WL=34715.71 OF=0.089822
[GP] Best WL=34762.940826 OF=0.082989, take 2.408000 secs.
[GP] MarginTNS=-9862236, TNS=-4930236, WNS=-2091
[GP] Total node move: 4016.26, average node move: 0.59
[GP] Placer use memory: 46.00696945 MB
[GP] GP graph memory: 454.04218292 MB
3rd GP placement takes 0.95 sec.

Wirelength after post global placement is 34817 and checksum is 84C5686B9C91FA59.
I: Soft packing 1927 LUT6D, real packing 1908(98.99%) LUT6D.
The total number of packing LUT6D is 1908.
Worst slack after packing LUT6D is -1840.
Wirelength after packing LUT6D is 34833 and checksum is 3E72C17A73573DA1.
Packing LUT6D takes 0.05 sec.
Post global placement takes 1.06 sec.

Optimize timing started.
Start lp timing optimize, WNS: -1840, TNS: -4022192.
  Timing opt iter 0, WNS: -1658, TNS: -4065081.
  Timing opt iter 1, WNS: -1652, TNS: -4100084.
  Timing opt iter 2, WNS: -1840, TNS: -4022192.
  Timing opt iter 3, WNS: -1653, TNS: -4066042.
  Timing opt iter 4, WNS: -1652, TNS: -4098895.
  Timing opt iter 5, WNS: -1840, TNS: -4022192.
  Timing opt iter 6, WNS: -1653, TNS: -4066042.
  Timing opt iter 7, WNS: -1652, TNS: -4098895.
  Timing opt iter 8, WNS: -1840, TNS: -4022192.
  Timing opt iter 9, WNS: -1653, TNS: -4066042.
  Timing opt iter 10, WNS: -1652, TNS: -4098895.
  Timing opt iter 11, WNS: -1840, TNS: -4022192.
  Timing opt iter 12, WNS: -1653, TNS: -4066042.
  Timing opt iter 13, WNS: -1652, TNS: -4098895.
  Timing opt iter 14, WNS: -1840, TNS: -4022192.
  Timing opt iter 15, WNS: -1653, TNS: -4066042.
  Timing opt iter 16, WNS: -1652, TNS: -4098895.
  Timing opt iter 17, WNS: -1840, TNS: -4022192.
  Timing opt iter 18, WNS: -1653, TNS: -4066042.
  Timing opt iter 19, WNS: -1652, TNS: -4098895.
End lp timing optimize, WNS: -1840, TNS: -4022192.
Timing driven place optimize takes 0.52 sec.
Wirelength after timing drive place optimize is 34833 and checksum is 3E72C17A73573DA1.
Phase 4 Legalization started.
The average distance in LP is 0.309994.
Wirelength after legalization is 38492 and checksum is 3DEDD37F260E21FB.
Legalization takes 0.08 sec.

Phase 5 Timing-driven detailed placement started.
Phase 5.1 Replication placement started.
Design Cells Duplication "Enable".
Recovery Analysis in RP "Disable".
Worst slack before Replication Place is -1908, TNS before Replication Place is -4035184. 
Replication placement takes 0.03 sec.

Wirelength after replication placement is 38492 and checksum is 3DEDD37F260E21FB.
Recovery Analysis in DP "Disable".
RefinePlacement Mode "Swap".
Phase 5.2 Swapping placement started.
Worst slack before detailed placement is -1908, TNS before detailed placement is -4035184. 
RefinePlacement Iteration "20".
    Cost at Swap iteration  0:    wslk  -1848,    tns   -4055849,    takes    0.03 sec.
    Cost at DP   iteration  0:    wslk  -1660,    tns   -4096575,    takes    0.06 sec.
    Cost at Swap iteration  1:    wslk  -1660,    tns   -4101321,    takes    0.02 sec.
    Cost at Swap iteration  2:    wslk  -1660,    tns   -4103786,    takes    0.17 sec.
    Cost at DP   iteration  2:    wslk  -1660,    tns   -4147491,    takes    0.52 sec.
    Cost at Swap iteration  3:    wslk  -1660,    tns   -4148586,    takes    0.03 sec.
Worst slack after detailed placement is -1660, TNS after detailed placement is -4148586. 
Swapping placement takes 0.83 sec.

Wirelength after detailed placement is 46309 and checksum is 63D432CF31B92179.
Timing-driven detailed placement takes 0.86 sec.

Worst slack is -1621, TNS after placement is -4051842.

Congestion analysis started.
Congestion analysis takes 0.03 sec.



Device Utilization Summary :
+------------------------------------------------------------------------------+
| Logic Utilization           | Used     | Available     | Utilization(%)     
+------------------------------------------------------------------------------+
| Use of ADC                  | 0        | 1             | 0                  
| Use of ANALOG               | 0        | 1             | 0                  
| Use of APM                  | 0        | 840           | 0                  
| Use of BKCL                 | 4        | 7             | 58                 
| Use of BKCLHP               | 0        | 3             | 0                  
| Use of CCS                  | 1        | 1             | 100                
| Use of CLMA                 | 1476     | 42050         | 4                  
|   FF                        | 6319     | 336400        | 2                  
|   LUT                       | 3305     | 168200        | 2                  
|   LUT-FF pairs              | 2104     | 168200        | 2                  
|   LUT-CONST                 | 0        | 168200        | 0                  
| Use of CLMS                 | 578      | 18850         | 4                  
|   FF                        | 2486     | 150800        | 2                  
|   LUT                       | 1256     | 75400         | 2                  
|   LUT-FF pairs              | 820      | 75400         | 2                  
|   LUT-CONST                 | 0        | 75400         | 0                  
|   Distributed RAM           | 10       | 75400         | 1                  
| Use of DDRPHY_CPD           | 0        | 17            | 0                  
| Use of DDRPHY_CPD_HP        | 0        | 3             | 0                  
| Use of DDRPHY_IOCLK_DIV     | 0        | 10            | 0                  
| Use of DDR_PHY              | 0        | 28            | 0                  
| Use of DDR_PHY_R            | 0        | 12            | 0                  
| Use of DRM                  | 7        | 480           | 2                  
| Use of GCLK_INBUF_SYN       | 0        | 40            | 0                  
| Use of GPLL                 | 2        | 10            | 20                 
| Use of GSEB                 | 0        | 746           | 0                  
| Use of HARD0                | 0        | 36600         | 0                  
| Use of HCKB                 | 2        | 168           | 2                  
|  HCKB dataused              | 1        | 168           | 1                  
|  HCKB-BYPASS                | 0        | 168           | 0                  
| Use of HSSTHP               | 1        | 4             | 25                 
|   HSST_LANE                 | 1        | 16            | 7                  
|   HSST_PLL                  | 1        | 4             | 25                 
| Use of HSSTHP_BUFDS         | 1        | 8             | 13                 
| Use of IO                   | 8        | 500           | 2                  
|   IOBD                      | 5        | 168           | 3                  
|   IOBDHP                    | 0        | 72            | 0                  
|   IOBS                      | 3        | 182           | 2                  
|   IOBSHP                    | 0        | 78            | 0                  
| Use of IOCKB                | 0        | 40            | 0                  
| Use of IOLHP                | 0        | 150           | 0                  
| Use of IOLHP_FIFO           | 0        | 12            | 0                  
|  IOLHP_FIFO-BYPASS          | 0        | 12            | 0                  
| Use of IOLHR                | 7        | 350           | 2                  
| Use of KEYRAM               | 0        | 1             | 0                  
| Use of MRCKB                | 0        | 20            | 0                  
| Use of PCIEGEN3             | 0        | 1             | 0                  
| Use of PPLL                 | 0        | 10            | 0                  
| Use of RCKB                 | 0        | 40            | 0                  
|  RCKB dataused              | 0        | 40            | 0                  
|  RCKB-BYPASS                | 0        | 40            | 0                  
| Use of RESCAL               | 0        | 3             | 0                  
| Use of SCANCHAIN            | 1        | 1             | 100                
| Use of SPAD                 | 2        | 16            | 13                 
| Use of TSERDES              | 0        | 56            | 0                  
| Use of USCM                 | 4        | 32            | 13                 
|  USCM dataused              | 0        | 32            | 0                  
|  USCM-BYPASS                | 0        | 32            | 0                  
+------------------------------------------------------------------------------+

Action place: Export DB successfully.
Placement done.
Total placement takes 16.14 sec.
Finished placement.
Design 'Main' has been placed successfully.
Action place: Real time elapsed is 0h:1m:30s
Action place: CPU time elapsed is 0h:0m:18s
Action place: Process CPU time elapsed is 0h:0m:43s
Action place: Peak memory pool usage is 3,205 MB

Current time: Thu Jun 13 15:35:55 2024
