#Build: Fabric Compiler 2023.2-SP1, Build 147282, Jun 03 13:26 2024
#Install: D:\Pango\PDS_2023.2-SP1\bin
#Application name: pds_shell.exe
#OS: Windows 11 10.0.22631
#Hostname: WORK_BOIKOV
Generated by Fabric Compiler (version 2023.2-SP1 build 147282) at Fri Jun 14 17:44:08 2024
Compiling verification operator library.
Compiling common defs.
Compiling prim grid devices.
Compiling place grid timing.
Compiling gate devices.
Compiling gate operators.
Building architecture model.
Loading device packaging model.
Building architecture floorplan logic view.
route strategy configuration : 
strategy name : 0
Elaborate the liberty model.

Routing started.
Enter timing driven router mode.
Route thread size: 7
Building routing graph takes 8.15 sec.
Enable Recovery Analysis in Routing
Init coarse delay table.
Read place coarse delay table takes 0.83 sec.
Build SRB system takes 1.12 sec.
Setup STE netlist take 4974 msec.
Slack Weight : 90
CE/RS signal series limit : 500
Dispose control chain take 48 msec.
Collect const net info take 137 msec.
Total nets for routing: 3655.
Total loads for routing: 13171.
Direct connect net size: 578
Build all design net take 89 msec.
Processing design graph takes 5.25 sec.
Delay table total memory: 114.79341125 MB
Route graph total memory: 407.82114315 MB
Route design total memory: 10.91440582 MB
Global routing takes 0.00 sec.
Pin Cost Increasing Speed 300
Total 3653 subnets.
Unrouted clock nets at iteration 0 (0.008 sec): 4
Unrouted clock nets at iteration 1 (0.005 sec): 3
Unrouted clock nets at iteration 2 (0.001 sec): 0
Total route nets size: 3643
Worst slack is 2942, TNS before route is 0.
I: Write file layers.txt end
Pre route takes 0.578 sec
Unrouted general nets at iteration 4 (MT total route time: 0.230 sec): 2871(overused: 12438)
Unrouted general nets at iteration 5 (MT total route time: 0.200 sec): 1442(overused: 3979)
Unrouted general nets at iteration 6 (MT total route time: 0.089 sec): 421(overused: 779)
Unrouted general nets at iteration 7 (MT total route time: 0.036 sec): 66(overused: 90)
Unrouted general nets at iteration 8 (MT total route time: 0.015 sec): 4(overused: 8)
Unrouted general nets at iteration 9 (MT total route time: 0.003 sec): 0(overused: 0)
----General net take 0.002 sec(route net take 0.000 sec, inc cost take 0.001 sec, iter times: 1)
----const net route take 0.008 sec
Unrouted nets at iteration 10 (0.012 sec): 0
Detailed routing takes 1.23 sec.
Sort Original Nets take 0.001 sec
Build solution node for device pins which were mapped to more than one design pin take 0.003 sec
Check HPIO div result take 0.000 sec
Total net: 3655, route succeed net: 3655
Generate routing result take 0.006 sec
Handle PERMUX permutation take 0.075 sec
Handle const net take 0.005 sec
Handle route through take 0.003 sec
Handle loads' routing node take 0.016 sec
Used SRB routing arc is 24781.
Finish routing takes 0.14 sec.
Total routing takes 15.00 sec.


Device Utilization Summary :
+------------------------------------------------------------------------------+
| Logic Utilization           | Used     | Available     | Utilization(%)     
+------------------------------------------------------------------------------+
| Use of ADC                  | 0        | 1             | 0                  
| Use of ANALOG               | 0        | 1             | 0                  
| Use of APM                  | 0        | 840           | 0                  
| Use of BKCL                 | 4        | 7             | 58                 
| Use of BKCLHP               | 0        | 3             | 0                  
| Use of CCS                  | 1        | 1             | 100                
| Use of CLMA                 | 609      | 42050         | 2                  
|   FF                        | 1921     | 336400        | 1                  
|   LUT                       | 1072     | 168200        | 1                  
|   LUT-FF pairs              | 603      | 168200        | 1                  
|   LUT-CONST                 | 185      | 168200        | 1                  
| Use of CLMS                 | 230      | 18850         | 2                  
|   FF                        | 762      | 150800        | 1                  
|   LUT                       | 464      | 75400         | 1                  
|   LUT-FF pairs              | 291      | 75400         | 1                  
|   LUT-CONST                 | 28       | 75400         | 1                  
|   Distributed RAM           | 8        | 75400         | 1                  
| Use of DDRPHY_CPD           | 0        | 17            | 0                  
| Use of DDRPHY_CPD_HP        | 0        | 3             | 0                  
| Use of DDRPHY_IOCLK_DIV     | 0        | 10            | 0                  
| Use of DDR_PHY              | 0        | 28            | 0                  
| Use of DDR_PHY_R            | 0        | 12            | 0                  
| Use of DRM                  | 2        | 480           | 1                  
| Use of GCLK_INBUF_SYN       | 0        | 40            | 0                  
| Use of GPLL                 | 1        | 10            | 10                 
| Use of GSEB                 | 0        | 746           | 0                  
| Use of HARD0                | 254      | 36600         | 1                  
| Use of HCKB                 | 4        | 168           | 3                  
|  HCKB dataused              | 0        | 168           | 0                  
|  HCKB-BYPASS                | 2        | 168           | 2                  
| Use of HSSTHP               | 1        | 4             | 25                 
|   HSST_LANE                 | 1        | 16            | 7                  
|   HSST_PLL                  | 1        | 4             | 25                 
| Use of HSSTHP_BUFDS         | 1        | 8             | 13                 
| Use of IO                   | 8        | 500           | 2                  
|   IOBD                      | 5        | 168           | 3                  
|   IOBDHP                    | 0        | 72            | 0                  
|   IOBS                      | 3        | 182           | 2                  
|   IOBSHP                    | 0        | 78            | 0                  
| Use of IOCKB                | 0        | 40            | 0                  
| Use of IOLHP                | 0        | 150           | 0                  
| Use of IOLHP_FIFO           | 0        | 12            | 0                  
|  IOLHP_FIFO-BYPASS          | 0        | 12            | 0                  
| Use of IOLHR                | 7        | 350           | 2                  
| Use of KEYRAM               | 0        | 1             | 0                  
| Use of MRCKB                | 0        | 20            | 0                  
| Use of PCIEGEN3             | 0        | 1             | 0                  
| Use of PPLL                 | 0        | 10            | 0                  
| Use of RCKB                 | 0        | 40            | 0                  
|  RCKB dataused              | 0        | 40            | 0                  
|  RCKB-BYPASS                | 0        | 40            | 0                  
| Use of RESCAL               | 0        | 3             | 0                  
| Use of SCANCHAIN            | 0        | 1             | 0                  
| Use of SPAD                 | 2        | 16            | 13                 
| Use of TSERDES              | 0        | 56            | 0                  
| Use of USCM                 | 2        | 32            | 7                  
|  USCM dataused              | 2        | 32            | 7                  
|  USCM-BYPASS                | 0        | 32            | 0                  
+------------------------------------------------------------------------------+

Finished routing.
Design 'Main' has been routed successfully.
Saving design to DB.
Action route: Export DB successfully.
Action route: Real time elapsed is 0h:0m:30s
Action route: CPU time elapsed is 0h:0m:15s
Action route: Process CPU time elapsed is 0h:0m:16s
Action route: Peak memory pool usage is 3,065 MB

Current time: Fri Jun 14 17:44:36 2024
